<?xml version="1.0" encoding="UTF-8"?>
<testsuite xmlns:xsi="http://www.w3.org/2001/XMLSchema-instance" xsi:noNamespaceSchemaLocation="https://maven.apache.org/surefire/maven-surefire-plugin/xsd/surefire-test-report-3.0.xsd" version="3.0" name="com.reto.tests.UsuariosTest" time="12.71" tests="9" errors="0" skipped="0" failures="0">
  <properties>
    <property name="java.specification.version" value="17"/>
    <property name="sun.cpu.isalist" value="amd64"/>
    <property name="sun.jnu.encoding" value="Cp1252"/>
    <property name="java.class.path" value="D:\Documentos\Encora\karate-serverest-usuarios-reto\target\test-classes;D:\Documentos\Encora\karate-serverest-usuarios-reto\target\classes;C:\Users\Pedro P\.m2\repository\com\intuit\karate\karate-core\1.4.1\karate-core-1.4.1.jar;C:\Users\Pedro P\.m2\repository\org\graalvm\js\js-scriptengine\22.3.3\js-scriptengine-22.3.3.jar;C:\Users\Pedro P\.m2\repository\org\graalvm\sdk\graal-sdk\22.3.3\graal-sdk-22.3.3.jar;C:\Users\Pedro P\.m2\repository\org\graalvm\js\js\22.3.3\js-22.3.3.jar;C:\Users\Pedro P\.m2\repository\org\graalvm\regex\regex\22.3.3\regex-22.3.3.jar;C:\Users\Pedro P\.m2\repository\org\graalvm\truffle\truffle-api\22.3.3\truffle-api-22.3.3.jar;C:\Users\Pedro P\.m2\repository\com\ibm\icu\icu4j\71.1\icu4j-71.1.jar;C:\Users\Pedro P\.m2\repository\org\thymeleaf\thymeleaf\3.1.2.RELEASE\thymeleaf-3.1.2.RELEASE.jar;C:\Users\Pedro P\.m2\repository\ognl\ognl\3.3.4\ognl-3.3.4.jar;C:\Users\Pedro P\.m2\repository\org\javassist\javassist\3.29.0-GA\javassist-3.29.0-GA.jar;C:\Users\Pedro P\.m2\repository\org\attoparser\attoparser\2.0.7.RELEASE\attoparser-2.0.7.RELEASE.jar;C:\Users\Pedro P\.m2\repository\org\unbescape\unbescape\1.1.6.RELEASE\unbescape-1.1.6.RELEASE.jar;C:\Users\Pedro P\.m2\repository\org\slf4j\slf4j-api\2.0.7\slf4j-api-2.0.7.jar;C:\Users\Pedro P\.m2\repository\com\linecorp\armeria\armeria\1.25.2\armeria-1.25.2.jar;C:\Users\Pedro P\.m2\repository\com\fasterxml\jackson\core\jackson-core\2.15.2\jackson-core-2.15.2.jar;C:\Users\Pedro P\.m2\repository\com\fasterxml\jackson\core\jackson-annotations\2.15.2\jackson-annotations-2.15.2.jar;C:\Users\Pedro P\.m2\repository\com\fasterxml\jackson\core\jackson-databind\2.15.2\jackson-databind-2.15.2.jar;C:\Users\Pedro P\.m2\repository\com\fasterxml\jackson\datatype\jackson-datatype-jdk8\2.15.2\jackson-datatype-jdk8-2.15.2.jar;C:\Users\Pedro P\.m2\repository\com\fasterxml\jackson\datatype\jackson-datatype-jsr310\2.15.2\jackson-datatype-jsr310-2.15.2.jar;C:\Users\Pedro P\.m2\repository\io\micrometer\micrometer-core\1.11.3\micrometer-core-1.11.3.jar;C:\Users\Pedro P\.m2\repository\io\micrometer\micrometer-commons\1.11.3\micrometer-commons-1.11.3.jar;C:\Users\Pedro P\.m2\repository\io\micrometer\micrometer-observation\1.11.3\micrometer-observation-1.11.3.jar;C:\Users\Pedro P\.m2\repository\org\hdrhistogram\HdrHistogram\2.1.12\HdrHistogram-2.1.12.jar;C:\Users\Pedro P\.m2\repository\org\latencyutils\LatencyUtils\2.0.3\LatencyUtils-2.0.3.jar;C:\Users\Pedro P\.m2\repository\io\netty\netty-transport\4.1.96.Final\netty-transport-4.1.96.Final.jar;C:\Users\Pedro P\.m2\repository\io\netty\netty-common\4.1.96.Final\netty-common-4.1.96.Final.jar;C:\Users\Pedro P\.m2\repository\io\netty\netty-buffer\4.1.96.Final\netty-buffer-4.1.96.Final.jar;C:\Users\Pedro P\.m2\repository\io\netty\netty-resolver\4.1.96.Final\netty-resolver-4.1.96.Final.jar;C:\Users\Pedro P\.m2\repository\io\netty\netty-codec-haproxy\4.1.96.Final\netty-codec-haproxy-4.1.96.Final.jar;C:\Users\Pedro P\.m2\repository\io\netty\netty-codec\4.1.96.Final\netty-codec-4.1.96.Final.jar;C:\Users\Pedro P\.m2\repository\io\netty\netty-codec-http2\4.1.96.Final\netty-codec-http2-4.1.96.Final.jar;C:\Users\Pedro P\.m2\repository\io\netty\netty-handler\4.1.96.Final\netty-handler-4.1.96.Final.jar;C:\Users\Pedro P\.m2\repository\io\netty\netty-codec-http\4.1.96.Final\netty-codec-http-4.1.96.Final.jar;C:\Users\Pedro P\.m2\repository\io\netty\netty-resolver-dns\4.1.96.Final\netty-resolver-dns-4.1.96.Final.jar;C:\Users\Pedro P\.m2\repository\io\netty\netty-codec-dns\4.1.96.Final\netty-codec-dns-4.1.96.Final.jar;C:\Users\Pedro P\.m2\repository\org\reactivestreams\reactive-streams\1.0.4\reactive-streams-1.0.4.jar;C:\Users\Pedro P\.m2\repository\com\google\code\findbugs\jsr305\3.0.2\jsr305-3.0.2.jar;C:\Users\Pedro P\.m2\repository\io\netty\netty-handler-proxy\4.1.96.Final\netty-handler-proxy-4.1.96.Final.jar;C:\Users\Pedro P\.m2\repository\io\netty\netty-codec-socks\4.1.96.Final\netty-codec-socks-4.1.96.Final.jar;C:\Users\Pedro P\.m2\repository\io\netty\netty-transport-native-unix-common\4.1.96.Final\netty-transport-native-unix-common-4.1.96.Final-linux-x86_64.jar;C:\Users\Pedro P\.m2\repository\io\netty\netty-transport-native-epoll\4.1.96.Final\netty-transport-native-epoll-4.1.96.Final-linux-x86_64.jar;C:\Users\Pedro P\.m2\repository\io\netty\netty-transport-native-unix-common\4.1.96.Final\netty-transport-native-unix-common-4.1.96.Final.jar;C:\Users\Pedro P\.m2\repository\io\netty\netty-transport-classes-epoll\4.1.96.Final\netty-transport-classes-epoll-4.1.96.Final.jar;C:\Users\Pedro P\.m2\repository\io\netty\netty-transport-native-unix-common\4.1.96.Final\netty-transport-native-unix-common-4.1.96.Final-linux-aarch_64.jar;C:\Users\Pedro P\.m2\repository\io\netty\netty-transport-native-epoll\4.1.96.Final\netty-transport-native-epoll-4.1.96.Final-linux-aarch_64.jar;C:\Users\Pedro P\.m2\repository\io\netty\netty-transport-native-unix-common\4.1.96.Final\netty-transport-native-unix-common-4.1.96.Final-osx-x86_64.jar;C:\Users\Pedro P\.m2\repository\io\netty\netty-transport-native-kqueue\4.1.96.Final\netty-transport-native-kqueue-4.1.96.Final-osx-x86_64.jar;C:\Users\Pedro P\.m2\repository\io\netty\netty-transport-classes-kqueue\4.1.96.Final\netty-transport-classes-kqueue-4.1.96.Final.jar;C:\Users\Pedro P\.m2\repository\io\netty\netty-resolver-dns-native-macos\4.1.96.Final\netty-resolver-dns-native-macos-4.1.96.Final-osx-x86_64.jar;C:\Users\Pedro P\.m2\repository\io\netty\netty-resolver-dns-classes-macos\4.1.96.Final\netty-resolver-dns-classes-macos-4.1.96.Final.jar;C:\Users\Pedro P\.m2\repository\io\netty\netty-transport-native-unix-common\4.1.96.Final\netty-transport-native-unix-common-4.1.96.Final-osx-aarch_64.jar;C:\Users\Pedro P\.m2\repository\io\netty\netty-transport-native-kqueue\4.1.96.Final\netty-transport-native-kqueue-4.1.96.Final-osx-aarch_64.jar;C:\Users\Pedro P\.m2\repository\io\netty\netty-resolver-dns-native-macos\4.1.96.Final\netty-resolver-dns-native-macos-4.1.96.Final-osx-aarch_64.jar;C:\Users\Pedro P\.m2\repository\io\netty\netty-tcnative-boringssl-static\2.0.61.Final\netty-tcnative-boringssl-static-2.0.61.Final-linux-x86_64.jar;C:\Users\Pedro P\.m2\repository\io\netty\netty-tcnative-classes\2.0.61.Final\netty-tcnative-classes-2.0.61.Final.jar;C:\Users\Pedro P\.m2\repository\io\netty\netty-tcnative-boringssl-static\2.0.61.Final\netty-tcnative-boringssl-static-2.0.61.Final-linux-aarch_64.jar;C:\Users\Pedro P\.m2\repository\io\netty\netty-tcnative-boringssl-static\2.0.61.Final\netty-tcnative-boringssl-static-2.0.61.Final-osx-x86_64.jar;C:\Users\Pedro P\.m2\repository\io\netty\netty-tcnative-boringssl-static\2.0.61.Final\netty-tcnative-boringssl-static-2.0.61.Final-osx-aarch_64.jar;C:\Users\Pedro P\.m2\repository\io\netty\netty-tcnative-boringssl-static\2.0.61.Final\netty-tcnative-boringssl-static-2.0.61.Final-windows-x86_64.jar;C:\Users\Pedro P\.m2\repository\com\aayushatharva\brotli4j\brotli4j\1.12.0\brotli4j-1.12.0.jar;C:\Users\Pedro P\.m2\repository\com\aayushatharva\brotli4j\service\1.12.0\service-1.12.0.jar;C:\Users\Pedro P\.m2\repository\com\aayushatharva\brotli4j\native-windows-x86_64\1.12.0\native-windows-x86_64-1.12.0.jar;C:\Users\Pedro P\.m2\repository\org\apache\httpcomponents\httpclient\4.5.14\httpclient-4.5.14.jar;C:\Users\Pedro P\.m2\repository\org\apache\httpcomponents\httpcore\4.4.16\httpcore-4.4.16.jar;C:\Users\Pedro P\.m2\repository\commons-codec\commons-codec\1.16.0\commons-codec-1.16.0.jar;C:\Users\Pedro P\.m2\repository\ch\qos\logback\logback-classic\1.4.11\logback-classic-1.4.11.jar;C:\Users\Pedro P\.m2\repository\ch\qos\logback\logback-core\1.4.11\logback-core-1.4.11.jar;C:\Users\Pedro P\.m2\repository\org\slf4j\jcl-over-slf4j\2.0.9\jcl-over-slf4j-2.0.9.jar;C:\Users\Pedro P\.m2\repository\org\antlr\antlr4-runtime\4.11.1\antlr4-runtime-4.11.1.jar;C:\Users\Pedro P\.m2\repository\com\jayway\jsonpath\json-path\2.8.0\json-path-2.8.0.jar;C:\Users\Pedro P\.m2\repository\net\minidev\json-smart\2.4.10\json-smart-2.4.10.jar;C:\Users\Pedro P\.m2\repository\net\minidev\accessors-smart\2.4.9\accessors-smart-2.4.9.jar;C:\Users\Pedro P\.m2\repository\org\ow2\asm\asm\9.3\asm-9.3.jar;C:\Users\Pedro P\.m2\repository\org\yaml\snakeyaml\2.0\snakeyaml-2.0.jar;C:\Users\Pedro P\.m2\repository\de\siegmar\fastcsv\2.2.1\fastcsv-2.2.1.jar;C:\Users\Pedro P\.m2\repository\info\picocli\picocli\4.7.1\picocli-4.7.1.jar;C:\Users\Pedro P\.m2\repository\io\github\classgraph\classgraph\4.8.160\classgraph-4.8.160.jar;C:\Users\Pedro P\.m2\repository\io\github\t12y\resemble\1.0.2\resemble-1.0.2.jar;C:\Users\Pedro P\.m2\repository\io\github\t12y\ssim\1.0.0\ssim-1.0.0.jar;C:\Users\Pedro P\.m2\repository\com\intuit\karate\karate-junit5\1.4.1\karate-junit5-1.4.1.jar;C:\Users\Pedro P\.m2\repository\org\junit\jupiter\junit-jupiter-api\5.9.3\junit-jupiter-api-5.9.3.jar;C:\Users\Pedro P\.m2\repository\org\opentest4j\opentest4j\1.2.0\opentest4j-1.2.0.jar;C:\Users\Pedro P\.m2\repository\org\junit\platform\junit-platform-commons\1.9.3\junit-platform-commons-1.9.3.jar;C:\Users\Pedro P\.m2\repository\org\apiguardian\apiguardian-api\1.1.2\apiguardian-api-1.1.2.jar;C:\Users\Pedro P\.m2\repository\org\junit\jupiter\junit-jupiter-engine\5.9.3\junit-jupiter-engine-5.9.3.jar;C:\Users\Pedro P\.m2\repository\org\junit\platform\junit-platform-engine\1.9.3\junit-platform-engine-1.9.3.jar;C:\Users\Pedro P\.m2\repository\com\github\javafaker\javafaker\1.0.2\javafaker-1.0.2.jar;C:\Users\Pedro P\.m2\repository\org\apache\commons\commons-lang3\3.5\commons-lang3-3.5.jar;C:\Users\Pedro P\.m2\repository\org\yaml\snakeyaml\1.23\snakeyaml-1.23-android.jar;C:\Users\Pedro P\.m2\repository\com\github\mifmif\generex\1.0.2\generex-1.0.2.jar;C:\Users\Pedro P\.m2\repository\dk\brics\automaton\automaton\1.11-8\automaton-1.11-8.jar;"/>
    <property name="java.vm.vendor" value="Oracle Corporation"/>
    <property name="sun.arch.data.model" value="64"/>
    <property name="user.variant" value=""/>
    <property name="java.vendor.url" value="https://java.oracle.com/"/>
    <property name="user.timezone" value="America/Lima"/>
    <property name="os.name" value="Windows 11"/>
    <property name="java.vm.specification.version" value="17"/>
    <property name="sun.java.launcher" value="SUN_STANDARD"/>
    <property name="user.country" value="PE"/>
    <property name="sun.boot.library.path" value="C:\Program Files\Java\jdk-17\bin"/>
    <property name="sun.java.command" value="C:\Users\Pedro P\AppData\Local\Temp\surefire17211326372721211577\surefirebooter-20250831145708530_3.jar C:\Users\Pedro P\AppData\Local\Temp\surefire17211326372721211577 2025-08-31T14-57-08_301-jvmRun1 surefire-20250831145708530_1tmp surefire_0-20250831145708530_2tmp"/>
    <property name="jdk.debug" value="release"/>
    <property name="surefire.test.class.path" value="D:\Documentos\Encora\karate-serverest-usuarios-reto\target\test-classes;D:\Documentos\Encora\karate-serverest-usuarios-reto\target\classes;C:\Users\Pedro P\.m2\repository\com\intuit\karate\karate-core\1.4.1\karate-core-1.4.1.jar;C:\Users\Pedro P\.m2\repository\org\graalvm\js\js-scriptengine\22.3.3\js-scriptengine-22.3.3.jar;C:\Users\Pedro P\.m2\repository\org\graalvm\sdk\graal-sdk\22.3.3\graal-sdk-22.3.3.jar;C:\Users\Pedro P\.m2\repository\org\graalvm\js\js\22.3.3\js-22.3.3.jar;C:\Users\Pedro P\.m2\repository\org\graalvm\regex\regex\22.3.3\regex-22.3.3.jar;C:\Users\Pedro P\.m2\repository\org\graalvm\truffle\truffle-api\22.3.3\truffle-api-22.3.3.jar;C:\Users\Pedro P\.m2\repository\com\ibm\icu\icu4j\71.1\icu4j-71.1.jar;C:\Users\Pedro P\.m2\repository\org\thymeleaf\thymeleaf\3.1.2.RELEASE\thymeleaf-3.1.2.RELEASE.jar;C:\Users\Pedro P\.m2\repository\ognl\ognl\3.3.4\ognl-3.3.4.jar;C:\Users\Pedro P\.m2\repository\org\javassist\javassist\3.29.0-GA\javassist-3.29.0-GA.jar;C:\Users\Pedro P\.m2\repository\org\attoparser\attoparser\2.0.7.RELEASE\attoparser-2.0.7.RELEASE.jar;C:\Users\Pedro P\.m2\repository\org\unbescape\unbescape\1.1.6.RELEASE\unbescape-1.1.6.RELEASE.jar;C:\Users\Pedro P\.m2\repository\org\slf4j\slf4j-api\2.0.7\slf4j-api-2.0.7.jar;C:\Users\Pedro P\.m2\repository\com\linecorp\armeria\armeria\1.25.2\armeria-1.25.2.jar;C:\Users\Pedro P\.m2\repository\com\fasterxml\jackson\core\jackson-core\2.15.2\jackson-core-2.15.2.jar;C:\Users\Pedro P\.m2\repository\com\fasterxml\jackson\core\jackson-annotations\2.15.2\jackson-annotations-2.15.2.jar;C:\Users\Pedro P\.m2\repository\com\fasterxml\jackson\core\jackson-databind\2.15.2\jackson-databind-2.15.2.jar;C:\Users\Pedro P\.m2\repository\com\fasterxml\jackson\datatype\jackson-datatype-jdk8\2.15.2\jackson-datatype-jdk8-2.15.2.jar;C:\Users\Pedro P\.m2\repository\com\fasterxml\jackson\datatype\jackson-datatype-jsr310\2.15.2\jackson-datatype-jsr310-2.15.2.jar;C:\Users\Pedro P\.m2\repository\io\micrometer\micrometer-core\1.11.3\micrometer-core-1.11.3.jar;C:\Users\Pedro P\.m2\repository\io\micrometer\micrometer-commons\1.11.3\micrometer-commons-1.11.3.jar;C:\Users\Pedro P\.m2\repository\io\micrometer\micrometer-observation\1.11.3\micrometer-observation-1.11.3.jar;C:\Users\Pedro P\.m2\repository\org\hdrhistogram\HdrHistogram\2.1.12\HdrHistogram-2.1.12.jar;C:\Users\Pedro P\.m2\repository\org\latencyutils\LatencyUtils\2.0.3\LatencyUtils-2.0.3.jar;C:\Users\Pedro P\.m2\repository\io\netty\netty-transport\4.1.96.Final\netty-transport-4.1.96.Final.jar;C:\Users\Pedro P\.m2\repository\io\netty\netty-common\4.1.96.Final\netty-common-4.1.96.Final.jar;C:\Users\Pedro P\.m2\repository\io\netty\netty-buffer\4.1.96.Final\netty-buffer-4.1.96.Final.jar;C:\Users\Pedro P\.m2\repository\io\netty\netty-resolver\4.1.96.Final\netty-resolver-4.1.96.Final.jar;C:\Users\Pedro P\.m2\repository\io\netty\netty-codec-haproxy\4.1.96.Final\netty-codec-haproxy-4.1.96.Final.jar;C:\Users\Pedro P\.m2\repository\io\netty\netty-codec\4.1.96.Final\netty-codec-4.1.96.Final.jar;C:\Users\Pedro P\.m2\repository\io\netty\netty-codec-http2\4.1.96.Final\netty-codec-http2-4.1.96.Final.jar;C:\Users\Pedro P\.m2\repository\io\netty\netty-handler\4.1.96.Final\netty-handler-4.1.96.Final.jar;C:\Users\Pedro P\.m2\repository\io\netty\netty-codec-http\4.1.96.Final\netty-codec-http-4.1.96.Final.jar;C:\Users\Pedro P\.m2\repository\io\netty\netty-resolver-dns\4.1.96.Final\netty-resolver-dns-4.1.96.Final.jar;C:\Users\Pedro P\.m2\repository\io\netty\netty-codec-dns\4.1.96.Final\netty-codec-dns-4.1.96.Final.jar;C:\Users\Pedro P\.m2\repository\org\reactivestreams\reactive-streams\1.0.4\reactive-streams-1.0.4.jar;C:\Users\Pedro P\.m2\repository\com\google\code\findbugs\jsr305\3.0.2\jsr305-3.0.2.jar;C:\Users\Pedro P\.m2\repository\io\netty\netty-handler-proxy\4.1.96.Final\netty-handler-proxy-4.1.96.Final.jar;C:\Users\Pedro P\.m2\repository\io\netty\netty-codec-socks\4.1.96.Final\netty-codec-socks-4.1.96.Final.jar;C:\Users\Pedro P\.m2\repository\io\netty\netty-transport-native-unix-common\4.1.96.Final\netty-transport-native-unix-common-4.1.96.Final-linux-x86_64.jar;C:\Users\Pedro P\.m2\repository\io\netty\netty-transport-native-epoll\4.1.96.Final\netty-transport-native-epoll-4.1.96.Final-linux-x86_64.jar;C:\Users\Pedro P\.m2\repository\io\netty\netty-transport-native-unix-common\4.1.96.Final\netty-transport-native-unix-common-4.1.96.Final.jar;C:\Users\Pedro P\.m2\repository\io\netty\netty-transport-classes-epoll\4.1.96.Final\netty-transport-classes-epoll-4.1.96.Final.jar;C:\Users\Pedro P\.m2\repository\io\netty\netty-transport-native-unix-common\4.1.96.Final\netty-transport-native-unix-common-4.1.96.Final-linux-aarch_64.jar;C:\Users\Pedro P\.m2\repository\io\netty\netty-transport-native-epoll\4.1.96.Final\netty-transport-native-epoll-4.1.96.Final-linux-aarch_64.jar;C:\Users\Pedro P\.m2\repository\io\netty\netty-transport-native-unix-common\4.1.96.Final\netty-transport-native-unix-common-4.1.96.Final-osx-x86_64.jar;C:\Users\Pedro P\.m2\repository\io\netty\netty-transport-native-kqueue\4.1.96.Final\netty-transport-native-kqueue-4.1.96.Final-osx-x86_64.jar;C:\Users\Pedro P\.m2\repository\io\netty\netty-transport-classes-kqueue\4.1.96.Final\netty-transport-classes-kqueue-4.1.96.Final.jar;C:\Users\Pedro P\.m2\repository\io\netty\netty-resolver-dns-native-macos\4.1.96.Final\netty-resolver-dns-native-macos-4.1.96.Final-osx-x86_64.jar;C:\Users\Pedro P\.m2\repository\io\netty\netty-resolver-dns-classes-macos\4.1.96.Final\netty-resolver-dns-classes-macos-4.1.96.Final.jar;C:\Users\Pedro P\.m2\repository\io\netty\netty-transport-native-unix-common\4.1.96.Final\netty-transport-native-unix-common-4.1.96.Final-osx-aarch_64.jar;C:\Users\Pedro P\.m2\repository\io\netty\netty-transport-native-kqueue\4.1.96.Final\netty-transport-native-kqueue-4.1.96.Final-osx-aarch_64.jar;C:\Users\Pedro P\.m2\repository\io\netty\netty-resolver-dns-native-macos\4.1.96.Final\netty-resolver-dns-native-macos-4.1.96.Final-osx-aarch_64.jar;C:\Users\Pedro P\.m2\repository\io\netty\netty-tcnative-boringssl-static\2.0.61.Final\netty-tcnative-boringssl-static-2.0.61.Final-linux-x86_64.jar;C:\Users\Pedro P\.m2\repository\io\netty\netty-tcnative-classes\2.0.61.Final\netty-tcnative-classes-2.0.61.Final.jar;C:\Users\Pedro P\.m2\repository\io\netty\netty-tcnative-boringssl-static\2.0.61.Final\netty-tcnative-boringssl-static-2.0.61.Final-linux-aarch_64.jar;C:\Users\Pedro P\.m2\repository\io\netty\netty-tcnative-boringssl-static\2.0.61.Final\netty-tcnative-boringssl-static-2.0.61.Final-osx-x86_64.jar;C:\Users\Pedro P\.m2\repository\io\netty\netty-tcnative-boringssl-static\2.0.61.Final\netty-tcnative-boringssl-static-2.0.61.Final-osx-aarch_64.jar;C:\Users\Pedro P\.m2\repository\io\netty\netty-tcnative-boringssl-static\2.0.61.Final\netty-tcnative-boringssl-static-2.0.61.Final-windows-x86_64.jar;C:\Users\Pedro P\.m2\repository\com\aayushatharva\brotli4j\brotli4j\1.12.0\brotli4j-1.12.0.jar;C:\Users\Pedro P\.m2\repository\com\aayushatharva\brotli4j\service\1.12.0\service-1.12.0.jar;C:\Users\Pedro P\.m2\repository\com\aayushatharva\brotli4j\native-windows-x86_64\1.12.0\native-windows-x86_64-1.12.0.jar;C:\Users\Pedro P\.m2\repository\org\apache\httpcomponents\httpclient\4.5.14\httpclient-4.5.14.jar;C:\Users\Pedro P\.m2\repository\org\apache\httpcomponents\httpcore\4.4.16\httpcore-4.4.16.jar;C:\Users\Pedro P\.m2\repository\commons-codec\commons-codec\1.16.0\commons-codec-1.16.0.jar;C:\Users\Pedro P\.m2\repository\ch\qos\logback\logback-classic\1.4.11\logback-classic-1.4.11.jar;C:\Users\Pedro P\.m2\repository\ch\qos\logback\logback-core\1.4.11\logback-core-1.4.11.jar;C:\Users\Pedro P\.m2\repository\org\slf4j\jcl-over-slf4j\2.0.9\jcl-over-slf4j-2.0.9.jar;C:\Users\Pedro P\.m2\repository\org\antlr\antlr4-runtime\4.11.1\antlr4-runtime-4.11.1.jar;C:\Users\Pedro P\.m2\repository\com\jayway\jsonpath\json-path\2.8.0\json-path-2.8.0.jar;C:\Users\Pedro P\.m2\repository\net\minidev\json-smart\2.4.10\json-smart-2.4.10.jar;C:\Users\Pedro P\.m2\repository\net\minidev\accessors-smart\2.4.9\accessors-smart-2.4.9.jar;C:\Users\Pedro P\.m2\repository\org\ow2\asm\asm\9.3\asm-9.3.jar;C:\Users\Pedro P\.m2\repository\org\yaml\snakeyaml\2.0\snakeyaml-2.0.jar;C:\Users\Pedro P\.m2\repository\de\siegmar\fastcsv\2.2.1\fastcsv-2.2.1.jar;C:\Users\Pedro P\.m2\repository\info\picocli\picocli\4.7.1\picocli-4.7.1.jar;C:\Users\Pedro P\.m2\repository\io\github\classgraph\classgraph\4.8.160\classgraph-4.8.160.jar;C:\Users\Pedro P\.m2\repository\io\github\t12y\resemble\1.0.2\resemble-1.0.2.jar;C:\Users\Pedro P\.m2\repository\io\github\t12y\ssim\1.0.0\ssim-1.0.0.jar;C:\Users\Pedro P\.m2\repository\com\intuit\karate\karate-junit5\1.4.1\karate-junit5-1.4.1.jar;C:\Users\Pedro P\.m2\repository\org\junit\jupiter\junit-jupiter-api\5.9.3\junit-jupiter-api-5.9.3.jar;C:\Users\Pedro P\.m2\repository\org\opentest4j\opentest4j\1.2.0\opentest4j-1.2.0.jar;C:\Users\Pedro P\.m2\repository\org\junit\platform\junit-platform-commons\1.9.3\junit-platform-commons-1.9.3.jar;C:\Users\Pedro P\.m2\repository\org\apiguardian\apiguardian-api\1.1.2\apiguardian-api-1.1.2.jar;C:\Users\Pedro P\.m2\repository\org\junit\jupiter\junit-jupiter-engine\5.9.3\junit-jupiter-engine-5.9.3.jar;C:\Users\Pedro P\.m2\repository\org\junit\platform\junit-platform-engine\1.9.3\junit-platform-engine-1.9.3.jar;C:\Users\Pedro P\.m2\repository\com\github\javafaker\javafaker\1.0.2\javafaker-1.0.2.jar;C:\Users\Pedro P\.m2\repository\org\apache\commons\commons-lang3\3.5\commons-lang3-3.5.jar;C:\Users\Pedro P\.m2\repository\org\yaml\snakeyaml\1.23\snakeyaml-1.23-android.jar;C:\Users\Pedro P\.m2\repository\com\github\mifmif\generex\1.0.2\generex-1.0.2.jar;C:\Users\Pedro P\.m2\repository\dk\brics\automaton\automaton\1.11-8\automaton-1.11-8.jar;"/>
    <property name="sun.cpu.endian" value="little"/>
    <property name="user.home" value="C:\Users\Pedro P"/>
    <property name="user.language" value="es"/>
    <property name="java.specification.vendor" value="Oracle Corporation"/>
    <property name="java.version.date" value="2024-07-16"/>
    <property name="java.home" value="C:\Program Files\Java\jdk-17"/>
    <property name="file.separator" value="\"/>
    <property name="basedir" value="D:\Documentos\Encora\karate-serverest-usuarios-reto"/>
    <property name="java.vm.compressedOopsMode" value="32-bit"/>
    <property name="line.separator" value="&#10;"/>
    <property name="java.vm.specification.vendor" value="Oracle Corporation"/>
    <property name="java.specification.name" value="Java Platform API Specification"/>
    <property name="karate.options" value=""/>
    <property name="surefire.real.class.path" value="C:\Users\Pedro P\AppData\Local\Temp\surefire17211326372721211577\surefirebooter-20250831145708530_3.jar"/>
    <property name="user.script" value=""/>
    <property name="sun.management.compiler" value="HotSpot 64-Bit Tiered Compilers"/>
    <property name="java.runtime.version" value="17.0.12+8-LTS-286"/>
    <property name="user.name" value="Pedro P"/>
    <property name="path.separator" value=";"/>
    <property name="os.version" value="10.0"/>
    <property name="java.runtime.name" value="Java(TM) SE Runtime Environment"/>
    <property name="file.encoding" value="Cp1252"/>
    <property name="java.vm.name" value="Java HotSpot(TM) 64-Bit Server VM"/>
    <property name="localRepository" value="C:\Users\Pedro P\.m2\repository"/>
    <property name="java.vendor.url.bug" value="https://bugreport.java.com/bugreport/"/>
    <property name="java.io.tmpdir" value="C:\Users\PEDROP~1\AppData\Local\Temp\"/>
    <property name="java.version" value="17.0.12"/>
    <property name="user.dir" value="D:\Documentos\Encora\karate-serverest-usuarios-reto"/>
    <property name="os.arch" value="amd64"/>
    <property name="java.vm.specification.name" value="Java Virtual Machine Specification"/>
    <property name="sun.os.patch.level" value=""/>
    <property name="native.encoding" value="Cp1252"/>
    <property name="java.library.path" value="C:\Program Files\Java\jdk-17\bin;C:\WINDOWS\Sun\Java\bin;C:\WINDOWS\system32;C:\WINDOWS;C:\Program Files\Common Files\Oracle\Java\javapath;C:\WINDOWS\system32;C:\WINDOWS;C:\WINDOWS\System32\Wbem;C:\WINDOWS\System32\WindowsPowerShell\v1.0\;C:\WINDOWS\System32\OpenSSH\;C:\Program Files\Git\cmd;C:\apache-maven-3.9.11\bin;C:\apache-maven-3.9.11;C:\Users\Pedro P\AppData\Local\Microsoft\WindowsApps;C:\Program Files\JetBrains\IntelliJ IDEA Community Edition 2025.2.1\bin;;."/>
    <property name="java.vm.info" value="mixed mode, sharing"/>
    <property name="java.vendor" value="Oracle Corporation"/>
    <property name="java.vm.version" value="17.0.12+8-LTS-286"/>
    <property name="sun.io.unicode.encoding" value="UnicodeLittle"/>
    <property name="java.class.version" value="61.0"/>
  </properties>
  <testcase name="[1:9] Actualizar un usuario existente (200)" classname="features/usuarios/usuarios-actualizar" time="2.65">
    <system-out><![CDATA[14:57:10.637 [main] DEBUG com.intuit.karate.Suite -- [config] classpath:karate-config.js
14:57:12.094 [main] DEBUG com.jayway.jsonpath.internal.path.CompiledPath -- Evaluating path: $
14:57:12.121 [main] DEBUG io.netty.util.internal.logging.InternalLoggerFactory -- Using SLF4J as the default logging framework
14:57:12.123 [main] DEBUG io.netty.util.internal.PlatformDependent0 -- -Dio.netty.noUnsafe: false
14:57:12.123 [main] DEBUG io.netty.util.internal.PlatformDependent0 -- Java version: 17
14:57:12.124 [main] DEBUG io.netty.util.internal.PlatformDependent0 -- sun.misc.Unsafe.theUnsafe: available
14:57:12.125 [main] DEBUG io.netty.util.internal.PlatformDependent0 -- sun.misc.Unsafe.copyMemory: available
14:57:12.125 [main] DEBUG io.netty.util.internal.PlatformDependent0 -- sun.misc.Unsafe.storeFence: available
14:57:12.125 [main] DEBUG io.netty.util.internal.PlatformDependent0 -- java.nio.Buffer.address: available
14:57:12.126 [main] DEBUG io.netty.util.internal.PlatformDependent0 -- direct buffer constructor: unavailable: Reflective setAccessible(true) disabled
14:57:12.126 [main] DEBUG io.netty.util.internal.PlatformDependent0 -- java.nio.Bits.unaligned: available, true
14:57:12.127 [main] DEBUG io.netty.util.internal.PlatformDependent0 -- jdk.internal.misc.Unsafe.allocateUninitializedArray(int): unavailable: class io.netty.util.internal.PlatformDependent0$7 cannot access class jdk.internal.misc.Unsafe (in module java.base) because module java.base does not export jdk.internal.misc to unnamed module @68ceda24
14:57:12.128 [main] DEBUG io.netty.util.internal.PlatformDependent0 -- java.nio.DirectByteBuffer.<init>(long, {int,long}): unavailable
14:57:12.128 [main] DEBUG io.netty.util.internal.PlatformDependent -- sun.misc.Unsafe: available
14:57:12.130 [main] DEBUG io.netty.util.internal.PlatformDependent -- maxDirectMemory: 2134900736 bytes (maybe)
14:57:12.131 [main] DEBUG io.netty.util.internal.PlatformDependent -- -Dio.netty.tmpdir: C:\Users\PEDROP~1\AppData\Local\Temp (java.io.tmpdir)
14:57:12.131 [main] DEBUG io.netty.util.internal.PlatformDependent -- -Dio.netty.bitMode: 64 (sun.arch.data.model)
14:57:12.131 [main] DEBUG io.netty.util.internal.PlatformDependent -- Platform: Windows
14:57:12.132 [main] DEBUG io.netty.util.internal.PlatformDependent -- -Dio.netty.maxDirectMemory: -1 bytes
14:57:12.132 [main] DEBUG io.netty.util.internal.PlatformDependent -- -Dio.netty.uninitializedArrayAllocationThreshold: -1
14:57:12.133 [main] DEBUG io.netty.util.internal.CleanerJava9 -- java.nio.ByteBuffer.cleaner(): available
14:57:12.133 [main] DEBUG io.netty.util.internal.PlatformDependent -- -Dio.netty.noPreferDirect: false
14:57:12.255 [main] DEBUG org.apache.http.client.protocol.RequestAddCookies -- CookieSpec selected: karate
14:57:12.262 [main] DEBUG org.apache.http.client.protocol.RequestAuthCache -- Auth cache not set in the context
14:57:12.263 [main] DEBUG com.intuit.karate -- request:
1 > POST https://serverest.dev/usuarios
1 > Content-Type: application/json; charset=UTF-8
1 > Content-Length: 99
1 > Host: serverest.dev
1 > Connection: Keep-Alive
1 > User-Agent: Apache-HttpClient/4.5.14 (Java/17.0.12)
1 > Accept-Encoding: gzip,deflate
{"nome":"User-43b4b","email":"user_19c1b1e6@mail.com","password":"Pwd@acc3","administrador":"true"}

14:57:12.265 [main] DEBUG org.apache.http.impl.conn.PoolingHttpClientConnectionManager -- Connection request: [route: {s}->https://serverest.dev:443][total available: 0; route allocated: 0 of 5; total allocated: 0 of 10]
14:57:12.274 [main] DEBUG org.apache.http.impl.conn.PoolingHttpClientConnectionManager -- Connection leased: [id: 0][route: {s}->https://serverest.dev:443][total available: 0; route allocated: 1 of 5; total allocated: 1 of 10]
14:57:12.276 [main] DEBUG org.apache.http.impl.execchain.MainClientExec -- Opening connection {s}->https://serverest.dev:443
14:57:12.287 [main] DEBUG org.apache.http.impl.conn.DefaultHttpClientConnectionOperator -- Connecting to serverest.dev/216.239.38.21:443
14:57:12.287 [main] DEBUG org.apache.http.conn.ssl.LenientSslConnectionSocketFactory -- Connecting socket to serverest.dev/216.239.38.21:443 with timeout 15000
14:57:12.373 [main] DEBUG org.apache.http.conn.ssl.LenientSslConnectionSocketFactory -- Enabled protocols: [TLSv1.3, TLSv1.2]
14:57:12.375 [main] DEBUG org.apache.http.conn.ssl.LenientSslConnectionSocketFactory -- Enabled cipher suites:[TLS_AES_256_GCM_SHA384, TLS_AES_128_GCM_SHA256, TLS_CHACHA20_POLY1305_SHA256, TLS_ECDHE_ECDSA_WITH_AES_256_GCM_SHA384, TLS_ECDHE_ECDSA_WITH_AES_128_GCM_SHA256, TLS_ECDHE_ECDSA_WITH_CHACHA20_POLY1305_SHA256, TLS_ECDHE_RSA_WITH_AES_256_GCM_SHA384, TLS_ECDHE_RSA_WITH_CHACHA20_POLY1305_SHA256, TLS_ECDHE_RSA_WITH_AES_128_GCM_SHA256, TLS_DHE_RSA_WITH_AES_256_GCM_SHA384, TLS_DHE_RSA_WITH_CHACHA20_POLY1305_SHA256, TLS_DHE_DSS_WITH_AES_256_GCM_SHA384, TLS_DHE_RSA_WITH_AES_128_GCM_SHA256, TLS_DHE_DSS_WITH_AES_128_GCM_SHA256, TLS_ECDHE_ECDSA_WITH_AES_256_CBC_SHA384, TLS_ECDHE_RSA_WITH_AES_256_CBC_SHA384, TLS_ECDHE_ECDSA_WITH_AES_128_CBC_SHA256, TLS_ECDHE_RSA_WITH_AES_128_CBC_SHA256, TLS_DHE_RSA_WITH_AES_256_CBC_SHA256, TLS_DHE_DSS_WITH_AES_256_CBC_SHA256, TLS_DHE_RSA_WITH_AES_128_CBC_SHA256, TLS_DHE_DSS_WITH_AES_128_CBC_SHA256, TLS_ECDH_ECDSA_WITH_AES_256_GCM_SHA384, TLS_ECDH_RSA_WITH_AES_256_GCM_SHA384, TLS_ECDH_ECDSA_WITH_AES_128_GCM_SHA256, TLS_ECDH_RSA_WITH_AES_128_GCM_SHA256, TLS_ECDH_ECDSA_WITH_AES_256_CBC_SHA384, TLS_ECDH_RSA_WITH_AES_256_CBC_SHA384, TLS_ECDH_ECDSA_WITH_AES_128_CBC_SHA256, TLS_ECDH_RSA_WITH_AES_128_CBC_SHA256, TLS_ECDHE_ECDSA_WITH_AES_256_CBC_SHA, TLS_ECDHE_RSA_WITH_AES_256_CBC_SHA, TLS_ECDHE_ECDSA_WITH_AES_128_CBC_SHA, TLS_ECDHE_RSA_WITH_AES_128_CBC_SHA, TLS_DHE_RSA_WITH_AES_256_CBC_SHA, TLS_DHE_DSS_WITH_AES_256_CBC_SHA, TLS_DHE_RSA_WITH_AES_128_CBC_SHA, TLS_DHE_DSS_WITH_AES_128_CBC_SHA, TLS_ECDH_ECDSA_WITH_AES_256_CBC_SHA, TLS_ECDH_RSA_WITH_AES_256_CBC_SHA, TLS_ECDH_ECDSA_WITH_AES_128_CBC_SHA, TLS_ECDH_RSA_WITH_AES_128_CBC_SHA, TLS_RSA_WITH_AES_256_GCM_SHA384, TLS_RSA_WITH_AES_128_GCM_SHA256, TLS_RSA_WITH_AES_256_CBC_SHA256, TLS_RSA_WITH_AES_128_CBC_SHA256, TLS_RSA_WITH_AES_256_CBC_SHA, TLS_RSA_WITH_AES_128_CBC_SHA, TLS_EMPTY_RENEGOTIATION_INFO_SCSV]
14:57:12.375 [main] DEBUG org.apache.http.conn.ssl.LenientSslConnectionSocketFactory -- Starting handshake
14:57:12.604 [main] DEBUG org.apache.http.conn.ssl.LenientSslConnectionSocketFactory -- Secure session established
14:57:12.605 [main] DEBUG org.apache.http.conn.ssl.LenientSslConnectionSocketFactory --  negotiated protocol: TLSv1.3
14:57:12.605 [main] DEBUG org.apache.http.conn.ssl.LenientSslConnectionSocketFactory --  negotiated cipher suite: TLS_AES_256_GCM_SHA384
14:57:12.607 [main] DEBUG org.apache.http.conn.ssl.LenientSslConnectionSocketFactory --  peer principal: CN=serverest.dev
14:57:12.607 [main] DEBUG org.apache.http.conn.ssl.LenientSslConnectionSocketFactory --  peer alternative names: [serverest.dev]
14:57:12.607 [main] DEBUG org.apache.http.conn.ssl.LenientSslConnectionSocketFactory --  issuer principal: CN=WR3, O=Google Trust Services, C=US
14:57:12.608 [main] DEBUG org.apache.http.impl.conn.DefaultHttpClientConnectionOperator -- Connection established 192.168.100.14:54871<->216.239.38.21:443
14:57:12.609 [main] DEBUG org.apache.http.impl.conn.DefaultManagedHttpClientConnection -- http-outgoing-0: set socket timeout to 15000
14:57:12.609 [main] DEBUG org.apache.http.impl.execchain.MainClientExec -- Executing request POST /usuarios HTTP/1.1
14:57:12.609 [main] DEBUG org.apache.http.impl.execchain.MainClientExec -- Target auth state: UNCHALLENGED
14:57:12.610 [main] DEBUG org.apache.http.impl.execchain.MainClientExec -- Proxy auth state: UNCHALLENGED
14:57:12.612 [main] DEBUG org.apache.http.headers -- http-outgoing-0 >> POST /usuarios HTTP/1.1
14:57:12.612 [main] DEBUG org.apache.http.headers -- http-outgoing-0 >> Content-Type: application/json; charset=UTF-8
14:57:12.612 [main] DEBUG org.apache.http.headers -- http-outgoing-0 >> Content-Length: 99
14:57:12.612 [main] DEBUG org.apache.http.headers -- http-outgoing-0 >> Host: serverest.dev
14:57:12.612 [main] DEBUG org.apache.http.headers -- http-outgoing-0 >> Connection: Keep-Alive
14:57:12.612 [main] DEBUG org.apache.http.headers -- http-outgoing-0 >> User-Agent: Apache-HttpClient/4.5.14 (Java/17.0.12)
14:57:12.612 [main] DEBUG org.apache.http.headers -- http-outgoing-0 >> Accept-Encoding: gzip,deflate
14:57:12.613 [main] DEBUG org.apache.http.wire -- http-outgoing-0 >> "POST /usuarios HTTP/1.1[\r][\n]"
14:57:12.613 [main] DEBUG org.apache.http.wire -- http-outgoing-0 >> "Content-Type: application/json; charset=UTF-8[\r][\n]"
14:57:12.613 [main] DEBUG org.apache.http.wire -- http-outgoing-0 >> "Content-Length: 99[\r][\n]"
14:57:12.613 [main] DEBUG org.apache.http.wire -- http-outgoing-0 >> "Host: serverest.dev[\r][\n]"
14:57:12.613 [main] DEBUG org.apache.http.wire -- http-outgoing-0 >> "Connection: Keep-Alive[\r][\n]"
14:57:12.613 [main] DEBUG org.apache.http.wire -- http-outgoing-0 >> "User-Agent: Apache-HttpClient/4.5.14 (Java/17.0.12)[\r][\n]"
14:57:12.613 [main] DEBUG org.apache.http.wire -- http-outgoing-0 >> "Accept-Encoding: gzip,deflate[\r][\n]"
14:57:12.613 [main] DEBUG org.apache.http.wire -- http-outgoing-0 >> "[\r][\n]"
14:57:12.613 [main] DEBUG org.apache.http.wire -- http-outgoing-0 >> "{"nome":"User-43b4b","email":"user_19c1b1e6@mail.com","password":"Pwd@acc3","administrador":"true"}"
14:57:12.827 [main] DEBUG org.apache.http.wire -- http-outgoing-0 << "HTTP/1.1 201 Created[\r][\n]"
14:57:12.827 [main] DEBUG org.apache.http.wire -- http-outgoing-0 << "access-control-allow-origin: *[\r][\n]"
14:57:12.827 [main] DEBUG org.apache.http.wire -- http-outgoing-0 << "x-dns-prefetch-control: off[\r][\n]"
14:57:12.827 [main] DEBUG org.apache.http.wire -- http-outgoing-0 << "x-frame-options: SAMEORIGIN[\r][\n]"
14:57:12.827 [main] DEBUG org.apache.http.wire -- http-outgoing-0 << "strict-transport-security: max-age=15552000; includeSubDomains[\r][\n]"
14:57:12.827 [main] DEBUG org.apache.http.wire -- http-outgoing-0 << "x-download-options: noopen[\r][\n]"
14:57:12.828 [main] DEBUG org.apache.http.wire -- http-outgoing-0 << "x-content-type-options: nosniff[\r][\n]"
14:57:12.828 [main] DEBUG org.apache.http.wire -- http-outgoing-0 << "x-xss-protection: 1; mode=block[\r][\n]"
14:57:12.828 [main] DEBUG org.apache.http.wire -- http-outgoing-0 << "content-type: application/json; charset=utf-8[\r][\n]"
14:57:12.828 [main] DEBUG org.apache.http.wire -- http-outgoing-0 << "x-cloud-trace-context: daae1fc76c612754a514bcac7e1015a9;o=1[\r][\n]"
14:57:12.828 [main] DEBUG org.apache.http.wire -- http-outgoing-0 << "date: Sun, 31 Aug 2025 19:57:12 GMT[\r][\n]"
14:57:12.828 [main] DEBUG org.apache.http.wire -- http-outgoing-0 << "server: Google Frontend[\r][\n]"
14:57:12.828 [main] DEBUG org.apache.http.wire -- http-outgoing-0 << "Content-Length: 82[\r][\n]"
14:57:12.828 [main] DEBUG org.apache.http.wire -- http-outgoing-0 << "[\r][\n]"
14:57:12.828 [main] DEBUG org.apache.http.wire -- http-outgoing-0 << "{[\n]"
14:57:12.828 [main] DEBUG org.apache.http.wire -- http-outgoing-0 << "    "message": "Cadastro realizado com sucesso",[\n]"
14:57:12.828 [main] DEBUG org.apache.http.wire -- http-outgoing-0 << "    "_id": "uukF5St3CWpr0NcJ"[\n]"
14:57:12.828 [main] DEBUG org.apache.http.wire -- http-outgoing-0 << "}"
14:57:12.831 [main] DEBUG org.apache.http.headers -- http-outgoing-0 << HTTP/1.1 201 Created
14:57:12.831 [main] DEBUG org.apache.http.headers -- http-outgoing-0 << access-control-allow-origin: *
14:57:12.831 [main] DEBUG org.apache.http.headers -- http-outgoing-0 << x-dns-prefetch-control: off
14:57:12.831 [main] DEBUG org.apache.http.headers -- http-outgoing-0 << x-frame-options: SAMEORIGIN
14:57:12.831 [main] DEBUG org.apache.http.headers -- http-outgoing-0 << strict-transport-security: max-age=15552000; includeSubDomains
14:57:12.831 [main] DEBUG org.apache.http.headers -- http-outgoing-0 << x-download-options: noopen
14:57:12.831 [main] DEBUG org.apache.http.headers -- http-outgoing-0 << x-content-type-options: nosniff
14:57:12.831 [main] DEBUG org.apache.http.headers -- http-outgoing-0 << x-xss-protection: 1; mode=block
14:57:12.831 [main] DEBUG org.apache.http.headers -- http-outgoing-0 << content-type: application/json; charset=utf-8
14:57:12.831 [main] DEBUG org.apache.http.headers -- http-outgoing-0 << x-cloud-trace-context: daae1fc76c612754a514bcac7e1015a9;o=1
14:57:12.833 [main] DEBUG org.apache.http.headers -- http-outgoing-0 << date: Sun, 31 Aug 2025 19:57:12 GMT
14:57:12.833 [main] DEBUG org.apache.http.headers -- http-outgoing-0 << server: Google Frontend
14:57:12.833 [main] DEBUG org.apache.http.headers -- http-outgoing-0 << Content-Length: 82
14:57:12.835 [main] DEBUG org.apache.http.impl.execchain.MainClientExec -- Connection can be kept alive indefinitely
14:57:12.837 [main] DEBUG org.apache.http.impl.conn.PoolingHttpClientConnectionManager -- Connection [id: 0][route: {s}->https://serverest.dev:443] can be kept alive indefinitely
14:57:12.837 [main] DEBUG org.apache.http.impl.conn.DefaultManagedHttpClientConnection -- http-outgoing-0: set socket timeout to 0
14:57:12.838 [main] DEBUG org.apache.http.impl.conn.PoolingHttpClientConnectionManager -- Connection released: [id: 0][route: {s}->https://serverest.dev:443][total available: 1; route allocated: 1 of 5; total allocated: 1 of 10]
14:57:12.838 [main] DEBUG org.apache.http.impl.conn.PoolingHttpClientConnectionManager -- Connection manager is shutting down
14:57:12.838 [main] DEBUG org.apache.http.impl.conn.DefaultManagedHttpClientConnection -- http-outgoing-0: Close connection
14:57:12.840 [main] DEBUG org.apache.http.impl.conn.PoolingHttpClientConnectionManager -- Connection manager shut down
14:57:12.841 [main] DEBUG com.intuit.karate -- response time in milliseconds: 574
1 < 201
1 < access-control-allow-origin: *
1 < x-dns-prefetch-control: off
1 < x-frame-options: SAMEORIGIN
1 < strict-transport-security: max-age=15552000; includeSubDomains
1 < x-download-options: noopen
1 < x-content-type-options: nosniff
1 < x-xss-protection: 1; mode=block
1 < content-type: application/json; charset=utf-8
1 < x-cloud-trace-context: daae1fc76c612754a514bcac7e1015a9;o=1
1 < date: Sun, 31 Aug 2025 19:57:12 GMT
1 < server: Google Frontend
1 < Content-Length: 82
{
    "message": "Cadastro realizado com sucesso",
    "_id": "uukF5St3CWpr0NcJ"
}

14:57:12.855 [main] DEBUG com.jayway.jsonpath.internal.path.CompiledPath -- Evaluating path: $
14:57:12.858 [main] DEBUG org.apache.http.client.protocol.RequestAddCookies -- CookieSpec selected: karate
14:57:12.858 [main] DEBUG org.apache.http.client.protocol.RequestAuthCache -- Auth cache not set in the context
14:57:12.858 [main] DEBUG com.intuit.karate -- request:
2 > PUT https://serverest.dev/usuarios/uukF5St3CWpr0NcJ
2 > Content-Type: application/json; charset=UTF-8
2 > Content-Length: 106
2 > Host: serverest.dev
2 > Connection: Keep-Alive
2 > User-Agent: Apache-HttpClient/4.5.14 (Java/17.0.12)
2 > Accept-Encoding: gzip,deflate
{"nome":"#(nombre) Editado","email":"user_19c1b1e6@mail.com","password":"Pwd@acc3","administrador":"true"}

14:57:12.858 [main] DEBUG org.apache.http.impl.conn.PoolingHttpClientConnectionManager -- Connection request: [route: {s}->https://serverest.dev:443][total available: 0; route allocated: 0 of 5; total allocated: 0 of 10]
14:57:12.858 [main] DEBUG org.apache.http.impl.conn.PoolingHttpClientConnectionManager -- Connection leased: [id: 1][route: {s}->https://serverest.dev:443][total available: 0; route allocated: 1 of 5; total allocated: 1 of 10]
14:57:12.858 [main] DEBUG org.apache.http.impl.execchain.MainClientExec -- Opening connection {s}->https://serverest.dev:443
14:57:12.859 [main] DEBUG org.apache.http.impl.conn.DefaultHttpClientConnectionOperator -- Connecting to serverest.dev/216.239.38.21:443
14:57:12.859 [main] DEBUG org.apache.http.conn.ssl.LenientSslConnectionSocketFactory -- Connecting socket to serverest.dev/216.239.38.21:443 with timeout 15000
14:57:12.903 [main] DEBUG org.apache.http.conn.ssl.LenientSslConnectionSocketFactory -- Enabled protocols: [TLSv1.3, TLSv1.2]
14:57:12.903 [main] DEBUG org.apache.http.conn.ssl.LenientSslConnectionSocketFactory -- Enabled cipher suites:[TLS_AES_256_GCM_SHA384, TLS_AES_128_GCM_SHA256, TLS_CHACHA20_POLY1305_SHA256, TLS_ECDHE_ECDSA_WITH_AES_256_GCM_SHA384, TLS_ECDHE_ECDSA_WITH_AES_128_GCM_SHA256, TLS_ECDHE_ECDSA_WITH_CHACHA20_POLY1305_SHA256, TLS_ECDHE_RSA_WITH_AES_256_GCM_SHA384, TLS_ECDHE_RSA_WITH_CHACHA20_POLY1305_SHA256, TLS_ECDHE_RSA_WITH_AES_128_GCM_SHA256, TLS_DHE_RSA_WITH_AES_256_GCM_SHA384, TLS_DHE_RSA_WITH_CHACHA20_POLY1305_SHA256, TLS_DHE_DSS_WITH_AES_256_GCM_SHA384, TLS_DHE_RSA_WITH_AES_128_GCM_SHA256, TLS_DHE_DSS_WITH_AES_128_GCM_SHA256, TLS_ECDHE_ECDSA_WITH_AES_256_CBC_SHA384, TLS_ECDHE_RSA_WITH_AES_256_CBC_SHA384, TLS_ECDHE_ECDSA_WITH_AES_128_CBC_SHA256, TLS_ECDHE_RSA_WITH_AES_128_CBC_SHA256, TLS_DHE_RSA_WITH_AES_256_CBC_SHA256, TLS_DHE_DSS_WITH_AES_256_CBC_SHA256, TLS_DHE_RSA_WITH_AES_128_CBC_SHA256, TLS_DHE_DSS_WITH_AES_128_CBC_SHA256, TLS_ECDH_ECDSA_WITH_AES_256_GCM_SHA384, TLS_ECDH_RSA_WITH_AES_256_GCM_SHA384, TLS_ECDH_ECDSA_WITH_AES_128_GCM_SHA256, TLS_ECDH_RSA_WITH_AES_128_GCM_SHA256, TLS_ECDH_ECDSA_WITH_AES_256_CBC_SHA384, TLS_ECDH_RSA_WITH_AES_256_CBC_SHA384, TLS_ECDH_ECDSA_WITH_AES_128_CBC_SHA256, TLS_ECDH_RSA_WITH_AES_128_CBC_SHA256, TLS_ECDHE_ECDSA_WITH_AES_256_CBC_SHA, TLS_ECDHE_RSA_WITH_AES_256_CBC_SHA, TLS_ECDHE_ECDSA_WITH_AES_128_CBC_SHA, TLS_ECDHE_RSA_WITH_AES_128_CBC_SHA, TLS_DHE_RSA_WITH_AES_256_CBC_SHA, TLS_DHE_DSS_WITH_AES_256_CBC_SHA, TLS_DHE_RSA_WITH_AES_128_CBC_SHA, TLS_DHE_DSS_WITH_AES_128_CBC_SHA, TLS_ECDH_ECDSA_WITH_AES_256_CBC_SHA, TLS_ECDH_RSA_WITH_AES_256_CBC_SHA, TLS_ECDH_ECDSA_WITH_AES_128_CBC_SHA, TLS_ECDH_RSA_WITH_AES_128_CBC_SHA, TLS_RSA_WITH_AES_256_GCM_SHA384, TLS_RSA_WITH_AES_128_GCM_SHA256, TLS_RSA_WITH_AES_256_CBC_SHA256, TLS_RSA_WITH_AES_128_CBC_SHA256, TLS_RSA_WITH_AES_256_CBC_SHA, TLS_RSA_WITH_AES_128_CBC_SHA, TLS_EMPTY_RENEGOTIATION_INFO_SCSV]
14:57:12.903 [main] DEBUG org.apache.http.conn.ssl.LenientSslConnectionSocketFactory -- Starting handshake
14:57:13.078 [main] DEBUG org.apache.http.conn.ssl.LenientSslConnectionSocketFactory -- Secure session established
14:57:13.078 [main] DEBUG org.apache.http.conn.ssl.LenientSslConnectionSocketFactory --  negotiated protocol: TLSv1.3
14:57:13.078 [main] DEBUG org.apache.http.conn.ssl.LenientSslConnectionSocketFactory --  negotiated cipher suite: TLS_AES_256_GCM_SHA384
14:57:13.078 [main] DEBUG org.apache.http.conn.ssl.LenientSslConnectionSocketFactory --  peer principal: CN=serverest.dev
14:57:13.078 [main] DEBUG org.apache.http.conn.ssl.LenientSslConnectionSocketFactory --  peer alternative names: [serverest.dev]
14:57:13.078 [main] DEBUG org.apache.http.conn.ssl.LenientSslConnectionSocketFactory --  issuer principal: CN=WR3, O=Google Trust Services, C=US
14:57:13.078 [main] DEBUG org.apache.http.impl.conn.DefaultHttpClientConnectionOperator -- Connection established 192.168.100.14:54872<->216.239.38.21:443
14:57:13.078 [main] DEBUG org.apache.http.impl.conn.DefaultManagedHttpClientConnection -- http-outgoing-1: set socket timeout to 15000
14:57:13.078 [main] DEBUG org.apache.http.impl.execchain.MainClientExec -- Executing request PUT /usuarios/uukF5St3CWpr0NcJ HTTP/1.1
14:57:13.079 [main] DEBUG org.apache.http.impl.execchain.MainClientExec -- Target auth state: UNCHALLENGED
14:57:13.079 [main] DEBUG org.apache.http.impl.execchain.MainClientExec -- Proxy auth state: UNCHALLENGED
14:57:13.079 [main] DEBUG org.apache.http.headers -- http-outgoing-1 >> PUT /usuarios/uukF5St3CWpr0NcJ HTTP/1.1
14:57:13.079 [main] DEBUG org.apache.http.headers -- http-outgoing-1 >> Content-Type: application/json; charset=UTF-8
14:57:13.079 [main] DEBUG org.apache.http.headers -- http-outgoing-1 >> Content-Length: 106
14:57:13.079 [main] DEBUG org.apache.http.headers -- http-outgoing-1 >> Host: serverest.dev
14:57:13.079 [main] DEBUG org.apache.http.headers -- http-outgoing-1 >> Connection: Keep-Alive
14:57:13.079 [main] DEBUG org.apache.http.headers -- http-outgoing-1 >> User-Agent: Apache-HttpClient/4.5.14 (Java/17.0.12)
14:57:13.079 [main] DEBUG org.apache.http.headers -- http-outgoing-1 >> Accept-Encoding: gzip,deflate
14:57:13.079 [main] DEBUG org.apache.http.wire -- http-outgoing-1 >> "PUT /usuarios/uukF5St3CWpr0NcJ HTTP/1.1[\r][\n]"
14:57:13.079 [main] DEBUG org.apache.http.wire -- http-outgoing-1 >> "Content-Type: application/json; charset=UTF-8[\r][\n]"
14:57:13.079 [main] DEBUG org.apache.http.wire -- http-outgoing-1 >> "Content-Length: 106[\r][\n]"
14:57:13.079 [main] DEBUG org.apache.http.wire -- http-outgoing-1 >> "Host: serverest.dev[\r][\n]"
14:57:13.079 [main] DEBUG org.apache.http.wire -- http-outgoing-1 >> "Connection: Keep-Alive[\r][\n]"
14:57:13.079 [main] DEBUG org.apache.http.wire -- http-outgoing-1 >> "User-Agent: Apache-HttpClient/4.5.14 (Java/17.0.12)[\r][\n]"
14:57:13.079 [main] DEBUG org.apache.http.wire -- http-outgoing-1 >> "Accept-Encoding: gzip,deflate[\r][\n]"
14:57:13.080 [main] DEBUG org.apache.http.wire -- http-outgoing-1 >> "[\r][\n]"
14:57:13.080 [main] DEBUG org.apache.http.wire -- http-outgoing-1 >> "{"nome":"#(nombre) Editado","email":"user_19c1b1e6@mail.com","password":"Pwd@acc3","administrador":"true"}"
14:57:13.299 [main] DEBUG org.apache.http.wire -- http-outgoing-1 << "HTTP/1.1 200 OK[\r][\n]"
14:57:13.299 [main] DEBUG org.apache.http.wire -- http-outgoing-1 << "access-control-allow-origin: *[\r][\n]"
14:57:13.299 [main] DEBUG org.apache.http.wire -- http-outgoing-1 << "x-dns-prefetch-control: off[\r][\n]"
14:57:13.301 [main] DEBUG org.apache.http.wire -- http-outgoing-1 << "x-frame-options: SAMEORIGIN[\r][\n]"
14:57:13.301 [main] DEBUG org.apache.http.wire -- http-outgoing-1 << "strict-transport-security: max-age=15552000; includeSubDomains[\r][\n]"
14:57:13.301 [main] DEBUG org.apache.http.wire -- http-outgoing-1 << "x-download-options: noopen[\r][\n]"
14:57:13.301 [main] DEBUG org.apache.http.wire -- http-outgoing-1 << "x-content-type-options: nosniff[\r][\n]"
14:57:13.301 [main] DEBUG org.apache.http.wire -- http-outgoing-1 << "x-xss-protection: 1; mode=block[\r][\n]"
14:57:13.301 [main] DEBUG org.apache.http.wire -- http-outgoing-1 << "content-type: application/json; charset=utf-8[\r][\n]"
14:57:13.301 [main] DEBUG org.apache.http.wire -- http-outgoing-1 << "x-cloud-trace-context: bba8ce24e615cefc039199dad0465f44[\r][\n]"
14:57:13.301 [main] DEBUG org.apache.http.wire -- http-outgoing-1 << "date: Sun, 31 Aug 2025 19:57:13 GMT[\r][\n]"
14:57:13.301 [main] DEBUG org.apache.http.wire -- http-outgoing-1 << "server: Google Frontend[\r][\n]"
14:57:13.301 [main] DEBUG org.apache.http.wire -- http-outgoing-1 << "Content-Length: 50[\r][\n]"
14:57:13.301 [main] DEBUG org.apache.http.wire -- http-outgoing-1 << "[\r][\n]"
14:57:13.301 [main] DEBUG org.apache.http.wire -- http-outgoing-1 << "{[\n]"
14:57:13.301 [main] DEBUG org.apache.http.wire -- http-outgoing-1 << "    "message": "Registro alterado com sucesso"[\n]"
14:57:13.301 [main] DEBUG org.apache.http.wire -- http-outgoing-1 << "}"
14:57:13.301 [main] DEBUG org.apache.http.headers -- http-outgoing-1 << HTTP/1.1 200 OK
14:57:13.301 [main] DEBUG org.apache.http.headers -- http-outgoing-1 << access-control-allow-origin: *
14:57:13.301 [main] DEBUG org.apache.http.headers -- http-outgoing-1 << x-dns-prefetch-control: off
14:57:13.301 [main] DEBUG org.apache.http.headers -- http-outgoing-1 << x-frame-options: SAMEORIGIN
14:57:13.301 [main] DEBUG org.apache.http.headers -- http-outgoing-1 << strict-transport-security: max-age=15552000; includeSubDomains
14:57:13.301 [main] DEBUG org.apache.http.headers -- http-outgoing-1 << x-download-options: noopen
14:57:13.301 [main] DEBUG org.apache.http.headers -- http-outgoing-1 << x-content-type-options: nosniff
14:57:13.301 [main] DEBUG org.apache.http.headers -- http-outgoing-1 << x-xss-protection: 1; mode=block
14:57:13.301 [main] DEBUG org.apache.http.headers -- http-outgoing-1 << content-type: application/json; charset=utf-8
14:57:13.301 [main] DEBUG org.apache.http.headers -- http-outgoing-1 << x-cloud-trace-context: bba8ce24e615cefc039199dad0465f44
14:57:13.301 [main] DEBUG org.apache.http.headers -- http-outgoing-1 << date: Sun, 31 Aug 2025 19:57:13 GMT
14:57:13.301 [main] DEBUG org.apache.http.headers -- http-outgoing-1 << server: Google Frontend
14:57:13.301 [main] DEBUG org.apache.http.headers -- http-outgoing-1 << Content-Length: 50
14:57:13.301 [main] DEBUG org.apache.http.impl.execchain.MainClientExec -- Connection can be kept alive indefinitely
14:57:13.301 [main] DEBUG org.apache.http.impl.conn.PoolingHttpClientConnectionManager -- Connection [id: 1][route: {s}->https://serverest.dev:443] can be kept alive indefinitely
14:57:13.301 [main] DEBUG org.apache.http.impl.conn.DefaultManagedHttpClientConnection -- http-outgoing-1: set socket timeout to 0
14:57:13.302 [main] DEBUG org.apache.http.impl.conn.PoolingHttpClientConnectionManager -- Connection released: [id: 1][route: {s}->https://serverest.dev:443][total available: 1; route allocated: 1 of 5; total allocated: 1 of 10]
14:57:13.302 [main] DEBUG org.apache.http.impl.conn.PoolingHttpClientConnectionManager -- Connection manager is shutting down
14:57:13.302 [main] DEBUG org.apache.http.impl.conn.DefaultManagedHttpClientConnection -- http-outgoing-1: Close connection
14:57:13.302 [main] DEBUG org.apache.http.impl.conn.PoolingHttpClientConnectionManager -- Connection manager shut down
14:57:13.302 [main] DEBUG com.intuit.karate -- response time in milliseconds: 444
2 < 200
2 < access-control-allow-origin: *
2 < x-dns-prefetch-control: off
2 < x-frame-options: SAMEORIGIN
2 < strict-transport-security: max-age=15552000; includeSubDomains
2 < x-download-options: noopen
2 < x-content-type-options: nosniff
2 < x-xss-protection: 1; mode=block
2 < content-type: application/json; charset=utf-8
2 < x-cloud-trace-context: bba8ce24e615cefc039199dad0465f44
2 < date: Sun, 31 Aug 2025 19:57:13 GMT
2 < server: Google Frontend
2 < Content-Length: 50
{
    "message": "Registro alterado com sucesso"
}

14:57:13.312 [main] DEBUG com.jayway.jsonpath.internal.path.CompiledPath -- Evaluating path: $
]]></system-out>
  </testcase>
  <testcase name="[2:24] Intentar actualizar con email ya usado (400)" classname="features/usuarios/usuarios-actualizar" time="2.513">
    <system-out><![CDATA[14:57:13.366 [main] DEBUG com.jayway.jsonpath.internal.path.CompiledPath -- Evaluating path: $
14:57:13.368 [main] DEBUG org.apache.http.client.protocol.RequestAddCookies -- CookieSpec selected: karate
14:57:13.368 [main] DEBUG org.apache.http.client.protocol.RequestAuthCache -- Auth cache not set in the context
14:57:13.368 [main] DEBUG com.intuit.karate -- request:
1 > POST https://serverest.dev/usuarios
1 > Content-Type: application/json; charset=UTF-8
1 > Content-Length: 97
1 > Host: serverest.dev
1 > Connection: Keep-Alive
1 > User-Agent: Apache-HttpClient/4.5.14 (Java/17.0.12)
1 > Accept-Encoding: gzip,deflate
{"nome":"Usuario A","email":"user_b00c6696@mail.com","password":"Pwd@123","administrador":"true"}

14:57:13.368 [main] DEBUG org.apache.http.impl.conn.PoolingHttpClientConnectionManager -- Connection request: [route: {s}->https://serverest.dev:443][total available: 0; route allocated: 0 of 5; total allocated: 0 of 10]
14:57:13.368 [main] DEBUG org.apache.http.impl.conn.PoolingHttpClientConnectionManager -- Connection leased: [id: 2][route: {s}->https://serverest.dev:443][total available: 0; route allocated: 1 of 5; total allocated: 1 of 10]
14:57:13.368 [main] DEBUG org.apache.http.impl.execchain.MainClientExec -- Opening connection {s}->https://serverest.dev:443
14:57:13.369 [main] DEBUG org.apache.http.impl.conn.DefaultHttpClientConnectionOperator -- Connecting to serverest.dev/216.239.38.21:443
14:57:13.369 [main] DEBUG org.apache.http.conn.ssl.LenientSslConnectionSocketFactory -- Connecting socket to serverest.dev/216.239.38.21:443 with timeout 15000
14:57:13.411 [main] DEBUG org.apache.http.conn.ssl.LenientSslConnectionSocketFactory -- Enabled protocols: [TLSv1.3, TLSv1.2]
14:57:13.412 [main] DEBUG org.apache.http.conn.ssl.LenientSslConnectionSocketFactory -- Enabled cipher suites:[TLS_AES_256_GCM_SHA384, TLS_AES_128_GCM_SHA256, TLS_CHACHA20_POLY1305_SHA256, TLS_ECDHE_ECDSA_WITH_AES_256_GCM_SHA384, TLS_ECDHE_ECDSA_WITH_AES_128_GCM_SHA256, TLS_ECDHE_ECDSA_WITH_CHACHA20_POLY1305_SHA256, TLS_ECDHE_RSA_WITH_AES_256_GCM_SHA384, TLS_ECDHE_RSA_WITH_CHACHA20_POLY1305_SHA256, TLS_ECDHE_RSA_WITH_AES_128_GCM_SHA256, TLS_DHE_RSA_WITH_AES_256_GCM_SHA384, TLS_DHE_RSA_WITH_CHACHA20_POLY1305_SHA256, TLS_DHE_DSS_WITH_AES_256_GCM_SHA384, TLS_DHE_RSA_WITH_AES_128_GCM_SHA256, TLS_DHE_DSS_WITH_AES_128_GCM_SHA256, TLS_ECDHE_ECDSA_WITH_AES_256_CBC_SHA384, TLS_ECDHE_RSA_WITH_AES_256_CBC_SHA384, TLS_ECDHE_ECDSA_WITH_AES_128_CBC_SHA256, TLS_ECDHE_RSA_WITH_AES_128_CBC_SHA256, TLS_DHE_RSA_WITH_AES_256_CBC_SHA256, TLS_DHE_DSS_WITH_AES_256_CBC_SHA256, TLS_DHE_RSA_WITH_AES_128_CBC_SHA256, TLS_DHE_DSS_WITH_AES_128_CBC_SHA256, TLS_ECDH_ECDSA_WITH_AES_256_GCM_SHA384, TLS_ECDH_RSA_WITH_AES_256_GCM_SHA384, TLS_ECDH_ECDSA_WITH_AES_128_GCM_SHA256, TLS_ECDH_RSA_WITH_AES_128_GCM_SHA256, TLS_ECDH_ECDSA_WITH_AES_256_CBC_SHA384, TLS_ECDH_RSA_WITH_AES_256_CBC_SHA384, TLS_ECDH_ECDSA_WITH_AES_128_CBC_SHA256, TLS_ECDH_RSA_WITH_AES_128_CBC_SHA256, TLS_ECDHE_ECDSA_WITH_AES_256_CBC_SHA, TLS_ECDHE_RSA_WITH_AES_256_CBC_SHA, TLS_ECDHE_ECDSA_WITH_AES_128_CBC_SHA, TLS_ECDHE_RSA_WITH_AES_128_CBC_SHA, TLS_DHE_RSA_WITH_AES_256_CBC_SHA, TLS_DHE_DSS_WITH_AES_256_CBC_SHA, TLS_DHE_RSA_WITH_AES_128_CBC_SHA, TLS_DHE_DSS_WITH_AES_128_CBC_SHA, TLS_ECDH_ECDSA_WITH_AES_256_CBC_SHA, TLS_ECDH_RSA_WITH_AES_256_CBC_SHA, TLS_ECDH_ECDSA_WITH_AES_128_CBC_SHA, TLS_ECDH_RSA_WITH_AES_128_CBC_SHA, TLS_RSA_WITH_AES_256_GCM_SHA384, TLS_RSA_WITH_AES_128_GCM_SHA256, TLS_RSA_WITH_AES_256_CBC_SHA256, TLS_RSA_WITH_AES_128_CBC_SHA256, TLS_RSA_WITH_AES_256_CBC_SHA, TLS_RSA_WITH_AES_128_CBC_SHA, TLS_EMPTY_RENEGOTIATION_INFO_SCSV]
14:57:13.412 [main] DEBUG org.apache.http.conn.ssl.LenientSslConnectionSocketFactory -- Starting handshake
14:57:13.580 [main] DEBUG org.apache.http.conn.ssl.LenientSslConnectionSocketFactory -- Secure session established
14:57:13.580 [main] DEBUG org.apache.http.conn.ssl.LenientSslConnectionSocketFactory --  negotiated protocol: TLSv1.3
14:57:13.580 [main] DEBUG org.apache.http.conn.ssl.LenientSslConnectionSocketFactory --  negotiated cipher suite: TLS_AES_256_GCM_SHA384
14:57:13.580 [main] DEBUG org.apache.http.conn.ssl.LenientSslConnectionSocketFactory --  peer principal: CN=serverest.dev
14:57:13.580 [main] DEBUG org.apache.http.conn.ssl.LenientSslConnectionSocketFactory --  peer alternative names: [serverest.dev]
14:57:13.580 [main] DEBUG org.apache.http.conn.ssl.LenientSslConnectionSocketFactory --  issuer principal: CN=WR3, O=Google Trust Services, C=US
14:57:13.580 [main] DEBUG org.apache.http.impl.conn.DefaultHttpClientConnectionOperator -- Connection established 192.168.100.14:54873<->216.239.38.21:443
14:57:13.580 [main] DEBUG org.apache.http.impl.conn.DefaultManagedHttpClientConnection -- http-outgoing-2: set socket timeout to 15000
14:57:13.580 [main] DEBUG org.apache.http.impl.execchain.MainClientExec -- Executing request POST /usuarios HTTP/1.1
14:57:13.580 [main] DEBUG org.apache.http.impl.execchain.MainClientExec -- Target auth state: UNCHALLENGED
14:57:13.580 [main] DEBUG org.apache.http.impl.execchain.MainClientExec -- Proxy auth state: UNCHALLENGED
14:57:13.580 [main] DEBUG org.apache.http.headers -- http-outgoing-2 >> POST /usuarios HTTP/1.1
14:57:13.580 [main] DEBUG org.apache.http.headers -- http-outgoing-2 >> Content-Type: application/json; charset=UTF-8
14:57:13.580 [main] DEBUG org.apache.http.headers -- http-outgoing-2 >> Content-Length: 97
14:57:13.582 [main] DEBUG org.apache.http.headers -- http-outgoing-2 >> Host: serverest.dev
14:57:13.582 [main] DEBUG org.apache.http.headers -- http-outgoing-2 >> Connection: Keep-Alive
14:57:13.582 [main] DEBUG org.apache.http.headers -- http-outgoing-2 >> User-Agent: Apache-HttpClient/4.5.14 (Java/17.0.12)
14:57:13.582 [main] DEBUG org.apache.http.headers -- http-outgoing-2 >> Accept-Encoding: gzip,deflate
14:57:13.582 [main] DEBUG org.apache.http.wire -- http-outgoing-2 >> "POST /usuarios HTTP/1.1[\r][\n]"
14:57:13.582 [main] DEBUG org.apache.http.wire -- http-outgoing-2 >> "Content-Type: application/json; charset=UTF-8[\r][\n]"
14:57:13.582 [main] DEBUG org.apache.http.wire -- http-outgoing-2 >> "Content-Length: 97[\r][\n]"
14:57:13.582 [main] DEBUG org.apache.http.wire -- http-outgoing-2 >> "Host: serverest.dev[\r][\n]"
14:57:13.582 [main] DEBUG org.apache.http.wire -- http-outgoing-2 >> "Connection: Keep-Alive[\r][\n]"
14:57:13.582 [main] DEBUG org.apache.http.wire -- http-outgoing-2 >> "User-Agent: Apache-HttpClient/4.5.14 (Java/17.0.12)[\r][\n]"
14:57:13.582 [main] DEBUG org.apache.http.wire -- http-outgoing-2 >> "Accept-Encoding: gzip,deflate[\r][\n]"
14:57:13.582 [main] DEBUG org.apache.http.wire -- http-outgoing-2 >> "[\r][\n]"
14:57:13.582 [main] DEBUG org.apache.http.wire -- http-outgoing-2 >> "{"nome":"Usuario A","email":"user_b00c6696@mail.com","password":"Pwd@123","administrador":"true"}"
14:57:13.789 [main] DEBUG org.apache.http.wire -- http-outgoing-2 << "HTTP/1.1 201 Created[\r][\n]"
14:57:13.789 [main] DEBUG org.apache.http.wire -- http-outgoing-2 << "access-control-allow-origin: *[\r][\n]"
14:57:13.789 [main] DEBUG org.apache.http.wire -- http-outgoing-2 << "x-dns-prefetch-control: off[\r][\n]"
14:57:13.789 [main] DEBUG org.apache.http.wire -- http-outgoing-2 << "x-frame-options: SAMEORIGIN[\r][\n]"
14:57:13.789 [main] DEBUG org.apache.http.wire -- http-outgoing-2 << "strict-transport-security: max-age=15552000; includeSubDomains[\r][\n]"
14:57:13.789 [main] DEBUG org.apache.http.wire -- http-outgoing-2 << "x-download-options: noopen[\r][\n]"
14:57:13.789 [main] DEBUG org.apache.http.wire -- http-outgoing-2 << "x-content-type-options: nosniff[\r][\n]"
14:57:13.789 [main] DEBUG org.apache.http.wire -- http-outgoing-2 << "x-xss-protection: 1; mode=block[\r][\n]"
14:57:13.789 [main] DEBUG org.apache.http.wire -- http-outgoing-2 << "content-type: application/json; charset=utf-8[\r][\n]"
14:57:13.789 [main] DEBUG org.apache.http.wire -- http-outgoing-2 << "x-cloud-trace-context: e67438b006a1bc60ffd23f21e9c9429f[\r][\n]"
14:57:13.789 [main] DEBUG org.apache.http.wire -- http-outgoing-2 << "date: Sun, 31 Aug 2025 19:57:13 GMT[\r][\n]"
14:57:13.789 [main] DEBUG org.apache.http.wire -- http-outgoing-2 << "server: Google Frontend[\r][\n]"
14:57:13.789 [main] DEBUG org.apache.http.wire -- http-outgoing-2 << "Content-Length: 82[\r][\n]"
14:57:13.789 [main] DEBUG org.apache.http.wire -- http-outgoing-2 << "[\r][\n]"
14:57:13.789 [main] DEBUG org.apache.http.wire -- http-outgoing-2 << "{[\n]"
14:57:13.789 [main] DEBUG org.apache.http.wire -- http-outgoing-2 << "    "message": "Cadastro realizado com sucesso",[\n]"
14:57:13.789 [main] DEBUG org.apache.http.wire -- http-outgoing-2 << "    "_id": "0jsWkW6qlwKKqj7d"[\n]"
14:57:13.789 [main] DEBUG org.apache.http.wire -- http-outgoing-2 << "}"
14:57:13.789 [main] DEBUG org.apache.http.headers -- http-outgoing-2 << HTTP/1.1 201 Created
14:57:13.789 [main] DEBUG org.apache.http.headers -- http-outgoing-2 << access-control-allow-origin: *
14:57:13.789 [main] DEBUG org.apache.http.headers -- http-outgoing-2 << x-dns-prefetch-control: off
14:57:13.789 [main] DEBUG org.apache.http.headers -- http-outgoing-2 << x-frame-options: SAMEORIGIN
14:57:13.789 [main] DEBUG org.apache.http.headers -- http-outgoing-2 << strict-transport-security: max-age=15552000; includeSubDomains
14:57:13.789 [main] DEBUG org.apache.http.headers -- http-outgoing-2 << x-download-options: noopen
14:57:13.789 [main] DEBUG org.apache.http.headers -- http-outgoing-2 << x-content-type-options: nosniff
14:57:13.789 [main] DEBUG org.apache.http.headers -- http-outgoing-2 << x-xss-protection: 1; mode=block
14:57:13.789 [main] DEBUG org.apache.http.headers -- http-outgoing-2 << content-type: application/json; charset=utf-8
14:57:13.789 [main] DEBUG org.apache.http.headers -- http-outgoing-2 << x-cloud-trace-context: e67438b006a1bc60ffd23f21e9c9429f
14:57:13.789 [main] DEBUG org.apache.http.headers -- http-outgoing-2 << date: Sun, 31 Aug 2025 19:57:13 GMT
14:57:13.789 [main] DEBUG org.apache.http.headers -- http-outgoing-2 << server: Google Frontend
14:57:13.789 [main] DEBUG org.apache.http.headers -- http-outgoing-2 << Content-Length: 82
14:57:13.789 [main] DEBUG org.apache.http.impl.execchain.MainClientExec -- Connection can be kept alive indefinitely
14:57:13.789 [main] DEBUG org.apache.http.impl.conn.PoolingHttpClientConnectionManager -- Connection [id: 2][route: {s}->https://serverest.dev:443] can be kept alive indefinitely
14:57:13.789 [main] DEBUG org.apache.http.impl.conn.DefaultManagedHttpClientConnection -- http-outgoing-2: set socket timeout to 0
14:57:13.789 [main] DEBUG org.apache.http.impl.conn.PoolingHttpClientConnectionManager -- Connection released: [id: 2][route: {s}->https://serverest.dev:443][total available: 1; route allocated: 1 of 5; total allocated: 1 of 10]
14:57:13.789 [main] DEBUG org.apache.http.impl.conn.PoolingHttpClientConnectionManager -- Connection manager is shutting down
14:57:13.789 [main] DEBUG org.apache.http.impl.conn.DefaultManagedHttpClientConnection -- http-outgoing-2: Close connection
14:57:13.789 [main] DEBUG org.apache.http.impl.conn.PoolingHttpClientConnectionManager -- Connection manager shut down
14:57:13.789 [main] DEBUG com.intuit.karate -- response time in milliseconds: 421
1 < 201
1 < access-control-allow-origin: *
1 < x-dns-prefetch-control: off
1 < x-frame-options: SAMEORIGIN
1 < strict-transport-security: max-age=15552000; includeSubDomains
1 < x-download-options: noopen
1 < x-content-type-options: nosniff
1 < x-xss-protection: 1; mode=block
1 < content-type: application/json; charset=utf-8
1 < x-cloud-trace-context: e67438b006a1bc60ffd23f21e9c9429f
1 < date: Sun, 31 Aug 2025 19:57:13 GMT
1 < server: Google Frontend
1 < Content-Length: 82
{
    "message": "Cadastro realizado com sucesso",
    "_id": "0jsWkW6qlwKKqj7d"
}

14:57:13.805 [main] DEBUG com.jayway.jsonpath.internal.path.CompiledPath -- Evaluating path: $
14:57:13.805 [main] DEBUG org.apache.http.client.protocol.RequestAddCookies -- CookieSpec selected: karate
14:57:13.805 [main] DEBUG org.apache.http.client.protocol.RequestAuthCache -- Auth cache not set in the context
14:57:13.805 [main] DEBUG com.intuit.karate -- request:
2 > POST https://serverest.dev/usuarios
2 > Content-Type: application/json; charset=UTF-8
2 > Content-Length: 97
2 > Host: serverest.dev
2 > Connection: Keep-Alive
2 > User-Agent: Apache-HttpClient/4.5.14 (Java/17.0.12)
2 > Accept-Encoding: gzip,deflate
{"nome":"Usuario B","email":"user_22cc326f@mail.com","password":"Pwd@123","administrador":"true"}

14:57:13.805 [main] DEBUG org.apache.http.impl.conn.PoolingHttpClientConnectionManager -- Connection request: [route: {s}->https://serverest.dev:443][total available: 0; route allocated: 0 of 5; total allocated: 0 of 10]
14:57:13.805 [main] DEBUG org.apache.http.impl.conn.PoolingHttpClientConnectionManager -- Connection leased: [id: 3][route: {s}->https://serverest.dev:443][total available: 0; route allocated: 1 of 5; total allocated: 1 of 10]
14:57:13.805 [main] DEBUG org.apache.http.impl.execchain.MainClientExec -- Opening connection {s}->https://serverest.dev:443
14:57:13.805 [main] DEBUG org.apache.http.impl.conn.DefaultHttpClientConnectionOperator -- Connecting to serverest.dev/216.239.38.21:443
14:57:13.805 [main] DEBUG org.apache.http.conn.ssl.LenientSslConnectionSocketFactory -- Connecting socket to serverest.dev/216.239.38.21:443 with timeout 15000
14:57:13.853 [main] DEBUG org.apache.http.conn.ssl.LenientSslConnectionSocketFactory -- Enabled protocols: [TLSv1.3, TLSv1.2]
14:57:13.853 [main] DEBUG org.apache.http.conn.ssl.LenientSslConnectionSocketFactory -- Enabled cipher suites:[TLS_AES_256_GCM_SHA384, TLS_AES_128_GCM_SHA256, TLS_CHACHA20_POLY1305_SHA256, TLS_ECDHE_ECDSA_WITH_AES_256_GCM_SHA384, TLS_ECDHE_ECDSA_WITH_AES_128_GCM_SHA256, TLS_ECDHE_ECDSA_WITH_CHACHA20_POLY1305_SHA256, TLS_ECDHE_RSA_WITH_AES_256_GCM_SHA384, TLS_ECDHE_RSA_WITH_CHACHA20_POLY1305_SHA256, TLS_ECDHE_RSA_WITH_AES_128_GCM_SHA256, TLS_DHE_RSA_WITH_AES_256_GCM_SHA384, TLS_DHE_RSA_WITH_CHACHA20_POLY1305_SHA256, TLS_DHE_DSS_WITH_AES_256_GCM_SHA384, TLS_DHE_RSA_WITH_AES_128_GCM_SHA256, TLS_DHE_DSS_WITH_AES_128_GCM_SHA256, TLS_ECDHE_ECDSA_WITH_AES_256_CBC_SHA384, TLS_ECDHE_RSA_WITH_AES_256_CBC_SHA384, TLS_ECDHE_ECDSA_WITH_AES_128_CBC_SHA256, TLS_ECDHE_RSA_WITH_AES_128_CBC_SHA256, TLS_DHE_RSA_WITH_AES_256_CBC_SHA256, TLS_DHE_DSS_WITH_AES_256_CBC_SHA256, TLS_DHE_RSA_WITH_AES_128_CBC_SHA256, TLS_DHE_DSS_WITH_AES_128_CBC_SHA256, TLS_ECDH_ECDSA_WITH_AES_256_GCM_SHA384, TLS_ECDH_RSA_WITH_AES_256_GCM_SHA384, TLS_ECDH_ECDSA_WITH_AES_128_GCM_SHA256, TLS_ECDH_RSA_WITH_AES_128_GCM_SHA256, TLS_ECDH_ECDSA_WITH_AES_256_CBC_SHA384, TLS_ECDH_RSA_WITH_AES_256_CBC_SHA384, TLS_ECDH_ECDSA_WITH_AES_128_CBC_SHA256, TLS_ECDH_RSA_WITH_AES_128_CBC_SHA256, TLS_ECDHE_ECDSA_WITH_AES_256_CBC_SHA, TLS_ECDHE_RSA_WITH_AES_256_CBC_SHA, TLS_ECDHE_ECDSA_WITH_AES_128_CBC_SHA, TLS_ECDHE_RSA_WITH_AES_128_CBC_SHA, TLS_DHE_RSA_WITH_AES_256_CBC_SHA, TLS_DHE_DSS_WITH_AES_256_CBC_SHA, TLS_DHE_RSA_WITH_AES_128_CBC_SHA, TLS_DHE_DSS_WITH_AES_128_CBC_SHA, TLS_ECDH_ECDSA_WITH_AES_256_CBC_SHA, TLS_ECDH_RSA_WITH_AES_256_CBC_SHA, TLS_ECDH_ECDSA_WITH_AES_128_CBC_SHA, TLS_ECDH_RSA_WITH_AES_128_CBC_SHA, TLS_RSA_WITH_AES_256_GCM_SHA384, TLS_RSA_WITH_AES_128_GCM_SHA256, TLS_RSA_WITH_AES_256_CBC_SHA256, TLS_RSA_WITH_AES_128_CBC_SHA256, TLS_RSA_WITH_AES_256_CBC_SHA, TLS_RSA_WITH_AES_128_CBC_SHA, TLS_EMPTY_RENEGOTIATION_INFO_SCSV]
14:57:13.853 [main] DEBUG org.apache.http.conn.ssl.LenientSslConnectionSocketFactory -- Starting handshake
14:57:14.010 [main] DEBUG org.apache.http.conn.ssl.LenientSslConnectionSocketFactory -- Secure session established
14:57:14.010 [main] DEBUG org.apache.http.conn.ssl.LenientSslConnectionSocketFactory --  negotiated protocol: TLSv1.3
14:57:14.010 [main] DEBUG org.apache.http.conn.ssl.LenientSslConnectionSocketFactory --  negotiated cipher suite: TLS_AES_256_GCM_SHA384
14:57:14.010 [main] DEBUG org.apache.http.conn.ssl.LenientSslConnectionSocketFactory --  peer principal: CN=serverest.dev
14:57:14.010 [main] DEBUG org.apache.http.conn.ssl.LenientSslConnectionSocketFactory --  peer alternative names: [serverest.dev]
14:57:14.010 [main] DEBUG org.apache.http.conn.ssl.LenientSslConnectionSocketFactory --  issuer principal: CN=WR3, O=Google Trust Services, C=US
14:57:14.010 [main] DEBUG org.apache.http.impl.conn.DefaultHttpClientConnectionOperator -- Connection established 192.168.100.14:54874<->216.239.38.21:443
14:57:14.010 [main] DEBUG org.apache.http.impl.conn.DefaultManagedHttpClientConnection -- http-outgoing-3: set socket timeout to 15000
14:57:14.010 [main] DEBUG org.apache.http.impl.execchain.MainClientExec -- Executing request POST /usuarios HTTP/1.1
14:57:14.010 [main] DEBUG org.apache.http.impl.execchain.MainClientExec -- Target auth state: UNCHALLENGED
14:57:14.010 [main] DEBUG org.apache.http.impl.execchain.MainClientExec -- Proxy auth state: UNCHALLENGED
14:57:14.012 [main] DEBUG org.apache.http.headers -- http-outgoing-3 >> POST /usuarios HTTP/1.1
14:57:14.012 [main] DEBUG org.apache.http.headers -- http-outgoing-3 >> Content-Type: application/json; charset=UTF-8
14:57:14.012 [main] DEBUG org.apache.http.headers -- http-outgoing-3 >> Content-Length: 97
14:57:14.012 [main] DEBUG org.apache.http.headers -- http-outgoing-3 >> Host: serverest.dev
14:57:14.012 [main] DEBUG org.apache.http.headers -- http-outgoing-3 >> Connection: Keep-Alive
14:57:14.012 [main] DEBUG org.apache.http.headers -- http-outgoing-3 >> User-Agent: Apache-HttpClient/4.5.14 (Java/17.0.12)
14:57:14.012 [main] DEBUG org.apache.http.headers -- http-outgoing-3 >> Accept-Encoding: gzip,deflate
14:57:14.012 [main] DEBUG org.apache.http.wire -- http-outgoing-3 >> "POST /usuarios HTTP/1.1[\r][\n]"
14:57:14.012 [main] DEBUG org.apache.http.wire -- http-outgoing-3 >> "Content-Type: application/json; charset=UTF-8[\r][\n]"
14:57:14.012 [main] DEBUG org.apache.http.wire -- http-outgoing-3 >> "Content-Length: 97[\r][\n]"
14:57:14.012 [main] DEBUG org.apache.http.wire -- http-outgoing-3 >> "Host: serverest.dev[\r][\n]"
14:57:14.012 [main] DEBUG org.apache.http.wire -- http-outgoing-3 >> "Connection: Keep-Alive[\r][\n]"
14:57:14.012 [main] DEBUG org.apache.http.wire -- http-outgoing-3 >> "User-Agent: Apache-HttpClient/4.5.14 (Java/17.0.12)[\r][\n]"
14:57:14.012 [main] DEBUG org.apache.http.wire -- http-outgoing-3 >> "Accept-Encoding: gzip,deflate[\r][\n]"
14:57:14.012 [main] DEBUG org.apache.http.wire -- http-outgoing-3 >> "[\r][\n]"
14:57:14.012 [main] DEBUG org.apache.http.wire -- http-outgoing-3 >> "{"nome":"Usuario B","email":"user_22cc326f@mail.com","password":"Pwd@123","administrador":"true"}"
14:57:14.206 [main] DEBUG org.apache.http.wire -- http-outgoing-3 << "HTTP/1.1 201 Created[\r][\n]"
14:57:14.206 [main] DEBUG org.apache.http.wire -- http-outgoing-3 << "access-control-allow-origin: *[\r][\n]"
14:57:14.206 [main] DEBUG org.apache.http.wire -- http-outgoing-3 << "x-dns-prefetch-control: off[\r][\n]"
14:57:14.206 [main] DEBUG org.apache.http.wire -- http-outgoing-3 << "x-frame-options: SAMEORIGIN[\r][\n]"
14:57:14.206 [main] DEBUG org.apache.http.wire -- http-outgoing-3 << "strict-transport-security: max-age=15552000; includeSubDomains[\r][\n]"
14:57:14.206 [main] DEBUG org.apache.http.wire -- http-outgoing-3 << "x-download-options: noopen[\r][\n]"
14:57:14.206 [main] DEBUG org.apache.http.wire -- http-outgoing-3 << "x-content-type-options: nosniff[\r][\n]"
14:57:14.206 [main] DEBUG org.apache.http.wire -- http-outgoing-3 << "x-xss-protection: 1; mode=block[\r][\n]"
14:57:14.206 [main] DEBUG org.apache.http.wire -- http-outgoing-3 << "content-type: application/json; charset=utf-8[\r][\n]"
14:57:14.206 [main] DEBUG org.apache.http.wire -- http-outgoing-3 << "x-cloud-trace-context: b5e66e19b3f26aa90212eacaedb68b65[\r][\n]"
14:57:14.206 [main] DEBUG org.apache.http.wire -- http-outgoing-3 << "date: Sun, 31 Aug 2025 19:57:14 GMT[\r][\n]"
14:57:14.206 [main] DEBUG org.apache.http.wire -- http-outgoing-3 << "server: Google Frontend[\r][\n]"
14:57:14.206 [main] DEBUG org.apache.http.wire -- http-outgoing-3 << "Content-Length: 82[\r][\n]"
14:57:14.206 [main] DEBUG org.apache.http.wire -- http-outgoing-3 << "[\r][\n]"
14:57:14.206 [main] DEBUG org.apache.http.wire -- http-outgoing-3 << "{[\n]"
14:57:14.206 [main] DEBUG org.apache.http.wire -- http-outgoing-3 << "    "message": "Cadastro realizado com sucesso",[\n]"
14:57:14.206 [main] DEBUG org.apache.http.wire -- http-outgoing-3 << "    "_id": "ymp3JT76dC3uwh3k"[\n]"
14:57:14.206 [main] DEBUG org.apache.http.wire -- http-outgoing-3 << "}"
14:57:14.210 [main] DEBUG org.apache.http.headers -- http-outgoing-3 << HTTP/1.1 201 Created
14:57:14.210 [main] DEBUG org.apache.http.headers -- http-outgoing-3 << access-control-allow-origin: *
14:57:14.210 [main] DEBUG org.apache.http.headers -- http-outgoing-3 << x-dns-prefetch-control: off
14:57:14.210 [main] DEBUG org.apache.http.headers -- http-outgoing-3 << x-frame-options: SAMEORIGIN
14:57:14.210 [main] DEBUG org.apache.http.headers -- http-outgoing-3 << strict-transport-security: max-age=15552000; includeSubDomains
14:57:14.210 [main] DEBUG org.apache.http.headers -- http-outgoing-3 << x-download-options: noopen
14:57:14.210 [main] DEBUG org.apache.http.headers -- http-outgoing-3 << x-content-type-options: nosniff
14:57:14.210 [main] DEBUG org.apache.http.headers -- http-outgoing-3 << x-xss-protection: 1; mode=block
14:57:14.210 [main] DEBUG org.apache.http.headers -- http-outgoing-3 << content-type: application/json; charset=utf-8
14:57:14.210 [main] DEBUG org.apache.http.headers -- http-outgoing-3 << x-cloud-trace-context: b5e66e19b3f26aa90212eacaedb68b65
14:57:14.210 [main] DEBUG org.apache.http.headers -- http-outgoing-3 << date: Sun, 31 Aug 2025 19:57:14 GMT
14:57:14.210 [main] DEBUG org.apache.http.headers -- http-outgoing-3 << server: Google Frontend
14:57:14.210 [main] DEBUG org.apache.http.headers -- http-outgoing-3 << Content-Length: 82
14:57:14.210 [main] DEBUG org.apache.http.impl.execchain.MainClientExec -- Connection can be kept alive indefinitely
14:57:14.210 [main] DEBUG org.apache.http.impl.conn.PoolingHttpClientConnectionManager -- Connection [id: 3][route: {s}->https://serverest.dev:443] can be kept alive indefinitely
14:57:14.210 [main] DEBUG org.apache.http.impl.conn.DefaultManagedHttpClientConnection -- http-outgoing-3: set socket timeout to 0
14:57:14.210 [main] DEBUG org.apache.http.impl.conn.PoolingHttpClientConnectionManager -- Connection released: [id: 3][route: {s}->https://serverest.dev:443][total available: 1; route allocated: 1 of 5; total allocated: 1 of 10]
14:57:14.210 [main] DEBUG org.apache.http.impl.conn.PoolingHttpClientConnectionManager -- Connection manager is shutting down
14:57:14.210 [main] DEBUG org.apache.http.impl.conn.DefaultManagedHttpClientConnection -- http-outgoing-3: Close connection
14:57:14.210 [main] DEBUG org.apache.http.impl.conn.PoolingHttpClientConnectionManager -- Connection manager shut down
14:57:14.212 [main] DEBUG com.intuit.karate -- response time in milliseconds: 405
2 < 201
2 < access-control-allow-origin: *
2 < x-dns-prefetch-control: off
2 < x-frame-options: SAMEORIGIN
2 < strict-transport-security: max-age=15552000; includeSubDomains
2 < x-download-options: noopen
2 < x-content-type-options: nosniff
2 < x-xss-protection: 1; mode=block
2 < content-type: application/json; charset=utf-8
2 < x-cloud-trace-context: b5e66e19b3f26aa90212eacaedb68b65
2 < date: Sun, 31 Aug 2025 19:57:14 GMT
2 < server: Google Frontend
2 < Content-Length: 82
{
    "message": "Cadastro realizado com sucesso",
    "_id": "ymp3JT76dC3uwh3k"
}

14:57:14.214 [main] DEBUG com.jayway.jsonpath.internal.path.CompiledPath -- Evaluating path: $
14:57:14.216 [main] DEBUG org.apache.http.client.protocol.RequestAddCookies -- CookieSpec selected: karate
14:57:14.216 [main] DEBUG org.apache.http.client.protocol.RequestAuthCache -- Auth cache not set in the context
14:57:14.216 [main] DEBUG com.intuit.karate -- request:
3 > PUT https://serverest.dev/usuarios/ymp3JT76dC3uwh3k
3 > Content-Type: application/json; charset=UTF-8
3 > Content-Length: 97
3 > Host: serverest.dev
3 > Connection: Keep-Alive
3 > User-Agent: Apache-HttpClient/4.5.14 (Java/17.0.12)
3 > Accept-Encoding: gzip,deflate
{"nome":"Usuario B","email":"user_b00c6696@mail.com","password":"Pwd@123","administrador":"true"}

14:57:14.216 [main] DEBUG org.apache.http.impl.conn.PoolingHttpClientConnectionManager -- Connection request: [route: {s}->https://serverest.dev:443][total available: 0; route allocated: 0 of 5; total allocated: 0 of 10]
14:57:14.216 [main] DEBUG org.apache.http.impl.conn.PoolingHttpClientConnectionManager -- Connection leased: [id: 4][route: {s}->https://serverest.dev:443][total available: 0; route allocated: 1 of 5; total allocated: 1 of 10]
14:57:14.216 [main] DEBUG org.apache.http.impl.execchain.MainClientExec -- Opening connection {s}->https://serverest.dev:443
14:57:14.216 [main] DEBUG org.apache.http.impl.conn.DefaultHttpClientConnectionOperator -- Connecting to serverest.dev/216.239.38.21:443
14:57:14.216 [main] DEBUG org.apache.http.conn.ssl.LenientSslConnectionSocketFactory -- Connecting socket to serverest.dev/216.239.38.21:443 with timeout 15000
14:57:14.259 [main] DEBUG org.apache.http.conn.ssl.LenientSslConnectionSocketFactory -- Enabled protocols: [TLSv1.3, TLSv1.2]
14:57:14.259 [main] DEBUG org.apache.http.conn.ssl.LenientSslConnectionSocketFactory -- Enabled cipher suites:[TLS_AES_256_GCM_SHA384, TLS_AES_128_GCM_SHA256, TLS_CHACHA20_POLY1305_SHA256, TLS_ECDHE_ECDSA_WITH_AES_256_GCM_SHA384, TLS_ECDHE_ECDSA_WITH_AES_128_GCM_SHA256, TLS_ECDHE_ECDSA_WITH_CHACHA20_POLY1305_SHA256, TLS_ECDHE_RSA_WITH_AES_256_GCM_SHA384, TLS_ECDHE_RSA_WITH_CHACHA20_POLY1305_SHA256, TLS_ECDHE_RSA_WITH_AES_128_GCM_SHA256, TLS_DHE_RSA_WITH_AES_256_GCM_SHA384, TLS_DHE_RSA_WITH_CHACHA20_POLY1305_SHA256, TLS_DHE_DSS_WITH_AES_256_GCM_SHA384, TLS_DHE_RSA_WITH_AES_128_GCM_SHA256, TLS_DHE_DSS_WITH_AES_128_GCM_SHA256, TLS_ECDHE_ECDSA_WITH_AES_256_CBC_SHA384, TLS_ECDHE_RSA_WITH_AES_256_CBC_SHA384, TLS_ECDHE_ECDSA_WITH_AES_128_CBC_SHA256, TLS_ECDHE_RSA_WITH_AES_128_CBC_SHA256, TLS_DHE_RSA_WITH_AES_256_CBC_SHA256, TLS_DHE_DSS_WITH_AES_256_CBC_SHA256, TLS_DHE_RSA_WITH_AES_128_CBC_SHA256, TLS_DHE_DSS_WITH_AES_128_CBC_SHA256, TLS_ECDH_ECDSA_WITH_AES_256_GCM_SHA384, TLS_ECDH_RSA_WITH_AES_256_GCM_SHA384, TLS_ECDH_ECDSA_WITH_AES_128_GCM_SHA256, TLS_ECDH_RSA_WITH_AES_128_GCM_SHA256, TLS_ECDH_ECDSA_WITH_AES_256_CBC_SHA384, TLS_ECDH_RSA_WITH_AES_256_CBC_SHA384, TLS_ECDH_ECDSA_WITH_AES_128_CBC_SHA256, TLS_ECDH_RSA_WITH_AES_128_CBC_SHA256, TLS_ECDHE_ECDSA_WITH_AES_256_CBC_SHA, TLS_ECDHE_RSA_WITH_AES_256_CBC_SHA, TLS_ECDHE_ECDSA_WITH_AES_128_CBC_SHA, TLS_ECDHE_RSA_WITH_AES_128_CBC_SHA, TLS_DHE_RSA_WITH_AES_256_CBC_SHA, TLS_DHE_DSS_WITH_AES_256_CBC_SHA, TLS_DHE_RSA_WITH_AES_128_CBC_SHA, TLS_DHE_DSS_WITH_AES_128_CBC_SHA, TLS_ECDH_ECDSA_WITH_AES_256_CBC_SHA, TLS_ECDH_RSA_WITH_AES_256_CBC_SHA, TLS_ECDH_ECDSA_WITH_AES_128_CBC_SHA, TLS_ECDH_RSA_WITH_AES_128_CBC_SHA, TLS_RSA_WITH_AES_256_GCM_SHA384, TLS_RSA_WITH_AES_128_GCM_SHA256, TLS_RSA_WITH_AES_256_CBC_SHA256, TLS_RSA_WITH_AES_128_CBC_SHA256, TLS_RSA_WITH_AES_256_CBC_SHA, TLS_RSA_WITH_AES_128_CBC_SHA, TLS_EMPTY_RENEGOTIATION_INFO_SCSV]
14:57:14.259 [main] DEBUG org.apache.http.conn.ssl.LenientSslConnectionSocketFactory -- Starting handshake
14:57:14.428 [main] DEBUG org.apache.http.conn.ssl.LenientSslConnectionSocketFactory -- Secure session established
14:57:14.428 [main] DEBUG org.apache.http.conn.ssl.LenientSslConnectionSocketFactory --  negotiated protocol: TLSv1.3
14:57:14.428 [main] DEBUG org.apache.http.conn.ssl.LenientSslConnectionSocketFactory --  negotiated cipher suite: TLS_AES_256_GCM_SHA384
14:57:14.428 [main] DEBUG org.apache.http.conn.ssl.LenientSslConnectionSocketFactory --  peer principal: CN=serverest.dev
14:57:14.428 [main] DEBUG org.apache.http.conn.ssl.LenientSslConnectionSocketFactory --  peer alternative names: [serverest.dev]
14:57:14.428 [main] DEBUG org.apache.http.conn.ssl.LenientSslConnectionSocketFactory --  issuer principal: CN=WR3, O=Google Trust Services, C=US
14:57:14.428 [main] DEBUG org.apache.http.impl.conn.DefaultHttpClientConnectionOperator -- Connection established 192.168.100.14:54875<->216.239.38.21:443
14:57:14.428 [main] DEBUG org.apache.http.impl.conn.DefaultManagedHttpClientConnection -- http-outgoing-4: set socket timeout to 15000
14:57:14.428 [main] DEBUG org.apache.http.impl.execchain.MainClientExec -- Executing request PUT /usuarios/ymp3JT76dC3uwh3k HTTP/1.1
14:57:14.428 [main] DEBUG org.apache.http.impl.execchain.MainClientExec -- Target auth state: UNCHALLENGED
14:57:14.428 [main] DEBUG org.apache.http.impl.execchain.MainClientExec -- Proxy auth state: UNCHALLENGED
14:57:14.428 [main] DEBUG org.apache.http.headers -- http-outgoing-4 >> PUT /usuarios/ymp3JT76dC3uwh3k HTTP/1.1
14:57:14.428 [main] DEBUG org.apache.http.headers -- http-outgoing-4 >> Content-Type: application/json; charset=UTF-8
14:57:14.428 [main] DEBUG org.apache.http.headers -- http-outgoing-4 >> Content-Length: 97
14:57:14.428 [main] DEBUG org.apache.http.headers -- http-outgoing-4 >> Host: serverest.dev
14:57:14.428 [main] DEBUG org.apache.http.headers -- http-outgoing-4 >> Connection: Keep-Alive
14:57:14.428 [main] DEBUG org.apache.http.headers -- http-outgoing-4 >> User-Agent: Apache-HttpClient/4.5.14 (Java/17.0.12)
14:57:14.428 [main] DEBUG org.apache.http.headers -- http-outgoing-4 >> Accept-Encoding: gzip,deflate
14:57:14.428 [main] DEBUG org.apache.http.wire -- http-outgoing-4 >> "PUT /usuarios/ymp3JT76dC3uwh3k HTTP/1.1[\r][\n]"
14:57:14.428 [main] DEBUG org.apache.http.wire -- http-outgoing-4 >> "Content-Type: application/json; charset=UTF-8[\r][\n]"
14:57:14.428 [main] DEBUG org.apache.http.wire -- http-outgoing-4 >> "Content-Length: 97[\r][\n]"
14:57:14.428 [main] DEBUG org.apache.http.wire -- http-outgoing-4 >> "Host: serverest.dev[\r][\n]"
14:57:14.428 [main] DEBUG org.apache.http.wire -- http-outgoing-4 >> "Connection: Keep-Alive[\r][\n]"
14:57:14.428 [main] DEBUG org.apache.http.wire -- http-outgoing-4 >> "User-Agent: Apache-HttpClient/4.5.14 (Java/17.0.12)[\r][\n]"
14:57:14.428 [main] DEBUG org.apache.http.wire -- http-outgoing-4 >> "Accept-Encoding: gzip,deflate[\r][\n]"
14:57:14.428 [main] DEBUG org.apache.http.wire -- http-outgoing-4 >> "[\r][\n]"
14:57:14.428 [main] DEBUG org.apache.http.wire -- http-outgoing-4 >> "{"nome":"Usuario B","email":"user_b00c6696@mail.com","password":"Pwd@123","administrador":"true"}"
14:57:14.652 [main] DEBUG org.apache.http.wire -- http-outgoing-4 << "HTTP/1.1 400 Bad Request[\r][\n]"
14:57:14.652 [main] DEBUG org.apache.http.wire -- http-outgoing-4 << "access-control-allow-origin: *[\r][\n]"
14:57:14.652 [main] DEBUG org.apache.http.wire -- http-outgoing-4 << "x-dns-prefetch-control: off[\r][\n]"
14:57:14.652 [main] DEBUG org.apache.http.wire -- http-outgoing-4 << "x-frame-options: SAMEORIGIN[\r][\n]"
14:57:14.652 [main] DEBUG org.apache.http.wire -- http-outgoing-4 << "strict-transport-security: max-age=15552000; includeSubDomains[\r][\n]"
14:57:14.652 [main] DEBUG org.apache.http.wire -- http-outgoing-4 << "x-download-options: noopen[\r][\n]"
14:57:14.652 [main] DEBUG org.apache.http.wire -- http-outgoing-4 << "x-content-type-options: nosniff[\r][\n]"
14:57:14.652 [main] DEBUG org.apache.http.wire -- http-outgoing-4 << "x-xss-protection: 1; mode=block[\r][\n]"
14:57:14.652 [main] DEBUG org.apache.http.wire -- http-outgoing-4 << "content-type: application/json; charset=utf-8[\r][\n]"
14:57:14.652 [main] DEBUG org.apache.http.wire -- http-outgoing-4 << "x-cloud-trace-context: 9529dd1d82fa43809676bd4824084323[\r][\n]"
14:57:14.652 [main] DEBUG org.apache.http.wire -- http-outgoing-4 << "date: Sun, 31 Aug 2025 19:57:14 GMT[\r][\n]"
14:57:14.652 [main] DEBUG org.apache.http.wire -- http-outgoing-4 << "server: Google Frontend[\r][\n]"
14:57:14.652 [main] DEBUG org.apache.http.wire -- http-outgoing-4 << "Content-Length: 53[\r][\n]"
14:57:14.652 [main] DEBUG org.apache.http.wire -- http-outgoing-4 << "[\r][\n]"
14:57:14.652 [main] DEBUG org.apache.http.wire -- http-outgoing-4 << "{[\n]"
14:57:14.652 [main] DEBUG org.apache.http.wire -- http-outgoing-4 << "    "message": "Este email j[0xc3][0xa1] est[0xc3][0xa1] sendo usado"[\n]"
14:57:14.652 [main] DEBUG org.apache.http.wire -- http-outgoing-4 << "}"
14:57:14.652 [main] DEBUG org.apache.http.headers -- http-outgoing-4 << HTTP/1.1 400 Bad Request
14:57:14.652 [main] DEBUG org.apache.http.headers -- http-outgoing-4 << access-control-allow-origin: *
14:57:14.652 [main] DEBUG org.apache.http.headers -- http-outgoing-4 << x-dns-prefetch-control: off
14:57:14.652 [main] DEBUG org.apache.http.headers -- http-outgoing-4 << x-frame-options: SAMEORIGIN
14:57:14.652 [main] DEBUG org.apache.http.headers -- http-outgoing-4 << strict-transport-security: max-age=15552000; includeSubDomains
14:57:14.652 [main] DEBUG org.apache.http.headers -- http-outgoing-4 << x-download-options: noopen
14:57:14.652 [main] DEBUG org.apache.http.headers -- http-outgoing-4 << x-content-type-options: nosniff
14:57:14.652 [main] DEBUG org.apache.http.headers -- http-outgoing-4 << x-xss-protection: 1; mode=block
14:57:14.652 [main] DEBUG org.apache.http.headers -- http-outgoing-4 << content-type: application/json; charset=utf-8
14:57:14.652 [main] DEBUG org.apache.http.headers -- http-outgoing-4 << x-cloud-trace-context: 9529dd1d82fa43809676bd4824084323
14:57:14.652 [main] DEBUG org.apache.http.headers -- http-outgoing-4 << date: Sun, 31 Aug 2025 19:57:14 GMT
14:57:14.652 [main] DEBUG org.apache.http.headers -- http-outgoing-4 << server: Google Frontend
14:57:14.652 [main] DEBUG org.apache.http.headers -- http-outgoing-4 << Content-Length: 53
14:57:14.652 [main] DEBUG org.apache.http.impl.execchain.MainClientExec -- Connection can be kept alive indefinitely
14:57:14.652 [main] DEBUG org.apache.http.impl.conn.PoolingHttpClientConnectionManager -- Connection [id: 4][route: {s}->https://serverest.dev:443] can be kept alive indefinitely
14:57:14.652 [main] DEBUG org.apache.http.impl.conn.DefaultManagedHttpClientConnection -- http-outgoing-4: set socket timeout to 0
14:57:14.652 [main] DEBUG org.apache.http.impl.conn.PoolingHttpClientConnectionManager -- Connection released: [id: 4][route: {s}->https://serverest.dev:443][total available: 1; route allocated: 1 of 5; total allocated: 1 of 10]
14:57:14.652 [main] DEBUG org.apache.http.impl.conn.PoolingHttpClientConnectionManager -- Connection manager is shutting down
14:57:14.652 [main] DEBUG org.apache.http.impl.conn.DefaultManagedHttpClientConnection -- http-outgoing-4: Close connection
14:57:14.652 [main] DEBUG org.apache.http.impl.conn.PoolingHttpClientConnectionManager -- Connection manager shut down
14:57:14.652 [main] DEBUG com.intuit.karate -- response time in milliseconds: 436
3 < 400
3 < access-control-allow-origin: *
3 < x-dns-prefetch-control: off
3 < x-frame-options: SAMEORIGIN
3 < strict-transport-security: max-age=15552000; includeSubDomains
3 < x-download-options: noopen
3 < x-content-type-options: nosniff
3 < x-xss-protection: 1; mode=block
3 < content-type: application/json; charset=utf-8
3 < x-cloud-trace-context: 9529dd1d82fa43809676bd4824084323
3 < date: Sun, 31 Aug 2025 19:57:14 GMT
3 < server: Google Frontend
3 < Content-Length: 53
{
    "message": "Este email já está sendo usado"
}

14:57:14.668 [main] DEBUG com.jayway.jsonpath.internal.path.CompiledPath -- Evaluating path: $
14:57:14.722 [main] DEBUG org.thymeleaf.TemplateEngine -- [THYMELEAF] INITIALIZING TEMPLATE ENGINE
14:57:14.881 [main] DEBUG org.thymeleaf.TemplateEngine.CONFIG -- Initializing Thymeleaf Template engine configuration...
[THYMELEAF] TEMPLATE ENGINE CONFIGURATION:
[THYMELEAF] * Thymeleaf version: 3.1.2.RELEASE (built 2023-07-30T19:25:50+0000)
[THYMELEAF] * Cache Manager implementation: org.thymeleaf.cache.StandardCacheManager
[THYMELEAF] * Template resolvers:
[THYMELEAF]     * [1] com.intuit.karate.template.ResourceHtmlTemplateResolver
[THYMELEAF] * Message resolvers:
[THYMELEAF]     * org.thymeleaf.messageresolver.StandardMessageResolver
[THYMELEAF] * Link builders:
[THYMELEAF]     * org.thymeleaf.linkbuilder.StandardLinkBuilder
[THYMELEAF] * Dialect [1 of 2]: Standard (com.intuit.karate.template.KarateStandardDialect)
[THYMELEAF]     * Prefix: "th"
[THYMELEAF]     * Processors for Template Mode: HTML
[THYMELEAF]         * Element Tag Processors by [matching element and attribute name] [precedence]:
[THYMELEAF]             * [* {th:include,data-th-include}] [100]: org.thymeleaf.standard.processor.StandardIncludeTagProcessor
[THYMELEAF]             * [* {th:insert,data-th-insert}] [100]: org.thymeleaf.standard.processor.StandardInsertTagProcessor
[THYMELEAF]             * [* {th:replace,data-th-replace}] [100]: org.thymeleaf.standard.processor.StandardReplaceTagProcessor
[THYMELEAF]             * [* {th:each,data-th-each}] [200]: com.intuit.karate.template.KarateEachTagProcessor
[THYMELEAF]             * [* {th:switch,data-th-switch}] [250]: org.thymeleaf.standard.processor.StandardSwitchTagProcessor
[THYMELEAF]             * [* {th:case,data-th-case}] [275]: org.thymeleaf.standard.processor.StandardCaseTagProcessor
[THYMELEAF]             * [* {th:if,data-th-if}] [300]: org.thymeleaf.standard.processor.StandardIfTagProcessor
[THYMELEAF]             * [* {th:unless,data-th-unless}] [400]: org.thymeleaf.standard.processor.StandardUnlessTagProcessor
[THYMELEAF]             * [* {th:object,data-th-object}] [500]: org.thymeleaf.standard.processor.StandardObjectTagProcessor
[THYMELEAF]             * [* {th:with,data-th-with}] [600]: com.intuit.karate.template.KarateWithTagProcessor
[THYMELEAF]             * [* {th:attr,data-th-attr}] [700]: com.intuit.karate.template.KarateAttributeTagProcessor.KarateAttrTagProcessor
[THYMELEAF]             * [* {th:attrappend,data-th-attrappend}] [900]: com.intuit.karate.template.KarateAttributeTagProcessor.KarateAttrappendTagProcessor
[THYMELEAF]             * [* {th:attrprepend,data-th-attrprepend}] [900]: com.intuit.karate.template.KarateAttributeTagProcessor.KarateAttrprependTagProcessor
[THYMELEAF]             * [* {th:alt-title,data-th-alt-title}] [990]: org.thymeleaf.standard.processor.StandardAltTitleTagProcessor
[THYMELEAF]             * [* {th:lang-xmllang,data-th-lang-xmllang}] [990]: org.thymeleaf.standard.processor.StandardLangXmlLangTagProcessor
[THYMELEAF]             * [* {th:action,data-th-action}] [1000]: org.thymeleaf.standard.processor.StandardActionTagProcessor
[THYMELEAF]             * [* {th:scoped,data-th-scoped}] [1000]: org.thymeleaf.standard.processor.StandardConditionalFixedValueTagProcessor
[THYMELEAF]             * [* {th:autoplay,data-th-autoplay}] [1000]: org.thymeleaf.standard.processor.StandardConditionalFixedValueTagProcessor
[THYMELEAF]             * [* {th:nowrap,data-th-nowrap}] [1000]: org.thymeleaf.standard.processor.StandardConditionalFixedValueTagProcessor
[THYMELEAF]             * [* {th:autofocus,data-th-autofocus}] [1000]: org.thymeleaf.standard.processor.StandardConditionalFixedValueTagProcessor
[THYMELEAF]             * [* {th:pubdate,data-th-pubdate}] [1000]: org.thymeleaf.standard.processor.StandardConditionalFixedValueTagProcessor
[THYMELEAF]             * [* {th:controls,data-th-controls}] [1000]: org.thymeleaf.standard.processor.StandardConditionalFixedValueTagProcessor
[THYMELEAF]             * [* {th:formnovalidate,data-th-formnovalidate}] [1000]: org.thymeleaf.standard.processor.StandardConditionalFixedValueTagProcessor
[THYMELEAF]             * [* {th:readonly,data-th-readonly}] [1000]: org.thymeleaf.standard.processor.StandardConditionalFixedValueTagProcessor
[THYMELEAF]             * [* {th:declare,data-th-declare}] [1000]: org.thymeleaf.standard.processor.StandardConditionalFixedValueTagProcessor
[THYMELEAF]             * [* {th:multiple,data-th-multiple}] [1000]: org.thymeleaf.standard.processor.StandardConditionalFixedValueTagProcessor
[THYMELEAF]             * [* {th:ismap,data-th-ismap}] [1000]: org.thymeleaf.standard.processor.StandardConditionalFixedValueTagProcessor
[THYMELEAF]             * [* {th:novalidate,data-th-novalidate}] [1000]: org.thymeleaf.standard.processor.StandardConditionalFixedValueTagProcessor
[THYMELEAF]             * [* {th:seamless,data-th-seamless}] [1000]: org.thymeleaf.standard.processor.StandardConditionalFixedValueTagProcessor
[THYMELEAF]             * [* {th:disabled,data-th-disabled}] [1000]: org.thymeleaf.standard.processor.StandardConditionalFixedValueTagProcessor
[THYMELEAF]             * [* {th:reversed,data-th-reversed}] [1000]: org.thymeleaf.standard.processor.StandardConditionalFixedValueTagProcessor
[THYMELEAF]             * [* {th:open,data-th-open}] [1000]: org.thymeleaf.standard.processor.StandardConditionalFixedValueTagProcessor
[THYMELEAF]             * [* {th:async,data-th-async}] [1000]: org.thymeleaf.standard.processor.StandardConditionalFixedValueTagProcessor
[THYMELEAF]             * [* {th:required,data-th-required}] [1000]: org.thymeleaf.standard.processor.StandardConditionalFixedValueTagProcessor
[THYMELEAF]             * [* {th:defer,data-th-defer}] [1000]: org.thymeleaf.standard.processor.StandardConditionalFixedValueTagProcessor
[THYMELEAF]             * [* {th:checked,data-th-checked}] [1000]: org.thymeleaf.standard.processor.StandardConditionalFixedValueTagProcessor
[THYMELEAF]             * [* {th:default,data-th-default}] [1000]: org.thymeleaf.standard.processor.StandardConditionalFixedValueTagProcessor
[THYMELEAF]             * [* {th:loop,data-th-loop}] [1000]: org.thymeleaf.standard.processor.StandardConditionalFixedValueTagProcessor
[THYMELEAF]             * [* {th:hidden,data-th-hidden}] [1000]: org.thymeleaf.standard.processor.StandardConditionalFixedValueTagProcessor
[THYMELEAF]             * [* {th:selected,data-th-selected}] [1000]: org.thymeleaf.standard.processor.StandardConditionalFixedValueTagProcessor
[THYMELEAF]             * [* {th:onmouseover,data-th-onmouseover}] [1000]: org.thymeleaf.standard.processor.StandardDOMEventAttributeTagProcessor
[THYMELEAF]             * [* {th:onvolumechange,data-th-onvolumechange}] [1000]: org.thymeleaf.standard.processor.StandardDOMEventAttributeTagProcessor
[THYMELEAF]             * [* {th:ondragover,data-th-ondragover}] [1000]: org.thymeleaf.standard.processor.StandardDOMEventAttributeTagProcessor
[THYMELEAF]             * [* {th:ondragleave,data-th-ondragleave}] [1000]: org.thymeleaf.standard.processor.StandardDOMEventAttributeTagProcessor
[THYMELEAF]             * [* {th:onfocus,data-th-onfocus}] [1000]: org.thymeleaf.standard.processor.StandardDOMEventAttributeTagProcessor
[THYMELEAF]             * [* {th:onforminput,data-th-onforminput}] [1000]: org.thymeleaf.standard.processor.StandardDOMEventAttributeTagProcessor
[THYMELEAF]             * [* {th:onshow,data-th-onshow}] [1000]: org.thymeleaf.standard.processor.StandardDOMEventAttributeTagProcessor
[THYMELEAF]             * [* {th:onoffline,data-th-onoffline}] [1000]: org.thymeleaf.standard.processor.StandardDOMEventAttributeTagProcessor
[THYMELEAF]             * [* {th:onerror,data-th-onerror}] [1000]: org.thymeleaf.standard.processor.StandardDOMEventAttributeTagProcessor
[THYMELEAF]             * [* {th:ononline,data-th-ononline}] [1000]: org.thymeleaf.standard.processor.StandardDOMEventAttributeTagProcessor
[THYMELEAF]             * [* {th:onblur,data-th-onblur}] [1000]: org.thymeleaf.standard.processor.StandardDOMEventAttributeTagProcessor
[THYMELEAF]             * [* {th:onmousewheel,data-th-onmousewheel}] [1000]: org.thymeleaf.standard.processor.StandardDOMEventAttributeTagProcessor
[THYMELEAF]             * [* {th:onstorage,data-th-onstorage}] [1000]: org.thymeleaf.standard.processor.StandardDOMEventAttributeTagProcessor
[THYMELEAF]             * [* {th:onload,data-th-onload}] [1000]: org.thymeleaf.standard.processor.StandardDOMEventAttributeTagProcessor
[THYMELEAF]             * [* {th:onprogress,data-th-onprogress}] [1000]: org.thymeleaf.standard.processor.StandardDOMEventAttributeTagProcessor
[THYMELEAF]             * [* {th:onemptied,data-th-onemptied}] [1000]: org.thymeleaf.standard.processor.StandardDOMEventAttributeTagProcessor
[THYMELEAF]             * [* {th:ondragend,data-th-ondragend}] [1000]: org.thymeleaf.standard.processor.StandardDOMEventAttributeTagProcessor
[THYMELEAF]             * [* {th:onseeked,data-th-onseeked}] [1000]: org.thymeleaf.standard.processor.StandardDOMEventAttributeTagProcessor
[THYMELEAF]             * [* {th:ondrag,data-th-ondrag}] [1000]: org.thymeleaf.standard.processor.StandardDOMEventAttributeTagProcessor
[THYMELEAF]             * [* {th:ondrop,data-th-ondrop}] [1000]: org.thymeleaf.standard.processor.StandardDOMEventAttributeTagProcessor
[THYMELEAF]             * [* {th:onplay,data-th-onplay}] [1000]: org.thymeleaf.standard.processor.StandardDOMEventAttributeTagProcessor
[THYMELEAF]             * [* {th:oncanplaythrough,data-th-oncanplaythrough}] [1000]: org.thymeleaf.standard.processor.StandardDOMEventAttributeTagProcessor
[THYMELEAF]             * [* {th:oncontextmenu,data-th-oncontextmenu}] [1000]: org.thymeleaf.standard.processor.StandardDOMEventAttributeTagProcessor
[THYMELEAF]             * [* {th:oninvalid,data-th-oninvalid}] [1000]: org.thymeleaf.standard.processor.StandardDOMEventAttributeTagProcessor
[THYMELEAF]             * [* {th:oncanplay,data-th-oncanplay}] [1000]: org.thymeleaf.standard.processor.StandardDOMEventAttributeTagProcessor
[THYMELEAF]             * [* {th:onredo,data-th-onredo}] [1000]: org.thymeleaf.standard.processor.StandardDOMEventAttributeTagProcessor
[THYMELEAF]             * [* {th:onstalled,data-th-onstalled}] [1000]: org.thymeleaf.standard.processor.StandardDOMEventAttributeTagProcessor
[THYMELEAF]             * [* {th:onreadystatechange,data-th-onreadystatechange}] [1000]: org.thymeleaf.standard.processor.StandardDOMEventAttributeTagProcessor
[THYMELEAF]             * [* {th:onkeyup,data-th-onkeyup}] [1000]: org.thymeleaf.standard.processor.StandardDOMEventAttributeTagProcessor
[THYMELEAF]             * [* {th:ondblclick,data-th-ondblclick}] [1000]: org.thymeleaf.standard.processor.StandardDOMEventAttributeTagProcessor
[THYMELEAF]             * [* {th:onhashchange,data-th-onhashchange}] [1000]: org.thymeleaf.standard.processor.StandardDOMEventAttributeTagProcessor
[THYMELEAF]             * [* {th:onratechange,data-th-onratechange}] [1000]: org.thymeleaf.standard.processor.StandardDOMEventAttributeTagProcessor
[THYMELEAF]             * [* {th:onloadstart,data-th-onloadstart}] [1000]: org.thymeleaf.standard.processor.StandardDOMEventAttributeTagProcessor
[THYMELEAF]             * [* {th:onmousedown,data-th-onmousedown}] [1000]: org.thymeleaf.standard.processor.StandardDOMEventAttributeTagProcessor
[THYMELEAF]             * [* {th:onsuspend,data-th-onsuspend}] [1000]: org.thymeleaf.standard.processor.StandardDOMEventAttributeTagProcessor
[THYMELEAF]             * [* {th:onselect,data-th-onselect}] [1000]: org.thymeleaf.standard.processor.StandardDOMEventAttributeTagProcessor
[THYMELEAF]             * [* {th:onchange,data-th-onchange}] [1000]: org.thymeleaf.standard.processor.StandardDOMEventAttributeTagProcessor
[THYMELEAF]             * [* {th:onkeypress,data-th-onkeypress}] [1000]: org.thymeleaf.standard.processor.StandardDOMEventAttributeTagProcessor
[THYMELEAF]             * [* {th:onsubmit,data-th-onsubmit}] [1000]: org.thymeleaf.standard.processor.StandardDOMEventAttributeTagProcessor
[THYMELEAF]             * [* {th:onseeking,data-th-onseeking}] [1000]: org.thymeleaf.standard.processor.StandardDOMEventAttributeTagProcessor
[THYMELEAF]             * [* {th:onwaiting,data-th-onwaiting}] [1000]: org.thymeleaf.standard.processor.StandardDOMEventAttributeTagProcessor
[THYMELEAF]             * [* {th:onreset,data-th-onreset}] [1000]: org.thymeleaf.standard.processor.StandardDOMEventAttributeTagProcessor
[THYMELEAF]             * [* {th:onafterprint,data-th-onafterprint}] [1000]: org.thymeleaf.standard.processor.StandardDOMEventAttributeTagProcessor
[THYMELEAF]             * [* {th:onkeydown,data-th-onkeydown}] [1000]: org.thymeleaf.standard.processor.StandardDOMEventAttributeTagProcessor
[THYMELEAF]             * [* {th:onbeforeprint,data-th-onbeforeprint}] [1000]: org.thymeleaf.standard.processor.StandardDOMEventAttributeTagProcessor
[THYMELEAF]             * [* {th:onpause,data-th-onpause}] [1000]: org.thymeleaf.standard.processor.StandardDOMEventAttributeTagProcessor
[THYMELEAF]             * [* {th:onended,data-th-onended}] [1000]: org.thymeleaf.standard.processor.StandardDOMEventAttributeTagProcessor
[THYMELEAF]             * [* {th:onscroll,data-th-onscroll}] [1000]: org.thymeleaf.standard.processor.StandardDOMEventAttributeTagProcessor
[THYMELEAF]             * [* {th:ondragenter,data-th-ondragenter}] [1000]: org.thymeleaf.standard.processor.StandardDOMEventAttributeTagProcessor
[THYMELEAF]             * [* {th:onmouseout,data-th-onmouseout}] [1000]: org.thymeleaf.standard.processor.StandardDOMEventAttributeTagProcessor
[THYMELEAF]             * [* {th:onunload,data-th-onunload}] [1000]: org.thymeleaf.standard.processor.StandardDOMEventAttributeTagProcessor
[THYMELEAF]             * [* {th:onplaying,data-th-onplaying}] [1000]: org.thymeleaf.standard.processor.StandardDOMEventAttributeTagProcessor
[THYMELEAF]             * [* {th:onmouseup,data-th-onmouseup}] [1000]: org.thymeleaf.standard.processor.StandardDOMEventAttributeTagProcessor
[THYMELEAF]             * [* {th:onundo,data-th-onundo}] [1000]: org.thymeleaf.standard.processor.StandardDOMEventAttributeTagProcessor
[THYMELEAF]             * [* {th:ondragstart,data-th-ondragstart}] [1000]: org.thymeleaf.standard.processor.StandardDOMEventAttributeTagProcessor
[THYMELEAF]             * [* {th:onmessage,data-th-onmessage}] [1000]: org.thymeleaf.standard.processor.StandardDOMEventAttributeTagProcessor
[THYMELEAF]             * [* {th:onmousemove,data-th-onmousemove}] [1000]: org.thymeleaf.standard.processor.StandardDOMEventAttributeTagProcessor
[THYMELEAF]             * [* {th:onformchange,data-th-onformchange}] [1000]: org.thymeleaf.standard.processor.StandardDOMEventAttributeTagProcessor
[THYMELEAF]             * [* {th:ondurationchange,data-th-ondurationchange}] [1000]: org.thymeleaf.standard.processor.StandardDOMEventAttributeTagProcessor
[THYMELEAF]             * [* {th:onabort,data-th-onabort}] [1000]: org.thymeleaf.standard.processor.StandardDOMEventAttributeTagProcessor
[THYMELEAF]             * [* {th:onclick,data-th-onclick}] [1000]: org.thymeleaf.standard.processor.StandardDOMEventAttributeTagProcessor
[THYMELEAF]             * [* {th:oninput,data-th-oninput}] [1000]: org.thymeleaf.standard.processor.StandardDOMEventAttributeTagProcessor
[THYMELEAF]             * [* {th:onloadeddata,data-th-onloadeddata}] [1000]: org.thymeleaf.standard.processor.StandardDOMEventAttributeTagProcessor
[THYMELEAF]             * [* {th:onloadedmetadata,data-th-onloadedmetadata}] [1000]: org.thymeleaf.standard.processor.StandardDOMEventAttributeTagProcessor
[THYMELEAF]             * [* {th:ontimeupdate,data-th-ontimeupdate}] [1000]: org.thymeleaf.standard.processor.StandardDOMEventAttributeTagProcessor
[THYMELEAF]             * [* {th:onbeforeunload,data-th-onbeforeunload}] [1000]: org.thymeleaf.standard.processor.StandardDOMEventAttributeTagProcessor
[THYMELEAF]             * [* {th:onresize,data-th-onresize}] [1000]: org.thymeleaf.standard.processor.StandardDOMEventAttributeTagProcessor
[THYMELEAF]             * [* {th:onpopstate,data-th-onpopstate}] [1000]: org.thymeleaf.standard.processor.StandardDOMEventAttributeTagProcessor
[THYMELEAF]             * [* {th:href,data-th-href}] [1000]: org.thymeleaf.standard.processor.StandardHrefTagProcessor
[THYMELEAF]             * [* {th:inline,data-th-inline}] [1000]: org.thymeleaf.standard.processor.StandardInlineHTMLTagProcessor
[THYMELEAF]             * [* {th:method,data-th-method}] [1000]: org.thymeleaf.standard.processor.StandardMethodTagProcessor
[THYMELEAF]             * [* {th:type,data-th-type}] [1000]: org.thymeleaf.standard.processor.StandardNonRemovableAttributeTagProcessor
[THYMELEAF]             * [* {th:name,data-th-name}] [1000]: org.thymeleaf.standard.processor.StandardNonRemovableAttributeTagProcessor
[THYMELEAF]             * [* {th:headers,data-th-headers}] [1000]: org.thymeleaf.standard.processor.StandardRemovableAttributeTagProcessor
[THYMELEAF]             * [* {th:poster,data-th-poster}] [1000]: org.thymeleaf.standard.processor.StandardRemovableAttributeTagProcessor
[THYMELEAF]             * [* {th:sandbox,data-th-sandbox}] [1000]: org.thymeleaf.standard.processor.StandardRemovableAttributeTagProcessor
[THYMELEAF]             * [* {th:cols,data-th-cols}] [1000]: org.thymeleaf.standard.processor.StandardRemovableAttributeTagProcessor
[THYMELEAF]             * [* {th:scheme,data-th-scheme}] [1000]: org.thymeleaf.standard.processor.StandardRemovableAttributeTagProcessor
[THYMELEAF]             * [* {th:align,data-th-align}] [1000]: org.thymeleaf.standard.processor.StandardRemovableAttributeTagProcessor
[THYMELEAF]             * [* {th:accept-charset,data-th-accept-charset}] [1000]: org.thymeleaf.standard.processor.StandardRemovableAttributeTagProcessor
[THYMELEAF]             * [* {th:datetime,data-th-datetime}] [1000]: org.thymeleaf.standard.processor.StandardRemovableAttributeTagProcessor
[THYMELEAF]             * [* {th:rules,data-th-rules}] [1000]: org.thymeleaf.standard.processor.StandardRemovableAttributeTagProcessor
[THYMELEAF]             * [* {th:maxlength,data-th-maxlength}] [1000]: org.thymeleaf.standard.processor.StandardRemovableAttributeTagProcessor
[THYMELEAF]             * [* {th:cite,data-th-cite}] [1000]: org.thymeleaf.standard.processor.StandardRemovableAttributeTagProcessor
[THYMELEAF]             * [* {th:colspan,data-th-colspan}] [1000]: org.thymeleaf.standard.processor.StandardRemovableAttributeTagProcessor
[THYMELEAF]             * [* {th:autocomplete,data-th-autocomplete}] [1000]: org.thymeleaf.standard.processor.StandardRemovableAttributeTagProcessor
[THYMELEAF]             * [* {th:accept,data-th-accept}] [1000]: org.thymeleaf.standard.processor.StandardRemovableAttributeTagProcessor
[THYMELEAF]             * [* {th:span,data-th-span}] [1000]: org.thymeleaf.standard.processor.StandardRemovableAttributeTagProcessor
[THYMELEAF]             * [* {th:data,data-th-data}] [1000]: org.thymeleaf.standard.processor.StandardRemovableAttributeTagProcessor
[THYMELEAF]             * [* {th:kind,data-th-kind}] [1000]: org.thymeleaf.standard.processor.StandardRemovableAttributeTagProcessor
[THYMELEAF]             * [* {th:abbr,data-th-abbr}] [1000]: org.thymeleaf.standard.processor.StandardRemovableAttributeTagProcessor
[THYMELEAF]             * [* {th:accesskey,data-th-accesskey}] [1000]: org.thymeleaf.standard.processor.StandardRemovableAttributeTagProcessor
[THYMELEAF]             * [* {th:bgcolor,data-th-bgcolor}] [1000]: org.thymeleaf.standard.processor.StandardRemovableAttributeTagProcessor
[THYMELEAF]             * [* {th:hreflang,data-th-hreflang}] [1000]: org.thymeleaf.standard.processor.StandardRemovableAttributeTagProcessor
[THYMELEAF]             * [* {th:style,data-th-style}] [1000]: org.thymeleaf.standard.processor.StandardRemovableAttributeTagProcessor
[THYMELEAF]             * [* {th:lang,data-th-lang}] [1000]: org.thymeleaf.standard.processor.StandardRemovableAttributeTagProcessor
[THYMELEAF]             * [* {th:spellcheck,data-th-spellcheck}] [1000]: org.thymeleaf.standard.processor.StandardRemovableAttributeTagProcessor
[THYMELEAF]             * [* {th:archive,data-th-archive}] [1000]: org.thymeleaf.standard.processor.StandardRemovableAttributeTagProcessor
[THYMELEAF]             * [* {th:height,data-th-height}] [1000]: org.thymeleaf.standard.processor.StandardRemovableAttributeTagProcessor
[THYMELEAF]             * [* {th:for,data-th-for}] [1000]: org.thymeleaf.standard.processor.StandardRemovableAttributeTagProcessor
[THYMELEAF]             * [* {th:contenteditable,data-th-contenteditable}] [1000]: org.thymeleaf.standard.processor.StandardRemovableAttributeTagProcessor
[THYMELEAF]             * [* {th:formtarget,data-th-formtarget}] [1000]: org.thymeleaf.standard.processor.StandardRemovableAttributeTagProcessor
[THYMELEAF]             * [* {th:charset,data-th-charset}] [1000]: org.thymeleaf.standard.processor.StandardRemovableAttributeTagProcessor
[THYMELEAF]             * [* {th:scope,data-th-scope}] [1000]: org.thymeleaf.standard.processor.StandardRemovableAttributeTagProcessor
[THYMELEAF]             * [* {th:label,data-th-label}] [1000]: org.thymeleaf.standard.processor.StandardRemovableAttributeTagProcessor
[THYMELEAF]             * [* {th:alt,data-th-alt}] [1000]: org.thymeleaf.standard.processor.StandardRemovableAttributeTagProcessor
[THYMELEAF]             * [* {th:target,data-th-target}] [1000]: org.thymeleaf.standard.processor.StandardRemovableAttributeTagProcessor
[THYMELEAF]             * [* {th:enctype,data-th-enctype}] [1000]: org.thymeleaf.standard.processor.StandardRemovableAttributeTagProcessor
[THYMELEAF]             * [* {th:optimum,data-th-optimum}] [1000]: org.thymeleaf.standard.processor.StandardRemovableAttributeTagProcessor
[THYMELEAF]             * [* {th:list,data-th-list}] [1000]: org.thymeleaf.standard.processor.StandardRemovableAttributeTagProcessor
[THYMELEAF]             * [* {th:background,data-th-background}] [1000]: org.thymeleaf.standard.processor.StandardRemovableAttributeTagProcessor
[THYMELEAF]             * [* {th:max,data-th-max}] [1000]: org.thymeleaf.standard.processor.StandardRemovableAttributeTagProcessor
[THYMELEAF]             * [* {th:longdesc,data-th-longdesc}] [1000]: org.thymeleaf.standard.processor.StandardRemovableAttributeTagProcessor
[THYMELEAF]             * [* {th:placeholder,data-th-placeholder}] [1000]: org.thymeleaf.standard.processor.StandardRemovableAttributeTagProcessor
[THYMELEAF]             * [* {th:audio,data-th-audio}] [1000]: org.thymeleaf.standard.processor.StandardRemovableAttributeTagProcessor
[THYMELEAF]             * [* {th:formenctype,data-th-formenctype}] [1000]: org.thymeleaf.standard.processor.StandardRemovableAttributeTagProcessor
[THYMELEAF]             * [* {th:http-equiv,data-th-http-equiv}] [1000]: org.thymeleaf.standard.processor.StandardRemovableAttributeTagProcessor
[THYMELEAF]             * [* {th:frame,data-th-frame}] [1000]: org.thymeleaf.standard.processor.StandardRemovableAttributeTagProcessor
[THYMELEAF]             * [* {th:scrolling,data-th-scrolling}] [1000]: org.thymeleaf.standard.processor.StandardRemovableAttributeTagProcessor
[THYMELEAF]             * [* {th:media,data-th-media}] [1000]: org.thymeleaf.standard.processor.StandardRemovableAttributeTagProcessor
[THYMELEAF]             * [* {th:high,data-th-high}] [1000]: org.thymeleaf.standard.processor.StandardRemovableAttributeTagProcessor
[THYMELEAF]             * [* {th:start,data-th-start}] [1000]: org.thymeleaf.standard.processor.StandardRemovableAttributeTagProcessor
[THYMELEAF]             * [* {th:rev,data-th-rev}] [1000]: org.thymeleaf.standard.processor.StandardRemovableAttributeTagProcessor
[THYMELEAF]             * [* {th:width,data-th-width}] [1000]: org.thymeleaf.standard.processor.StandardRemovableAttributeTagProcessor
[THYMELEAF]             * [* {th:challenge,data-th-challenge}] [1000]: org.thymeleaf.standard.processor.StandardRemovableAttributeTagProcessor
[THYMELEAF]             * [* {th:manifest,data-th-manifest}] [1000]: org.thymeleaf.standard.processor.StandardRemovableAttributeTagProcessor
[THYMELEAF]             * [* {th:rel,data-th-rel}] [1000]: org.thymeleaf.standard.processor.StandardRemovableAttributeTagProcessor
[THYMELEAF]             * [* {th:contextmenu,data-th-contextmenu}] [1000]: org.thymeleaf.standard.processor.StandardRemovableAttributeTagProcessor
[THYMELEAF]             * [* {th:marginwidth,data-th-marginwidth}] [1000]: org.thymeleaf.standard.processor.StandardRemovableAttributeTagProcessor
[THYMELEAF]             * [* {th:radiogroup,data-th-radiogroup}] [1000]: org.thymeleaf.standard.processor.StandardRemovableAttributeTagProcessor
[THYMELEAF]             * [* {th:vspace,data-th-vspace}] [1000]: org.thymeleaf.standard.processor.StandardRemovableAttributeTagProcessor
[THYMELEAF]             * [* {th:preload,data-th-preload}] [1000]: org.thymeleaf.standard.processor.StandardRemovableAttributeTagProcessor
[THYMELEAF]             * [* {th:border,data-th-border}] [1000]: org.thymeleaf.standard.processor.StandardRemovableAttributeTagProcessor
[THYMELEAF]             * [* {th:content,data-th-content}] [1000]: org.thymeleaf.standard.processor.StandardRemovableAttributeTagProcessor
[THYMELEAF]             * [* {th:summary,data-th-summary}] [1000]: org.thymeleaf.standard.processor.StandardRemovableAttributeTagProcessor
[THYMELEAF]             * [* {th:cellpadding,data-th-cellpadding}] [1000]: org.thymeleaf.standard.processor.StandardRemovableAttributeTagProcessor
[THYMELEAF]             * [* {th:axis,data-th-axis}] [1000]: org.thymeleaf.standard.processor.StandardRemovableAttributeTagProcessor
[THYMELEAF]             * [* {th:formaction,data-th-formaction}] [1000]: org.thymeleaf.standard.processor.StandardRemovableAttributeTagProcessor
[THYMELEAF]             * [* {th:codebase,data-th-codebase}] [1000]: org.thymeleaf.standard.processor.StandardRemovableAttributeTagProcessor
[THYMELEAF]             * [* {th:pattern,data-th-pattern}] [1000]: org.thymeleaf.standard.processor.StandardRemovableAttributeTagProcessor
[THYMELEAF]             * [* {th:class,data-th-class}] [1000]: org.thymeleaf.standard.processor.StandardRemovableAttributeTagProcessor
[THYMELEAF]             * [* {th:form,data-th-form}] [1000]: org.thymeleaf.standard.processor.StandardRemovableAttributeTagProcessor
[THYMELEAF]             * [* {th:title,data-th-title}] [1000]: org.thymeleaf.standard.processor.StandardRemovableAttributeTagProcessor
[THYMELEAF]             * [* {th:dir,data-th-dir}] [1000]: org.thymeleaf.standard.processor.StandardRemovableAttributeTagProcessor
[THYMELEAF]             * [* {th:id,data-th-id}] [1000]: org.thymeleaf.standard.processor.StandardRemovableAttributeTagProcessor
[THYMELEAF]             * [* {th:keytype,data-th-keytype}] [1000]: org.thymeleaf.standard.processor.StandardRemovableAttributeTagProcessor
[THYMELEAF]             * [* {th:classid,data-th-classid}] [1000]: org.thymeleaf.standard.processor.StandardRemovableAttributeTagProcessor
[THYMELEAF]             * [* {th:valuetype,data-th-valuetype}] [1000]: org.thymeleaf.standard.processor.StandardRemovableAttributeTagProcessor
[THYMELEAF]             * [* {th:size,data-th-size}] [1000]: org.thymeleaf.standard.processor.StandardRemovableAttributeTagProcessor
[THYMELEAF]             * [* {th:standby,data-th-standby}] [1000]: org.thymeleaf.standard.processor.StandardRemovableAttributeTagProcessor
[THYMELEAF]             * [* {th:formmethod,data-th-formmethod}] [1000]: org.thymeleaf.standard.processor.StandardRemovableAttributeTagProcessor
[THYMELEAF]             * [* {th:hspace,data-th-hspace}] [1000]: org.thymeleaf.standard.processor.StandardRemovableAttributeTagProcessor
[THYMELEAF]             * [* {th:compact,data-th-compact}] [1000]: org.thymeleaf.standard.processor.StandardRemovableAttributeTagProcessor
[THYMELEAF]             * [* {th:tabindex,data-th-tabindex}] [1000]: org.thymeleaf.standard.processor.StandardRemovableAttributeTagProcessor
[THYMELEAF]             * [* {th:frameborder,data-th-frameborder}] [1000]: org.thymeleaf.standard.processor.StandardRemovableAttributeTagProcessor
[THYMELEAF]             * [* {th:sizes,data-th-sizes}] [1000]: org.thymeleaf.standard.processor.StandardRemovableAttributeTagProcessor
[THYMELEAF]             * [* {th:rows,data-th-rows}] [1000]: org.thymeleaf.standard.processor.StandardRemovableAttributeTagProcessor
[THYMELEAF]             * [* {th:marginheight,data-th-marginheight}] [1000]: org.thymeleaf.standard.processor.StandardRemovableAttributeTagProcessor
[THYMELEAF]             * [* {th:cellspacing,data-th-cellspacing}] [1000]: org.thymeleaf.standard.processor.StandardRemovableAttributeTagProcessor
[THYMELEAF]             * [* {th:rowspan,data-th-rowspan}] [1000]: org.thymeleaf.standard.processor.StandardRemovableAttributeTagProcessor
[THYMELEAF]             * [* {th:icon,data-th-icon}] [1000]: org.thymeleaf.standard.processor.StandardRemovableAttributeTagProcessor
[THYMELEAF]             * [* {th:draggable,data-th-draggable}] [1000]: org.thymeleaf.standard.processor.StandardRemovableAttributeTagProcessor
[THYMELEAF]             * [* {th:usemap,data-th-usemap}] [1000]: org.thymeleaf.standard.processor.StandardRemovableAttributeTagProcessor
[THYMELEAF]             * [* {th:step,data-th-step}] [1000]: org.thymeleaf.standard.processor.StandardRemovableAttributeTagProcessor
[THYMELEAF]             * [* {th:dropzone,data-th-dropzone}] [1000]: org.thymeleaf.standard.processor.StandardRemovableAttributeTagProcessor
[THYMELEAF]             * [* {th:codetype,data-th-codetype}] [1000]: org.thymeleaf.standard.processor.StandardRemovableAttributeTagProcessor
[THYMELEAF]             * [* {th:wrap,data-th-wrap}] [1000]: org.thymeleaf.standard.processor.StandardRemovableAttributeTagProcessor
[THYMELEAF]             * [* {th:min,data-th-min}] [1000]: org.thymeleaf.standard.processor.StandardRemovableAttributeTagProcessor
[THYMELEAF]             * [* {th:low,data-th-low}] [1000]: org.thymeleaf.standard.processor.StandardRemovableAttributeTagProcessor
[THYMELEAF]             * [* {th:srclang,data-th-srclang}] [1000]: org.thymeleaf.standard.processor.StandardRemovableAttributeTagProcessor
[THYMELEAF]             * [* {th:src,data-th-src}] [1000]: org.thymeleaf.standard.processor.StandardSrcTagProcessor
[THYMELEAF]             * [* {th:value,data-th-value}] [1000]: org.thymeleaf.standard.processor.StandardValueTagProcessor
[THYMELEAF]             * [* {th:xmlbase,data-th-xmlbase}] [1000]: org.thymeleaf.standard.processor.StandardXmlBaseTagProcessor
[THYMELEAF]             * [* {th:xmllang,data-th-xmllang}] [1000]: org.thymeleaf.standard.processor.StandardXmlLangTagProcessor
[THYMELEAF]             * [* {xmlns:th}] [1000]: org.thymeleaf.standard.processor.StandardXmlNsTagProcessor
[THYMELEAF]             * [* {th:xmlspace,data-th-xmlspace}] [1000]: org.thymeleaf.standard.processor.StandardXmlSpaceTagProcessor
[THYMELEAF]             * [* {th:classappend,data-th-classappend}] [1100]: org.thymeleaf.standard.processor.StandardClassappendTagProcessor
[THYMELEAF]             * [* {th:styleappend,data-th-styleappend}] [1100]: org.thymeleaf.standard.processor.StandardStyleappendTagProcessor
[THYMELEAF]             * [* {th:text,data-th-text}] [1300]: org.thymeleaf.standard.processor.StandardTextTagProcessor
[THYMELEAF]             * [* {th:utext,data-th-utext}] [1400]: org.thymeleaf.standard.processor.StandardUtextTagProcessor
[THYMELEAF]             * [* {th:fragment,data-th-fragment}] [1500]: org.thymeleaf.standard.processor.StandardFragmentTagProcessor
[THYMELEAF]             * [* {th:assert,data-th-assert}] [1550]: org.thymeleaf.standard.processor.StandardAssertTagProcessor
[THYMELEAF]             * [* {th:remove,data-th-remove}] [1600]: org.thymeleaf.standard.processor.StandardRemoveTagProcessor
[THYMELEAF]             * [* {th:ref,data-th-ref}] [10000]: org.thymeleaf.standard.processor.StandardRefAttributeTagProcessor
[THYMELEAF]             * [{th:block,th-block} *] [100000]: org.thymeleaf.standard.processor.StandardBlockTagProcessor
[THYMELEAF]             * [* th:*] [2147483647]: org.thymeleaf.standard.processor.StandardDefaultAttributesTagProcessor
[THYMELEAF]         * Text Processors by [precedence]:
[THYMELEAF]             * [1000]: org.thymeleaf.standard.processor.StandardInliningTextProcessor
[THYMELEAF]         * DOCTYPE Processors by [precedence]:
[THYMELEAF]             * [1000]: org.thymeleaf.standard.processor.StandardTranslationDocTypeProcessor
[THYMELEAF]         * CDATA Section Processors by [precedence]:
[THYMELEAF]             * [1000]: org.thymeleaf.standard.processor.StandardInliningCDATASectionProcessor
[THYMELEAF]         * Comment Processors by [precedence]:
[THYMELEAF]             * [1000]: org.thymeleaf.standard.processor.StandardInliningCommentProcessor
[THYMELEAF]             * [1100]: org.thymeleaf.standard.processor.StandardConditionalCommentProcessor
[THYMELEAF]     * Processors for Template Mode: XML
[THYMELEAF]         * Element Tag Processors by [matching element and attribute name] [precedence]:
[THYMELEAF]             * [* {th:include}] [100]: org.thymeleaf.standard.processor.StandardIncludeTagProcessor
[THYMELEAF]             * [* {th:insert}] [100]: org.thymeleaf.standard.processor.StandardInsertTagProcessor
[THYMELEAF]             * [* {th:replace}] [100]: org.thymeleaf.standard.processor.StandardReplaceTagProcessor
[THYMELEAF]             * [* {th:each}] [200]: com.intuit.karate.template.KarateEachTagProcessor
[THYMELEAF]             * [* {th:switch}] [250]: org.thymeleaf.standard.processor.StandardSwitchTagProcessor
[THYMELEAF]             * [* {th:case}] [275]: org.thymeleaf.standard.processor.StandardCaseTagProcessor
[THYMELEAF]             * [* {th:if}] [300]: org.thymeleaf.standard.processor.StandardIfTagProcessor
[THYMELEAF]             * [* {th:unless}] [400]: org.thymeleaf.standard.processor.StandardUnlessTagProcessor
[THYMELEAF]             * [* {th:object}] [500]: org.thymeleaf.standard.processor.StandardObjectTagProcessor
[THYMELEAF]             * [* {th:with}] [600]: com.intuit.karate.template.KarateWithTagProcessor
[THYMELEAF]             * [* {th:attr}] [700]: com.intuit.karate.template.KarateAttributeTagProcessor.KarateAttrTagProcessor
[THYMELEAF]             * [* {th:attrappend}] [900]: com.intuit.karate.template.KarateAttributeTagProcessor.KarateAttrappendTagProcessor
[THYMELEAF]             * [* {th:attrprepend}] [900]: com.intuit.karate.template.KarateAttributeTagProcessor.KarateAttrprependTagProcessor
[THYMELEAF]             * [* {th:inline}] [1000]: org.thymeleaf.standard.processor.StandardInlineXMLTagProcessor
[THYMELEAF]             * [* {xmlns:th}] [1000]: org.thymeleaf.standard.processor.StandardXmlNsTagProcessor
[THYMELEAF]             * [* {th:text}] [1300]: org.thymeleaf.standard.processor.StandardTextTagProcessor
[THYMELEAF]             * [* {th:utext}] [1400]: org.thymeleaf.standard.processor.StandardUtextTagProcessor
[THYMELEAF]             * [* {th:fragment}] [1500]: org.thymeleaf.standard.processor.StandardFragmentTagProcessor
[THYMELEAF]             * [* {th:assert}] [1550]: org.thymeleaf.standard.processor.StandardAssertTagProcessor
[THYMELEAF]             * [* {th:remove}] [1600]: org.thymeleaf.standard.processor.StandardRemoveTagProcessor
[THYMELEAF]             * [* {th:ref}] [10000]: org.thymeleaf.standard.processor.StandardRefAttributeTagProcessor
[THYMELEAF]             * [{th:block} *] [100000]: org.thymeleaf.standard.processor.StandardBlockTagProcessor
[THYMELEAF]             * [* th:*] [2147483647]: org.thymeleaf.standard.processor.StandardDefaultAttributesTagProcessor
[THYMELEAF]         * Text Processors by [precedence]:
[THYMELEAF]             * [1000]: org.thymeleaf.standard.processor.StandardInliningTextProcessor
[THYMELEAF]         * CDATA Section Processors by [precedence]:
[THYMELEAF]             * [1000]: org.thymeleaf.standard.processor.StandardInliningCDATASectionProcessor
[THYMELEAF]         * Comment Processors by [precedence]:
[THYMELEAF]             * [1000]: org.thymeleaf.standard.processor.StandardInliningCommentProcessor
[THYMELEAF]     * Processors for Template Mode: TEXT
[THYMELEAF]         * Element Tag Processors by [matching element and attribute name] [precedence]:
[THYMELEAF]             * [* {th:insert}] [100]: org.thymeleaf.standard.processor.StandardInsertTagProcessor
[THYMELEAF]             * [* {th:replace}] [100]: org.thymeleaf.standard.processor.StandardReplaceTagProcessor
[THYMELEAF]             * [* {th:each}] [200]: com.intuit.karate.template.KarateEachTagProcessor
[THYMELEAF]             * [* {th:switch}] [250]: org.thymeleaf.standard.processor.StandardSwitchTagProcessor
[THYMELEAF]             * [* {th:case}] [275]: org.thymeleaf.standard.processor.StandardCaseTagProcessor
[THYMELEAF]             * [* {th:if}] [300]: org.thymeleaf.standard.processor.StandardIfTagProcessor
[THYMELEAF]             * [* {th:unless}] [400]: org.thymeleaf.standard.processor.StandardUnlessTagProcessor
[THYMELEAF]             * [* {th:object}] [500]: org.thymeleaf.standard.processor.StandardObjectTagProcessor
[THYMELEAF]             * [* {th:with}] [600]: com.intuit.karate.template.KarateWithTagProcessor
[THYMELEAF]             * [* {th:inline}] [1000]: org.thymeleaf.standard.processor.StandardInlineTextualTagProcessor
[THYMELEAF]             * [* {th:text}] [1300]: org.thymeleaf.standard.processor.StandardTextTagProcessor
[THYMELEAF]             * [* {th:utext}] [1400]: org.thymeleaf.standard.processor.StandardUtextTagProcessor
[THYMELEAF]             * [* {th:assert}] [1550]: org.thymeleaf.standard.processor.StandardAssertTagProcessor
[THYMELEAF]             * [* {th:remove}] [1600]: org.thymeleaf.standard.processor.StandardRemoveTagProcessor
[THYMELEAF]             * [{th:block} *] [100000]: org.thymeleaf.standard.processor.StandardBlockTagProcessor
[THYMELEAF]             * [* 100000] [org.thymeleaf.standard.processor.StandardBlockTagProcessor]: {}
[THYMELEAF]         * Text Processors by [precedence]:
[THYMELEAF]             * [1000]: org.thymeleaf.standard.processor.StandardInliningTextProcessor
[THYMELEAF]     * Processors for Template Mode: JAVASCRIPT
[THYMELEAF]         * Element Tag Processors by [matching element and attribute name] [precedence]:
[THYMELEAF]             * [* {th:insert}] [100]: org.thymeleaf.standard.processor.StandardInsertTagProcessor
[THYMELEAF]             * [* {th:replace}] [100]: org.thymeleaf.standard.processor.StandardReplaceTagProcessor
[THYMELEAF]             * [* {th:each}] [200]: com.intuit.karate.template.KarateEachTagProcessor
[THYMELEAF]             * [* {th:switch}] [250]: org.thymeleaf.standard.processor.StandardSwitchTagProcessor
[THYMELEAF]             * [* {th:case}] [275]: org.thymeleaf.standard.processor.StandardCaseTagProcessor
[THYMELEAF]             * [* {th:if}] [300]: org.thymeleaf.standard.processor.StandardIfTagProcessor
[THYMELEAF]             * [* {th:unless}] [400]: org.thymeleaf.standard.processor.StandardUnlessTagProcessor
[THYMELEAF]             * [* {th:object}] [500]: org.thymeleaf.standard.processor.StandardObjectTagProcessor
[THYMELEAF]             * [* {th:with}] [600]: com.intuit.karate.template.KarateWithTagProcessor
[THYMELEAF]             * [* {th:inline}] [1000]: org.thymeleaf.standard.processor.StandardInlineTextualTagProcessor
[THYMELEAF]             * [* {th:text}] [1300]: org.thymeleaf.standard.processor.StandardTextTagProcessor
[THYMELEAF]             * [* {th:utext}] [1400]: org.thymeleaf.standard.processor.StandardUtextTagProcessor
[THYMELEAF]             * [* {th:assert}] [1550]: org.thymeleaf.standard.processor.StandardAssertTagProcessor
[THYMELEAF]             * [* {th:remove}] [1600]: org.thymeleaf.standard.processor.StandardRemoveTagProcessor
[THYMELEAF]             * [{th:block} *] [100000]: org.thymeleaf.standard.processor.StandardBlockTagProcessor
[THYMELEAF]             * [* 100000] [org.thymeleaf.standard.processor.StandardBlockTagProcessor]: {}
[THYMELEAF]         * Text Processors by [precedence]:
[THYMELEAF]             * [1000]: org.thymeleaf.standard.processor.StandardInliningTextProcessor
[THYMELEAF]     * Processors for Template Mode: CSS
[THYMELEAF]         * Element Tag Processors by [matching element and attribute name] [precedence]:
[THYMELEAF]             * [* {th:insert}] [100]: org.thymeleaf.standard.processor.StandardInsertTagProcessor
[THYMELEAF]             * [* {th:replace}] [100]: org.thymeleaf.standard.processor.StandardReplaceTagProcessor
[THYMELEAF]             * [* {th:each}] [200]: com.intuit.karate.template.KarateEachTagProcessor
[THYMELEAF]             * [* {th:switch}] [250]: org.thymeleaf.standard.processor.StandardSwitchTagProcessor
[THYMELEAF]             * [* {th:case}] [275]: org.thymeleaf.standard.processor.StandardCaseTagProcessor
[THYMELEAF]             * [* {th:if}] [300]: org.thymeleaf.standard.processor.StandardIfTagProcessor
[THYMELEAF]             * [* {th:unless}] [400]: org.thymeleaf.standard.processor.StandardUnlessTagProcessor
[THYMELEAF]             * [* {th:object}] [500]: org.thymeleaf.standard.processor.StandardObjectTagProcessor
[THYMELEAF]             * [* {th:with}] [600]: com.intuit.karate.template.KarateWithTagProcessor
[THYMELEAF]             * [* {th:inline}] [1000]: org.thymeleaf.standard.processor.StandardInlineTextualTagProcessor
[THYMELEAF]             * [* {th:text}] [1300]: org.thymeleaf.standard.processor.StandardTextTagProcessor
[THYMELEAF]             * [* {th:utext}] [1400]: org.thymeleaf.standard.processor.StandardUtextTagProcessor
[THYMELEAF]             * [* {th:assert}] [1550]: org.thymeleaf.standard.processor.StandardAssertTagProcessor
[THYMELEAF]             * [* {th:remove}] [1600]: org.thymeleaf.standard.processor.StandardRemoveTagProcessor
[THYMELEAF]             * [{th:block} *] [100000]: org.thymeleaf.standard.processor.StandardBlockTagProcessor
[THYMELEAF]             * [* 100000] [org.thymeleaf.standard.processor.StandardBlockTagProcessor]: {}
[THYMELEAF]         * Text Processors by [precedence]:
[THYMELEAF]             * [1000]: org.thymeleaf.standard.processor.StandardInliningTextProcessor
[THYMELEAF]     * Expression Objects:
[THYMELEAF]         * #ctx
[THYMELEAF]         * #root
[THYMELEAF]         * #vars
[THYMELEAF]         * #object
[THYMELEAF]         * #locale
[THYMELEAF]         * #conversions
[THYMELEAF]         * #uris
[THYMELEAF]         * #temporals
[THYMELEAF]         * #calendars
[THYMELEAF]         * #dates
[THYMELEAF]         * #bools
[THYMELEAF]         * #numbers
[THYMELEAF]         * #objects
[THYMELEAF]         * #strings
[THYMELEAF]         * #arrays
[THYMELEAF]         * #lists
[THYMELEAF]         * #sets
[THYMELEAF]         * #maps
[THYMELEAF]         * #aggregates
[THYMELEAF]         * #messages
[THYMELEAF]         * #ids
[THYMELEAF]         * #execInfo
[THYMELEAF]         * #request
[THYMELEAF]         * #response
[THYMELEAF]         * #session
[THYMELEAF]         * #servletContext
[THYMELEAF]     * Execution Attributes:
[THYMELEAF]         * "StandardExpressionParser": com.intuit.karate.template.KarateStandardDialect@7a83ccd2
[THYMELEAF]         * "StandardJavaScriptSerializer": org.thymeleaf.standard.serializer.StandardJavaScriptSerializer@69a40b3c
[THYMELEAF]         * "StandardCSSSerializer": org.thymeleaf.standard.serializer.StandardCSSSerializer@251c90f
[THYMELEAF]         * "StandardVariableExpressionEvaluator": com.intuit.karate.template.KarateStandardDialect@7a83ccd2
[THYMELEAF]         * "StandardConversionService": org.thymeleaf.standard.expression.StandardConversionService@6629643d
[THYMELEAF] * Dialect [2 of 2]: karate (com.intuit.karate.template.KarateScriptDialect)
[THYMELEAF]     * Prefix: "ka"
[THYMELEAF]     * Processors for Template Mode: HTML
[THYMELEAF]         * Element Tag Processors by [matching element and attribute name] [precedence]:
[THYMELEAF]             * [* {src}] [1000]: com.intuit.karate.template.KaScriptAttrProcessor
[THYMELEAF]         * Element Model Processors by [matching element and attribute name] [precedence]:
[THYMELEAF]             * [{script} {ka:scope,data-ka-scope}] [1000]: com.intuit.karate.template.KaScriptElemProcessor
[THYMELEAF]             * [* {ka:set,data-ka-set}] [1000]: com.intuit.karate.template.KaSetElemProcessor
[THYMELEAF] TEMPLATE ENGINE CONFIGURED OK
14:57:14.881 [main] DEBUG org.thymeleaf.TemplateEngine -- [THYMELEAF] TEMPLATE ENGINE INITIALIZED
---------------------------------------------------------
feature: classpath:features/usuarios/usuarios-actualizar.feature
scenarios:  2 | passed:  2 | failed:  0 | time: 2.5826
---------------------------------------------------------

]]></system-out>
  </testcase>
  <testcase name="[1:9] Crear usuario válido (201)" classname="features/usuarios/usuarios-crear" time="0.454">
    <system-out><![CDATA[14:57:15.874 [main] DEBUG com.jayway.jsonpath.internal.path.CompiledPath -- Evaluating path: $
14:57:15.877 [main] DEBUG org.apache.http.client.protocol.RequestAddCookies -- CookieSpec selected: karate
14:57:15.877 [main] DEBUG org.apache.http.client.protocol.RequestAuthCache -- Auth cache not set in the context
14:57:15.877 [main] DEBUG com.intuit.karate -- request:
1 > POST https://serverest.dev/usuarios
1 > Content-Type: application/json; charset=UTF-8
1 > Content-Length: 99
1 > Host: serverest.dev
1 > Connection: Keep-Alive
1 > User-Agent: Apache-HttpClient/4.5.14 (Java/17.0.12)
1 > Accept-Encoding: gzip,deflate
{"nome":"User-2f7d0","email":"user_2a22a0cf@mail.com","password":"Pwd@e852","administrador":"true"}

14:57:15.877 [main] DEBUG org.apache.http.impl.conn.PoolingHttpClientConnectionManager -- Connection request: [route: {s}->https://serverest.dev:443][total available: 0; route allocated: 0 of 5; total allocated: 0 of 10]
14:57:15.877 [main] DEBUG org.apache.http.impl.conn.PoolingHttpClientConnectionManager -- Connection leased: [id: 5][route: {s}->https://serverest.dev:443][total available: 0; route allocated: 1 of 5; total allocated: 1 of 10]
14:57:15.878 [main] DEBUG org.apache.http.impl.execchain.MainClientExec -- Opening connection {s}->https://serverest.dev:443
14:57:15.878 [main] DEBUG org.apache.http.impl.conn.DefaultHttpClientConnectionOperator -- Connecting to serverest.dev/216.239.38.21:443
14:57:15.878 [main] DEBUG org.apache.http.conn.ssl.LenientSslConnectionSocketFactory -- Connecting socket to serverest.dev/216.239.38.21:443 with timeout 15000
14:57:15.924 [main] DEBUG org.apache.http.conn.ssl.LenientSslConnectionSocketFactory -- Enabled protocols: [TLSv1.3, TLSv1.2]
14:57:15.924 [main] DEBUG org.apache.http.conn.ssl.LenientSslConnectionSocketFactory -- Enabled cipher suites:[TLS_AES_256_GCM_SHA384, TLS_AES_128_GCM_SHA256, TLS_CHACHA20_POLY1305_SHA256, TLS_ECDHE_ECDSA_WITH_AES_256_GCM_SHA384, TLS_ECDHE_ECDSA_WITH_AES_128_GCM_SHA256, TLS_ECDHE_ECDSA_WITH_CHACHA20_POLY1305_SHA256, TLS_ECDHE_RSA_WITH_AES_256_GCM_SHA384, TLS_ECDHE_RSA_WITH_CHACHA20_POLY1305_SHA256, TLS_ECDHE_RSA_WITH_AES_128_GCM_SHA256, TLS_DHE_RSA_WITH_AES_256_GCM_SHA384, TLS_DHE_RSA_WITH_CHACHA20_POLY1305_SHA256, TLS_DHE_DSS_WITH_AES_256_GCM_SHA384, TLS_DHE_RSA_WITH_AES_128_GCM_SHA256, TLS_DHE_DSS_WITH_AES_128_GCM_SHA256, TLS_ECDHE_ECDSA_WITH_AES_256_CBC_SHA384, TLS_ECDHE_RSA_WITH_AES_256_CBC_SHA384, TLS_ECDHE_ECDSA_WITH_AES_128_CBC_SHA256, TLS_ECDHE_RSA_WITH_AES_128_CBC_SHA256, TLS_DHE_RSA_WITH_AES_256_CBC_SHA256, TLS_DHE_DSS_WITH_AES_256_CBC_SHA256, TLS_DHE_RSA_WITH_AES_128_CBC_SHA256, TLS_DHE_DSS_WITH_AES_128_CBC_SHA256, TLS_ECDH_ECDSA_WITH_AES_256_GCM_SHA384, TLS_ECDH_RSA_WITH_AES_256_GCM_SHA384, TLS_ECDH_ECDSA_WITH_AES_128_GCM_SHA256, TLS_ECDH_RSA_WITH_AES_128_GCM_SHA256, TLS_ECDH_ECDSA_WITH_AES_256_CBC_SHA384, TLS_ECDH_RSA_WITH_AES_256_CBC_SHA384, TLS_ECDH_ECDSA_WITH_AES_128_CBC_SHA256, TLS_ECDH_RSA_WITH_AES_128_CBC_SHA256, TLS_ECDHE_ECDSA_WITH_AES_256_CBC_SHA, TLS_ECDHE_RSA_WITH_AES_256_CBC_SHA, TLS_ECDHE_ECDSA_WITH_AES_128_CBC_SHA, TLS_ECDHE_RSA_WITH_AES_128_CBC_SHA, TLS_DHE_RSA_WITH_AES_256_CBC_SHA, TLS_DHE_DSS_WITH_AES_256_CBC_SHA, TLS_DHE_RSA_WITH_AES_128_CBC_SHA, TLS_DHE_DSS_WITH_AES_128_CBC_SHA, TLS_ECDH_ECDSA_WITH_AES_256_CBC_SHA, TLS_ECDH_RSA_WITH_AES_256_CBC_SHA, TLS_ECDH_ECDSA_WITH_AES_128_CBC_SHA, TLS_ECDH_RSA_WITH_AES_128_CBC_SHA, TLS_RSA_WITH_AES_256_GCM_SHA384, TLS_RSA_WITH_AES_128_GCM_SHA256, TLS_RSA_WITH_AES_256_CBC_SHA256, TLS_RSA_WITH_AES_128_CBC_SHA256, TLS_RSA_WITH_AES_256_CBC_SHA, TLS_RSA_WITH_AES_128_CBC_SHA, TLS_EMPTY_RENEGOTIATION_INFO_SCSV]
14:57:15.924 [main] DEBUG org.apache.http.conn.ssl.LenientSslConnectionSocketFactory -- Starting handshake
14:57:16.083 [main] DEBUG org.apache.http.conn.ssl.LenientSslConnectionSocketFactory -- Secure session established
14:57:16.083 [main] DEBUG org.apache.http.conn.ssl.LenientSslConnectionSocketFactory --  negotiated protocol: TLSv1.3
14:57:16.084 [main] DEBUG org.apache.http.conn.ssl.LenientSslConnectionSocketFactory --  negotiated cipher suite: TLS_AES_256_GCM_SHA384
14:57:16.084 [main] DEBUG org.apache.http.conn.ssl.LenientSslConnectionSocketFactory --  peer principal: CN=serverest.dev
14:57:16.084 [main] DEBUG org.apache.http.conn.ssl.LenientSslConnectionSocketFactory --  peer alternative names: [serverest.dev]
14:57:16.084 [main] DEBUG org.apache.http.conn.ssl.LenientSslConnectionSocketFactory --  issuer principal: CN=WR3, O=Google Trust Services, C=US
14:57:16.084 [main] DEBUG org.apache.http.impl.conn.DefaultHttpClientConnectionOperator -- Connection established 192.168.100.14:54876<->216.239.38.21:443
14:57:16.084 [main] DEBUG org.apache.http.impl.conn.DefaultManagedHttpClientConnection -- http-outgoing-5: set socket timeout to 15000
14:57:16.084 [main] DEBUG org.apache.http.impl.execchain.MainClientExec -- Executing request POST /usuarios HTTP/1.1
14:57:16.084 [main] DEBUG org.apache.http.impl.execchain.MainClientExec -- Target auth state: UNCHALLENGED
14:57:16.084 [main] DEBUG org.apache.http.impl.execchain.MainClientExec -- Proxy auth state: UNCHALLENGED
14:57:16.084 [main] DEBUG org.apache.http.headers -- http-outgoing-5 >> POST /usuarios HTTP/1.1
14:57:16.084 [main] DEBUG org.apache.http.headers -- http-outgoing-5 >> Content-Type: application/json; charset=UTF-8
14:57:16.084 [main] DEBUG org.apache.http.headers -- http-outgoing-5 >> Content-Length: 99
14:57:16.084 [main] DEBUG org.apache.http.headers -- http-outgoing-5 >> Host: serverest.dev
14:57:16.084 [main] DEBUG org.apache.http.headers -- http-outgoing-5 >> Connection: Keep-Alive
14:57:16.084 [main] DEBUG org.apache.http.headers -- http-outgoing-5 >> User-Agent: Apache-HttpClient/4.5.14 (Java/17.0.12)
14:57:16.084 [main] DEBUG org.apache.http.headers -- http-outgoing-5 >> Accept-Encoding: gzip,deflate
14:57:16.084 [main] DEBUG org.apache.http.wire -- http-outgoing-5 >> "POST /usuarios HTTP/1.1[\r][\n]"
14:57:16.084 [main] DEBUG org.apache.http.wire -- http-outgoing-5 >> "Content-Type: application/json; charset=UTF-8[\r][\n]"
14:57:16.084 [main] DEBUG org.apache.http.wire -- http-outgoing-5 >> "Content-Length: 99[\r][\n]"
14:57:16.084 [main] DEBUG org.apache.http.wire -- http-outgoing-5 >> "Host: serverest.dev[\r][\n]"
14:57:16.084 [main] DEBUG org.apache.http.wire -- http-outgoing-5 >> "Connection: Keep-Alive[\r][\n]"
14:57:16.084 [main] DEBUG org.apache.http.wire -- http-outgoing-5 >> "User-Agent: Apache-HttpClient/4.5.14 (Java/17.0.12)[\r][\n]"
14:57:16.084 [main] DEBUG org.apache.http.wire -- http-outgoing-5 >> "Accept-Encoding: gzip,deflate[\r][\n]"
14:57:16.084 [main] DEBUG org.apache.http.wire -- http-outgoing-5 >> "[\r][\n]"
14:57:16.085 [main] DEBUG org.apache.http.wire -- http-outgoing-5 >> "{"nome":"User-2f7d0","email":"user_2a22a0cf@mail.com","password":"Pwd@e852","administrador":"true"}"
14:57:16.291 [main] DEBUG org.apache.http.wire -- http-outgoing-5 << "HTTP/1.1 201 Created[\r][\n]"
14:57:16.291 [main] DEBUG org.apache.http.wire -- http-outgoing-5 << "access-control-allow-origin: *[\r][\n]"
14:57:16.291 [main] DEBUG org.apache.http.wire -- http-outgoing-5 << "x-dns-prefetch-control: off[\r][\n]"
14:57:16.291 [main] DEBUG org.apache.http.wire -- http-outgoing-5 << "x-frame-options: SAMEORIGIN[\r][\n]"
14:57:16.291 [main] DEBUG org.apache.http.wire -- http-outgoing-5 << "strict-transport-security: max-age=15552000; includeSubDomains[\r][\n]"
14:57:16.291 [main] DEBUG org.apache.http.wire -- http-outgoing-5 << "x-download-options: noopen[\r][\n]"
14:57:16.291 [main] DEBUG org.apache.http.wire -- http-outgoing-5 << "x-content-type-options: nosniff[\r][\n]"
14:57:16.292 [main] DEBUG org.apache.http.wire -- http-outgoing-5 << "x-xss-protection: 1; mode=block[\r][\n]"
14:57:16.292 [main] DEBUG org.apache.http.wire -- http-outgoing-5 << "content-type: application/json; charset=utf-8[\r][\n]"
14:57:16.292 [main] DEBUG org.apache.http.wire -- http-outgoing-5 << "x-cloud-trace-context: f743a2aa277ecf3f19f29b064aaf42f2[\r][\n]"
14:57:16.292 [main] DEBUG org.apache.http.wire -- http-outgoing-5 << "date: Sun, 31 Aug 2025 19:57:16 GMT[\r][\n]"
14:57:16.292 [main] DEBUG org.apache.http.wire -- http-outgoing-5 << "server: Google Frontend[\r][\n]"
14:57:16.292 [main] DEBUG org.apache.http.wire -- http-outgoing-5 << "Content-Length: 82[\r][\n]"
14:57:16.292 [main] DEBUG org.apache.http.wire -- http-outgoing-5 << "[\r][\n]"
14:57:16.292 [main] DEBUG org.apache.http.wire -- http-outgoing-5 << "{[\n]"
14:57:16.292 [main] DEBUG org.apache.http.wire -- http-outgoing-5 << "    "message": "Cadastro realizado com sucesso",[\n]"
14:57:16.292 [main] DEBUG org.apache.http.wire -- http-outgoing-5 << "    "_id": "Yi3Wb2NhPqS6yMn6"[\n]"
14:57:16.292 [main] DEBUG org.apache.http.wire -- http-outgoing-5 << "}"
14:57:16.292 [main] DEBUG org.apache.http.headers -- http-outgoing-5 << HTTP/1.1 201 Created
14:57:16.292 [main] DEBUG org.apache.http.headers -- http-outgoing-5 << access-control-allow-origin: *
14:57:16.292 [main] DEBUG org.apache.http.headers -- http-outgoing-5 << x-dns-prefetch-control: off
14:57:16.292 [main] DEBUG org.apache.http.headers -- http-outgoing-5 << x-frame-options: SAMEORIGIN
14:57:16.292 [main] DEBUG org.apache.http.headers -- http-outgoing-5 << strict-transport-security: max-age=15552000; includeSubDomains
14:57:16.292 [main] DEBUG org.apache.http.headers -- http-outgoing-5 << x-download-options: noopen
14:57:16.292 [main] DEBUG org.apache.http.headers -- http-outgoing-5 << x-content-type-options: nosniff
14:57:16.292 [main] DEBUG org.apache.http.headers -- http-outgoing-5 << x-xss-protection: 1; mode=block
14:57:16.292 [main] DEBUG org.apache.http.headers -- http-outgoing-5 << content-type: application/json; charset=utf-8
14:57:16.292 [main] DEBUG org.apache.http.headers -- http-outgoing-5 << x-cloud-trace-context: f743a2aa277ecf3f19f29b064aaf42f2
14:57:16.292 [main] DEBUG org.apache.http.headers -- http-outgoing-5 << date: Sun, 31 Aug 2025 19:57:16 GMT
14:57:16.292 [main] DEBUG org.apache.http.headers -- http-outgoing-5 << server: Google Frontend
14:57:16.292 [main] DEBUG org.apache.http.headers -- http-outgoing-5 << Content-Length: 82
14:57:16.292 [main] DEBUG org.apache.http.impl.execchain.MainClientExec -- Connection can be kept alive indefinitely
14:57:16.292 [main] DEBUG org.apache.http.impl.conn.PoolingHttpClientConnectionManager -- Connection [id: 5][route: {s}->https://serverest.dev:443] can be kept alive indefinitely
14:57:16.292 [main] DEBUG org.apache.http.impl.conn.DefaultManagedHttpClientConnection -- http-outgoing-5: set socket timeout to 0
14:57:16.292 [main] DEBUG org.apache.http.impl.conn.PoolingHttpClientConnectionManager -- Connection released: [id: 5][route: {s}->https://serverest.dev:443][total available: 1; route allocated: 1 of 5; total allocated: 1 of 10]
14:57:16.293 [main] DEBUG org.apache.http.impl.conn.PoolingHttpClientConnectionManager -- Connection manager is shutting down
14:57:16.293 [main] DEBUG org.apache.http.impl.conn.DefaultManagedHttpClientConnection -- http-outgoing-5: Close connection
14:57:16.293 [main] DEBUG org.apache.http.impl.conn.PoolingHttpClientConnectionManager -- Connection manager shut down
14:57:16.293 [main] DEBUG com.intuit.karate -- response time in milliseconds: 416
1 < 201
1 < access-control-allow-origin: *
1 < x-dns-prefetch-control: off
1 < x-frame-options: SAMEORIGIN
1 < strict-transport-security: max-age=15552000; includeSubDomains
1 < x-download-options: noopen
1 < x-content-type-options: nosniff
1 < x-xss-protection: 1; mode=block
1 < content-type: application/json; charset=utf-8
1 < x-cloud-trace-context: f743a2aa277ecf3f19f29b064aaf42f2
1 < date: Sun, 31 Aug 2025 19:57:16 GMT
1 < server: Google Frontend
1 < Content-Length: 82
{
    "message": "Cadastro realizado com sucesso",
    "_id": "Yi3Wb2NhPqS6yMn6"
}

14:57:16.294 [main] DEBUG com.jayway.jsonpath.internal.path.CompiledPath -- Evaluating path: $
]]></system-out>
  </testcase>
  <testcase name="[2:17] No permitir email duplicado (400)" classname="features/usuarios/usuarios-crear" time="1.6">
    <system-out><![CDATA[14:57:16.310 [main] DEBUG com.jayway.jsonpath.internal.path.CompiledPath -- Evaluating path: $
14:57:16.311 [main] DEBUG org.apache.http.client.protocol.RequestAddCookies -- CookieSpec selected: karate
14:57:16.311 [main] DEBUG org.apache.http.client.protocol.RequestAuthCache -- Auth cache not set in the context
14:57:16.312 [main] DEBUG com.intuit.karate -- request:
1 > POST https://serverest.dev/usuarios
1 > Content-Type: application/json; charset=UTF-8
1 > Content-Length: 104
1 > Host: serverest.dev
1 > Connection: Keep-Alive
1 > User-Agent: Apache-HttpClient/4.5.14 (Java/17.0.12)
1 > Accept-Encoding: gzip,deflate
{"nome":"Usuario Duplicado","email":"duplicado@example.com","password":"Pwd@123","administrador":"true"}

14:57:16.312 [main] DEBUG org.apache.http.impl.conn.PoolingHttpClientConnectionManager -- Connection request: [route: {s}->https://serverest.dev:443][total available: 0; route allocated: 0 of 5; total allocated: 0 of 10]
14:57:16.312 [main] DEBUG org.apache.http.impl.conn.PoolingHttpClientConnectionManager -- Connection leased: [id: 6][route: {s}->https://serverest.dev:443][total available: 0; route allocated: 1 of 5; total allocated: 1 of 10]
14:57:16.312 [main] DEBUG org.apache.http.impl.execchain.MainClientExec -- Opening connection {s}->https://serverest.dev:443
14:57:16.312 [main] DEBUG org.apache.http.impl.conn.DefaultHttpClientConnectionOperator -- Connecting to serverest.dev/216.239.38.21:443
14:57:16.312 [main] DEBUG org.apache.http.conn.ssl.LenientSslConnectionSocketFactory -- Connecting socket to serverest.dev/216.239.38.21:443 with timeout 15000
14:57:16.356 [main] DEBUG org.apache.http.conn.ssl.LenientSslConnectionSocketFactory -- Enabled protocols: [TLSv1.3, TLSv1.2]
14:57:16.356 [main] DEBUG org.apache.http.conn.ssl.LenientSslConnectionSocketFactory -- Enabled cipher suites:[TLS_AES_256_GCM_SHA384, TLS_AES_128_GCM_SHA256, TLS_CHACHA20_POLY1305_SHA256, TLS_ECDHE_ECDSA_WITH_AES_256_GCM_SHA384, TLS_ECDHE_ECDSA_WITH_AES_128_GCM_SHA256, TLS_ECDHE_ECDSA_WITH_CHACHA20_POLY1305_SHA256, TLS_ECDHE_RSA_WITH_AES_256_GCM_SHA384, TLS_ECDHE_RSA_WITH_CHACHA20_POLY1305_SHA256, TLS_ECDHE_RSA_WITH_AES_128_GCM_SHA256, TLS_DHE_RSA_WITH_AES_256_GCM_SHA384, TLS_DHE_RSA_WITH_CHACHA20_POLY1305_SHA256, TLS_DHE_DSS_WITH_AES_256_GCM_SHA384, TLS_DHE_RSA_WITH_AES_128_GCM_SHA256, TLS_DHE_DSS_WITH_AES_128_GCM_SHA256, TLS_ECDHE_ECDSA_WITH_AES_256_CBC_SHA384, TLS_ECDHE_RSA_WITH_AES_256_CBC_SHA384, TLS_ECDHE_ECDSA_WITH_AES_128_CBC_SHA256, TLS_ECDHE_RSA_WITH_AES_128_CBC_SHA256, TLS_DHE_RSA_WITH_AES_256_CBC_SHA256, TLS_DHE_DSS_WITH_AES_256_CBC_SHA256, TLS_DHE_RSA_WITH_AES_128_CBC_SHA256, TLS_DHE_DSS_WITH_AES_128_CBC_SHA256, TLS_ECDH_ECDSA_WITH_AES_256_GCM_SHA384, TLS_ECDH_RSA_WITH_AES_256_GCM_SHA384, TLS_ECDH_ECDSA_WITH_AES_128_GCM_SHA256, TLS_ECDH_RSA_WITH_AES_128_GCM_SHA256, TLS_ECDH_ECDSA_WITH_AES_256_CBC_SHA384, TLS_ECDH_RSA_WITH_AES_256_CBC_SHA384, TLS_ECDH_ECDSA_WITH_AES_128_CBC_SHA256, TLS_ECDH_RSA_WITH_AES_128_CBC_SHA256, TLS_ECDHE_ECDSA_WITH_AES_256_CBC_SHA, TLS_ECDHE_RSA_WITH_AES_256_CBC_SHA, TLS_ECDHE_ECDSA_WITH_AES_128_CBC_SHA, TLS_ECDHE_RSA_WITH_AES_128_CBC_SHA, TLS_DHE_RSA_WITH_AES_256_CBC_SHA, TLS_DHE_DSS_WITH_AES_256_CBC_SHA, TLS_DHE_RSA_WITH_AES_128_CBC_SHA, TLS_DHE_DSS_WITH_AES_128_CBC_SHA, TLS_ECDH_ECDSA_WITH_AES_256_CBC_SHA, TLS_ECDH_RSA_WITH_AES_256_CBC_SHA, TLS_ECDH_ECDSA_WITH_AES_128_CBC_SHA, TLS_ECDH_RSA_WITH_AES_128_CBC_SHA, TLS_RSA_WITH_AES_256_GCM_SHA384, TLS_RSA_WITH_AES_128_GCM_SHA256, TLS_RSA_WITH_AES_256_CBC_SHA256, TLS_RSA_WITH_AES_128_CBC_SHA256, TLS_RSA_WITH_AES_256_CBC_SHA, TLS_RSA_WITH_AES_128_CBC_SHA, TLS_EMPTY_RENEGOTIATION_INFO_SCSV]
14:57:16.356 [main] DEBUG org.apache.http.conn.ssl.LenientSslConnectionSocketFactory -- Starting handshake
14:57:17.078 [main] DEBUG org.apache.http.conn.ssl.LenientSslConnectionSocketFactory -- Secure session established
14:57:17.078 [main] DEBUG org.apache.http.conn.ssl.LenientSslConnectionSocketFactory --  negotiated protocol: TLSv1.3
14:57:17.078 [main] DEBUG org.apache.http.conn.ssl.LenientSslConnectionSocketFactory --  negotiated cipher suite: TLS_AES_256_GCM_SHA384
14:57:17.078 [main] DEBUG org.apache.http.conn.ssl.LenientSslConnectionSocketFactory --  peer principal: CN=serverest.dev
14:57:17.078 [main] DEBUG org.apache.http.conn.ssl.LenientSslConnectionSocketFactory --  peer alternative names: [serverest.dev]
14:57:17.078 [main] DEBUG org.apache.http.conn.ssl.LenientSslConnectionSocketFactory --  issuer principal: CN=WR3, O=Google Trust Services, C=US
14:57:17.078 [main] DEBUG org.apache.http.impl.conn.DefaultHttpClientConnectionOperator -- Connection established 192.168.100.14:54877<->216.239.38.21:443
14:57:17.078 [main] DEBUG org.apache.http.impl.conn.DefaultManagedHttpClientConnection -- http-outgoing-6: set socket timeout to 15000
14:57:17.078 [main] DEBUG org.apache.http.impl.execchain.MainClientExec -- Executing request POST /usuarios HTTP/1.1
14:57:17.078 [main] DEBUG org.apache.http.impl.execchain.MainClientExec -- Target auth state: UNCHALLENGED
14:57:17.078 [main] DEBUG org.apache.http.impl.execchain.MainClientExec -- Proxy auth state: UNCHALLENGED
14:57:17.079 [main] DEBUG org.apache.http.headers -- http-outgoing-6 >> POST /usuarios HTTP/1.1
14:57:17.079 [main] DEBUG org.apache.http.headers -- http-outgoing-6 >> Content-Type: application/json; charset=UTF-8
14:57:17.079 [main] DEBUG org.apache.http.headers -- http-outgoing-6 >> Content-Length: 104
14:57:17.079 [main] DEBUG org.apache.http.headers -- http-outgoing-6 >> Host: serverest.dev
14:57:17.079 [main] DEBUG org.apache.http.headers -- http-outgoing-6 >> Connection: Keep-Alive
14:57:17.079 [main] DEBUG org.apache.http.headers -- http-outgoing-6 >> User-Agent: Apache-HttpClient/4.5.14 (Java/17.0.12)
14:57:17.079 [main] DEBUG org.apache.http.headers -- http-outgoing-6 >> Accept-Encoding: gzip,deflate
14:57:17.079 [main] DEBUG org.apache.http.wire -- http-outgoing-6 >> "POST /usuarios HTTP/1.1[\r][\n]"
14:57:17.079 [main] DEBUG org.apache.http.wire -- http-outgoing-6 >> "Content-Type: application/json; charset=UTF-8[\r][\n]"
14:57:17.079 [main] DEBUG org.apache.http.wire -- http-outgoing-6 >> "Content-Length: 104[\r][\n]"
14:57:17.079 [main] DEBUG org.apache.http.wire -- http-outgoing-6 >> "Host: serverest.dev[\r][\n]"
14:57:17.079 [main] DEBUG org.apache.http.wire -- http-outgoing-6 >> "Connection: Keep-Alive[\r][\n]"
14:57:17.079 [main] DEBUG org.apache.http.wire -- http-outgoing-6 >> "User-Agent: Apache-HttpClient/4.5.14 (Java/17.0.12)[\r][\n]"
14:57:17.079 [main] DEBUG org.apache.http.wire -- http-outgoing-6 >> "Accept-Encoding: gzip,deflate[\r][\n]"
14:57:17.079 [main] DEBUG org.apache.http.wire -- http-outgoing-6 >> "[\r][\n]"
14:57:17.079 [main] DEBUG org.apache.http.wire -- http-outgoing-6 >> "{"nome":"Usuario Duplicado","email":"duplicado@example.com","password":"Pwd@123","administrador":"true"}"
14:57:17.310 [main] DEBUG org.apache.http.wire -- http-outgoing-6 << "HTTP/1.1 400 Bad Request[\r][\n]"
14:57:17.311 [main] DEBUG org.apache.http.wire -- http-outgoing-6 << "access-control-allow-origin: *[\r][\n]"
14:57:17.311 [main] DEBUG org.apache.http.wire -- http-outgoing-6 << "x-dns-prefetch-control: off[\r][\n]"
14:57:17.311 [main] DEBUG org.apache.http.wire -- http-outgoing-6 << "x-frame-options: SAMEORIGIN[\r][\n]"
14:57:17.311 [main] DEBUG org.apache.http.wire -- http-outgoing-6 << "strict-transport-security: max-age=15552000; includeSubDomains[\r][\n]"
14:57:17.311 [main] DEBUG org.apache.http.wire -- http-outgoing-6 << "x-download-options: noopen[\r][\n]"
14:57:17.311 [main] DEBUG org.apache.http.wire -- http-outgoing-6 << "x-content-type-options: nosniff[\r][\n]"
14:57:17.311 [main] DEBUG org.apache.http.wire -- http-outgoing-6 << "x-xss-protection: 1; mode=block[\r][\n]"
14:57:17.311 [main] DEBUG org.apache.http.wire -- http-outgoing-6 << "content-type: application/json; charset=utf-8[\r][\n]"
14:57:17.311 [main] DEBUG org.apache.http.wire -- http-outgoing-6 << "x-cloud-trace-context: 816daa55635c8cb33961f9dbc6ac0fc5[\r][\n]"
14:57:17.311 [main] DEBUG org.apache.http.wire -- http-outgoing-6 << "date: Sun, 31 Aug 2025 19:57:17 GMT[\r][\n]"
14:57:17.311 [main] DEBUG org.apache.http.wire -- http-outgoing-6 << "server: Google Frontend[\r][\n]"
14:57:17.311 [main] DEBUG org.apache.http.wire -- http-outgoing-6 << "Content-Length: 53[\r][\n]"
14:57:17.311 [main] DEBUG org.apache.http.wire -- http-outgoing-6 << "[\r][\n]"
14:57:17.311 [main] DEBUG org.apache.http.wire -- http-outgoing-6 << "{[\n]"
14:57:17.311 [main] DEBUG org.apache.http.wire -- http-outgoing-6 << "    "message": "Este email j[0xc3][0xa1] est[0xc3][0xa1] sendo usado"[\n]"
14:57:17.311 [main] DEBUG org.apache.http.wire -- http-outgoing-6 << "}"
14:57:17.311 [main] DEBUG org.apache.http.headers -- http-outgoing-6 << HTTP/1.1 400 Bad Request
14:57:17.311 [main] DEBUG org.apache.http.headers -- http-outgoing-6 << access-control-allow-origin: *
14:57:17.311 [main] DEBUG org.apache.http.headers -- http-outgoing-6 << x-dns-prefetch-control: off
14:57:17.311 [main] DEBUG org.apache.http.headers -- http-outgoing-6 << x-frame-options: SAMEORIGIN
14:57:17.311 [main] DEBUG org.apache.http.headers -- http-outgoing-6 << strict-transport-security: max-age=15552000; includeSubDomains
14:57:17.311 [main] DEBUG org.apache.http.headers -- http-outgoing-6 << x-download-options: noopen
14:57:17.311 [main] DEBUG org.apache.http.headers -- http-outgoing-6 << x-content-type-options: nosniff
14:57:17.311 [main] DEBUG org.apache.http.headers -- http-outgoing-6 << x-xss-protection: 1; mode=block
14:57:17.311 [main] DEBUG org.apache.http.headers -- http-outgoing-6 << content-type: application/json; charset=utf-8
14:57:17.311 [main] DEBUG org.apache.http.headers -- http-outgoing-6 << x-cloud-trace-context: 816daa55635c8cb33961f9dbc6ac0fc5
14:57:17.311 [main] DEBUG org.apache.http.headers -- http-outgoing-6 << date: Sun, 31 Aug 2025 19:57:17 GMT
14:57:17.311 [main] DEBUG org.apache.http.headers -- http-outgoing-6 << server: Google Frontend
14:57:17.311 [main] DEBUG org.apache.http.headers -- http-outgoing-6 << Content-Length: 53
14:57:17.311 [main] DEBUG org.apache.http.impl.execchain.MainClientExec -- Connection can be kept alive indefinitely
14:57:17.312 [main] DEBUG org.apache.http.impl.conn.PoolingHttpClientConnectionManager -- Connection [id: 6][route: {s}->https://serverest.dev:443] can be kept alive indefinitely
14:57:17.312 [main] DEBUG org.apache.http.impl.conn.DefaultManagedHttpClientConnection -- http-outgoing-6: set socket timeout to 0
14:57:17.312 [main] DEBUG org.apache.http.impl.conn.PoolingHttpClientConnectionManager -- Connection released: [id: 6][route: {s}->https://serverest.dev:443][total available: 1; route allocated: 1 of 5; total allocated: 1 of 10]
14:57:17.312 [main] DEBUG org.apache.http.impl.conn.PoolingHttpClientConnectionManager -- Connection manager is shutting down
14:57:17.312 [main] DEBUG org.apache.http.impl.conn.DefaultManagedHttpClientConnection -- http-outgoing-6: Close connection
14:57:17.312 [main] DEBUG org.apache.http.impl.conn.PoolingHttpClientConnectionManager -- Connection manager shut down
14:57:17.312 [main] DEBUG com.intuit.karate -- response time in milliseconds: 1000
1 < 400
1 < access-control-allow-origin: *
1 < x-dns-prefetch-control: off
1 < x-frame-options: SAMEORIGIN
1 < strict-transport-security: max-age=15552000; includeSubDomains
1 < x-download-options: noopen
1 < x-content-type-options: nosniff
1 < x-xss-protection: 1; mode=block
1 < content-type: application/json; charset=utf-8
1 < x-cloud-trace-context: 816daa55635c8cb33961f9dbc6ac0fc5
1 < date: Sun, 31 Aug 2025 19:57:17 GMT
1 < server: Google Frontend
1 < Content-Length: 53
{
    "message": "Este email já está sendo usado"
}

14:57:17.314 [main] DEBUG com.jayway.jsonpath.internal.path.CompiledPath -- Evaluating path: $
14:57:17.316 [main] DEBUG org.apache.http.client.protocol.RequestAddCookies -- CookieSpec selected: karate
14:57:17.316 [main] DEBUG org.apache.http.client.protocol.RequestAuthCache -- Auth cache not set in the context
14:57:17.316 [main] DEBUG com.intuit.karate -- request:
2 > POST https://serverest.dev/usuarios
2 > Content-Type: application/json; charset=UTF-8
2 > Content-Length: 104
2 > Host: serverest.dev
2 > Connection: Keep-Alive
2 > User-Agent: Apache-HttpClient/4.5.14 (Java/17.0.12)
2 > Accept-Encoding: gzip,deflate
{"nome":"Usuario Duplicado","email":"duplicado@example.com","password":"Pwd@123","administrador":"true"}

14:57:17.316 [main] DEBUG org.apache.http.impl.conn.PoolingHttpClientConnectionManager -- Connection request: [route: {s}->https://serverest.dev:443][total available: 0; route allocated: 0 of 5; total allocated: 0 of 10]
14:57:17.316 [main] DEBUG org.apache.http.impl.conn.PoolingHttpClientConnectionManager -- Connection leased: [id: 7][route: {s}->https://serverest.dev:443][total available: 0; route allocated: 1 of 5; total allocated: 1 of 10]
14:57:17.316 [main] DEBUG org.apache.http.impl.execchain.MainClientExec -- Opening connection {s}->https://serverest.dev:443
14:57:17.316 [main] DEBUG org.apache.http.impl.conn.DefaultHttpClientConnectionOperator -- Connecting to serverest.dev/216.239.38.21:443
14:57:17.316 [main] DEBUG org.apache.http.conn.ssl.LenientSslConnectionSocketFactory -- Connecting socket to serverest.dev/216.239.38.21:443 with timeout 15000
14:57:17.360 [main] DEBUG org.apache.http.conn.ssl.LenientSslConnectionSocketFactory -- Enabled protocols: [TLSv1.3, TLSv1.2]
14:57:17.360 [main] DEBUG org.apache.http.conn.ssl.LenientSslConnectionSocketFactory -- Enabled cipher suites:[TLS_AES_256_GCM_SHA384, TLS_AES_128_GCM_SHA256, TLS_CHACHA20_POLY1305_SHA256, TLS_ECDHE_ECDSA_WITH_AES_256_GCM_SHA384, TLS_ECDHE_ECDSA_WITH_AES_128_GCM_SHA256, TLS_ECDHE_ECDSA_WITH_CHACHA20_POLY1305_SHA256, TLS_ECDHE_RSA_WITH_AES_256_GCM_SHA384, TLS_ECDHE_RSA_WITH_CHACHA20_POLY1305_SHA256, TLS_ECDHE_RSA_WITH_AES_128_GCM_SHA256, TLS_DHE_RSA_WITH_AES_256_GCM_SHA384, TLS_DHE_RSA_WITH_CHACHA20_POLY1305_SHA256, TLS_DHE_DSS_WITH_AES_256_GCM_SHA384, TLS_DHE_RSA_WITH_AES_128_GCM_SHA256, TLS_DHE_DSS_WITH_AES_128_GCM_SHA256, TLS_ECDHE_ECDSA_WITH_AES_256_CBC_SHA384, TLS_ECDHE_RSA_WITH_AES_256_CBC_SHA384, TLS_ECDHE_ECDSA_WITH_AES_128_CBC_SHA256, TLS_ECDHE_RSA_WITH_AES_128_CBC_SHA256, TLS_DHE_RSA_WITH_AES_256_CBC_SHA256, TLS_DHE_DSS_WITH_AES_256_CBC_SHA256, TLS_DHE_RSA_WITH_AES_128_CBC_SHA256, TLS_DHE_DSS_WITH_AES_128_CBC_SHA256, TLS_ECDH_ECDSA_WITH_AES_256_GCM_SHA384, TLS_ECDH_RSA_WITH_AES_256_GCM_SHA384, TLS_ECDH_ECDSA_WITH_AES_128_GCM_SHA256, TLS_ECDH_RSA_WITH_AES_128_GCM_SHA256, TLS_ECDH_ECDSA_WITH_AES_256_CBC_SHA384, TLS_ECDH_RSA_WITH_AES_256_CBC_SHA384, TLS_ECDH_ECDSA_WITH_AES_128_CBC_SHA256, TLS_ECDH_RSA_WITH_AES_128_CBC_SHA256, TLS_ECDHE_ECDSA_WITH_AES_256_CBC_SHA, TLS_ECDHE_RSA_WITH_AES_256_CBC_SHA, TLS_ECDHE_ECDSA_WITH_AES_128_CBC_SHA, TLS_ECDHE_RSA_WITH_AES_128_CBC_SHA, TLS_DHE_RSA_WITH_AES_256_CBC_SHA, TLS_DHE_DSS_WITH_AES_256_CBC_SHA, TLS_DHE_RSA_WITH_AES_128_CBC_SHA, TLS_DHE_DSS_WITH_AES_128_CBC_SHA, TLS_ECDH_ECDSA_WITH_AES_256_CBC_SHA, TLS_ECDH_RSA_WITH_AES_256_CBC_SHA, TLS_ECDH_ECDSA_WITH_AES_128_CBC_SHA, TLS_ECDH_RSA_WITH_AES_128_CBC_SHA, TLS_RSA_WITH_AES_256_GCM_SHA384, TLS_RSA_WITH_AES_128_GCM_SHA256, TLS_RSA_WITH_AES_256_CBC_SHA256, TLS_RSA_WITH_AES_128_CBC_SHA256, TLS_RSA_WITH_AES_256_CBC_SHA, TLS_RSA_WITH_AES_128_CBC_SHA, TLS_EMPTY_RENEGOTIATION_INFO_SCSV]
14:57:17.360 [main] DEBUG org.apache.http.conn.ssl.LenientSslConnectionSocketFactory -- Starting handshake
14:57:17.520 [main] DEBUG org.apache.http.conn.ssl.LenientSslConnectionSocketFactory -- Secure session established
14:57:17.520 [main] DEBUG org.apache.http.conn.ssl.LenientSslConnectionSocketFactory --  negotiated protocol: TLSv1.3
14:57:17.520 [main] DEBUG org.apache.http.conn.ssl.LenientSslConnectionSocketFactory --  negotiated cipher suite: TLS_AES_256_GCM_SHA384
14:57:17.520 [main] DEBUG org.apache.http.conn.ssl.LenientSslConnectionSocketFactory --  peer principal: CN=serverest.dev
14:57:17.520 [main] DEBUG org.apache.http.conn.ssl.LenientSslConnectionSocketFactory --  peer alternative names: [serverest.dev]
14:57:17.520 [main] DEBUG org.apache.http.conn.ssl.LenientSslConnectionSocketFactory --  issuer principal: CN=WR3, O=Google Trust Services, C=US
14:57:17.520 [main] DEBUG org.apache.http.impl.conn.DefaultHttpClientConnectionOperator -- Connection established 192.168.100.14:54878<->216.239.38.21:443
14:57:17.520 [main] DEBUG org.apache.http.impl.conn.DefaultManagedHttpClientConnection -- http-outgoing-7: set socket timeout to 15000
14:57:17.520 [main] DEBUG org.apache.http.impl.execchain.MainClientExec -- Executing request POST /usuarios HTTP/1.1
14:57:17.520 [main] DEBUG org.apache.http.impl.execchain.MainClientExec -- Target auth state: UNCHALLENGED
14:57:17.520 [main] DEBUG org.apache.http.impl.execchain.MainClientExec -- Proxy auth state: UNCHALLENGED
14:57:17.520 [main] DEBUG org.apache.http.headers -- http-outgoing-7 >> POST /usuarios HTTP/1.1
14:57:17.520 [main] DEBUG org.apache.http.headers -- http-outgoing-7 >> Content-Type: application/json; charset=UTF-8
14:57:17.520 [main] DEBUG org.apache.http.headers -- http-outgoing-7 >> Content-Length: 104
14:57:17.520 [main] DEBUG org.apache.http.headers -- http-outgoing-7 >> Host: serverest.dev
14:57:17.520 [main] DEBUG org.apache.http.headers -- http-outgoing-7 >> Connection: Keep-Alive
14:57:17.520 [main] DEBUG org.apache.http.headers -- http-outgoing-7 >> User-Agent: Apache-HttpClient/4.5.14 (Java/17.0.12)
14:57:17.520 [main] DEBUG org.apache.http.headers -- http-outgoing-7 >> Accept-Encoding: gzip,deflate
14:57:17.520 [main] DEBUG org.apache.http.wire -- http-outgoing-7 >> "POST /usuarios HTTP/1.1[\r][\n]"
14:57:17.520 [main] DEBUG org.apache.http.wire -- http-outgoing-7 >> "Content-Type: application/json; charset=UTF-8[\r][\n]"
14:57:17.520 [main] DEBUG org.apache.http.wire -- http-outgoing-7 >> "Content-Length: 104[\r][\n]"
14:57:17.520 [main] DEBUG org.apache.http.wire -- http-outgoing-7 >> "Host: serverest.dev[\r][\n]"
14:57:17.520 [main] DEBUG org.apache.http.wire -- http-outgoing-7 >> "Connection: Keep-Alive[\r][\n]"
14:57:17.520 [main] DEBUG org.apache.http.wire -- http-outgoing-7 >> "User-Agent: Apache-HttpClient/4.5.14 (Java/17.0.12)[\r][\n]"
14:57:17.520 [main] DEBUG org.apache.http.wire -- http-outgoing-7 >> "Accept-Encoding: gzip,deflate[\r][\n]"
14:57:17.520 [main] DEBUG org.apache.http.wire -- http-outgoing-7 >> "[\r][\n]"
14:57:17.520 [main] DEBUG org.apache.http.wire -- http-outgoing-7 >> "{"nome":"Usuario Duplicado","email":"duplicado@example.com","password":"Pwd@123","administrador":"true"}"
14:57:17.732 [main] DEBUG org.apache.http.wire -- http-outgoing-7 << "HTTP/1.1 400 Bad Request[\r][\n]"
14:57:17.732 [main] DEBUG org.apache.http.wire -- http-outgoing-7 << "access-control-allow-origin: *[\r][\n]"
14:57:17.732 [main] DEBUG org.apache.http.wire -- http-outgoing-7 << "x-dns-prefetch-control: off[\r][\n]"
14:57:17.732 [main] DEBUG org.apache.http.wire -- http-outgoing-7 << "x-frame-options: SAMEORIGIN[\r][\n]"
14:57:17.732 [main] DEBUG org.apache.http.wire -- http-outgoing-7 << "strict-transport-security: max-age=15552000; includeSubDomains[\r][\n]"
14:57:17.732 [main] DEBUG org.apache.http.wire -- http-outgoing-7 << "x-download-options: noopen[\r][\n]"
14:57:17.732 [main] DEBUG org.apache.http.wire -- http-outgoing-7 << "x-content-type-options: nosniff[\r][\n]"
14:57:17.732 [main] DEBUG org.apache.http.wire -- http-outgoing-7 << "x-xss-protection: 1; mode=block[\r][\n]"
14:57:17.732 [main] DEBUG org.apache.http.wire -- http-outgoing-7 << "content-type: application/json; charset=utf-8[\r][\n]"
14:57:17.732 [main] DEBUG org.apache.http.wire -- http-outgoing-7 << "x-cloud-trace-context: b00768e58b8ec57e6ed97fd5443bbaab[\r][\n]"
14:57:17.732 [main] DEBUG org.apache.http.wire -- http-outgoing-7 << "date: Sun, 31 Aug 2025 19:57:17 GMT[\r][\n]"
14:57:17.732 [main] DEBUG org.apache.http.wire -- http-outgoing-7 << "server: Google Frontend[\r][\n]"
14:57:17.732 [main] DEBUG org.apache.http.wire -- http-outgoing-7 << "Content-Length: 53[\r][\n]"
14:57:17.732 [main] DEBUG org.apache.http.wire -- http-outgoing-7 << "[\r][\n]"
14:57:17.732 [main] DEBUG org.apache.http.wire -- http-outgoing-7 << "{[\n]"
14:57:17.732 [main] DEBUG org.apache.http.wire -- http-outgoing-7 << "    "message": "Este email j[0xc3][0xa1] est[0xc3][0xa1] sendo usado"[\n]"
14:57:17.732 [main] DEBUG org.apache.http.wire -- http-outgoing-7 << "}"
14:57:17.732 [main] DEBUG org.apache.http.headers -- http-outgoing-7 << HTTP/1.1 400 Bad Request
14:57:17.732 [main] DEBUG org.apache.http.headers -- http-outgoing-7 << access-control-allow-origin: *
14:57:17.732 [main] DEBUG org.apache.http.headers -- http-outgoing-7 << x-dns-prefetch-control: off
14:57:17.732 [main] DEBUG org.apache.http.headers -- http-outgoing-7 << x-frame-options: SAMEORIGIN
14:57:17.732 [main] DEBUG org.apache.http.headers -- http-outgoing-7 << strict-transport-security: max-age=15552000; includeSubDomains
14:57:17.732 [main] DEBUG org.apache.http.headers -- http-outgoing-7 << x-download-options: noopen
14:57:17.732 [main] DEBUG org.apache.http.headers -- http-outgoing-7 << x-content-type-options: nosniff
14:57:17.732 [main] DEBUG org.apache.http.headers -- http-outgoing-7 << x-xss-protection: 1; mode=block
14:57:17.732 [main] DEBUG org.apache.http.headers -- http-outgoing-7 << content-type: application/json; charset=utf-8
14:57:17.732 [main] DEBUG org.apache.http.headers -- http-outgoing-7 << x-cloud-trace-context: b00768e58b8ec57e6ed97fd5443bbaab
14:57:17.732 [main] DEBUG org.apache.http.headers -- http-outgoing-7 << date: Sun, 31 Aug 2025 19:57:17 GMT
14:57:17.732 [main] DEBUG org.apache.http.headers -- http-outgoing-7 << server: Google Frontend
14:57:17.732 [main] DEBUG org.apache.http.headers -- http-outgoing-7 << Content-Length: 53
14:57:17.732 [main] DEBUG org.apache.http.impl.execchain.MainClientExec -- Connection can be kept alive indefinitely
14:57:17.732 [main] DEBUG org.apache.http.impl.conn.PoolingHttpClientConnectionManager -- Connection [id: 7][route: {s}->https://serverest.dev:443] can be kept alive indefinitely
14:57:17.732 [main] DEBUG org.apache.http.impl.conn.DefaultManagedHttpClientConnection -- http-outgoing-7: set socket timeout to 0
14:57:17.732 [main] DEBUG org.apache.http.impl.conn.PoolingHttpClientConnectionManager -- Connection released: [id: 7][route: {s}->https://serverest.dev:443][total available: 1; route allocated: 1 of 5; total allocated: 1 of 10]
14:57:17.732 [main] DEBUG org.apache.http.impl.conn.PoolingHttpClientConnectionManager -- Connection manager is shutting down
14:57:17.732 [main] DEBUG org.apache.http.impl.conn.DefaultManagedHttpClientConnection -- http-outgoing-7: Close connection
14:57:17.741 [main] DEBUG org.apache.http.impl.conn.PoolingHttpClientConnectionManager -- Connection manager shut down
14:57:17.741 [main] DEBUG com.intuit.karate -- response time in milliseconds: 416
2 < 400
2 < access-control-allow-origin: *
2 < x-dns-prefetch-control: off
2 < x-frame-options: SAMEORIGIN
2 < strict-transport-security: max-age=15552000; includeSubDomains
2 < x-download-options: noopen
2 < x-content-type-options: nosniff
2 < x-xss-protection: 1; mode=block
2 < content-type: application/json; charset=utf-8
2 < x-cloud-trace-context: b00768e58b8ec57e6ed97fd5443bbaab
2 < date: Sun, 31 Aug 2025 19:57:17 GMT
2 < server: Google Frontend
2 < Content-Length: 53
{
    "message": "Este email já está sendo usado"
}

14:57:17.741 [main] DEBUG com.jayway.jsonpath.internal.path.CompiledPath -- Evaluating path: $
14:57:17.746 [main] DEBUG org.thymeleaf.TemplateEngine -- [THYMELEAF] INITIALIZING TEMPLATE ENGINE
14:57:17.770 [main] DEBUG org.thymeleaf.TemplateEngine.CONFIG -- Initializing Thymeleaf Template engine configuration...
[THYMELEAF] TEMPLATE ENGINE CONFIGURATION:
[THYMELEAF] * Thymeleaf version: 3.1.2.RELEASE (built 2023-07-30T19:25:50+0000)
[THYMELEAF] * Cache Manager implementation: org.thymeleaf.cache.StandardCacheManager
[THYMELEAF] * Template resolvers:
[THYMELEAF]     * [1] com.intuit.karate.template.ResourceHtmlTemplateResolver
[THYMELEAF] * Message resolvers:
[THYMELEAF]     * org.thymeleaf.messageresolver.StandardMessageResolver
[THYMELEAF] * Link builders:
[THYMELEAF]     * org.thymeleaf.linkbuilder.StandardLinkBuilder
[THYMELEAF] * Dialect [1 of 2]: Standard (com.intuit.karate.template.KarateStandardDialect)
[THYMELEAF]     * Prefix: "th"
[THYMELEAF]     * Processors for Template Mode: HTML
[THYMELEAF]         * Element Tag Processors by [matching element and attribute name] [precedence]:
[THYMELEAF]             * [* {th:include,data-th-include}] [100]: org.thymeleaf.standard.processor.StandardIncludeTagProcessor
[THYMELEAF]             * [* {th:insert,data-th-insert}] [100]: org.thymeleaf.standard.processor.StandardInsertTagProcessor
[THYMELEAF]             * [* {th:replace,data-th-replace}] [100]: org.thymeleaf.standard.processor.StandardReplaceTagProcessor
[THYMELEAF]             * [* {th:each,data-th-each}] [200]: com.intuit.karate.template.KarateEachTagProcessor
[THYMELEAF]             * [* {th:switch,data-th-switch}] [250]: org.thymeleaf.standard.processor.StandardSwitchTagProcessor
[THYMELEAF]             * [* {th:case,data-th-case}] [275]: org.thymeleaf.standard.processor.StandardCaseTagProcessor
[THYMELEAF]             * [* {th:if,data-th-if}] [300]: org.thymeleaf.standard.processor.StandardIfTagProcessor
[THYMELEAF]             * [* {th:unless,data-th-unless}] [400]: org.thymeleaf.standard.processor.StandardUnlessTagProcessor
[THYMELEAF]             * [* {th:object,data-th-object}] [500]: org.thymeleaf.standard.processor.StandardObjectTagProcessor
[THYMELEAF]             * [* {th:with,data-th-with}] [600]: com.intuit.karate.template.KarateWithTagProcessor
[THYMELEAF]             * [* {th:attr,data-th-attr}] [700]: com.intuit.karate.template.KarateAttributeTagProcessor.KarateAttrTagProcessor
[THYMELEAF]             * [* {th:attrappend,data-th-attrappend}] [900]: com.intuit.karate.template.KarateAttributeTagProcessor.KarateAttrappendTagProcessor
[THYMELEAF]             * [* {th:attrprepend,data-th-attrprepend}] [900]: com.intuit.karate.template.KarateAttributeTagProcessor.KarateAttrprependTagProcessor
[THYMELEAF]             * [* {th:alt-title,data-th-alt-title}] [990]: org.thymeleaf.standard.processor.StandardAltTitleTagProcessor
[THYMELEAF]             * [* {th:lang-xmllang,data-th-lang-xmllang}] [990]: org.thymeleaf.standard.processor.StandardLangXmlLangTagProcessor
[THYMELEAF]             * [* {th:action,data-th-action}] [1000]: org.thymeleaf.standard.processor.StandardActionTagProcessor
[THYMELEAF]             * [* {th:async,data-th-async}] [1000]: org.thymeleaf.standard.processor.StandardConditionalFixedValueTagProcessor
[THYMELEAF]             * [* {th:reversed,data-th-reversed}] [1000]: org.thymeleaf.standard.processor.StandardConditionalFixedValueTagProcessor
[THYMELEAF]             * [* {th:scoped,data-th-scoped}] [1000]: org.thymeleaf.standard.processor.StandardConditionalFixedValueTagProcessor
[THYMELEAF]             * [* {th:novalidate,data-th-novalidate}] [1000]: org.thymeleaf.standard.processor.StandardConditionalFixedValueTagProcessor
[THYMELEAF]             * [* {th:disabled,data-th-disabled}] [1000]: org.thymeleaf.standard.processor.StandardConditionalFixedValueTagProcessor
[THYMELEAF]             * [* {th:selected,data-th-selected}] [1000]: org.thymeleaf.standard.processor.StandardConditionalFixedValueTagProcessor
[THYMELEAF]             * [* {th:loop,data-th-loop}] [1000]: org.thymeleaf.standard.processor.StandardConditionalFixedValueTagProcessor
[THYMELEAF]             * [* {th:autoplay,data-th-autoplay}] [1000]: org.thymeleaf.standard.processor.StandardConditionalFixedValueTagProcessor
[THYMELEAF]             * [* {th:readonly,data-th-readonly}] [1000]: org.thymeleaf.standard.processor.StandardConditionalFixedValueTagProcessor
[THYMELEAF]             * [* {th:checked,data-th-checked}] [1000]: org.thymeleaf.standard.processor.StandardConditionalFixedValueTagProcessor
[THYMELEAF]             * [* {th:open,data-th-open}] [1000]: org.thymeleaf.standard.processor.StandardConditionalFixedValueTagProcessor
[THYMELEAF]             * [* {th:formnovalidate,data-th-formnovalidate}] [1000]: org.thymeleaf.standard.processor.StandardConditionalFixedValueTagProcessor
[THYMELEAF]             * [* {th:nowrap,data-th-nowrap}] [1000]: org.thymeleaf.standard.processor.StandardConditionalFixedValueTagProcessor
[THYMELEAF]             * [* {th:defer,data-th-defer}] [1000]: org.thymeleaf.standard.processor.StandardConditionalFixedValueTagProcessor
[THYMELEAF]             * [* {th:controls,data-th-controls}] [1000]: org.thymeleaf.standard.processor.StandardConditionalFixedValueTagProcessor
[THYMELEAF]             * [* {th:pubdate,data-th-pubdate}] [1000]: org.thymeleaf.standard.processor.StandardConditionalFixedValueTagProcessor
[THYMELEAF]             * [* {th:autofocus,data-th-autofocus}] [1000]: org.thymeleaf.standard.processor.StandardConditionalFixedValueTagProcessor
[THYMELEAF]             * [* {th:declare,data-th-declare}] [1000]: org.thymeleaf.standard.processor.StandardConditionalFixedValueTagProcessor
[THYMELEAF]             * [* {th:default,data-th-default}] [1000]: org.thymeleaf.standard.processor.StandardConditionalFixedValueTagProcessor
[THYMELEAF]             * [* {th:ismap,data-th-ismap}] [1000]: org.thymeleaf.standard.processor.StandardConditionalFixedValueTagProcessor
[THYMELEAF]             * [* {th:hidden,data-th-hidden}] [1000]: org.thymeleaf.standard.processor.StandardConditionalFixedValueTagProcessor
[THYMELEAF]             * [* {th:required,data-th-required}] [1000]: org.thymeleaf.standard.processor.StandardConditionalFixedValueTagProcessor
[THYMELEAF]             * [* {th:multiple,data-th-multiple}] [1000]: org.thymeleaf.standard.processor.StandardConditionalFixedValueTagProcessor
[THYMELEAF]             * [* {th:seamless,data-th-seamless}] [1000]: org.thymeleaf.standard.processor.StandardConditionalFixedValueTagProcessor
[THYMELEAF]             * [* {th:ononline,data-th-ononline}] [1000]: org.thymeleaf.standard.processor.StandardDOMEventAttributeTagProcessor
[THYMELEAF]             * [* {th:onabort,data-th-onabort}] [1000]: org.thymeleaf.standard.processor.StandardDOMEventAttributeTagProcessor
[THYMELEAF]             * [* {th:onafterprint,data-th-onafterprint}] [1000]: org.thymeleaf.standard.processor.StandardDOMEventAttributeTagProcessor
[THYMELEAF]             * [* {th:ondragleave,data-th-ondragleave}] [1000]: org.thymeleaf.standard.processor.StandardDOMEventAttributeTagProcessor
[THYMELEAF]             * [* {th:onseeked,data-th-onseeked}] [1000]: org.thymeleaf.standard.processor.StandardDOMEventAttributeTagProcessor
[THYMELEAF]             * [* {th:ondrop,data-th-ondrop}] [1000]: org.thymeleaf.standard.processor.StandardDOMEventAttributeTagProcessor
[THYMELEAF]             * [* {th:onloadstart,data-th-onloadstart}] [1000]: org.thymeleaf.standard.processor.StandardDOMEventAttributeTagProcessor
[THYMELEAF]             * [* {th:onsuspend,data-th-onsuspend}] [1000]: org.thymeleaf.standard.processor.StandardDOMEventAttributeTagProcessor
[THYMELEAF]             * [* {th:onended,data-th-onended}] [1000]: org.thymeleaf.standard.processor.StandardDOMEventAttributeTagProcessor
[THYMELEAF]             * [* {th:onstalled,data-th-onstalled}] [1000]: org.thymeleaf.standard.processor.StandardDOMEventAttributeTagProcessor
[THYMELEAF]             * [* {th:onstorage,data-th-onstorage}] [1000]: org.thymeleaf.standard.processor.StandardDOMEventAttributeTagProcessor
[THYMELEAF]             * [* {th:onerror,data-th-onerror}] [1000]: org.thymeleaf.standard.processor.StandardDOMEventAttributeTagProcessor
[THYMELEAF]             * [* {th:onkeypress,data-th-onkeypress}] [1000]: org.thymeleaf.standard.processor.StandardDOMEventAttributeTagProcessor
[THYMELEAF]             * [* {th:onclick,data-th-onclick}] [1000]: org.thymeleaf.standard.processor.StandardDOMEventAttributeTagProcessor
[THYMELEAF]             * [* {th:onwaiting,data-th-onwaiting}] [1000]: org.thymeleaf.standard.processor.StandardDOMEventAttributeTagProcessor
[THYMELEAF]             * [* {th:onunload,data-th-onunload}] [1000]: org.thymeleaf.standard.processor.StandardDOMEventAttributeTagProcessor
[THYMELEAF]             * [* {th:onplay,data-th-onplay}] [1000]: org.thymeleaf.standard.processor.StandardDOMEventAttributeTagProcessor
[THYMELEAF]             * [* {th:onloadedmetadata,data-th-onloadedmetadata}] [1000]: org.thymeleaf.standard.processor.StandardDOMEventAttributeTagProcessor
[THYMELEAF]             * [* {th:ondrag,data-th-ondrag}] [1000]: org.thymeleaf.standard.processor.StandardDOMEventAttributeTagProcessor
[THYMELEAF]             * [* {th:ondurationchange,data-th-ondurationchange}] [1000]: org.thymeleaf.standard.processor.StandardDOMEventAttributeTagProcessor
[THYMELEAF]             * [* {th:onscroll,data-th-onscroll}] [1000]: org.thymeleaf.standard.processor.StandardDOMEventAttributeTagProcessor
[THYMELEAF]             * [* {th:onreset,data-th-onreset}] [1000]: org.thymeleaf.standard.processor.StandardDOMEventAttributeTagProcessor
[THYMELEAF]             * [* {th:onemptied,data-th-onemptied}] [1000]: org.thymeleaf.standard.processor.StandardDOMEventAttributeTagProcessor
[THYMELEAF]             * [* {th:oninput,data-th-oninput}] [1000]: org.thymeleaf.standard.processor.StandardDOMEventAttributeTagProcessor
[THYMELEAF]             * [* {th:onformchange,data-th-onformchange}] [1000]: org.thymeleaf.standard.processor.StandardDOMEventAttributeTagProcessor
[THYMELEAF]             * [* {th:onprogress,data-th-onprogress}] [1000]: org.thymeleaf.standard.processor.StandardDOMEventAttributeTagProcessor
[THYMELEAF]             * [* {th:onshow,data-th-onshow}] [1000]: org.thymeleaf.standard.processor.StandardDOMEventAttributeTagProcessor
[THYMELEAF]             * [* {th:ondragover,data-th-ondragover}] [1000]: org.thymeleaf.standard.processor.StandardDOMEventAttributeTagProcessor
[THYMELEAF]             * [* {th:ontimeupdate,data-th-ontimeupdate}] [1000]: org.thymeleaf.standard.processor.StandardDOMEventAttributeTagProcessor
[THYMELEAF]             * [* {th:onmouseup,data-th-onmouseup}] [1000]: org.thymeleaf.standard.processor.StandardDOMEventAttributeTagProcessor
[THYMELEAF]             * [* {th:onvolumechange,data-th-onvolumechange}] [1000]: org.thymeleaf.standard.processor.StandardDOMEventAttributeTagProcessor
[THYMELEAF]             * [* {th:onblur,data-th-onblur}] [1000]: org.thymeleaf.standard.processor.StandardDOMEventAttributeTagProcessor
[THYMELEAF]             * [* {th:onloadeddata,data-th-onloadeddata}] [1000]: org.thymeleaf.standard.processor.StandardDOMEventAttributeTagProcessor
[THYMELEAF]             * [* {th:onselect,data-th-onselect}] [1000]: org.thymeleaf.standard.processor.StandardDOMEventAttributeTagProcessor
[THYMELEAF]             * [* {th:ondragenter,data-th-ondragenter}] [1000]: org.thymeleaf.standard.processor.StandardDOMEventAttributeTagProcessor
[THYMELEAF]             * [* {th:onseeking,data-th-onseeking}] [1000]: org.thymeleaf.standard.processor.StandardDOMEventAttributeTagProcessor
[THYMELEAF]             * [* {th:onmouseover,data-th-onmouseover}] [1000]: org.thymeleaf.standard.processor.StandardDOMEventAttributeTagProcessor
[THYMELEAF]             * [* {th:onmousedown,data-th-onmousedown}] [1000]: org.thymeleaf.standard.processor.StandardDOMEventAttributeTagProcessor
[THYMELEAF]             * [* {th:oninvalid,data-th-oninvalid}] [1000]: org.thymeleaf.standard.processor.StandardDOMEventAttributeTagProcessor
[THYMELEAF]             * [* {th:onhashchange,data-th-onhashchange}] [1000]: org.thymeleaf.standard.processor.StandardDOMEventAttributeTagProcessor
[THYMELEAF]             * [* {th:onpause,data-th-onpause}] [1000]: org.thymeleaf.standard.processor.StandardDOMEventAttributeTagProcessor
[THYMELEAF]             * [* {th:ondragstart,data-th-ondragstart}] [1000]: org.thymeleaf.standard.processor.StandardDOMEventAttributeTagProcessor
[THYMELEAF]             * [* {th:onoffline,data-th-onoffline}] [1000]: org.thymeleaf.standard.processor.StandardDOMEventAttributeTagProcessor
[THYMELEAF]             * [* {th:ondblclick,data-th-ondblclick}] [1000]: org.thymeleaf.standard.processor.StandardDOMEventAttributeTagProcessor
[THYMELEAF]             * [* {th:onchange,data-th-onchange}] [1000]: org.thymeleaf.standard.processor.StandardDOMEventAttributeTagProcessor
[THYMELEAF]             * [* {th:ondragend,data-th-ondragend}] [1000]: org.thymeleaf.standard.processor.StandardDOMEventAttributeTagProcessor
[THYMELEAF]             * [* {th:onmessage,data-th-onmessage}] [1000]: org.thymeleaf.standard.processor.StandardDOMEventAttributeTagProcessor
[THYMELEAF]             * [* {th:oncontextmenu,data-th-oncontextmenu}] [1000]: org.thymeleaf.standard.processor.StandardDOMEventAttributeTagProcessor
[THYMELEAF]             * [* {th:onload,data-th-onload}] [1000]: org.thymeleaf.standard.processor.StandardDOMEventAttributeTagProcessor
[THYMELEAF]             * [* {th:onmousemove,data-th-onmousemove}] [1000]: org.thymeleaf.standard.processor.StandardDOMEventAttributeTagProcessor
[THYMELEAF]             * [* {th:onbeforeunload,data-th-onbeforeunload}] [1000]: org.thymeleaf.standard.processor.StandardDOMEventAttributeTagProcessor
[THYMELEAF]             * [* {th:onbeforeprint,data-th-onbeforeprint}] [1000]: org.thymeleaf.standard.processor.StandardDOMEventAttributeTagProcessor
[THYMELEAF]             * [* {th:onkeydown,data-th-onkeydown}] [1000]: org.thymeleaf.standard.processor.StandardDOMEventAttributeTagProcessor
[THYMELEAF]             * [* {th:onratechange,data-th-onratechange}] [1000]: org.thymeleaf.standard.processor.StandardDOMEventAttributeTagProcessor
[THYMELEAF]             * [* {th:oncanplaythrough,data-th-oncanplaythrough}] [1000]: org.thymeleaf.standard.processor.StandardDOMEventAttributeTagProcessor
[THYMELEAF]             * [* {th:onmousewheel,data-th-onmousewheel}] [1000]: org.thymeleaf.standard.processor.StandardDOMEventAttributeTagProcessor
[THYMELEAF]             * [* {th:onpopstate,data-th-onpopstate}] [1000]: org.thymeleaf.standard.processor.StandardDOMEventAttributeTagProcessor
[THYMELEAF]             * [* {th:onreadystatechange,data-th-onreadystatechange}] [1000]: org.thymeleaf.standard.processor.StandardDOMEventAttributeTagProcessor
[THYMELEAF]             * [* {th:onsubmit,data-th-onsubmit}] [1000]: org.thymeleaf.standard.processor.StandardDOMEventAttributeTagProcessor
[THYMELEAF]             * [* {th:onkeyup,data-th-onkeyup}] [1000]: org.thymeleaf.standard.processor.StandardDOMEventAttributeTagProcessor
[THYMELEAF]             * [* {th:onplaying,data-th-onplaying}] [1000]: org.thymeleaf.standard.processor.StandardDOMEventAttributeTagProcessor
[THYMELEAF]             * [* {th:oncanplay,data-th-oncanplay}] [1000]: org.thymeleaf.standard.processor.StandardDOMEventAttributeTagProcessor
[THYMELEAF]             * [* {th:onundo,data-th-onundo}] [1000]: org.thymeleaf.standard.processor.StandardDOMEventAttributeTagProcessor
[THYMELEAF]             * [* {th:onredo,data-th-onredo}] [1000]: org.thymeleaf.standard.processor.StandardDOMEventAttributeTagProcessor
[THYMELEAF]             * [* {th:onfocus,data-th-onfocus}] [1000]: org.thymeleaf.standard.processor.StandardDOMEventAttributeTagProcessor
[THYMELEAF]             * [* {th:onresize,data-th-onresize}] [1000]: org.thymeleaf.standard.processor.StandardDOMEventAttributeTagProcessor
[THYMELEAF]             * [* {th:onforminput,data-th-onforminput}] [1000]: org.thymeleaf.standard.processor.StandardDOMEventAttributeTagProcessor
[THYMELEAF]             * [* {th:onmouseout,data-th-onmouseout}] [1000]: org.thymeleaf.standard.processor.StandardDOMEventAttributeTagProcessor
[THYMELEAF]             * [* {th:href,data-th-href}] [1000]: org.thymeleaf.standard.processor.StandardHrefTagProcessor
[THYMELEAF]             * [* {th:inline,data-th-inline}] [1000]: org.thymeleaf.standard.processor.StandardInlineHTMLTagProcessor
[THYMELEAF]             * [* {th:method,data-th-method}] [1000]: org.thymeleaf.standard.processor.StandardMethodTagProcessor
[THYMELEAF]             * [* {th:type,data-th-type}] [1000]: org.thymeleaf.standard.processor.StandardNonRemovableAttributeTagProcessor
[THYMELEAF]             * [* {th:name,data-th-name}] [1000]: org.thymeleaf.standard.processor.StandardNonRemovableAttributeTagProcessor
[THYMELEAF]             * [* {th:cite,data-th-cite}] [1000]: org.thymeleaf.standard.processor.StandardRemovableAttributeTagProcessor
[THYMELEAF]             * [* {th:spellcheck,data-th-spellcheck}] [1000]: org.thymeleaf.standard.processor.StandardRemovableAttributeTagProcessor
[THYMELEAF]             * [* {th:axis,data-th-axis}] [1000]: org.thymeleaf.standard.processor.StandardRemovableAttributeTagProcessor
[THYMELEAF]             * [* {th:cellpadding,data-th-cellpadding}] [1000]: org.thymeleaf.standard.processor.StandardRemovableAttributeTagProcessor
[THYMELEAF]             * [* {th:label,data-th-label}] [1000]: org.thymeleaf.standard.processor.StandardRemovableAttributeTagProcessor
[THYMELEAF]             * [* {th:id,data-th-id}] [1000]: org.thymeleaf.standard.processor.StandardRemovableAttributeTagProcessor
[THYMELEAF]             * [* {th:frame,data-th-frame}] [1000]: org.thymeleaf.standard.processor.StandardRemovableAttributeTagProcessor
[THYMELEAF]             * [* {th:sandbox,data-th-sandbox}] [1000]: org.thymeleaf.standard.processor.StandardRemovableAttributeTagProcessor
[THYMELEAF]             * [* {th:sizes,data-th-sizes}] [1000]: org.thymeleaf.standard.processor.StandardRemovableAttributeTagProcessor
[THYMELEAF]             * [* {th:codetype,data-th-codetype}] [1000]: org.thymeleaf.standard.processor.StandardRemovableAttributeTagProcessor
[THYMELEAF]             * [* {th:width,data-th-width}] [1000]: org.thymeleaf.standard.processor.StandardRemovableAttributeTagProcessor
[THYMELEAF]             * [* {th:class,data-th-class}] [1000]: org.thymeleaf.standard.processor.StandardRemovableAttributeTagProcessor
[THYMELEAF]             * [* {th:scheme,data-th-scheme}] [1000]: org.thymeleaf.standard.processor.StandardRemovableAttributeTagProcessor
[THYMELEAF]             * [* {th:accesskey,data-th-accesskey}] [1000]: org.thymeleaf.standard.processor.StandardRemovableAttributeTagProcessor
[THYMELEAF]             * [* {th:audio,data-th-audio}] [1000]: org.thymeleaf.standard.processor.StandardRemovableAttributeTagProcessor
[THYMELEAF]             * [* {th:accept-charset,data-th-accept-charset}] [1000]: org.thymeleaf.standard.processor.StandardRemovableAttributeTagProcessor
[THYMELEAF]             * [* {th:bgcolor,data-th-bgcolor}] [1000]: org.thymeleaf.standard.processor.StandardRemovableAttributeTagProcessor
[THYMELEAF]             * [* {th:wrap,data-th-wrap}] [1000]: org.thymeleaf.standard.processor.StandardRemovableAttributeTagProcessor
[THYMELEAF]             * [* {th:kind,data-th-kind}] [1000]: org.thymeleaf.standard.processor.StandardRemovableAttributeTagProcessor
[THYMELEAF]             * [* {th:cellspacing,data-th-cellspacing}] [1000]: org.thymeleaf.standard.processor.StandardRemovableAttributeTagProcessor
[THYMELEAF]             * [* {th:srclang,data-th-srclang}] [1000]: org.thymeleaf.standard.processor.StandardRemovableAttributeTagProcessor
[THYMELEAF]             * [* {th:keytype,data-th-keytype}] [1000]: org.thymeleaf.standard.processor.StandardRemovableAttributeTagProcessor
[THYMELEAF]             * [* {th:marginheight,data-th-marginheight}] [1000]: org.thymeleaf.standard.processor.StandardRemovableAttributeTagProcessor
[THYMELEAF]             * [* {th:longdesc,data-th-longdesc}] [1000]: org.thymeleaf.standard.processor.StandardRemovableAttributeTagProcessor
[THYMELEAF]             * [* {th:formenctype,data-th-formenctype}] [1000]: org.thymeleaf.standard.processor.StandardRemovableAttributeTagProcessor
[THYMELEAF]             * [* {th:max,data-th-max}] [1000]: org.thymeleaf.standard.processor.StandardRemovableAttributeTagProcessor
[THYMELEAF]             * [* {th:height,data-th-height}] [1000]: org.thymeleaf.standard.processor.StandardRemovableAttributeTagProcessor
[THYMELEAF]             * [* {th:min,data-th-min}] [1000]: org.thymeleaf.standard.processor.StandardRemovableAttributeTagProcessor
[THYMELEAF]             * [* {th:icon,data-th-icon}] [1000]: org.thymeleaf.standard.processor.StandardRemovableAttributeTagProcessor
[THYMELEAF]             * [* {th:step,data-th-step}] [1000]: org.thymeleaf.standard.processor.StandardRemovableAttributeTagProcessor
[THYMELEAF]             * [* {th:style,data-th-style}] [1000]: org.thymeleaf.standard.processor.StandardRemovableAttributeTagProcessor
[THYMELEAF]             * [* {th:optimum,data-th-optimum}] [1000]: org.thymeleaf.standard.processor.StandardRemovableAttributeTagProcessor
[THYMELEAF]             * [* {th:summary,data-th-summary}] [1000]: org.thymeleaf.standard.processor.StandardRemovableAttributeTagProcessor
[THYMELEAF]             * [* {th:maxlength,data-th-maxlength}] [1000]: org.thymeleaf.standard.processor.StandardRemovableAttributeTagProcessor
[THYMELEAF]             * [* {th:align,data-th-align}] [1000]: org.thymeleaf.standard.processor.StandardRemovableAttributeTagProcessor
[THYMELEAF]             * [* {th:contenteditable,data-th-contenteditable}] [1000]: org.thymeleaf.standard.processor.StandardRemovableAttributeTagProcessor
[THYMELEAF]             * [* {th:valuetype,data-th-valuetype}] [1000]: org.thymeleaf.standard.processor.StandardRemovableAttributeTagProcessor
[THYMELEAF]             * [* {th:alt,data-th-alt}] [1000]: org.thymeleaf.standard.processor.StandardRemovableAttributeTagProcessor
[THYMELEAF]             * [* {th:dir,data-th-dir}] [1000]: org.thymeleaf.standard.processor.StandardRemovableAttributeTagProcessor
[THYMELEAF]             * [* {th:cols,data-th-cols}] [1000]: org.thymeleaf.standard.processor.StandardRemovableAttributeTagProcessor
[THYMELEAF]             * [* {th:archive,data-th-archive}] [1000]: org.thymeleaf.standard.processor.StandardRemovableAttributeTagProcessor
[THYMELEAF]             * [* {th:preload,data-th-preload}] [1000]: org.thymeleaf.standard.processor.StandardRemovableAttributeTagProcessor
[THYMELEAF]             * [* {th:compact,data-th-compact}] [1000]: org.thymeleaf.standard.processor.StandardRemovableAttributeTagProcessor
[THYMELEAF]             * [* {th:classid,data-th-classid}] [1000]: org.thymeleaf.standard.processor.StandardRemovableAttributeTagProcessor
[THYMELEAF]             * [* {th:marginwidth,data-th-marginwidth}] [1000]: org.thymeleaf.standard.processor.StandardRemovableAttributeTagProcessor
[THYMELEAF]             * [* {th:http-equiv,data-th-http-equiv}] [1000]: org.thymeleaf.standard.processor.StandardRemovableAttributeTagProcessor
[THYMELEAF]             * [* {th:form,data-th-form}] [1000]: org.thymeleaf.standard.processor.StandardRemovableAttributeTagProcessor
[THYMELEAF]             * [* {th:rel,data-th-rel}] [1000]: org.thymeleaf.standard.processor.StandardRemovableAttributeTagProcessor
[THYMELEAF]             * [* {th:background,data-th-background}] [1000]: org.thymeleaf.standard.processor.StandardRemovableAttributeTagProcessor
[THYMELEAF]             * [* {th:frameborder,data-th-frameborder}] [1000]: org.thymeleaf.standard.processor.StandardRemovableAttributeTagProcessor
[THYMELEAF]             * [* {th:usemap,data-th-usemap}] [1000]: org.thymeleaf.standard.processor.StandardRemovableAttributeTagProcessor
[THYMELEAF]             * [* {th:abbr,data-th-abbr}] [1000]: org.thymeleaf.standard.processor.StandardRemovableAttributeTagProcessor
[THYMELEAF]             * [* {th:poster,data-th-poster}] [1000]: org.thymeleaf.standard.processor.StandardRemovableAttributeTagProcessor
[THYMELEAF]             * [* {th:rows,data-th-rows}] [1000]: org.thymeleaf.standard.processor.StandardRemovableAttributeTagProcessor
[THYMELEAF]             * [* {th:rules,data-th-rules}] [1000]: org.thymeleaf.standard.processor.StandardRemovableAttributeTagProcessor
[THYMELEAF]             * [* {th:manifest,data-th-manifest}] [1000]: org.thymeleaf.standard.processor.StandardRemovableAttributeTagProcessor
[THYMELEAF]             * [* {th:challenge,data-th-challenge}] [1000]: org.thymeleaf.standard.processor.StandardRemovableAttributeTagProcessor
[THYMELEAF]             * [* {th:high,data-th-high}] [1000]: org.thymeleaf.standard.processor.StandardRemovableAttributeTagProcessor
[THYMELEAF]             * [* {th:tabindex,data-th-tabindex}] [1000]: org.thymeleaf.standard.processor.StandardRemovableAttributeTagProcessor
[THYMELEAF]             * [* {th:contextmenu,data-th-contextmenu}] [1000]: org.thymeleaf.standard.processor.StandardRemovableAttributeTagProcessor
[THYMELEAF]             * [* {th:size,data-th-size}] [1000]: org.thymeleaf.standard.processor.StandardRemovableAttributeTagProcessor
[THYMELEAF]             * [* {th:title,data-th-title}] [1000]: org.thymeleaf.standard.processor.StandardRemovableAttributeTagProcessor
[THYMELEAF]             * [* {th:target,data-th-target}] [1000]: org.thymeleaf.standard.processor.StandardRemovableAttributeTagProcessor
[THYMELEAF]             * [* {th:hspace,data-th-hspace}] [1000]: org.thymeleaf.standard.processor.StandardRemovableAttributeTagProcessor
[THYMELEAF]             * [* {th:low,data-th-low}] [1000]: org.thymeleaf.standard.processor.StandardRemovableAttributeTagProcessor
[THYMELEAF]             * [* {th:draggable,data-th-draggable}] [1000]: org.thymeleaf.standard.processor.StandardRemovableAttributeTagProcessor
[THYMELEAF]             * [* {th:rowspan,data-th-rowspan}] [1000]: org.thymeleaf.standard.processor.StandardRemovableAttributeTagProcessor
[THYMELEAF]             * [* {th:dropzone,data-th-dropzone}] [1000]: org.thymeleaf.standard.processor.StandardRemovableAttributeTagProcessor
[THYMELEAF]             * [* {th:pattern,data-th-pattern}] [1000]: org.thymeleaf.standard.processor.StandardRemovableAttributeTagProcessor
[THYMELEAF]             * [* {th:media,data-th-media}] [1000]: org.thymeleaf.standard.processor.StandardRemovableAttributeTagProcessor
[THYMELEAF]             * [* {th:hreflang,data-th-hreflang}] [1000]: org.thymeleaf.standard.processor.StandardRemovableAttributeTagProcessor
[THYMELEAF]             * [* {th:scrolling,data-th-scrolling}] [1000]: org.thymeleaf.standard.processor.StandardRemovableAttributeTagProcessor
[THYMELEAF]             * [* {th:rev,data-th-rev}] [1000]: org.thymeleaf.standard.processor.StandardRemovableAttributeTagProcessor
[THYMELEAF]             * [* {th:span,data-th-span}] [1000]: org.thymeleaf.standard.processor.StandardRemovableAttributeTagProcessor
[THYMELEAF]             * [* {th:codebase,data-th-codebase}] [1000]: org.thymeleaf.standard.processor.StandardRemovableAttributeTagProcessor
[THYMELEAF]             * [* {th:formaction,data-th-formaction}] [1000]: org.thymeleaf.standard.processor.StandardRemovableAttributeTagProcessor
[THYMELEAF]             * [* {th:content,data-th-content}] [1000]: org.thymeleaf.standard.processor.StandardRemovableAttributeTagProcessor
[THYMELEAF]             * [* {th:enctype,data-th-enctype}] [1000]: org.thymeleaf.standard.processor.StandardRemovableAttributeTagProcessor
[THYMELEAF]             * [* {th:radiogroup,data-th-radiogroup}] [1000]: org.thymeleaf.standard.processor.StandardRemovableAttributeTagProcessor
[THYMELEAF]             * [* {th:vspace,data-th-vspace}] [1000]: org.thymeleaf.standard.processor.StandardRemovableAttributeTagProcessor
[THYMELEAF]             * [* {th:datetime,data-th-datetime}] [1000]: org.thymeleaf.standard.processor.StandardRemovableAttributeTagProcessor
[THYMELEAF]             * [* {th:list,data-th-list}] [1000]: org.thymeleaf.standard.processor.StandardRemovableAttributeTagProcessor
[THYMELEAF]             * [* {th:data,data-th-data}] [1000]: org.thymeleaf.standard.processor.StandardRemovableAttributeTagProcessor
[THYMELEAF]             * [* {th:formmethod,data-th-formmethod}] [1000]: org.thymeleaf.standard.processor.StandardRemovableAttributeTagProcessor
[THYMELEAF]             * [* {th:charset,data-th-charset}] [1000]: org.thymeleaf.standard.processor.StandardRemovableAttributeTagProcessor
[THYMELEAF]             * [* {th:accept,data-th-accept}] [1000]: org.thymeleaf.standard.processor.StandardRemovableAttributeTagProcessor
[THYMELEAF]             * [* {th:formtarget,data-th-formtarget}] [1000]: org.thymeleaf.standard.processor.StandardRemovableAttributeTagProcessor
[THYMELEAF]             * [* {th:autocomplete,data-th-autocomplete}] [1000]: org.thymeleaf.standard.processor.StandardRemovableAttributeTagProcessor
[THYMELEAF]             * [* {th:border,data-th-border}] [1000]: org.thymeleaf.standard.processor.StandardRemovableAttributeTagProcessor
[THYMELEAF]             * [* {th:placeholder,data-th-placeholder}] [1000]: org.thymeleaf.standard.processor.StandardRemovableAttributeTagProcessor
[THYMELEAF]             * [* {th:lang,data-th-lang}] [1000]: org.thymeleaf.standard.processor.StandardRemovableAttributeTagProcessor
[THYMELEAF]             * [* {th:start,data-th-start}] [1000]: org.thymeleaf.standard.processor.StandardRemovableAttributeTagProcessor
[THYMELEAF]             * [* {th:standby,data-th-standby}] [1000]: org.thymeleaf.standard.processor.StandardRemovableAttributeTagProcessor
[THYMELEAF]             * [* {th:headers,data-th-headers}] [1000]: org.thymeleaf.standard.processor.StandardRemovableAttributeTagProcessor
[THYMELEAF]             * [* {th:scope,data-th-scope}] [1000]: org.thymeleaf.standard.processor.StandardRemovableAttributeTagProcessor
[THYMELEAF]             * [* {th:colspan,data-th-colspan}] [1000]: org.thymeleaf.standard.processor.StandardRemovableAttributeTagProcessor
[THYMELEAF]             * [* {th:for,data-th-for}] [1000]: org.thymeleaf.standard.processor.StandardRemovableAttributeTagProcessor
[THYMELEAF]             * [* {th:src,data-th-src}] [1000]: org.thymeleaf.standard.processor.StandardSrcTagProcessor
[THYMELEAF]             * [* {th:value,data-th-value}] [1000]: org.thymeleaf.standard.processor.StandardValueTagProcessor
[THYMELEAF]             * [* {th:xmlbase,data-th-xmlbase}] [1000]: org.thymeleaf.standard.processor.StandardXmlBaseTagProcessor
[THYMELEAF]             * [* {th:xmllang,data-th-xmllang}] [1000]: org.thymeleaf.standard.processor.StandardXmlLangTagProcessor
[THYMELEAF]             * [* {xmlns:th}] [1000]: org.thymeleaf.standard.processor.StandardXmlNsTagProcessor
[THYMELEAF]             * [* {th:xmlspace,data-th-xmlspace}] [1000]: org.thymeleaf.standard.processor.StandardXmlSpaceTagProcessor
[THYMELEAF]             * [* {th:classappend,data-th-classappend}] [1100]: org.thymeleaf.standard.processor.StandardClassappendTagProcessor
[THYMELEAF]             * [* {th:styleappend,data-th-styleappend}] [1100]: org.thymeleaf.standard.processor.StandardStyleappendTagProcessor
[THYMELEAF]             * [* {th:text,data-th-text}] [1300]: org.thymeleaf.standard.processor.StandardTextTagProcessor
[THYMELEAF]             * [* {th:utext,data-th-utext}] [1400]: org.thymeleaf.standard.processor.StandardUtextTagProcessor
[THYMELEAF]             * [* {th:fragment,data-th-fragment}] [1500]: org.thymeleaf.standard.processor.StandardFragmentTagProcessor
[THYMELEAF]             * [* {th:assert,data-th-assert}] [1550]: org.thymeleaf.standard.processor.StandardAssertTagProcessor
[THYMELEAF]             * [* {th:remove,data-th-remove}] [1600]: org.thymeleaf.standard.processor.StandardRemoveTagProcessor
[THYMELEAF]             * [* {th:ref,data-th-ref}] [10000]: org.thymeleaf.standard.processor.StandardRefAttributeTagProcessor
[THYMELEAF]             * [{th:block,th-block} *] [100000]: org.thymeleaf.standard.processor.StandardBlockTagProcessor
[THYMELEAF]             * [* th:*] [2147483647]: org.thymeleaf.standard.processor.StandardDefaultAttributesTagProcessor
[THYMELEAF]         * Text Processors by [precedence]:
[THYMELEAF]             * [1000]: org.thymeleaf.standard.processor.StandardInliningTextProcessor
[THYMELEAF]         * DOCTYPE Processors by [precedence]:
[THYMELEAF]             * [1000]: org.thymeleaf.standard.processor.StandardTranslationDocTypeProcessor
[THYMELEAF]         * CDATA Section Processors by [precedence]:
[THYMELEAF]             * [1000]: org.thymeleaf.standard.processor.StandardInliningCDATASectionProcessor
[THYMELEAF]         * Comment Processors by [precedence]:
[THYMELEAF]             * [1000]: org.thymeleaf.standard.processor.StandardInliningCommentProcessor
[THYMELEAF]             * [1100]: org.thymeleaf.standard.processor.StandardConditionalCommentProcessor
[THYMELEAF]     * Processors for Template Mode: XML
[THYMELEAF]         * Element Tag Processors by [matching element and attribute name] [precedence]:
[THYMELEAF]             * [* {th:include}] [100]: org.thymeleaf.standard.processor.StandardIncludeTagProcessor
[THYMELEAF]             * [* {th:insert}] [100]: org.thymeleaf.standard.processor.StandardInsertTagProcessor
[THYMELEAF]             * [* {th:replace}] [100]: org.thymeleaf.standard.processor.StandardReplaceTagProcessor
[THYMELEAF]             * [* {th:each}] [200]: com.intuit.karate.template.KarateEachTagProcessor
[THYMELEAF]             * [* {th:switch}] [250]: org.thymeleaf.standard.processor.StandardSwitchTagProcessor
[THYMELEAF]             * [* {th:case}] [275]: org.thymeleaf.standard.processor.StandardCaseTagProcessor
[THYMELEAF]             * [* {th:if}] [300]: org.thymeleaf.standard.processor.StandardIfTagProcessor
[THYMELEAF]             * [* {th:unless}] [400]: org.thymeleaf.standard.processor.StandardUnlessTagProcessor
[THYMELEAF]             * [* {th:object}] [500]: org.thymeleaf.standard.processor.StandardObjectTagProcessor
[THYMELEAF]             * [* {th:with}] [600]: com.intuit.karate.template.KarateWithTagProcessor
[THYMELEAF]             * [* {th:attr}] [700]: com.intuit.karate.template.KarateAttributeTagProcessor.KarateAttrTagProcessor
[THYMELEAF]             * [* {th:attrappend}] [900]: com.intuit.karate.template.KarateAttributeTagProcessor.KarateAttrappendTagProcessor
[THYMELEAF]             * [* {th:attrprepend}] [900]: com.intuit.karate.template.KarateAttributeTagProcessor.KarateAttrprependTagProcessor
[THYMELEAF]             * [* {th:inline}] [1000]: org.thymeleaf.standard.processor.StandardInlineXMLTagProcessor
[THYMELEAF]             * [* {xmlns:th}] [1000]: org.thymeleaf.standard.processor.StandardXmlNsTagProcessor
[THYMELEAF]             * [* {th:text}] [1300]: org.thymeleaf.standard.processor.StandardTextTagProcessor
[THYMELEAF]             * [* {th:utext}] [1400]: org.thymeleaf.standard.processor.StandardUtextTagProcessor
[THYMELEAF]             * [* {th:fragment}] [1500]: org.thymeleaf.standard.processor.StandardFragmentTagProcessor
[THYMELEAF]             * [* {th:assert}] [1550]: org.thymeleaf.standard.processor.StandardAssertTagProcessor
[THYMELEAF]             * [* {th:remove}] [1600]: org.thymeleaf.standard.processor.StandardRemoveTagProcessor
[THYMELEAF]             * [* {th:ref}] [10000]: org.thymeleaf.standard.processor.StandardRefAttributeTagProcessor
[THYMELEAF]             * [{th:block} *] [100000]: org.thymeleaf.standard.processor.StandardBlockTagProcessor
[THYMELEAF]             * [* th:*] [2147483647]: org.thymeleaf.standard.processor.StandardDefaultAttributesTagProcessor
[THYMELEAF]         * Text Processors by [precedence]:
[THYMELEAF]             * [1000]: org.thymeleaf.standard.processor.StandardInliningTextProcessor
[THYMELEAF]         * CDATA Section Processors by [precedence]:
[THYMELEAF]             * [1000]: org.thymeleaf.standard.processor.StandardInliningCDATASectionProcessor
[THYMELEAF]         * Comment Processors by [precedence]:
[THYMELEAF]             * [1000]: org.thymeleaf.standard.processor.StandardInliningCommentProcessor
[THYMELEAF]     * Processors for Template Mode: TEXT
[THYMELEAF]         * Element Tag Processors by [matching element and attribute name] [precedence]:
[THYMELEAF]             * [* {th:insert}] [100]: org.thymeleaf.standard.processor.StandardInsertTagProcessor
[THYMELEAF]             * [* {th:replace}] [100]: org.thymeleaf.standard.processor.StandardReplaceTagProcessor
[THYMELEAF]             * [* {th:each}] [200]: com.intuit.karate.template.KarateEachTagProcessor
[THYMELEAF]             * [* {th:switch}] [250]: org.thymeleaf.standard.processor.StandardSwitchTagProcessor
[THYMELEAF]             * [* {th:case}] [275]: org.thymeleaf.standard.processor.StandardCaseTagProcessor
[THYMELEAF]             * [* {th:if}] [300]: org.thymeleaf.standard.processor.StandardIfTagProcessor
[THYMELEAF]             * [* {th:unless}] [400]: org.thymeleaf.standard.processor.StandardUnlessTagProcessor
[THYMELEAF]             * [* {th:object}] [500]: org.thymeleaf.standard.processor.StandardObjectTagProcessor
[THYMELEAF]             * [* {th:with}] [600]: com.intuit.karate.template.KarateWithTagProcessor
[THYMELEAF]             * [* {th:inline}] [1000]: org.thymeleaf.standard.processor.StandardInlineTextualTagProcessor
[THYMELEAF]             * [* {th:text}] [1300]: org.thymeleaf.standard.processor.StandardTextTagProcessor
[THYMELEAF]             * [* {th:utext}] [1400]: org.thymeleaf.standard.processor.StandardUtextTagProcessor
[THYMELEAF]             * [* {th:assert}] [1550]: org.thymeleaf.standard.processor.StandardAssertTagProcessor
[THYMELEAF]             * [* {th:remove}] [1600]: org.thymeleaf.standard.processor.StandardRemoveTagProcessor
[THYMELEAF]             * [* 100000] [org.thymeleaf.standard.processor.StandardBlockTagProcessor]: {}
[THYMELEAF]             * [{th:block} *] [100000]: org.thymeleaf.standard.processor.StandardBlockTagProcessor
[THYMELEAF]         * Text Processors by [precedence]:
[THYMELEAF]             * [1000]: org.thymeleaf.standard.processor.StandardInliningTextProcessor
[THYMELEAF]     * Processors for Template Mode: JAVASCRIPT
[THYMELEAF]         * Element Tag Processors by [matching element and attribute name] [precedence]:
[THYMELEAF]             * [* {th:insert}] [100]: org.thymeleaf.standard.processor.StandardInsertTagProcessor
[THYMELEAF]             * [* {th:replace}] [100]: org.thymeleaf.standard.processor.StandardReplaceTagProcessor
[THYMELEAF]             * [* {th:each}] [200]: com.intuit.karate.template.KarateEachTagProcessor
[THYMELEAF]             * [* {th:switch}] [250]: org.thymeleaf.standard.processor.StandardSwitchTagProcessor
[THYMELEAF]             * [* {th:case}] [275]: org.thymeleaf.standard.processor.StandardCaseTagProcessor
[THYMELEAF]             * [* {th:if}] [300]: org.thymeleaf.standard.processor.StandardIfTagProcessor
[THYMELEAF]             * [* {th:unless}] [400]: org.thymeleaf.standard.processor.StandardUnlessTagProcessor
[THYMELEAF]             * [* {th:object}] [500]: org.thymeleaf.standard.processor.StandardObjectTagProcessor
[THYMELEAF]             * [* {th:with}] [600]: com.intuit.karate.template.KarateWithTagProcessor
[THYMELEAF]             * [* {th:inline}] [1000]: org.thymeleaf.standard.processor.StandardInlineTextualTagProcessor
[THYMELEAF]             * [* {th:text}] [1300]: org.thymeleaf.standard.processor.StandardTextTagProcessor
[THYMELEAF]             * [* {th:utext}] [1400]: org.thymeleaf.standard.processor.StandardUtextTagProcessor
[THYMELEAF]             * [* {th:assert}] [1550]: org.thymeleaf.standard.processor.StandardAssertTagProcessor
[THYMELEAF]             * [* {th:remove}] [1600]: org.thymeleaf.standard.processor.StandardRemoveTagProcessor
[THYMELEAF]             * [{th:block} *] [100000]: org.thymeleaf.standard.processor.StandardBlockTagProcessor
[THYMELEAF]             * [* 100000] [org.thymeleaf.standard.processor.StandardBlockTagProcessor]: {}
[THYMELEAF]         * Text Processors by [precedence]:
[THYMELEAF]             * [1000]: org.thymeleaf.standard.processor.StandardInliningTextProcessor
[THYMELEAF]     * Processors for Template Mode: CSS
[THYMELEAF]         * Element Tag Processors by [matching element and attribute name] [precedence]:
[THYMELEAF]             * [* {th:insert}] [100]: org.thymeleaf.standard.processor.StandardInsertTagProcessor
[THYMELEAF]             * [* {th:replace}] [100]: org.thymeleaf.standard.processor.StandardReplaceTagProcessor
[THYMELEAF]             * [* {th:each}] [200]: com.intuit.karate.template.KarateEachTagProcessor
[THYMELEAF]             * [* {th:switch}] [250]: org.thymeleaf.standard.processor.StandardSwitchTagProcessor
[THYMELEAF]             * [* {th:case}] [275]: org.thymeleaf.standard.processor.StandardCaseTagProcessor
[THYMELEAF]             * [* {th:if}] [300]: org.thymeleaf.standard.processor.StandardIfTagProcessor
[THYMELEAF]             * [* {th:unless}] [400]: org.thymeleaf.standard.processor.StandardUnlessTagProcessor
[THYMELEAF]             * [* {th:object}] [500]: org.thymeleaf.standard.processor.StandardObjectTagProcessor
[THYMELEAF]             * [* {th:with}] [600]: com.intuit.karate.template.KarateWithTagProcessor
[THYMELEAF]             * [* {th:inline}] [1000]: org.thymeleaf.standard.processor.StandardInlineTextualTagProcessor
[THYMELEAF]             * [* {th:text}] [1300]: org.thymeleaf.standard.processor.StandardTextTagProcessor
[THYMELEAF]             * [* {th:utext}] [1400]: org.thymeleaf.standard.processor.StandardUtextTagProcessor
[THYMELEAF]             * [* {th:assert}] [1550]: org.thymeleaf.standard.processor.StandardAssertTagProcessor
[THYMELEAF]             * [* {th:remove}] [1600]: org.thymeleaf.standard.processor.StandardRemoveTagProcessor
[THYMELEAF]             * [* 100000] [org.thymeleaf.standard.processor.StandardBlockTagProcessor]: {}
[THYMELEAF]             * [{th:block} *] [100000]: org.thymeleaf.standard.processor.StandardBlockTagProcessor
[THYMELEAF]         * Text Processors by [precedence]:
[THYMELEAF]             * [1000]: org.thymeleaf.standard.processor.StandardInliningTextProcessor
[THYMELEAF]     * Expression Objects:
[THYMELEAF]         * #ctx
[THYMELEAF]         * #root
[THYMELEAF]         * #vars
[THYMELEAF]         * #object
[THYMELEAF]         * #locale
[THYMELEAF]         * #conversions
[THYMELEAF]         * #uris
[THYMELEAF]         * #temporals
[THYMELEAF]         * #calendars
[THYMELEAF]         * #dates
[THYMELEAF]         * #bools
[THYMELEAF]         * #numbers
[THYMELEAF]         * #objects
[THYMELEAF]         * #strings
[THYMELEAF]         * #arrays
[THYMELEAF]         * #lists
[THYMELEAF]         * #sets
[THYMELEAF]         * #maps
[THYMELEAF]         * #aggregates
[THYMELEAF]         * #messages
[THYMELEAF]         * #ids
[THYMELEAF]         * #execInfo
[THYMELEAF]         * #request
[THYMELEAF]         * #response
[THYMELEAF]         * #session
[THYMELEAF]         * #servletContext
[THYMELEAF]     * Execution Attributes:
[THYMELEAF]         * "StandardExpressionParser": com.intuit.karate.template.KarateStandardDialect@65844c96
[THYMELEAF]         * "StandardJavaScriptSerializer": org.thymeleaf.standard.serializer.StandardJavaScriptSerializer@11abd6c
[THYMELEAF]         * "StandardCSSSerializer": org.thymeleaf.standard.serializer.StandardCSSSerializer@29b5533
[THYMELEAF]         * "StandardVariableExpressionEvaluator": com.intuit.karate.template.KarateStandardDialect@65844c96
[THYMELEAF]         * "StandardConversionService": org.thymeleaf.standard.expression.StandardConversionService@7608a838
[THYMELEAF] * Dialect [2 of 2]: karate (com.intuit.karate.template.KarateScriptDialect)
[THYMELEAF]     * Prefix: "ka"
[THYMELEAF]     * Processors for Template Mode: HTML
[THYMELEAF]         * Element Tag Processors by [matching element and attribute name] [precedence]:
[THYMELEAF]             * [* {src}] [1000]: com.intuit.karate.template.KaScriptAttrProcessor
[THYMELEAF]         * Element Model Processors by [matching element and attribute name] [precedence]:
[THYMELEAF]             * [{script} {ka:scope,data-ka-scope}] [1000]: com.intuit.karate.template.KaScriptElemProcessor
[THYMELEAF]             * [* {ka:set,data-ka-set}] [1000]: com.intuit.karate.template.KaSetElemProcessor
[THYMELEAF] TEMPLATE ENGINE CONFIGURED OK
14:57:17.770 [main] DEBUG org.thymeleaf.TemplateEngine -- [THYMELEAF] TEMPLATE ENGINE INITIALIZED
---------------------------------------------------------
feature: classpath:features/usuarios/usuarios-crear.feature
scenarios:  2 | passed:  2 | failed:  0 | time: 1.8616
---------------------------------------------------------

]]></system-out>
  </testcase>
  <testcase name="[1:9] Crear y consultar usuario por ID (200)" classname="features/usuarios/usuarios-detalle" time="0.886">
    <system-out><![CDATA[14:57:17.922 [main] DEBUG com.jayway.jsonpath.internal.path.CompiledPath -- Evaluating path: $
14:57:17.922 [main] DEBUG org.apache.http.client.protocol.RequestAddCookies -- CookieSpec selected: karate
14:57:17.922 [main] DEBUG org.apache.http.client.protocol.RequestAuthCache -- Auth cache not set in the context
14:57:17.922 [main] DEBUG com.intuit.karate -- request:
1 > POST https://serverest.dev/usuarios
1 > Content-Type: application/json; charset=UTF-8
1 > Content-Length: 99
1 > Host: serverest.dev
1 > Connection: Keep-Alive
1 > User-Agent: Apache-HttpClient/4.5.14 (Java/17.0.12)
1 > Accept-Encoding: gzip,deflate
{"nome":"User-20300","email":"user_82e4847d@mail.com","password":"Pwd@ba05","administrador":"true"}

14:57:17.922 [main] DEBUG org.apache.http.impl.conn.PoolingHttpClientConnectionManager -- Connection request: [route: {s}->https://serverest.dev:443][total available: 0; route allocated: 0 of 5; total allocated: 0 of 10]
14:57:17.922 [main] DEBUG org.apache.http.impl.conn.PoolingHttpClientConnectionManager -- Connection leased: [id: 8][route: {s}->https://serverest.dev:443][total available: 0; route allocated: 1 of 5; total allocated: 1 of 10]
14:57:17.922 [main] DEBUG org.apache.http.impl.execchain.MainClientExec -- Opening connection {s}->https://serverest.dev:443
14:57:17.922 [main] DEBUG org.apache.http.impl.conn.DefaultHttpClientConnectionOperator -- Connecting to serverest.dev/216.239.38.21:443
14:57:17.922 [main] DEBUG org.apache.http.conn.ssl.LenientSslConnectionSocketFactory -- Connecting socket to serverest.dev/216.239.38.21:443 with timeout 15000
14:57:17.960 [main] DEBUG org.apache.http.conn.ssl.LenientSslConnectionSocketFactory -- Enabled protocols: [TLSv1.3, TLSv1.2]
14:57:17.960 [main] DEBUG org.apache.http.conn.ssl.LenientSslConnectionSocketFactory -- Enabled cipher suites:[TLS_AES_256_GCM_SHA384, TLS_AES_128_GCM_SHA256, TLS_CHACHA20_POLY1305_SHA256, TLS_ECDHE_ECDSA_WITH_AES_256_GCM_SHA384, TLS_ECDHE_ECDSA_WITH_AES_128_GCM_SHA256, TLS_ECDHE_ECDSA_WITH_CHACHA20_POLY1305_SHA256, TLS_ECDHE_RSA_WITH_AES_256_GCM_SHA384, TLS_ECDHE_RSA_WITH_CHACHA20_POLY1305_SHA256, TLS_ECDHE_RSA_WITH_AES_128_GCM_SHA256, TLS_DHE_RSA_WITH_AES_256_GCM_SHA384, TLS_DHE_RSA_WITH_CHACHA20_POLY1305_SHA256, TLS_DHE_DSS_WITH_AES_256_GCM_SHA384, TLS_DHE_RSA_WITH_AES_128_GCM_SHA256, TLS_DHE_DSS_WITH_AES_128_GCM_SHA256, TLS_ECDHE_ECDSA_WITH_AES_256_CBC_SHA384, TLS_ECDHE_RSA_WITH_AES_256_CBC_SHA384, TLS_ECDHE_ECDSA_WITH_AES_128_CBC_SHA256, TLS_ECDHE_RSA_WITH_AES_128_CBC_SHA256, TLS_DHE_RSA_WITH_AES_256_CBC_SHA256, TLS_DHE_DSS_WITH_AES_256_CBC_SHA256, TLS_DHE_RSA_WITH_AES_128_CBC_SHA256, TLS_DHE_DSS_WITH_AES_128_CBC_SHA256, TLS_ECDH_ECDSA_WITH_AES_256_GCM_SHA384, TLS_ECDH_RSA_WITH_AES_256_GCM_SHA384, TLS_ECDH_ECDSA_WITH_AES_128_GCM_SHA256, TLS_ECDH_RSA_WITH_AES_128_GCM_SHA256, TLS_ECDH_ECDSA_WITH_AES_256_CBC_SHA384, TLS_ECDH_RSA_WITH_AES_256_CBC_SHA384, TLS_ECDH_ECDSA_WITH_AES_128_CBC_SHA256, TLS_ECDH_RSA_WITH_AES_128_CBC_SHA256, TLS_ECDHE_ECDSA_WITH_AES_256_CBC_SHA, TLS_ECDHE_RSA_WITH_AES_256_CBC_SHA, TLS_ECDHE_ECDSA_WITH_AES_128_CBC_SHA, TLS_ECDHE_RSA_WITH_AES_128_CBC_SHA, TLS_DHE_RSA_WITH_AES_256_CBC_SHA, TLS_DHE_DSS_WITH_AES_256_CBC_SHA, TLS_DHE_RSA_WITH_AES_128_CBC_SHA, TLS_DHE_DSS_WITH_AES_128_CBC_SHA, TLS_ECDH_ECDSA_WITH_AES_256_CBC_SHA, TLS_ECDH_RSA_WITH_AES_256_CBC_SHA, TLS_ECDH_ECDSA_WITH_AES_128_CBC_SHA, TLS_ECDH_RSA_WITH_AES_128_CBC_SHA, TLS_RSA_WITH_AES_256_GCM_SHA384, TLS_RSA_WITH_AES_128_GCM_SHA256, TLS_RSA_WITH_AES_256_CBC_SHA256, TLS_RSA_WITH_AES_128_CBC_SHA256, TLS_RSA_WITH_AES_256_CBC_SHA, TLS_RSA_WITH_AES_128_CBC_SHA, TLS_EMPTY_RENEGOTIATION_INFO_SCSV]
14:57:17.960 [main] DEBUG org.apache.http.conn.ssl.LenientSslConnectionSocketFactory -- Starting handshake
14:57:18.147 [main] DEBUG org.apache.http.conn.ssl.LenientSslConnectionSocketFactory -- Secure session established
14:57:18.147 [main] DEBUG org.apache.http.conn.ssl.LenientSslConnectionSocketFactory --  negotiated protocol: TLSv1.3
14:57:18.147 [main] DEBUG org.apache.http.conn.ssl.LenientSslConnectionSocketFactory --  negotiated cipher suite: TLS_AES_256_GCM_SHA384
14:57:18.147 [main] DEBUG org.apache.http.conn.ssl.LenientSslConnectionSocketFactory --  peer principal: CN=serverest.dev
14:57:18.147 [main] DEBUG org.apache.http.conn.ssl.LenientSslConnectionSocketFactory --  peer alternative names: [serverest.dev]
14:57:18.147 [main] DEBUG org.apache.http.conn.ssl.LenientSslConnectionSocketFactory --  issuer principal: CN=WR3, O=Google Trust Services, C=US
14:57:18.147 [main] DEBUG org.apache.http.impl.conn.DefaultHttpClientConnectionOperator -- Connection established 192.168.100.14:54879<->216.239.38.21:443
14:57:18.147 [main] DEBUG org.apache.http.impl.conn.DefaultManagedHttpClientConnection -- http-outgoing-8: set socket timeout to 15000
14:57:18.147 [main] DEBUG org.apache.http.impl.execchain.MainClientExec -- Executing request POST /usuarios HTTP/1.1
14:57:18.147 [main] DEBUG org.apache.http.impl.execchain.MainClientExec -- Target auth state: UNCHALLENGED
14:57:18.147 [main] DEBUG org.apache.http.impl.execchain.MainClientExec -- Proxy auth state: UNCHALLENGED
14:57:18.147 [main] DEBUG org.apache.http.headers -- http-outgoing-8 >> POST /usuarios HTTP/1.1
14:57:18.147 [main] DEBUG org.apache.http.headers -- http-outgoing-8 >> Content-Type: application/json; charset=UTF-8
14:57:18.147 [main] DEBUG org.apache.http.headers -- http-outgoing-8 >> Content-Length: 99
14:57:18.147 [main] DEBUG org.apache.http.headers -- http-outgoing-8 >> Host: serverest.dev
14:57:18.147 [main] DEBUG org.apache.http.headers -- http-outgoing-8 >> Connection: Keep-Alive
14:57:18.147 [main] DEBUG org.apache.http.headers -- http-outgoing-8 >> User-Agent: Apache-HttpClient/4.5.14 (Java/17.0.12)
14:57:18.147 [main] DEBUG org.apache.http.headers -- http-outgoing-8 >> Accept-Encoding: gzip,deflate
14:57:18.149 [main] DEBUG org.apache.http.wire -- http-outgoing-8 >> "POST /usuarios HTTP/1.1[\r][\n]"
14:57:18.149 [main] DEBUG org.apache.http.wire -- http-outgoing-8 >> "Content-Type: application/json; charset=UTF-8[\r][\n]"
14:57:18.149 [main] DEBUG org.apache.http.wire -- http-outgoing-8 >> "Content-Length: 99[\r][\n]"
14:57:18.149 [main] DEBUG org.apache.http.wire -- http-outgoing-8 >> "Host: serverest.dev[\r][\n]"
14:57:18.149 [main] DEBUG org.apache.http.wire -- http-outgoing-8 >> "Connection: Keep-Alive[\r][\n]"
14:57:18.149 [main] DEBUG org.apache.http.wire -- http-outgoing-8 >> "User-Agent: Apache-HttpClient/4.5.14 (Java/17.0.12)[\r][\n]"
14:57:18.149 [main] DEBUG org.apache.http.wire -- http-outgoing-8 >> "Accept-Encoding: gzip,deflate[\r][\n]"
14:57:18.149 [main] DEBUG org.apache.http.wire -- http-outgoing-8 >> "[\r][\n]"
14:57:18.149 [main] DEBUG org.apache.http.wire -- http-outgoing-8 >> "{"nome":"User-20300","email":"user_82e4847d@mail.com","password":"Pwd@ba05","administrador":"true"}"
14:57:18.346 [main] DEBUG org.apache.http.wire -- http-outgoing-8 << "HTTP/1.1 201 Created[\r][\n]"
14:57:18.346 [main] DEBUG org.apache.http.wire -- http-outgoing-8 << "access-control-allow-origin: *[\r][\n]"
14:57:18.346 [main] DEBUG org.apache.http.wire -- http-outgoing-8 << "x-dns-prefetch-control: off[\r][\n]"
14:57:18.346 [main] DEBUG org.apache.http.wire -- http-outgoing-8 << "x-frame-options: SAMEORIGIN[\r][\n]"
14:57:18.346 [main] DEBUG org.apache.http.wire -- http-outgoing-8 << "strict-transport-security: max-age=15552000; includeSubDomains[\r][\n]"
14:57:18.346 [main] DEBUG org.apache.http.wire -- http-outgoing-8 << "x-download-options: noopen[\r][\n]"
14:57:18.346 [main] DEBUG org.apache.http.wire -- http-outgoing-8 << "x-content-type-options: nosniff[\r][\n]"
14:57:18.346 [main] DEBUG org.apache.http.wire -- http-outgoing-8 << "x-xss-protection: 1; mode=block[\r][\n]"
14:57:18.346 [main] DEBUG org.apache.http.wire -- http-outgoing-8 << "content-type: application/json; charset=utf-8[\r][\n]"
14:57:18.346 [main] DEBUG org.apache.http.wire -- http-outgoing-8 << "x-cloud-trace-context: bb6953ebb0d578a878905dd5e8d74a37[\r][\n]"
14:57:18.346 [main] DEBUG org.apache.http.wire -- http-outgoing-8 << "date: Sun, 31 Aug 2025 19:57:18 GMT[\r][\n]"
14:57:18.346 [main] DEBUG org.apache.http.wire -- http-outgoing-8 << "server: Google Frontend[\r][\n]"
14:57:18.346 [main] DEBUG org.apache.http.wire -- http-outgoing-8 << "Content-Length: 82[\r][\n]"
14:57:18.346 [main] DEBUG org.apache.http.wire -- http-outgoing-8 << "[\r][\n]"
14:57:18.346 [main] DEBUG org.apache.http.wire -- http-outgoing-8 << "{[\n]"
14:57:18.346 [main] DEBUG org.apache.http.wire -- http-outgoing-8 << "    "message": "Cadastro realizado com sucesso",[\n]"
14:57:18.346 [main] DEBUG org.apache.http.wire -- http-outgoing-8 << "    "_id": "YGtBoiWxNykmaTGz"[\n]"
14:57:18.346 [main] DEBUG org.apache.http.wire -- http-outgoing-8 << "}"
14:57:18.346 [main] DEBUG org.apache.http.headers -- http-outgoing-8 << HTTP/1.1 201 Created
14:57:18.346 [main] DEBUG org.apache.http.headers -- http-outgoing-8 << access-control-allow-origin: *
14:57:18.346 [main] DEBUG org.apache.http.headers -- http-outgoing-8 << x-dns-prefetch-control: off
14:57:18.346 [main] DEBUG org.apache.http.headers -- http-outgoing-8 << x-frame-options: SAMEORIGIN
14:57:18.346 [main] DEBUG org.apache.http.headers -- http-outgoing-8 << strict-transport-security: max-age=15552000; includeSubDomains
14:57:18.346 [main] DEBUG org.apache.http.headers -- http-outgoing-8 << x-download-options: noopen
14:57:18.346 [main] DEBUG org.apache.http.headers -- http-outgoing-8 << x-content-type-options: nosniff
14:57:18.346 [main] DEBUG org.apache.http.headers -- http-outgoing-8 << x-xss-protection: 1; mode=block
14:57:18.346 [main] DEBUG org.apache.http.headers -- http-outgoing-8 << content-type: application/json; charset=utf-8
14:57:18.346 [main] DEBUG org.apache.http.headers -- http-outgoing-8 << x-cloud-trace-context: bb6953ebb0d578a878905dd5e8d74a37
14:57:18.346 [main] DEBUG org.apache.http.headers -- http-outgoing-8 << date: Sun, 31 Aug 2025 19:57:18 GMT
14:57:18.346 [main] DEBUG org.apache.http.headers -- http-outgoing-8 << server: Google Frontend
14:57:18.346 [main] DEBUG org.apache.http.headers -- http-outgoing-8 << Content-Length: 82
14:57:18.346 [main] DEBUG org.apache.http.impl.execchain.MainClientExec -- Connection can be kept alive indefinitely
14:57:18.346 [main] DEBUG org.apache.http.impl.conn.PoolingHttpClientConnectionManager -- Connection [id: 8][route: {s}->https://serverest.dev:443] can be kept alive indefinitely
14:57:18.346 [main] DEBUG org.apache.http.impl.conn.DefaultManagedHttpClientConnection -- http-outgoing-8: set socket timeout to 0
14:57:18.346 [main] DEBUG org.apache.http.impl.conn.PoolingHttpClientConnectionManager -- Connection released: [id: 8][route: {s}->https://serverest.dev:443][total available: 1; route allocated: 1 of 5; total allocated: 1 of 10]
14:57:18.346 [main] DEBUG org.apache.http.impl.conn.PoolingHttpClientConnectionManager -- Connection manager is shutting down
14:57:18.346 [main] DEBUG org.apache.http.impl.conn.DefaultManagedHttpClientConnection -- http-outgoing-8: Close connection
14:57:18.360 [main] DEBUG org.apache.http.impl.conn.PoolingHttpClientConnectionManager -- Connection manager shut down
14:57:18.360 [main] DEBUG com.intuit.karate -- response time in milliseconds: 424
1 < 201
1 < access-control-allow-origin: *
1 < x-dns-prefetch-control: off
1 < x-frame-options: SAMEORIGIN
1 < strict-transport-security: max-age=15552000; includeSubDomains
1 < x-download-options: noopen
1 < x-content-type-options: nosniff
1 < x-xss-protection: 1; mode=block
1 < content-type: application/json; charset=utf-8
1 < x-cloud-trace-context: bb6953ebb0d578a878905dd5e8d74a37
1 < date: Sun, 31 Aug 2025 19:57:18 GMT
1 < server: Google Frontend
1 < Content-Length: 82
{
    "message": "Cadastro realizado com sucesso",
    "_id": "YGtBoiWxNykmaTGz"
}

14:57:18.362 [main] DEBUG org.apache.http.client.protocol.RequestAddCookies -- CookieSpec selected: karate
14:57:18.362 [main] DEBUG org.apache.http.client.protocol.RequestAuthCache -- Auth cache not set in the context
14:57:18.362 [main] DEBUG com.intuit.karate -- request:
2 > GET https://serverest.dev/usuarios/YGtBoiWxNykmaTGz
2 > Host: serverest.dev
2 > Connection: Keep-Alive
2 > User-Agent: Apache-HttpClient/4.5.14 (Java/17.0.12)
2 > Accept-Encoding: gzip,deflate


14:57:18.362 [main] DEBUG org.apache.http.impl.conn.PoolingHttpClientConnectionManager -- Connection request: [route: {s}->https://serverest.dev:443][total available: 0; route allocated: 0 of 5; total allocated: 0 of 10]
14:57:18.362 [main] DEBUG org.apache.http.impl.conn.PoolingHttpClientConnectionManager -- Connection leased: [id: 9][route: {s}->https://serverest.dev:443][total available: 0; route allocated: 1 of 5; total allocated: 1 of 10]
14:57:18.362 [main] DEBUG org.apache.http.impl.execchain.MainClientExec -- Opening connection {s}->https://serverest.dev:443
14:57:18.362 [main] DEBUG org.apache.http.impl.conn.DefaultHttpClientConnectionOperator -- Connecting to serverest.dev/216.239.38.21:443
14:57:18.362 [main] DEBUG org.apache.http.conn.ssl.LenientSslConnectionSocketFactory -- Connecting socket to serverest.dev/216.239.38.21:443 with timeout 15000
14:57:18.394 [main] DEBUG org.apache.http.conn.ssl.LenientSslConnectionSocketFactory -- Enabled protocols: [TLSv1.3, TLSv1.2]
14:57:18.394 [main] DEBUG org.apache.http.conn.ssl.LenientSslConnectionSocketFactory -- Enabled cipher suites:[TLS_AES_256_GCM_SHA384, TLS_AES_128_GCM_SHA256, TLS_CHACHA20_POLY1305_SHA256, TLS_ECDHE_ECDSA_WITH_AES_256_GCM_SHA384, TLS_ECDHE_ECDSA_WITH_AES_128_GCM_SHA256, TLS_ECDHE_ECDSA_WITH_CHACHA20_POLY1305_SHA256, TLS_ECDHE_RSA_WITH_AES_256_GCM_SHA384, TLS_ECDHE_RSA_WITH_CHACHA20_POLY1305_SHA256, TLS_ECDHE_RSA_WITH_AES_128_GCM_SHA256, TLS_DHE_RSA_WITH_AES_256_GCM_SHA384, TLS_DHE_RSA_WITH_CHACHA20_POLY1305_SHA256, TLS_DHE_DSS_WITH_AES_256_GCM_SHA384, TLS_DHE_RSA_WITH_AES_128_GCM_SHA256, TLS_DHE_DSS_WITH_AES_128_GCM_SHA256, TLS_ECDHE_ECDSA_WITH_AES_256_CBC_SHA384, TLS_ECDHE_RSA_WITH_AES_256_CBC_SHA384, TLS_ECDHE_ECDSA_WITH_AES_128_CBC_SHA256, TLS_ECDHE_RSA_WITH_AES_128_CBC_SHA256, TLS_DHE_RSA_WITH_AES_256_CBC_SHA256, TLS_DHE_DSS_WITH_AES_256_CBC_SHA256, TLS_DHE_RSA_WITH_AES_128_CBC_SHA256, TLS_DHE_DSS_WITH_AES_128_CBC_SHA256, TLS_ECDH_ECDSA_WITH_AES_256_GCM_SHA384, TLS_ECDH_RSA_WITH_AES_256_GCM_SHA384, TLS_ECDH_ECDSA_WITH_AES_128_GCM_SHA256, TLS_ECDH_RSA_WITH_AES_128_GCM_SHA256, TLS_ECDH_ECDSA_WITH_AES_256_CBC_SHA384, TLS_ECDH_RSA_WITH_AES_256_CBC_SHA384, TLS_ECDH_ECDSA_WITH_AES_128_CBC_SHA256, TLS_ECDH_RSA_WITH_AES_128_CBC_SHA256, TLS_ECDHE_ECDSA_WITH_AES_256_CBC_SHA, TLS_ECDHE_RSA_WITH_AES_256_CBC_SHA, TLS_ECDHE_ECDSA_WITH_AES_128_CBC_SHA, TLS_ECDHE_RSA_WITH_AES_128_CBC_SHA, TLS_DHE_RSA_WITH_AES_256_CBC_SHA, TLS_DHE_DSS_WITH_AES_256_CBC_SHA, TLS_DHE_RSA_WITH_AES_128_CBC_SHA, TLS_DHE_DSS_WITH_AES_128_CBC_SHA, TLS_ECDH_ECDSA_WITH_AES_256_CBC_SHA, TLS_ECDH_RSA_WITH_AES_256_CBC_SHA, TLS_ECDH_ECDSA_WITH_AES_128_CBC_SHA, TLS_ECDH_RSA_WITH_AES_128_CBC_SHA, TLS_RSA_WITH_AES_256_GCM_SHA384, TLS_RSA_WITH_AES_128_GCM_SHA256, TLS_RSA_WITH_AES_256_CBC_SHA256, TLS_RSA_WITH_AES_128_CBC_SHA256, TLS_RSA_WITH_AES_256_CBC_SHA, TLS_RSA_WITH_AES_128_CBC_SHA, TLS_EMPTY_RENEGOTIATION_INFO_SCSV]
14:57:18.394 [main] DEBUG org.apache.http.conn.ssl.LenientSslConnectionSocketFactory -- Starting handshake
14:57:18.569 [main] DEBUG org.apache.http.conn.ssl.LenientSslConnectionSocketFactory -- Secure session established
14:57:18.569 [main] DEBUG org.apache.http.conn.ssl.LenientSslConnectionSocketFactory --  negotiated protocol: TLSv1.3
14:57:18.569 [main] DEBUG org.apache.http.conn.ssl.LenientSslConnectionSocketFactory --  negotiated cipher suite: TLS_AES_256_GCM_SHA384
14:57:18.569 [main] DEBUG org.apache.http.conn.ssl.LenientSslConnectionSocketFactory --  peer principal: CN=serverest.dev
14:57:18.569 [main] DEBUG org.apache.http.conn.ssl.LenientSslConnectionSocketFactory --  peer alternative names: [serverest.dev]
14:57:18.569 [main] DEBUG org.apache.http.conn.ssl.LenientSslConnectionSocketFactory --  issuer principal: CN=WR3, O=Google Trust Services, C=US
14:57:18.569 [main] DEBUG org.apache.http.impl.conn.DefaultHttpClientConnectionOperator -- Connection established 192.168.100.14:54880<->216.239.38.21:443
14:57:18.569 [main] DEBUG org.apache.http.impl.conn.DefaultManagedHttpClientConnection -- http-outgoing-9: set socket timeout to 15000
14:57:18.569 [main] DEBUG org.apache.http.impl.execchain.MainClientExec -- Executing request GET /usuarios/YGtBoiWxNykmaTGz HTTP/1.1
14:57:18.569 [main] DEBUG org.apache.http.impl.execchain.MainClientExec -- Target auth state: UNCHALLENGED
14:57:18.569 [main] DEBUG org.apache.http.impl.execchain.MainClientExec -- Proxy auth state: UNCHALLENGED
14:57:18.569 [main] DEBUG org.apache.http.headers -- http-outgoing-9 >> GET /usuarios/YGtBoiWxNykmaTGz HTTP/1.1
14:57:18.569 [main] DEBUG org.apache.http.headers -- http-outgoing-9 >> Host: serverest.dev
14:57:18.569 [main] DEBUG org.apache.http.headers -- http-outgoing-9 >> Connection: Keep-Alive
14:57:18.569 [main] DEBUG org.apache.http.headers -- http-outgoing-9 >> User-Agent: Apache-HttpClient/4.5.14 (Java/17.0.12)
14:57:18.569 [main] DEBUG org.apache.http.headers -- http-outgoing-9 >> Accept-Encoding: gzip,deflate
14:57:18.569 [main] DEBUG org.apache.http.wire -- http-outgoing-9 >> "GET /usuarios/YGtBoiWxNykmaTGz HTTP/1.1[\r][\n]"
14:57:18.569 [main] DEBUG org.apache.http.wire -- http-outgoing-9 >> "Host: serverest.dev[\r][\n]"
14:57:18.569 [main] DEBUG org.apache.http.wire -- http-outgoing-9 >> "Connection: Keep-Alive[\r][\n]"
14:57:18.569 [main] DEBUG org.apache.http.wire -- http-outgoing-9 >> "User-Agent: Apache-HttpClient/4.5.14 (Java/17.0.12)[\r][\n]"
14:57:18.569 [main] DEBUG org.apache.http.wire -- http-outgoing-9 >> "Accept-Encoding: gzip,deflate[\r][\n]"
14:57:18.569 [main] DEBUG org.apache.http.wire -- http-outgoing-9 >> "[\r][\n]"
14:57:18.788 [main] DEBUG org.apache.http.wire -- http-outgoing-9 << "HTTP/1.1 200 OK[\r][\n]"
14:57:18.788 [main] DEBUG org.apache.http.wire -- http-outgoing-9 << "access-control-allow-origin: *[\r][\n]"
14:57:18.788 [main] DEBUG org.apache.http.wire -- http-outgoing-9 << "x-dns-prefetch-control: off[\r][\n]"
14:57:18.788 [main] DEBUG org.apache.http.wire -- http-outgoing-9 << "x-frame-options: SAMEORIGIN[\r][\n]"
14:57:18.788 [main] DEBUG org.apache.http.wire -- http-outgoing-9 << "strict-transport-security: max-age=15552000; includeSubDomains[\r][\n]"
14:57:18.788 [main] DEBUG org.apache.http.wire -- http-outgoing-9 << "x-download-options: noopen[\r][\n]"
14:57:18.788 [main] DEBUG org.apache.http.wire -- http-outgoing-9 << "x-content-type-options: nosniff[\r][\n]"
14:57:18.788 [main] DEBUG org.apache.http.wire -- http-outgoing-9 << "x-xss-protection: 1; mode=block[\r][\n]"
14:57:18.788 [main] DEBUG org.apache.http.wire -- http-outgoing-9 << "content-type: application/json; charset=utf-8[\r][\n]"
14:57:18.788 [main] DEBUG org.apache.http.wire -- http-outgoing-9 << "x-cloud-trace-context: 019e4b8774459edcc584772a3e780ab2[\r][\n]"
14:57:18.788 [main] DEBUG org.apache.http.wire -- http-outgoing-9 << "date: Sun, 31 Aug 2025 19:57:18 GMT[\r][\n]"
14:57:18.788 [main] DEBUG org.apache.http.wire -- http-outgoing-9 << "server: Google Frontend[\r][\n]"
14:57:18.788 [main] DEBUG org.apache.http.wire -- http-outgoing-9 << "Content-Length: 155[\r][\n]"
14:57:18.788 [main] DEBUG org.apache.http.wire -- http-outgoing-9 << "[\r][\n]"
14:57:18.788 [main] DEBUG org.apache.http.wire -- http-outgoing-9 << "{[\n]"
14:57:18.788 [main] DEBUG org.apache.http.wire -- http-outgoing-9 << "    "nome": "User-20300",[\n]"
14:57:18.788 [main] DEBUG org.apache.http.wire -- http-outgoing-9 << "    "email": "user_82e4847d@mail.com",[\n]"
14:57:18.788 [main] DEBUG org.apache.http.wire -- http-outgoing-9 << "    "password": "Pwd@ba05",[\n]"
14:57:18.788 [main] DEBUG org.apache.http.wire -- http-outgoing-9 << "    "administrador": "true",[\n]"
14:57:18.788 [main] DEBUG org.apache.http.wire -- http-outgoing-9 << "    "_id": "YGtBoiWxNykmaTGz"[\n]"
14:57:18.788 [main] DEBUG org.apache.http.wire -- http-outgoing-9 << "}"
14:57:18.788 [main] DEBUG org.apache.http.headers -- http-outgoing-9 << HTTP/1.1 200 OK
14:57:18.788 [main] DEBUG org.apache.http.headers -- http-outgoing-9 << access-control-allow-origin: *
14:57:18.788 [main] DEBUG org.apache.http.headers -- http-outgoing-9 << x-dns-prefetch-control: off
14:57:18.788 [main] DEBUG org.apache.http.headers -- http-outgoing-9 << x-frame-options: SAMEORIGIN
14:57:18.788 [main] DEBUG org.apache.http.headers -- http-outgoing-9 << strict-transport-security: max-age=15552000; includeSubDomains
14:57:18.788 [main] DEBUG org.apache.http.headers -- http-outgoing-9 << x-download-options: noopen
14:57:18.788 [main] DEBUG org.apache.http.headers -- http-outgoing-9 << x-content-type-options: nosniff
14:57:18.788 [main] DEBUG org.apache.http.headers -- http-outgoing-9 << x-xss-protection: 1; mode=block
14:57:18.788 [main] DEBUG org.apache.http.headers -- http-outgoing-9 << content-type: application/json; charset=utf-8
14:57:18.788 [main] DEBUG org.apache.http.headers -- http-outgoing-9 << x-cloud-trace-context: 019e4b8774459edcc584772a3e780ab2
14:57:18.788 [main] DEBUG org.apache.http.headers -- http-outgoing-9 << date: Sun, 31 Aug 2025 19:57:18 GMT
14:57:18.788 [main] DEBUG org.apache.http.headers -- http-outgoing-9 << server: Google Frontend
14:57:18.788 [main] DEBUG org.apache.http.headers -- http-outgoing-9 << Content-Length: 155
14:57:18.788 [main] DEBUG org.apache.http.impl.execchain.MainClientExec -- Connection can be kept alive indefinitely
14:57:18.788 [main] DEBUG org.apache.http.impl.conn.PoolingHttpClientConnectionManager -- Connection [id: 9][route: {s}->https://serverest.dev:443] can be kept alive indefinitely
14:57:18.788 [main] DEBUG org.apache.http.impl.conn.DefaultManagedHttpClientConnection -- http-outgoing-9: set socket timeout to 0
14:57:18.788 [main] DEBUG org.apache.http.impl.conn.PoolingHttpClientConnectionManager -- Connection released: [id: 9][route: {s}->https://serverest.dev:443][total available: 1; route allocated: 1 of 5; total allocated: 1 of 10]
14:57:18.788 [main] DEBUG org.apache.http.impl.conn.PoolingHttpClientConnectionManager -- Connection manager is shutting down
14:57:18.788 [main] DEBUG org.apache.http.impl.conn.DefaultManagedHttpClientConnection -- http-outgoing-9: Close connection
14:57:18.788 [main] DEBUG org.apache.http.impl.conn.PoolingHttpClientConnectionManager -- Connection manager shut down
14:57:18.788 [main] DEBUG com.intuit.karate -- response time in milliseconds: 426
2 < 200
2 < access-control-allow-origin: *
2 < x-dns-prefetch-control: off
2 < x-frame-options: SAMEORIGIN
2 < strict-transport-security: max-age=15552000; includeSubDomains
2 < x-download-options: noopen
2 < x-content-type-options: nosniff
2 < x-xss-protection: 1; mode=block
2 < content-type: application/json; charset=utf-8
2 < x-cloud-trace-context: 019e4b8774459edcc584772a3e780ab2
2 < date: Sun, 31 Aug 2025 19:57:18 GMT
2 < server: Google Frontend
2 < Content-Length: 155
{
    "nome": "User-20300",
    "email": "user_82e4847d@mail.com",
    "password": "Pwd@ba05",
    "administrador": "true",
    "_id": "YGtBoiWxNykmaTGz"
}

14:57:18.788 [main] DEBUG com.jayway.jsonpath.internal.path.CompiledPath -- Evaluating path: $
]]></system-out>
  </testcase>
  <testcase name="[2:21] Consultar usuario inexistente (400 o 404)" classname="features/usuarios/usuarios-detalle" time="0.654">
    <system-out><![CDATA[14:57:18.841 [main] DEBUG org.apache.http.client.protocol.RequestAddCookies -- CookieSpec selected: karate
14:57:18.841 [main] DEBUG org.apache.http.client.protocol.RequestAuthCache -- Auth cache not set in the context
14:57:18.841 [main] DEBUG com.intuit.karate -- request:
1 > GET https://serverest.dev/usuarios/123
1 > Host: serverest.dev
1 > Connection: Keep-Alive
1 > User-Agent: Apache-HttpClient/4.5.14 (Java/17.0.12)
1 > Accept-Encoding: gzip,deflate


14:57:18.841 [main] DEBUG org.apache.http.impl.conn.PoolingHttpClientConnectionManager -- Connection request: [route: {s}->https://serverest.dev:443][total available: 0; route allocated: 0 of 5; total allocated: 0 of 10]
14:57:18.841 [main] DEBUG org.apache.http.impl.conn.PoolingHttpClientConnectionManager -- Connection leased: [id: 10][route: {s}->https://serverest.dev:443][total available: 0; route allocated: 1 of 5; total allocated: 1 of 10]
14:57:18.841 [main] DEBUG org.apache.http.impl.execchain.MainClientExec -- Opening connection {s}->https://serverest.dev:443
14:57:18.843 [main] DEBUG org.apache.http.impl.conn.DefaultHttpClientConnectionOperator -- Connecting to serverest.dev/216.239.38.21:443
14:57:18.843 [main] DEBUG org.apache.http.conn.ssl.LenientSslConnectionSocketFactory -- Connecting socket to serverest.dev/216.239.38.21:443 with timeout 15000
14:57:18.885 [main] DEBUG org.apache.http.conn.ssl.LenientSslConnectionSocketFactory -- Enabled protocols: [TLSv1.3, TLSv1.2]
14:57:18.885 [main] DEBUG org.apache.http.conn.ssl.LenientSslConnectionSocketFactory -- Enabled cipher suites:[TLS_AES_256_GCM_SHA384, TLS_AES_128_GCM_SHA256, TLS_CHACHA20_POLY1305_SHA256, TLS_ECDHE_ECDSA_WITH_AES_256_GCM_SHA384, TLS_ECDHE_ECDSA_WITH_AES_128_GCM_SHA256, TLS_ECDHE_ECDSA_WITH_CHACHA20_POLY1305_SHA256, TLS_ECDHE_RSA_WITH_AES_256_GCM_SHA384, TLS_ECDHE_RSA_WITH_CHACHA20_POLY1305_SHA256, TLS_ECDHE_RSA_WITH_AES_128_GCM_SHA256, TLS_DHE_RSA_WITH_AES_256_GCM_SHA384, TLS_DHE_RSA_WITH_CHACHA20_POLY1305_SHA256, TLS_DHE_DSS_WITH_AES_256_GCM_SHA384, TLS_DHE_RSA_WITH_AES_128_GCM_SHA256, TLS_DHE_DSS_WITH_AES_128_GCM_SHA256, TLS_ECDHE_ECDSA_WITH_AES_256_CBC_SHA384, TLS_ECDHE_RSA_WITH_AES_256_CBC_SHA384, TLS_ECDHE_ECDSA_WITH_AES_128_CBC_SHA256, TLS_ECDHE_RSA_WITH_AES_128_CBC_SHA256, TLS_DHE_RSA_WITH_AES_256_CBC_SHA256, TLS_DHE_DSS_WITH_AES_256_CBC_SHA256, TLS_DHE_RSA_WITH_AES_128_CBC_SHA256, TLS_DHE_DSS_WITH_AES_128_CBC_SHA256, TLS_ECDH_ECDSA_WITH_AES_256_GCM_SHA384, TLS_ECDH_RSA_WITH_AES_256_GCM_SHA384, TLS_ECDH_ECDSA_WITH_AES_128_GCM_SHA256, TLS_ECDH_RSA_WITH_AES_128_GCM_SHA256, TLS_ECDH_ECDSA_WITH_AES_256_CBC_SHA384, TLS_ECDH_RSA_WITH_AES_256_CBC_SHA384, TLS_ECDH_ECDSA_WITH_AES_128_CBC_SHA256, TLS_ECDH_RSA_WITH_AES_128_CBC_SHA256, TLS_ECDHE_ECDSA_WITH_AES_256_CBC_SHA, TLS_ECDHE_RSA_WITH_AES_256_CBC_SHA, TLS_ECDHE_ECDSA_WITH_AES_128_CBC_SHA, TLS_ECDHE_RSA_WITH_AES_128_CBC_SHA, TLS_DHE_RSA_WITH_AES_256_CBC_SHA, TLS_DHE_DSS_WITH_AES_256_CBC_SHA, TLS_DHE_RSA_WITH_AES_128_CBC_SHA, TLS_DHE_DSS_WITH_AES_128_CBC_SHA, TLS_ECDH_ECDSA_WITH_AES_256_CBC_SHA, TLS_ECDH_RSA_WITH_AES_256_CBC_SHA, TLS_ECDH_ECDSA_WITH_AES_128_CBC_SHA, TLS_ECDH_RSA_WITH_AES_128_CBC_SHA, TLS_RSA_WITH_AES_256_GCM_SHA384, TLS_RSA_WITH_AES_128_GCM_SHA256, TLS_RSA_WITH_AES_256_CBC_SHA256, TLS_RSA_WITH_AES_128_CBC_SHA256, TLS_RSA_WITH_AES_256_CBC_SHA, TLS_RSA_WITH_AES_128_CBC_SHA, TLS_EMPTY_RENEGOTIATION_INFO_SCSV]
14:57:18.885 [main] DEBUG org.apache.http.conn.ssl.LenientSslConnectionSocketFactory -- Starting handshake
14:57:19.044 [main] DEBUG org.apache.http.conn.ssl.LenientSslConnectionSocketFactory -- Secure session established
14:57:19.044 [main] DEBUG org.apache.http.conn.ssl.LenientSslConnectionSocketFactory --  negotiated protocol: TLSv1.3
14:57:19.044 [main] DEBUG org.apache.http.conn.ssl.LenientSslConnectionSocketFactory --  negotiated cipher suite: TLS_AES_256_GCM_SHA384
14:57:19.044 [main] DEBUG org.apache.http.conn.ssl.LenientSslConnectionSocketFactory --  peer principal: CN=serverest.dev
14:57:19.044 [main] DEBUG org.apache.http.conn.ssl.LenientSslConnectionSocketFactory --  peer alternative names: [serverest.dev]
14:57:19.044 [main] DEBUG org.apache.http.conn.ssl.LenientSslConnectionSocketFactory --  issuer principal: CN=WR3, O=Google Trust Services, C=US
14:57:19.044 [main] DEBUG org.apache.http.impl.conn.DefaultHttpClientConnectionOperator -- Connection established 192.168.100.14:54881<->216.239.38.21:443
14:57:19.044 [main] DEBUG org.apache.http.impl.conn.DefaultManagedHttpClientConnection -- http-outgoing-10: set socket timeout to 15000
14:57:19.044 [main] DEBUG org.apache.http.impl.execchain.MainClientExec -- Executing request GET /usuarios/123 HTTP/1.1
14:57:19.044 [main] DEBUG org.apache.http.impl.execchain.MainClientExec -- Target auth state: UNCHALLENGED
14:57:19.044 [main] DEBUG org.apache.http.impl.execchain.MainClientExec -- Proxy auth state: UNCHALLENGED
14:57:19.044 [main] DEBUG org.apache.http.headers -- http-outgoing-10 >> GET /usuarios/123 HTTP/1.1
14:57:19.044 [main] DEBUG org.apache.http.headers -- http-outgoing-10 >> Host: serverest.dev
14:57:19.044 [main] DEBUG org.apache.http.headers -- http-outgoing-10 >> Connection: Keep-Alive
14:57:19.044 [main] DEBUG org.apache.http.headers -- http-outgoing-10 >> User-Agent: Apache-HttpClient/4.5.14 (Java/17.0.12)
14:57:19.044 [main] DEBUG org.apache.http.headers -- http-outgoing-10 >> Accept-Encoding: gzip,deflate
14:57:19.044 [main] DEBUG org.apache.http.wire -- http-outgoing-10 >> "GET /usuarios/123 HTTP/1.1[\r][\n]"
14:57:19.044 [main] DEBUG org.apache.http.wire -- http-outgoing-10 >> "Host: serverest.dev[\r][\n]"
14:57:19.044 [main] DEBUG org.apache.http.wire -- http-outgoing-10 >> "Connection: Keep-Alive[\r][\n]"
14:57:19.044 [main] DEBUG org.apache.http.wire -- http-outgoing-10 >> "User-Agent: Apache-HttpClient/4.5.14 (Java/17.0.12)[\r][\n]"
14:57:19.044 [main] DEBUG org.apache.http.wire -- http-outgoing-10 >> "Accept-Encoding: gzip,deflate[\r][\n]"
14:57:19.044 [main] DEBUG org.apache.http.wire -- http-outgoing-10 >> "[\r][\n]"
14:57:19.272 [main] DEBUG org.apache.http.wire -- http-outgoing-10 << "HTTP/1.1 400 Bad Request[\r][\n]"
14:57:19.272 [main] DEBUG org.apache.http.wire -- http-outgoing-10 << "access-control-allow-origin: *[\r][\n]"
14:57:19.272 [main] DEBUG org.apache.http.wire -- http-outgoing-10 << "x-dns-prefetch-control: off[\r][\n]"
14:57:19.272 [main] DEBUG org.apache.http.wire -- http-outgoing-10 << "x-frame-options: SAMEORIGIN[\r][\n]"
14:57:19.272 [main] DEBUG org.apache.http.wire -- http-outgoing-10 << "strict-transport-security: max-age=15552000; includeSubDomains[\r][\n]"
14:57:19.272 [main] DEBUG org.apache.http.wire -- http-outgoing-10 << "x-download-options: noopen[\r][\n]"
14:57:19.272 [main] DEBUG org.apache.http.wire -- http-outgoing-10 << "x-content-type-options: nosniff[\r][\n]"
14:57:19.272 [main] DEBUG org.apache.http.wire -- http-outgoing-10 << "x-xss-protection: 1; mode=block[\r][\n]"
14:57:19.272 [main] DEBUG org.apache.http.wire -- http-outgoing-10 << "content-type: application/json; charset=utf-8[\r][\n]"
14:57:19.272 [main] DEBUG org.apache.http.wire -- http-outgoing-10 << "x-cloud-trace-context: cc65759f9167a8c55941207be96e3687[\r][\n]"
14:57:19.272 [main] DEBUG org.apache.http.wire -- http-outgoing-10 << "date: Sun, 31 Aug 2025 19:57:19 GMT[\r][\n]"
14:57:19.272 [main] DEBUG org.apache.http.wire -- http-outgoing-10 << "server: Google Frontend[\r][\n]"
14:57:19.272 [main] DEBUG org.apache.http.wire -- http-outgoing-10 << "Content-Length: 67[\r][\n]"
14:57:19.272 [main] DEBUG org.apache.http.wire -- http-outgoing-10 << "[\r][\n]"
14:57:19.272 [main] DEBUG org.apache.http.wire -- http-outgoing-10 << "{[\n]"
14:57:19.272 [main] DEBUG org.apache.http.wire -- http-outgoing-10 << "    "id": "id deve ter exatamente 16 caracteres alfanum[0xc3][0xa9]ricos"[\n]"
14:57:19.272 [main] DEBUG org.apache.http.wire -- http-outgoing-10 << "}"
14:57:19.272 [main] DEBUG org.apache.http.headers -- http-outgoing-10 << HTTP/1.1 400 Bad Request
14:57:19.272 [main] DEBUG org.apache.http.headers -- http-outgoing-10 << access-control-allow-origin: *
14:57:19.272 [main] DEBUG org.apache.http.headers -- http-outgoing-10 << x-dns-prefetch-control: off
14:57:19.272 [main] DEBUG org.apache.http.headers -- http-outgoing-10 << x-frame-options: SAMEORIGIN
14:57:19.272 [main] DEBUG org.apache.http.headers -- http-outgoing-10 << strict-transport-security: max-age=15552000; includeSubDomains
14:57:19.272 [main] DEBUG org.apache.http.headers -- http-outgoing-10 << x-download-options: noopen
14:57:19.272 [main] DEBUG org.apache.http.headers -- http-outgoing-10 << x-content-type-options: nosniff
14:57:19.272 [main] DEBUG org.apache.http.headers -- http-outgoing-10 << x-xss-protection: 1; mode=block
14:57:19.272 [main] DEBUG org.apache.http.headers -- http-outgoing-10 << content-type: application/json; charset=utf-8
14:57:19.272 [main] DEBUG org.apache.http.headers -- http-outgoing-10 << x-cloud-trace-context: cc65759f9167a8c55941207be96e3687
14:57:19.272 [main] DEBUG org.apache.http.headers -- http-outgoing-10 << date: Sun, 31 Aug 2025 19:57:19 GMT
14:57:19.272 [main] DEBUG org.apache.http.headers -- http-outgoing-10 << server: Google Frontend
14:57:19.272 [main] DEBUG org.apache.http.headers -- http-outgoing-10 << Content-Length: 67
14:57:19.272 [main] DEBUG org.apache.http.impl.execchain.MainClientExec -- Connection can be kept alive indefinitely
14:57:19.272 [main] DEBUG org.apache.http.impl.conn.PoolingHttpClientConnectionManager -- Connection [id: 10][route: {s}->https://serverest.dev:443] can be kept alive indefinitely
14:57:19.272 [main] DEBUG org.apache.http.impl.conn.DefaultManagedHttpClientConnection -- http-outgoing-10: set socket timeout to 0
14:57:19.272 [main] DEBUG org.apache.http.impl.conn.PoolingHttpClientConnectionManager -- Connection released: [id: 10][route: {s}->https://serverest.dev:443][total available: 1; route allocated: 1 of 5; total allocated: 1 of 10]
14:57:19.272 [main] DEBUG org.apache.http.impl.conn.PoolingHttpClientConnectionManager -- Connection manager is shutting down
14:57:19.272 [main] DEBUG org.apache.http.impl.conn.DefaultManagedHttpClientConnection -- http-outgoing-10: Close connection
14:57:19.272 [main] DEBUG org.apache.http.impl.conn.PoolingHttpClientConnectionManager -- Connection manager shut down
14:57:19.272 [main] DEBUG com.intuit.karate -- response time in milliseconds: 431
1 < 400
1 < access-control-allow-origin: *
1 < x-dns-prefetch-control: off
1 < x-frame-options: SAMEORIGIN
1 < strict-transport-security: max-age=15552000; includeSubDomains
1 < x-download-options: noopen
1 < x-content-type-options: nosniff
1 < x-xss-protection: 1; mode=block
1 < content-type: application/json; charset=utf-8
1 < x-cloud-trace-context: cc65759f9167a8c55941207be96e3687
1 < date: Sun, 31 Aug 2025 19:57:19 GMT
1 < server: Google Frontend
1 < Content-Length: 67
{
    "id": "id deve ter exatamente 16 caracteres alfanuméricos"
}

14:57:19.272 [main] DEBUG com.jayway.jsonpath.internal.path.CompiledPath -- Evaluating path: $
14:57:19.290 [main] DEBUG org.thymeleaf.TemplateEngine -- [THYMELEAF] INITIALIZING TEMPLATE ENGINE
14:57:19.306 [main] DEBUG org.thymeleaf.TemplateEngine.CONFIG -- Initializing Thymeleaf Template engine configuration...
[THYMELEAF] TEMPLATE ENGINE CONFIGURATION:
[THYMELEAF] * Thymeleaf version: 3.1.2.RELEASE (built 2023-07-30T19:25:50+0000)
[THYMELEAF] * Cache Manager implementation: org.thymeleaf.cache.StandardCacheManager
[THYMELEAF] * Template resolvers:
[THYMELEAF]     * [1] com.intuit.karate.template.ResourceHtmlTemplateResolver
[THYMELEAF] * Message resolvers:
[THYMELEAF]     * org.thymeleaf.messageresolver.StandardMessageResolver
[THYMELEAF] * Link builders:
[THYMELEAF]     * org.thymeleaf.linkbuilder.StandardLinkBuilder
[THYMELEAF] * Dialect [1 of 2]: Standard (com.intuit.karate.template.KarateStandardDialect)
[THYMELEAF]     * Prefix: "th"
[THYMELEAF]     * Processors for Template Mode: HTML
[THYMELEAF]         * Element Tag Processors by [matching element and attribute name] [precedence]:
[THYMELEAF]             * [* {th:include,data-th-include}] [100]: org.thymeleaf.standard.processor.StandardIncludeTagProcessor
[THYMELEAF]             * [* {th:insert,data-th-insert}] [100]: org.thymeleaf.standard.processor.StandardInsertTagProcessor
[THYMELEAF]             * [* {th:replace,data-th-replace}] [100]: org.thymeleaf.standard.processor.StandardReplaceTagProcessor
[THYMELEAF]             * [* {th:each,data-th-each}] [200]: com.intuit.karate.template.KarateEachTagProcessor
[THYMELEAF]             * [* {th:switch,data-th-switch}] [250]: org.thymeleaf.standard.processor.StandardSwitchTagProcessor
[THYMELEAF]             * [* {th:case,data-th-case}] [275]: org.thymeleaf.standard.processor.StandardCaseTagProcessor
[THYMELEAF]             * [* {th:if,data-th-if}] [300]: org.thymeleaf.standard.processor.StandardIfTagProcessor
[THYMELEAF]             * [* {th:unless,data-th-unless}] [400]: org.thymeleaf.standard.processor.StandardUnlessTagProcessor
[THYMELEAF]             * [* {th:object,data-th-object}] [500]: org.thymeleaf.standard.processor.StandardObjectTagProcessor
[THYMELEAF]             * [* {th:with,data-th-with}] [600]: com.intuit.karate.template.KarateWithTagProcessor
[THYMELEAF]             * [* {th:attr,data-th-attr}] [700]: com.intuit.karate.template.KarateAttributeTagProcessor.KarateAttrTagProcessor
[THYMELEAF]             * [* {th:attrappend,data-th-attrappend}] [900]: com.intuit.karate.template.KarateAttributeTagProcessor.KarateAttrappendTagProcessor
[THYMELEAF]             * [* {th:attrprepend,data-th-attrprepend}] [900]: com.intuit.karate.template.KarateAttributeTagProcessor.KarateAttrprependTagProcessor
[THYMELEAF]             * [* {th:alt-title,data-th-alt-title}] [990]: org.thymeleaf.standard.processor.StandardAltTitleTagProcessor
[THYMELEAF]             * [* {th:lang-xmllang,data-th-lang-xmllang}] [990]: org.thymeleaf.standard.processor.StandardLangXmlLangTagProcessor
[THYMELEAF]             * [* {th:action,data-th-action}] [1000]: org.thymeleaf.standard.processor.StandardActionTagProcessor
[THYMELEAF]             * [* {th:autofocus,data-th-autofocus}] [1000]: org.thymeleaf.standard.processor.StandardConditionalFixedValueTagProcessor
[THYMELEAF]             * [* {th:checked,data-th-checked}] [1000]: org.thymeleaf.standard.processor.StandardConditionalFixedValueTagProcessor
[THYMELEAF]             * [* {th:pubdate,data-th-pubdate}] [1000]: org.thymeleaf.standard.processor.StandardConditionalFixedValueTagProcessor
[THYMELEAF]             * [* {th:defer,data-th-defer}] [1000]: org.thymeleaf.standard.processor.StandardConditionalFixedValueTagProcessor
[THYMELEAF]             * [* {th:reversed,data-th-reversed}] [1000]: org.thymeleaf.standard.processor.StandardConditionalFixedValueTagProcessor
[THYMELEAF]             * [* {th:readonly,data-th-readonly}] [1000]: org.thymeleaf.standard.processor.StandardConditionalFixedValueTagProcessor
[THYMELEAF]             * [* {th:required,data-th-required}] [1000]: org.thymeleaf.standard.processor.StandardConditionalFixedValueTagProcessor
[THYMELEAF]             * [* {th:open,data-th-open}] [1000]: org.thymeleaf.standard.processor.StandardConditionalFixedValueTagProcessor
[THYMELEAF]             * [* {th:seamless,data-th-seamless}] [1000]: org.thymeleaf.standard.processor.StandardConditionalFixedValueTagProcessor
[THYMELEAF]             * [* {th:loop,data-th-loop}] [1000]: org.thymeleaf.standard.processor.StandardConditionalFixedValueTagProcessor
[THYMELEAF]             * [* {th:async,data-th-async}] [1000]: org.thymeleaf.standard.processor.StandardConditionalFixedValueTagProcessor
[THYMELEAF]             * [* {th:default,data-th-default}] [1000]: org.thymeleaf.standard.processor.StandardConditionalFixedValueTagProcessor
[THYMELEAF]             * [* {th:controls,data-th-controls}] [1000]: org.thymeleaf.standard.processor.StandardConditionalFixedValueTagProcessor
[THYMELEAF]             * [* {th:declare,data-th-declare}] [1000]: org.thymeleaf.standard.processor.StandardConditionalFixedValueTagProcessor
[THYMELEAF]             * [* {th:ismap,data-th-ismap}] [1000]: org.thymeleaf.standard.processor.StandardConditionalFixedValueTagProcessor
[THYMELEAF]             * [* {th:nowrap,data-th-nowrap}] [1000]: org.thymeleaf.standard.processor.StandardConditionalFixedValueTagProcessor
[THYMELEAF]             * [* {th:scoped,data-th-scoped}] [1000]: org.thymeleaf.standard.processor.StandardConditionalFixedValueTagProcessor
[THYMELEAF]             * [* {th:novalidate,data-th-novalidate}] [1000]: org.thymeleaf.standard.processor.StandardConditionalFixedValueTagProcessor
[THYMELEAF]             * [* {th:formnovalidate,data-th-formnovalidate}] [1000]: org.thymeleaf.standard.processor.StandardConditionalFixedValueTagProcessor
[THYMELEAF]             * [* {th:selected,data-th-selected}] [1000]: org.thymeleaf.standard.processor.StandardConditionalFixedValueTagProcessor
[THYMELEAF]             * [* {th:disabled,data-th-disabled}] [1000]: org.thymeleaf.standard.processor.StandardConditionalFixedValueTagProcessor
[THYMELEAF]             * [* {th:multiple,data-th-multiple}] [1000]: org.thymeleaf.standard.processor.StandardConditionalFixedValueTagProcessor
[THYMELEAF]             * [* {th:hidden,data-th-hidden}] [1000]: org.thymeleaf.standard.processor.StandardConditionalFixedValueTagProcessor
[THYMELEAF]             * [* {th:autoplay,data-th-autoplay}] [1000]: org.thymeleaf.standard.processor.StandardConditionalFixedValueTagProcessor
[THYMELEAF]             * [* {th:onkeypress,data-th-onkeypress}] [1000]: org.thymeleaf.standard.processor.StandardDOMEventAttributeTagProcessor
[THYMELEAF]             * [* {th:onpause,data-th-onpause}] [1000]: org.thymeleaf.standard.processor.StandardDOMEventAttributeTagProcessor
[THYMELEAF]             * [* {th:onshow,data-th-onshow}] [1000]: org.thymeleaf.standard.processor.StandardDOMEventAttributeTagProcessor
[THYMELEAF]             * [* {th:onloadstart,data-th-onloadstart}] [1000]: org.thymeleaf.standard.processor.StandardDOMEventAttributeTagProcessor
[THYMELEAF]             * [* {th:onselect,data-th-onselect}] [1000]: org.thymeleaf.standard.processor.StandardDOMEventAttributeTagProcessor
[THYMELEAF]             * [* {th:onmousemove,data-th-onmousemove}] [1000]: org.thymeleaf.standard.processor.StandardDOMEventAttributeTagProcessor
[THYMELEAF]             * [* {th:ondragstart,data-th-ondragstart}] [1000]: org.thymeleaf.standard.processor.StandardDOMEventAttributeTagProcessor
[THYMELEAF]             * [* {th:onemptied,data-th-onemptied}] [1000]: org.thymeleaf.standard.processor.StandardDOMEventAttributeTagProcessor
[THYMELEAF]             * [* {th:onfocus,data-th-onfocus}] [1000]: org.thymeleaf.standard.processor.StandardDOMEventAttributeTagProcessor
[THYMELEAF]             * [* {th:onoffline,data-th-onoffline}] [1000]: org.thymeleaf.standard.processor.StandardDOMEventAttributeTagProcessor
[THYMELEAF]             * [* {th:onloadeddata,data-th-onloadeddata}] [1000]: org.thymeleaf.standard.processor.StandardDOMEventAttributeTagProcessor
[THYMELEAF]             * [* {th:onstalled,data-th-onstalled}] [1000]: org.thymeleaf.standard.processor.StandardDOMEventAttributeTagProcessor
[THYMELEAF]             * [* {th:onseeked,data-th-onseeked}] [1000]: org.thymeleaf.standard.processor.StandardDOMEventAttributeTagProcessor
[THYMELEAF]             * [* {th:onresize,data-th-onresize}] [1000]: org.thymeleaf.standard.processor.StandardDOMEventAttributeTagProcessor
[THYMELEAF]             * [* {th:ondragleave,data-th-ondragleave}] [1000]: org.thymeleaf.standard.processor.StandardDOMEventAttributeTagProcessor
[THYMELEAF]             * [* {th:oncanplaythrough,data-th-oncanplaythrough}] [1000]: org.thymeleaf.standard.processor.StandardDOMEventAttributeTagProcessor
[THYMELEAF]             * [* {th:onundo,data-th-onundo}] [1000]: org.thymeleaf.standard.processor.StandardDOMEventAttributeTagProcessor
[THYMELEAF]             * [* {th:onkeydown,data-th-onkeydown}] [1000]: org.thymeleaf.standard.processor.StandardDOMEventAttributeTagProcessor
[THYMELEAF]             * [* {th:onreset,data-th-onreset}] [1000]: org.thymeleaf.standard.processor.StandardDOMEventAttributeTagProcessor
[THYMELEAF]             * [* {th:ondurationchange,data-th-ondurationchange}] [1000]: org.thymeleaf.standard.processor.StandardDOMEventAttributeTagProcessor
[THYMELEAF]             * [* {th:onplaying,data-th-onplaying}] [1000]: org.thymeleaf.standard.processor.StandardDOMEventAttributeTagProcessor
[THYMELEAF]             * [* {th:onplay,data-th-onplay}] [1000]: org.thymeleaf.standard.processor.StandardDOMEventAttributeTagProcessor
[THYMELEAF]             * [* {th:onmouseover,data-th-onmouseover}] [1000]: org.thymeleaf.standard.processor.StandardDOMEventAttributeTagProcessor
[THYMELEAF]             * [* {th:onmousedown,data-th-onmousedown}] [1000]: org.thymeleaf.standard.processor.StandardDOMEventAttributeTagProcessor
[THYMELEAF]             * [* {th:onerror,data-th-onerror}] [1000]: org.thymeleaf.standard.processor.StandardDOMEventAttributeTagProcessor
[THYMELEAF]             * [* {th:onunload,data-th-onunload}] [1000]: org.thymeleaf.standard.processor.StandardDOMEventAttributeTagProcessor
[THYMELEAF]             * [* {th:onstorage,data-th-onstorage}] [1000]: org.thymeleaf.standard.processor.StandardDOMEventAttributeTagProcessor
[THYMELEAF]             * [* {th:onpopstate,data-th-onpopstate}] [1000]: org.thymeleaf.standard.processor.StandardDOMEventAttributeTagProcessor
[THYMELEAF]             * [* {th:onreadystatechange,data-th-onreadystatechange}] [1000]: org.thymeleaf.standard.processor.StandardDOMEventAttributeTagProcessor
[THYMELEAF]             * [* {th:onchange,data-th-onchange}] [1000]: org.thymeleaf.standard.processor.StandardDOMEventAttributeTagProcessor
[THYMELEAF]             * [* {th:onbeforeunload,data-th-onbeforeunload}] [1000]: org.thymeleaf.standard.processor.StandardDOMEventAttributeTagProcessor
[THYMELEAF]             * [* {th:onmessage,data-th-onmessage}] [1000]: org.thymeleaf.standard.processor.StandardDOMEventAttributeTagProcessor
[THYMELEAF]             * [* {th:oncanplay,data-th-oncanplay}] [1000]: org.thymeleaf.standard.processor.StandardDOMEventAttributeTagProcessor
[THYMELEAF]             * [* {th:onload,data-th-onload}] [1000]: org.thymeleaf.standard.processor.StandardDOMEventAttributeTagProcessor
[THYMELEAF]             * [* {th:onbeforeprint,data-th-onbeforeprint}] [1000]: org.thymeleaf.standard.processor.StandardDOMEventAttributeTagProcessor
[THYMELEAF]             * [* {th:onratechange,data-th-onratechange}] [1000]: org.thymeleaf.standard.processor.StandardDOMEventAttributeTagProcessor
[THYMELEAF]             * [* {th:onblur,data-th-onblur}] [1000]: org.thymeleaf.standard.processor.StandardDOMEventAttributeTagProcessor
[THYMELEAF]             * [* {th:onhashchange,data-th-onhashchange}] [1000]: org.thymeleaf.standard.processor.StandardDOMEventAttributeTagProcessor
[THYMELEAF]             * [* {th:onseeking,data-th-onseeking}] [1000]: org.thymeleaf.standard.processor.StandardDOMEventAttributeTagProcessor
[THYMELEAF]             * [* {th:onafterprint,data-th-onafterprint}] [1000]: org.thymeleaf.standard.processor.StandardDOMEventAttributeTagProcessor
[THYMELEAF]             * [* {th:onredo,data-th-onredo}] [1000]: org.thymeleaf.standard.processor.StandardDOMEventAttributeTagProcessor
[THYMELEAF]             * [* {th:oninvalid,data-th-oninvalid}] [1000]: org.thymeleaf.standard.processor.StandardDOMEventAttributeTagProcessor
[THYMELEAF]             * [* {th:onmousewheel,data-th-onmousewheel}] [1000]: org.thymeleaf.standard.processor.StandardDOMEventAttributeTagProcessor
[THYMELEAF]             * [* {th:oninput,data-th-oninput}] [1000]: org.thymeleaf.standard.processor.StandardDOMEventAttributeTagProcessor
[THYMELEAF]             * [* {th:onabort,data-th-onabort}] [1000]: org.thymeleaf.standard.processor.StandardDOMEventAttributeTagProcessor
[THYMELEAF]             * [* {th:ondragover,data-th-ondragover}] [1000]: org.thymeleaf.standard.processor.StandardDOMEventAttributeTagProcessor
[THYMELEAF]             * [* {th:onscroll,data-th-onscroll}] [1000]: org.thymeleaf.standard.processor.StandardDOMEventAttributeTagProcessor
[THYMELEAF]             * [* {th:ondrag,data-th-ondrag}] [1000]: org.thymeleaf.standard.processor.StandardDOMEventAttributeTagProcessor
[THYMELEAF]             * [* {th:onkeyup,data-th-onkeyup}] [1000]: org.thymeleaf.standard.processor.StandardDOMEventAttributeTagProcessor
[THYMELEAF]             * [* {th:onmouseup,data-th-onmouseup}] [1000]: org.thymeleaf.standard.processor.StandardDOMEventAttributeTagProcessor
[THYMELEAF]             * [* {th:onvolumechange,data-th-onvolumechange}] [1000]: org.thymeleaf.standard.processor.StandardDOMEventAttributeTagProcessor
[THYMELEAF]             * [* {th:onsuspend,data-th-onsuspend}] [1000]: org.thymeleaf.standard.processor.StandardDOMEventAttributeTagProcessor
[THYMELEAF]             * [* {th:onsubmit,data-th-onsubmit}] [1000]: org.thymeleaf.standard.processor.StandardDOMEventAttributeTagProcessor
[THYMELEAF]             * [* {th:onwaiting,data-th-onwaiting}] [1000]: org.thymeleaf.standard.processor.StandardDOMEventAttributeTagProcessor
[THYMELEAF]             * [* {th:onclick,data-th-onclick}] [1000]: org.thymeleaf.standard.processor.StandardDOMEventAttributeTagProcessor
[THYMELEAF]             * [* {th:onformchange,data-th-onformchange}] [1000]: org.thymeleaf.standard.processor.StandardDOMEventAttributeTagProcessor
[THYMELEAF]             * [* {th:ononline,data-th-ononline}] [1000]: org.thymeleaf.standard.processor.StandardDOMEventAttributeTagProcessor
[THYMELEAF]             * [* {th:ondrop,data-th-ondrop}] [1000]: org.thymeleaf.standard.processor.StandardDOMEventAttributeTagProcessor
[THYMELEAF]             * [* {th:onforminput,data-th-onforminput}] [1000]: org.thymeleaf.standard.processor.StandardDOMEventAttributeTagProcessor
[THYMELEAF]             * [* {th:ondblclick,data-th-ondblclick}] [1000]: org.thymeleaf.standard.processor.StandardDOMEventAttributeTagProcessor
[THYMELEAF]             * [* {th:ontimeupdate,data-th-ontimeupdate}] [1000]: org.thymeleaf.standard.processor.StandardDOMEventAttributeTagProcessor
[THYMELEAF]             * [* {th:onended,data-th-onended}] [1000]: org.thymeleaf.standard.processor.StandardDOMEventAttributeTagProcessor
[THYMELEAF]             * [* {th:onloadedmetadata,data-th-onloadedmetadata}] [1000]: org.thymeleaf.standard.processor.StandardDOMEventAttributeTagProcessor
[THYMELEAF]             * [* {th:ondragend,data-th-ondragend}] [1000]: org.thymeleaf.standard.processor.StandardDOMEventAttributeTagProcessor
[THYMELEAF]             * [* {th:onprogress,data-th-onprogress}] [1000]: org.thymeleaf.standard.processor.StandardDOMEventAttributeTagProcessor
[THYMELEAF]             * [* {th:onmouseout,data-th-onmouseout}] [1000]: org.thymeleaf.standard.processor.StandardDOMEventAttributeTagProcessor
[THYMELEAF]             * [* {th:oncontextmenu,data-th-oncontextmenu}] [1000]: org.thymeleaf.standard.processor.StandardDOMEventAttributeTagProcessor
[THYMELEAF]             * [* {th:ondragenter,data-th-ondragenter}] [1000]: org.thymeleaf.standard.processor.StandardDOMEventAttributeTagProcessor
[THYMELEAF]             * [* {th:href,data-th-href}] [1000]: org.thymeleaf.standard.processor.StandardHrefTagProcessor
[THYMELEAF]             * [* {th:inline,data-th-inline}] [1000]: org.thymeleaf.standard.processor.StandardInlineHTMLTagProcessor
[THYMELEAF]             * [* {th:method,data-th-method}] [1000]: org.thymeleaf.standard.processor.StandardMethodTagProcessor
[THYMELEAF]             * [* {th:name,data-th-name}] [1000]: org.thymeleaf.standard.processor.StandardNonRemovableAttributeTagProcessor
[THYMELEAF]             * [* {th:type,data-th-type}] [1000]: org.thymeleaf.standard.processor.StandardNonRemovableAttributeTagProcessor
[THYMELEAF]             * [* {th:max,data-th-max}] [1000]: org.thymeleaf.standard.processor.StandardRemovableAttributeTagProcessor
[THYMELEAF]             * [* {th:codebase,data-th-codebase}] [1000]: org.thymeleaf.standard.processor.StandardRemovableAttributeTagProcessor
[THYMELEAF]             * [* {th:vspace,data-th-vspace}] [1000]: org.thymeleaf.standard.processor.StandardRemovableAttributeTagProcessor
[THYMELEAF]             * [* {th:manifest,data-th-manifest}] [1000]: org.thymeleaf.standard.processor.StandardRemovableAttributeTagProcessor
[THYMELEAF]             * [* {th:charset,data-th-charset}] [1000]: org.thymeleaf.standard.processor.StandardRemovableAttributeTagProcessor
[THYMELEAF]             * [* {th:axis,data-th-axis}] [1000]: org.thymeleaf.standard.processor.StandardRemovableAttributeTagProcessor
[THYMELEAF]             * [* {th:formmethod,data-th-formmethod}] [1000]: org.thymeleaf.standard.processor.StandardRemovableAttributeTagProcessor
[THYMELEAF]             * [* {th:width,data-th-width}] [1000]: org.thymeleaf.standard.processor.StandardRemovableAttributeTagProcessor
[THYMELEAF]             * [* {th:srclang,data-th-srclang}] [1000]: org.thymeleaf.standard.processor.StandardRemovableAttributeTagProcessor
[THYMELEAF]             * [* {th:id,data-th-id}] [1000]: org.thymeleaf.standard.processor.StandardRemovableAttributeTagProcessor
[THYMELEAF]             * [* {th:lang,data-th-lang}] [1000]: org.thymeleaf.standard.processor.StandardRemovableAttributeTagProcessor
[THYMELEAF]             * [* {th:frame,data-th-frame}] [1000]: org.thymeleaf.standard.processor.StandardRemovableAttributeTagProcessor
[THYMELEAF]             * [* {th:colspan,data-th-colspan}] [1000]: org.thymeleaf.standard.processor.StandardRemovableAttributeTagProcessor
[THYMELEAF]             * [* {th:classid,data-th-classid}] [1000]: org.thymeleaf.standard.processor.StandardRemovableAttributeTagProcessor
[THYMELEAF]             * [* {th:formenctype,data-th-formenctype}] [1000]: org.thymeleaf.standard.processor.StandardRemovableAttributeTagProcessor
[THYMELEAF]             * [* {th:form,data-th-form}] [1000]: org.thymeleaf.standard.processor.StandardRemovableAttributeTagProcessor
[THYMELEAF]             * [* {th:accesskey,data-th-accesskey}] [1000]: org.thymeleaf.standard.processor.StandardRemovableAttributeTagProcessor
[THYMELEAF]             * [* {th:datetime,data-th-datetime}] [1000]: org.thymeleaf.standard.processor.StandardRemovableAttributeTagProcessor
[THYMELEAF]             * [* {th:scope,data-th-scope}] [1000]: org.thymeleaf.standard.processor.StandardRemovableAttributeTagProcessor
[THYMELEAF]             * [* {th:maxlength,data-th-maxlength}] [1000]: org.thymeleaf.standard.processor.StandardRemovableAttributeTagProcessor
[THYMELEAF]             * [* {th:autocomplete,data-th-autocomplete}] [1000]: org.thymeleaf.standard.processor.StandardRemovableAttributeTagProcessor
[THYMELEAF]             * [* {th:challenge,data-th-challenge}] [1000]: org.thymeleaf.standard.processor.StandardRemovableAttributeTagProcessor
[THYMELEAF]             * [* {th:bgcolor,data-th-bgcolor}] [1000]: org.thymeleaf.standard.processor.StandardRemovableAttributeTagProcessor
[THYMELEAF]             * [* {th:pattern,data-th-pattern}] [1000]: org.thymeleaf.standard.processor.StandardRemovableAttributeTagProcessor
[THYMELEAF]             * [* {th:low,data-th-low}] [1000]: org.thymeleaf.standard.processor.StandardRemovableAttributeTagProcessor
[THYMELEAF]             * [* {th:headers,data-th-headers}] [1000]: org.thymeleaf.standard.processor.StandardRemovableAttributeTagProcessor
[THYMELEAF]             * [* {th:label,data-th-label}] [1000]: org.thymeleaf.standard.processor.StandardRemovableAttributeTagProcessor
[THYMELEAF]             * [* {th:audio,data-th-audio}] [1000]: org.thymeleaf.standard.processor.StandardRemovableAttributeTagProcessor
[THYMELEAF]             * [* {th:sandbox,data-th-sandbox}] [1000]: org.thymeleaf.standard.processor.StandardRemovableAttributeTagProcessor
[THYMELEAF]             * [* {th:optimum,data-th-optimum}] [1000]: org.thymeleaf.standard.processor.StandardRemovableAttributeTagProcessor
[THYMELEAF]             * [* {th:height,data-th-height}] [1000]: org.thymeleaf.standard.processor.StandardRemovableAttributeTagProcessor
[THYMELEAF]             * [* {th:placeholder,data-th-placeholder}] [1000]: org.thymeleaf.standard.processor.StandardRemovableAttributeTagProcessor
[THYMELEAF]             * [* {th:formaction,data-th-formaction}] [1000]: org.thymeleaf.standard.processor.StandardRemovableAttributeTagProcessor
[THYMELEAF]             * [* {th:for,data-th-for}] [1000]: org.thymeleaf.standard.processor.StandardRemovableAttributeTagProcessor
[THYMELEAF]             * [* {th:target,data-th-target}] [1000]: org.thymeleaf.standard.processor.StandardRemovableAttributeTagProcessor
[THYMELEAF]             * [* {th:compact,data-th-compact}] [1000]: org.thymeleaf.standard.processor.StandardRemovableAttributeTagProcessor
[THYMELEAF]             * [* {th:accept,data-th-accept}] [1000]: org.thymeleaf.standard.processor.StandardRemovableAttributeTagProcessor
[THYMELEAF]             * [* {th:style,data-th-style}] [1000]: org.thymeleaf.standard.processor.StandardRemovableAttributeTagProcessor
[THYMELEAF]             * [* {th:scrolling,data-th-scrolling}] [1000]: org.thymeleaf.standard.processor.StandardRemovableAttributeTagProcessor
[THYMELEAF]             * [* {th:list,data-th-list}] [1000]: org.thymeleaf.standard.processor.StandardRemovableAttributeTagProcessor
[THYMELEAF]             * [* {th:title,data-th-title}] [1000]: org.thymeleaf.standard.processor.StandardRemovableAttributeTagProcessor
[THYMELEAF]             * [* {th:data,data-th-data}] [1000]: org.thymeleaf.standard.processor.StandardRemovableAttributeTagProcessor
[THYMELEAF]             * [* {th:sizes,data-th-sizes}] [1000]: org.thymeleaf.standard.processor.StandardRemovableAttributeTagProcessor
[THYMELEAF]             * [* {th:enctype,data-th-enctype}] [1000]: org.thymeleaf.standard.processor.StandardRemovableAttributeTagProcessor
[THYMELEAF]             * [* {th:dropzone,data-th-dropzone}] [1000]: org.thymeleaf.standard.processor.StandardRemovableAttributeTagProcessor
[THYMELEAF]             * [* {th:preload,data-th-preload}] [1000]: org.thymeleaf.standard.processor.StandardRemovableAttributeTagProcessor
[THYMELEAF]             * [* {th:contextmenu,data-th-contextmenu}] [1000]: org.thymeleaf.standard.processor.StandardRemovableAttributeTagProcessor
[THYMELEAF]             * [* {th:radiogroup,data-th-radiogroup}] [1000]: org.thymeleaf.standard.processor.StandardRemovableAttributeTagProcessor
[THYMELEAF]             * [* {th:rules,data-th-rules}] [1000]: org.thymeleaf.standard.processor.StandardRemovableAttributeTagProcessor
[THYMELEAF]             * [* {th:content,data-th-content}] [1000]: org.thymeleaf.standard.processor.StandardRemovableAttributeTagProcessor
[THYMELEAF]             * [* {th:spellcheck,data-th-spellcheck}] [1000]: org.thymeleaf.standard.processor.StandardRemovableAttributeTagProcessor
[THYMELEAF]             * [* {th:codetype,data-th-codetype}] [1000]: org.thymeleaf.standard.processor.StandardRemovableAttributeTagProcessor
[THYMELEAF]             * [* {th:draggable,data-th-draggable}] [1000]: org.thymeleaf.standard.processor.StandardRemovableAttributeTagProcessor
[THYMELEAF]             * [* {th:hspace,data-th-hspace}] [1000]: org.thymeleaf.standard.processor.StandardRemovableAttributeTagProcessor
[THYMELEAF]             * [* {th:rowspan,data-th-rowspan}] [1000]: org.thymeleaf.standard.processor.StandardRemovableAttributeTagProcessor
[THYMELEAF]             * [* {th:cols,data-th-cols}] [1000]: org.thymeleaf.standard.processor.StandardRemovableAttributeTagProcessor
[THYMELEAF]             * [* {th:border,data-th-border}] [1000]: org.thymeleaf.standard.processor.StandardRemovableAttributeTagProcessor
[THYMELEAF]             * [* {th:tabindex,data-th-tabindex}] [1000]: org.thymeleaf.standard.processor.StandardRemovableAttributeTagProcessor
[THYMELEAF]             * [* {th:cite,data-th-cite}] [1000]: org.thymeleaf.standard.processor.StandardRemovableAttributeTagProcessor
[THYMELEAF]             * [* {th:icon,data-th-icon}] [1000]: org.thymeleaf.standard.processor.StandardRemovableAttributeTagProcessor
[THYMELEAF]             * [* {th:high,data-th-high}] [1000]: org.thymeleaf.standard.processor.StandardRemovableAttributeTagProcessor
[THYMELEAF]             * [* {th:class,data-th-class}] [1000]: org.thymeleaf.standard.processor.StandardRemovableAttributeTagProcessor
[THYMELEAF]             * [* {th:standby,data-th-standby}] [1000]: org.thymeleaf.standard.processor.StandardRemovableAttributeTagProcessor
[THYMELEAF]             * [* {th:abbr,data-th-abbr}] [1000]: org.thymeleaf.standard.processor.StandardRemovableAttributeTagProcessor
[THYMELEAF]             * [* {th:keytype,data-th-keytype}] [1000]: org.thymeleaf.standard.processor.StandardRemovableAttributeTagProcessor
[THYMELEAF]             * [* {th:rows,data-th-rows}] [1000]: org.thymeleaf.standard.processor.StandardRemovableAttributeTagProcessor
[THYMELEAF]             * [* {th:dir,data-th-dir}] [1000]: org.thymeleaf.standard.processor.StandardRemovableAttributeTagProcessor
[THYMELEAF]             * [* {th:span,data-th-span}] [1000]: org.thymeleaf.standard.processor.StandardRemovableAttributeTagProcessor
[THYMELEAF]             * [* {th:http-equiv,data-th-http-equiv}] [1000]: org.thymeleaf.standard.processor.StandardRemovableAttributeTagProcessor
[THYMELEAF]             * [* {th:contenteditable,data-th-contenteditable}] [1000]: org.thymeleaf.standard.processor.StandardRemovableAttributeTagProcessor
[THYMELEAF]             * [* {th:poster,data-th-poster}] [1000]: org.thymeleaf.standard.processor.StandardRemovableAttributeTagProcessor
[THYMELEAF]             * [* {th:cellspacing,data-th-cellspacing}] [1000]: org.thymeleaf.standard.processor.StandardRemovableAttributeTagProcessor
[THYMELEAF]             * [* {th:marginheight,data-th-marginheight}] [1000]: org.thymeleaf.standard.processor.StandardRemovableAttributeTagProcessor
[THYMELEAF]             * [* {th:background,data-th-background}] [1000]: org.thymeleaf.standard.processor.StandardRemovableAttributeTagProcessor
[THYMELEAF]             * [* {th:usemap,data-th-usemap}] [1000]: org.thymeleaf.standard.processor.StandardRemovableAttributeTagProcessor
[THYMELEAF]             * [* {th:cellpadding,data-th-cellpadding}] [1000]: org.thymeleaf.standard.processor.StandardRemovableAttributeTagProcessor
[THYMELEAF]             * [* {th:min,data-th-min}] [1000]: org.thymeleaf.standard.processor.StandardRemovableAttributeTagProcessor
[THYMELEAF]             * [* {th:size,data-th-size}] [1000]: org.thymeleaf.standard.processor.StandardRemovableAttributeTagProcessor
[THYMELEAF]             * [* {th:hreflang,data-th-hreflang}] [1000]: org.thymeleaf.standard.processor.StandardRemovableAttributeTagProcessor
[THYMELEAF]             * [* {th:start,data-th-start}] [1000]: org.thymeleaf.standard.processor.StandardRemovableAttributeTagProcessor
[THYMELEAF]             * [* {th:media,data-th-media}] [1000]: org.thymeleaf.standard.processor.StandardRemovableAttributeTagProcessor
[THYMELEAF]             * [* {th:longdesc,data-th-longdesc}] [1000]: org.thymeleaf.standard.processor.StandardRemovableAttributeTagProcessor
[THYMELEAF]             * [* {th:archive,data-th-archive}] [1000]: org.thymeleaf.standard.processor.StandardRemovableAttributeTagProcessor
[THYMELEAF]             * [* {th:rel,data-th-rel}] [1000]: org.thymeleaf.standard.processor.StandardRemovableAttributeTagProcessor
[THYMELEAF]             * [* {th:align,data-th-align}] [1000]: org.thymeleaf.standard.processor.StandardRemovableAttributeTagProcessor
[THYMELEAF]             * [* {th:valuetype,data-th-valuetype}] [1000]: org.thymeleaf.standard.processor.StandardRemovableAttributeTagProcessor
[THYMELEAF]             * [* {th:scheme,data-th-scheme}] [1000]: org.thymeleaf.standard.processor.StandardRemovableAttributeTagProcessor
[THYMELEAF]             * [* {th:alt,data-th-alt}] [1000]: org.thymeleaf.standard.processor.StandardRemovableAttributeTagProcessor
[THYMELEAF]             * [* {th:summary,data-th-summary}] [1000]: org.thymeleaf.standard.processor.StandardRemovableAttributeTagProcessor
[THYMELEAF]             * [* {th:step,data-th-step}] [1000]: org.thymeleaf.standard.processor.StandardRemovableAttributeTagProcessor
[THYMELEAF]             * [* {th:kind,data-th-kind}] [1000]: org.thymeleaf.standard.processor.StandardRemovableAttributeTagProcessor
[THYMELEAF]             * [* {th:formtarget,data-th-formtarget}] [1000]: org.thymeleaf.standard.processor.StandardRemovableAttributeTagProcessor
[THYMELEAF]             * [* {th:accept-charset,data-th-accept-charset}] [1000]: org.thymeleaf.standard.processor.StandardRemovableAttributeTagProcessor
[THYMELEAF]             * [* {th:marginwidth,data-th-marginwidth}] [1000]: org.thymeleaf.standard.processor.StandardRemovableAttributeTagProcessor
[THYMELEAF]             * [* {th:frameborder,data-th-frameborder}] [1000]: org.thymeleaf.standard.processor.StandardRemovableAttributeTagProcessor
[THYMELEAF]             * [* {th:rev,data-th-rev}] [1000]: org.thymeleaf.standard.processor.StandardRemovableAttributeTagProcessor
[THYMELEAF]             * [* {th:wrap,data-th-wrap}] [1000]: org.thymeleaf.standard.processor.StandardRemovableAttributeTagProcessor
[THYMELEAF]             * [* {th:src,data-th-src}] [1000]: org.thymeleaf.standard.processor.StandardSrcTagProcessor
[THYMELEAF]             * [* {th:value,data-th-value}] [1000]: org.thymeleaf.standard.processor.StandardValueTagProcessor
[THYMELEAF]             * [* {th:xmlbase,data-th-xmlbase}] [1000]: org.thymeleaf.standard.processor.StandardXmlBaseTagProcessor
[THYMELEAF]             * [* {th:xmllang,data-th-xmllang}] [1000]: org.thymeleaf.standard.processor.StandardXmlLangTagProcessor
[THYMELEAF]             * [* {xmlns:th}] [1000]: org.thymeleaf.standard.processor.StandardXmlNsTagProcessor
[THYMELEAF]             * [* {th:xmlspace,data-th-xmlspace}] [1000]: org.thymeleaf.standard.processor.StandardXmlSpaceTagProcessor
[THYMELEAF]             * [* {th:classappend,data-th-classappend}] [1100]: org.thymeleaf.standard.processor.StandardClassappendTagProcessor
[THYMELEAF]             * [* {th:styleappend,data-th-styleappend}] [1100]: org.thymeleaf.standard.processor.StandardStyleappendTagProcessor
[THYMELEAF]             * [* {th:text,data-th-text}] [1300]: org.thymeleaf.standard.processor.StandardTextTagProcessor
[THYMELEAF]             * [* {th:utext,data-th-utext}] [1400]: org.thymeleaf.standard.processor.StandardUtextTagProcessor
[THYMELEAF]             * [* {th:fragment,data-th-fragment}] [1500]: org.thymeleaf.standard.processor.StandardFragmentTagProcessor
[THYMELEAF]             * [* {th:assert,data-th-assert}] [1550]: org.thymeleaf.standard.processor.StandardAssertTagProcessor
[THYMELEAF]             * [* {th:remove,data-th-remove}] [1600]: org.thymeleaf.standard.processor.StandardRemoveTagProcessor
[THYMELEAF]             * [* {th:ref,data-th-ref}] [10000]: org.thymeleaf.standard.processor.StandardRefAttributeTagProcessor
[THYMELEAF]             * [{th:block,th-block} *] [100000]: org.thymeleaf.standard.processor.StandardBlockTagProcessor
[THYMELEAF]             * [* th:*] [2147483647]: org.thymeleaf.standard.processor.StandardDefaultAttributesTagProcessor
[THYMELEAF]         * Text Processors by [precedence]:
[THYMELEAF]             * [1000]: org.thymeleaf.standard.processor.StandardInliningTextProcessor
[THYMELEAF]         * DOCTYPE Processors by [precedence]:
[THYMELEAF]             * [1000]: org.thymeleaf.standard.processor.StandardTranslationDocTypeProcessor
[THYMELEAF]         * CDATA Section Processors by [precedence]:
[THYMELEAF]             * [1000]: org.thymeleaf.standard.processor.StandardInliningCDATASectionProcessor
[THYMELEAF]         * Comment Processors by [precedence]:
[THYMELEAF]             * [1000]: org.thymeleaf.standard.processor.StandardInliningCommentProcessor
[THYMELEAF]             * [1100]: org.thymeleaf.standard.processor.StandardConditionalCommentProcessor
[THYMELEAF]     * Processors for Template Mode: XML
[THYMELEAF]         * Element Tag Processors by [matching element and attribute name] [precedence]:
[THYMELEAF]             * [* {th:include}] [100]: org.thymeleaf.standard.processor.StandardIncludeTagProcessor
[THYMELEAF]             * [* {th:insert}] [100]: org.thymeleaf.standard.processor.StandardInsertTagProcessor
[THYMELEAF]             * [* {th:replace}] [100]: org.thymeleaf.standard.processor.StandardReplaceTagProcessor
[THYMELEAF]             * [* {th:each}] [200]: com.intuit.karate.template.KarateEachTagProcessor
[THYMELEAF]             * [* {th:switch}] [250]: org.thymeleaf.standard.processor.StandardSwitchTagProcessor
[THYMELEAF]             * [* {th:case}] [275]: org.thymeleaf.standard.processor.StandardCaseTagProcessor
[THYMELEAF]             * [* {th:if}] [300]: org.thymeleaf.standard.processor.StandardIfTagProcessor
[THYMELEAF]             * [* {th:unless}] [400]: org.thymeleaf.standard.processor.StandardUnlessTagProcessor
[THYMELEAF]             * [* {th:object}] [500]: org.thymeleaf.standard.processor.StandardObjectTagProcessor
[THYMELEAF]             * [* {th:with}] [600]: com.intuit.karate.template.KarateWithTagProcessor
[THYMELEAF]             * [* {th:attr}] [700]: com.intuit.karate.template.KarateAttributeTagProcessor.KarateAttrTagProcessor
[THYMELEAF]             * [* {th:attrappend}] [900]: com.intuit.karate.template.KarateAttributeTagProcessor.KarateAttrappendTagProcessor
[THYMELEAF]             * [* {th:attrprepend}] [900]: com.intuit.karate.template.KarateAttributeTagProcessor.KarateAttrprependTagProcessor
[THYMELEAF]             * [* {th:inline}] [1000]: org.thymeleaf.standard.processor.StandardInlineXMLTagProcessor
[THYMELEAF]             * [* {xmlns:th}] [1000]: org.thymeleaf.standard.processor.StandardXmlNsTagProcessor
[THYMELEAF]             * [* {th:text}] [1300]: org.thymeleaf.standard.processor.StandardTextTagProcessor
[THYMELEAF]             * [* {th:utext}] [1400]: org.thymeleaf.standard.processor.StandardUtextTagProcessor
[THYMELEAF]             * [* {th:fragment}] [1500]: org.thymeleaf.standard.processor.StandardFragmentTagProcessor
[THYMELEAF]             * [* {th:assert}] [1550]: org.thymeleaf.standard.processor.StandardAssertTagProcessor
[THYMELEAF]             * [* {th:remove}] [1600]: org.thymeleaf.standard.processor.StandardRemoveTagProcessor
[THYMELEAF]             * [* {th:ref}] [10000]: org.thymeleaf.standard.processor.StandardRefAttributeTagProcessor
[THYMELEAF]             * [{th:block} *] [100000]: org.thymeleaf.standard.processor.StandardBlockTagProcessor
[THYMELEAF]             * [* th:*] [2147483647]: org.thymeleaf.standard.processor.StandardDefaultAttributesTagProcessor
[THYMELEAF]         * Text Processors by [precedence]:
[THYMELEAF]             * [1000]: org.thymeleaf.standard.processor.StandardInliningTextProcessor
[THYMELEAF]         * CDATA Section Processors by [precedence]:
[THYMELEAF]             * [1000]: org.thymeleaf.standard.processor.StandardInliningCDATASectionProcessor
[THYMELEAF]         * Comment Processors by [precedence]:
[THYMELEAF]             * [1000]: org.thymeleaf.standard.processor.StandardInliningCommentProcessor
[THYMELEAF]     * Processors for Template Mode: TEXT
[THYMELEAF]         * Element Tag Processors by [matching element and attribute name] [precedence]:
[THYMELEAF]             * [* {th:insert}] [100]: org.thymeleaf.standard.processor.StandardInsertTagProcessor
[THYMELEAF]             * [* {th:replace}] [100]: org.thymeleaf.standard.processor.StandardReplaceTagProcessor
[THYMELEAF]             * [* {th:each}] [200]: com.intuit.karate.template.KarateEachTagProcessor
[THYMELEAF]             * [* {th:switch}] [250]: org.thymeleaf.standard.processor.StandardSwitchTagProcessor
[THYMELEAF]             * [* {th:case}] [275]: org.thymeleaf.standard.processor.StandardCaseTagProcessor
[THYMELEAF]             * [* {th:if}] [300]: org.thymeleaf.standard.processor.StandardIfTagProcessor
[THYMELEAF]             * [* {th:unless}] [400]: org.thymeleaf.standard.processor.StandardUnlessTagProcessor
[THYMELEAF]             * [* {th:object}] [500]: org.thymeleaf.standard.processor.StandardObjectTagProcessor
[THYMELEAF]             * [* {th:with}] [600]: com.intuit.karate.template.KarateWithTagProcessor
[THYMELEAF]             * [* {th:inline}] [1000]: org.thymeleaf.standard.processor.StandardInlineTextualTagProcessor
[THYMELEAF]             * [* {th:text}] [1300]: org.thymeleaf.standard.processor.StandardTextTagProcessor
[THYMELEAF]             * [* {th:utext}] [1400]: org.thymeleaf.standard.processor.StandardUtextTagProcessor
[THYMELEAF]             * [* {th:assert}] [1550]: org.thymeleaf.standard.processor.StandardAssertTagProcessor
[THYMELEAF]             * [* {th:remove}] [1600]: org.thymeleaf.standard.processor.StandardRemoveTagProcessor
[THYMELEAF]             * [* 100000] [org.thymeleaf.standard.processor.StandardBlockTagProcessor]: {}
[THYMELEAF]             * [{th:block} *] [100000]: org.thymeleaf.standard.processor.StandardBlockTagProcessor
[THYMELEAF]         * Text Processors by [precedence]:
[THYMELEAF]             * [1000]: org.thymeleaf.standard.processor.StandardInliningTextProcessor
[THYMELEAF]     * Processors for Template Mode: JAVASCRIPT
[THYMELEAF]         * Element Tag Processors by [matching element and attribute name] [precedence]:
[THYMELEAF]             * [* {th:insert}] [100]: org.thymeleaf.standard.processor.StandardInsertTagProcessor
[THYMELEAF]             * [* {th:replace}] [100]: org.thymeleaf.standard.processor.StandardReplaceTagProcessor
[THYMELEAF]             * [* {th:each}] [200]: com.intuit.karate.template.KarateEachTagProcessor
[THYMELEAF]             * [* {th:switch}] [250]: org.thymeleaf.standard.processor.StandardSwitchTagProcessor
[THYMELEAF]             * [* {th:case}] [275]: org.thymeleaf.standard.processor.StandardCaseTagProcessor
[THYMELEAF]             * [* {th:if}] [300]: org.thymeleaf.standard.processor.StandardIfTagProcessor
[THYMELEAF]             * [* {th:unless}] [400]: org.thymeleaf.standard.processor.StandardUnlessTagProcessor
[THYMELEAF]             * [* {th:object}] [500]: org.thymeleaf.standard.processor.StandardObjectTagProcessor
[THYMELEAF]             * [* {th:with}] [600]: com.intuit.karate.template.KarateWithTagProcessor
[THYMELEAF]             * [* {th:inline}] [1000]: org.thymeleaf.standard.processor.StandardInlineTextualTagProcessor
[THYMELEAF]             * [* {th:text}] [1300]: org.thymeleaf.standard.processor.StandardTextTagProcessor
[THYMELEAF]             * [* {th:utext}] [1400]: org.thymeleaf.standard.processor.StandardUtextTagProcessor
[THYMELEAF]             * [* {th:assert}] [1550]: org.thymeleaf.standard.processor.StandardAssertTagProcessor
[THYMELEAF]             * [* {th:remove}] [1600]: org.thymeleaf.standard.processor.StandardRemoveTagProcessor
[THYMELEAF]             * [{th:block} *] [100000]: org.thymeleaf.standard.processor.StandardBlockTagProcessor
[THYMELEAF]             * [* 100000] [org.thymeleaf.standard.processor.StandardBlockTagProcessor]: {}
[THYMELEAF]         * Text Processors by [precedence]:
[THYMELEAF]             * [1000]: org.thymeleaf.standard.processor.StandardInliningTextProcessor
[THYMELEAF]     * Processors for Template Mode: CSS
[THYMELEAF]         * Element Tag Processors by [matching element and attribute name] [precedence]:
[THYMELEAF]             * [* {th:insert}] [100]: org.thymeleaf.standard.processor.StandardInsertTagProcessor
[THYMELEAF]             * [* {th:replace}] [100]: org.thymeleaf.standard.processor.StandardReplaceTagProcessor
[THYMELEAF]             * [* {th:each}] [200]: com.intuit.karate.template.KarateEachTagProcessor
[THYMELEAF]             * [* {th:switch}] [250]: org.thymeleaf.standard.processor.StandardSwitchTagProcessor
[THYMELEAF]             * [* {th:case}] [275]: org.thymeleaf.standard.processor.StandardCaseTagProcessor
[THYMELEAF]             * [* {th:if}] [300]: org.thymeleaf.standard.processor.StandardIfTagProcessor
[THYMELEAF]             * [* {th:unless}] [400]: org.thymeleaf.standard.processor.StandardUnlessTagProcessor
[THYMELEAF]             * [* {th:object}] [500]: org.thymeleaf.standard.processor.StandardObjectTagProcessor
[THYMELEAF]             * [* {th:with}] [600]: com.intuit.karate.template.KarateWithTagProcessor
[THYMELEAF]             * [* {th:inline}] [1000]: org.thymeleaf.standard.processor.StandardInlineTextualTagProcessor
[THYMELEAF]             * [* {th:text}] [1300]: org.thymeleaf.standard.processor.StandardTextTagProcessor
[THYMELEAF]             * [* {th:utext}] [1400]: org.thymeleaf.standard.processor.StandardUtextTagProcessor
[THYMELEAF]             * [* {th:assert}] [1550]: org.thymeleaf.standard.processor.StandardAssertTagProcessor
[THYMELEAF]             * [* {th:remove}] [1600]: org.thymeleaf.standard.processor.StandardRemoveTagProcessor
[THYMELEAF]             * [* 100000] [org.thymeleaf.standard.processor.StandardBlockTagProcessor]: {}
[THYMELEAF]             * [{th:block} *] [100000]: org.thymeleaf.standard.processor.StandardBlockTagProcessor
[THYMELEAF]         * Text Processors by [precedence]:
[THYMELEAF]             * [1000]: org.thymeleaf.standard.processor.StandardInliningTextProcessor
[THYMELEAF]     * Expression Objects:
[THYMELEAF]         * #ctx
[THYMELEAF]         * #root
[THYMELEAF]         * #vars
[THYMELEAF]         * #object
[THYMELEAF]         * #locale
[THYMELEAF]         * #conversions
[THYMELEAF]         * #uris
[THYMELEAF]         * #temporals
[THYMELEAF]         * #calendars
[THYMELEAF]         * #dates
[THYMELEAF]         * #bools
[THYMELEAF]         * #numbers
[THYMELEAF]         * #objects
[THYMELEAF]         * #strings
[THYMELEAF]         * #arrays
[THYMELEAF]         * #lists
[THYMELEAF]         * #sets
[THYMELEAF]         * #maps
[THYMELEAF]         * #aggregates
[THYMELEAF]         * #messages
[THYMELEAF]         * #ids
[THYMELEAF]         * #execInfo
[THYMELEAF]         * #request
[THYMELEAF]         * #response
[THYMELEAF]         * #session
[THYMELEAF]         * #servletContext
[THYMELEAF]     * Execution Attributes:
[THYMELEAF]         * "StandardExpressionParser": com.intuit.karate.template.KarateStandardDialect@774f2992
[THYMELEAF]         * "StandardJavaScriptSerializer": org.thymeleaf.standard.serializer.StandardJavaScriptSerializer@7fac18dc
[THYMELEAF]         * "StandardCSSSerializer": org.thymeleaf.standard.serializer.StandardCSSSerializer@50bf795f
[THYMELEAF]         * "StandardVariableExpressionEvaluator": com.intuit.karate.template.KarateStandardDialect@774f2992
[THYMELEAF]         * "StandardConversionService": org.thymeleaf.standard.expression.StandardConversionService@29fcfc54
[THYMELEAF] * Dialect [2 of 2]: karate (com.intuit.karate.template.KarateScriptDialect)
[THYMELEAF]     * Prefix: "ka"
[THYMELEAF]     * Processors for Template Mode: HTML
[THYMELEAF]         * Element Tag Processors by [matching element and attribute name] [precedence]:
[THYMELEAF]             * [* {src}] [1000]: com.intuit.karate.template.KaScriptAttrProcessor
[THYMELEAF]         * Element Model Processors by [matching element and attribute name] [precedence]:
[THYMELEAF]             * [{script} {ka:scope,data-ka-scope}] [1000]: com.intuit.karate.template.KaScriptElemProcessor
[THYMELEAF]             * [* {ka:set,data-ka-set}] [1000]: com.intuit.karate.template.KaSetElemProcessor
[THYMELEAF] TEMPLATE ENGINE CONFIGURED OK
14:57:19.306 [main] DEBUG org.thymeleaf.TemplateEngine -- [THYMELEAF] TEMPLATE ENGINE INITIALIZED
---------------------------------------------------------
feature: classpath:features/usuarios/usuarios-detalle.feature
scenarios:  2 | passed:  2 | failed:  0 | time: 1.3386
---------------------------------------------------------

]]></system-out>
  </testcase>
  <testcase name="[1:9] Crear y eliminar usuario (200)" classname="features/usuarios/usuarios-eliminar" time="0.872">
    <system-out><![CDATA[14:57:19.472 [main] DEBUG com.jayway.jsonpath.internal.path.CompiledPath -- Evaluating path: $
14:57:19.472 [main] DEBUG org.apache.http.client.protocol.RequestAddCookies -- CookieSpec selected: karate
14:57:19.472 [main] DEBUG org.apache.http.client.protocol.RequestAuthCache -- Auth cache not set in the context
14:57:19.472 [main] DEBUG com.intuit.karate -- request:
1 > POST https://serverest.dev/usuarios
1 > Content-Type: application/json; charset=UTF-8
1 > Content-Length: 99
1 > Host: serverest.dev
1 > Connection: Keep-Alive
1 > User-Agent: Apache-HttpClient/4.5.14 (Java/17.0.12)
1 > Accept-Encoding: gzip,deflate
{"nome":"User-56fe2","email":"user_615efd3b@mail.com","password":"Pwd@3895","administrador":"true"}

14:57:19.472 [main] DEBUG org.apache.http.impl.conn.PoolingHttpClientConnectionManager -- Connection request: [route: {s}->https://serverest.dev:443][total available: 0; route allocated: 0 of 5; total allocated: 0 of 10]
14:57:19.472 [main] DEBUG org.apache.http.impl.conn.PoolingHttpClientConnectionManager -- Connection leased: [id: 11][route: {s}->https://serverest.dev:443][total available: 0; route allocated: 1 of 5; total allocated: 1 of 10]
14:57:19.472 [main] DEBUG org.apache.http.impl.execchain.MainClientExec -- Opening connection {s}->https://serverest.dev:443
14:57:19.472 [main] DEBUG org.apache.http.impl.conn.DefaultHttpClientConnectionOperator -- Connecting to serverest.dev/216.239.38.21:443
14:57:19.472 [main] DEBUG org.apache.http.conn.ssl.LenientSslConnectionSocketFactory -- Connecting socket to serverest.dev/216.239.38.21:443 with timeout 15000
14:57:19.510 [main] DEBUG org.apache.http.conn.ssl.LenientSslConnectionSocketFactory -- Enabled protocols: [TLSv1.3, TLSv1.2]
14:57:19.510 [main] DEBUG org.apache.http.conn.ssl.LenientSslConnectionSocketFactory -- Enabled cipher suites:[TLS_AES_256_GCM_SHA384, TLS_AES_128_GCM_SHA256, TLS_CHACHA20_POLY1305_SHA256, TLS_ECDHE_ECDSA_WITH_AES_256_GCM_SHA384, TLS_ECDHE_ECDSA_WITH_AES_128_GCM_SHA256, TLS_ECDHE_ECDSA_WITH_CHACHA20_POLY1305_SHA256, TLS_ECDHE_RSA_WITH_AES_256_GCM_SHA384, TLS_ECDHE_RSA_WITH_CHACHA20_POLY1305_SHA256, TLS_ECDHE_RSA_WITH_AES_128_GCM_SHA256, TLS_DHE_RSA_WITH_AES_256_GCM_SHA384, TLS_DHE_RSA_WITH_CHACHA20_POLY1305_SHA256, TLS_DHE_DSS_WITH_AES_256_GCM_SHA384, TLS_DHE_RSA_WITH_AES_128_GCM_SHA256, TLS_DHE_DSS_WITH_AES_128_GCM_SHA256, TLS_ECDHE_ECDSA_WITH_AES_256_CBC_SHA384, TLS_ECDHE_RSA_WITH_AES_256_CBC_SHA384, TLS_ECDHE_ECDSA_WITH_AES_128_CBC_SHA256, TLS_ECDHE_RSA_WITH_AES_128_CBC_SHA256, TLS_DHE_RSA_WITH_AES_256_CBC_SHA256, TLS_DHE_DSS_WITH_AES_256_CBC_SHA256, TLS_DHE_RSA_WITH_AES_128_CBC_SHA256, TLS_DHE_DSS_WITH_AES_128_CBC_SHA256, TLS_ECDH_ECDSA_WITH_AES_256_GCM_SHA384, TLS_ECDH_RSA_WITH_AES_256_GCM_SHA384, TLS_ECDH_ECDSA_WITH_AES_128_GCM_SHA256, TLS_ECDH_RSA_WITH_AES_128_GCM_SHA256, TLS_ECDH_ECDSA_WITH_AES_256_CBC_SHA384, TLS_ECDH_RSA_WITH_AES_256_CBC_SHA384, TLS_ECDH_ECDSA_WITH_AES_128_CBC_SHA256, TLS_ECDH_RSA_WITH_AES_128_CBC_SHA256, TLS_ECDHE_ECDSA_WITH_AES_256_CBC_SHA, TLS_ECDHE_RSA_WITH_AES_256_CBC_SHA, TLS_ECDHE_ECDSA_WITH_AES_128_CBC_SHA, TLS_ECDHE_RSA_WITH_AES_128_CBC_SHA, TLS_DHE_RSA_WITH_AES_256_CBC_SHA, TLS_DHE_DSS_WITH_AES_256_CBC_SHA, TLS_DHE_RSA_WITH_AES_128_CBC_SHA, TLS_DHE_DSS_WITH_AES_128_CBC_SHA, TLS_ECDH_ECDSA_WITH_AES_256_CBC_SHA, TLS_ECDH_RSA_WITH_AES_256_CBC_SHA, TLS_ECDH_ECDSA_WITH_AES_128_CBC_SHA, TLS_ECDH_RSA_WITH_AES_128_CBC_SHA, TLS_RSA_WITH_AES_256_GCM_SHA384, TLS_RSA_WITH_AES_128_GCM_SHA256, TLS_RSA_WITH_AES_256_CBC_SHA256, TLS_RSA_WITH_AES_128_CBC_SHA256, TLS_RSA_WITH_AES_256_CBC_SHA, TLS_RSA_WITH_AES_128_CBC_SHA, TLS_EMPTY_RENEGOTIATION_INFO_SCSV]
14:57:19.510 [main] DEBUG org.apache.http.conn.ssl.LenientSslConnectionSocketFactory -- Starting handshake
14:57:19.673 [main] DEBUG org.apache.http.conn.ssl.LenientSslConnectionSocketFactory -- Secure session established
14:57:19.674 [main] DEBUG org.apache.http.conn.ssl.LenientSslConnectionSocketFactory --  negotiated protocol: TLSv1.3
14:57:19.674 [main] DEBUG org.apache.http.conn.ssl.LenientSslConnectionSocketFactory --  negotiated cipher suite: TLS_AES_256_GCM_SHA384
14:57:19.674 [main] DEBUG org.apache.http.conn.ssl.LenientSslConnectionSocketFactory --  peer principal: CN=serverest.dev
14:57:19.674 [main] DEBUG org.apache.http.conn.ssl.LenientSslConnectionSocketFactory --  peer alternative names: [serverest.dev]
14:57:19.674 [main] DEBUG org.apache.http.conn.ssl.LenientSslConnectionSocketFactory --  issuer principal: CN=WR3, O=Google Trust Services, C=US
14:57:19.674 [main] DEBUG org.apache.http.impl.conn.DefaultHttpClientConnectionOperator -- Connection established 192.168.100.14:54882<->216.239.38.21:443
14:57:19.674 [main] DEBUG org.apache.http.impl.conn.DefaultManagedHttpClientConnection -- http-outgoing-11: set socket timeout to 15000
14:57:19.674 [main] DEBUG org.apache.http.impl.execchain.MainClientExec -- Executing request POST /usuarios HTTP/1.1
14:57:19.674 [main] DEBUG org.apache.http.impl.execchain.MainClientExec -- Target auth state: UNCHALLENGED
14:57:19.674 [main] DEBUG org.apache.http.impl.execchain.MainClientExec -- Proxy auth state: UNCHALLENGED
14:57:19.674 [main] DEBUG org.apache.http.headers -- http-outgoing-11 >> POST /usuarios HTTP/1.1
14:57:19.674 [main] DEBUG org.apache.http.headers -- http-outgoing-11 >> Content-Type: application/json; charset=UTF-8
14:57:19.674 [main] DEBUG org.apache.http.headers -- http-outgoing-11 >> Content-Length: 99
14:57:19.674 [main] DEBUG org.apache.http.headers -- http-outgoing-11 >> Host: serverest.dev
14:57:19.674 [main] DEBUG org.apache.http.headers -- http-outgoing-11 >> Connection: Keep-Alive
14:57:19.674 [main] DEBUG org.apache.http.headers -- http-outgoing-11 >> User-Agent: Apache-HttpClient/4.5.14 (Java/17.0.12)
14:57:19.674 [main] DEBUG org.apache.http.headers -- http-outgoing-11 >> Accept-Encoding: gzip,deflate
14:57:19.674 [main] DEBUG org.apache.http.wire -- http-outgoing-11 >> "POST /usuarios HTTP/1.1[\r][\n]"
14:57:19.674 [main] DEBUG org.apache.http.wire -- http-outgoing-11 >> "Content-Type: application/json; charset=UTF-8[\r][\n]"
14:57:19.674 [main] DEBUG org.apache.http.wire -- http-outgoing-11 >> "Content-Length: 99[\r][\n]"
14:57:19.674 [main] DEBUG org.apache.http.wire -- http-outgoing-11 >> "Host: serverest.dev[\r][\n]"
14:57:19.674 [main] DEBUG org.apache.http.wire -- http-outgoing-11 >> "Connection: Keep-Alive[\r][\n]"
14:57:19.674 [main] DEBUG org.apache.http.wire -- http-outgoing-11 >> "User-Agent: Apache-HttpClient/4.5.14 (Java/17.0.12)[\r][\n]"
14:57:19.674 [main] DEBUG org.apache.http.wire -- http-outgoing-11 >> "Accept-Encoding: gzip,deflate[\r][\n]"
14:57:19.674 [main] DEBUG org.apache.http.wire -- http-outgoing-11 >> "[\r][\n]"
14:57:19.674 [main] DEBUG org.apache.http.wire -- http-outgoing-11 >> "{"nome":"User-56fe2","email":"user_615efd3b@mail.com","password":"Pwd@3895","administrador":"true"}"
14:57:19.885 [main] DEBUG org.apache.http.wire -- http-outgoing-11 << "HTTP/1.1 201 Created[\r][\n]"
14:57:19.885 [main] DEBUG org.apache.http.wire -- http-outgoing-11 << "access-control-allow-origin: *[\r][\n]"
14:57:19.885 [main] DEBUG org.apache.http.wire -- http-outgoing-11 << "x-dns-prefetch-control: off[\r][\n]"
14:57:19.885 [main] DEBUG org.apache.http.wire -- http-outgoing-11 << "x-frame-options: SAMEORIGIN[\r][\n]"
14:57:19.885 [main] DEBUG org.apache.http.wire -- http-outgoing-11 << "strict-transport-security: max-age=15552000; includeSubDomains[\r][\n]"
14:57:19.885 [main] DEBUG org.apache.http.wire -- http-outgoing-11 << "x-download-options: noopen[\r][\n]"
14:57:19.885 [main] DEBUG org.apache.http.wire -- http-outgoing-11 << "x-content-type-options: nosniff[\r][\n]"
14:57:19.885 [main] DEBUG org.apache.http.wire -- http-outgoing-11 << "x-xss-protection: 1; mode=block[\r][\n]"
14:57:19.885 [main] DEBUG org.apache.http.wire -- http-outgoing-11 << "content-type: application/json; charset=utf-8[\r][\n]"
14:57:19.885 [main] DEBUG org.apache.http.wire -- http-outgoing-11 << "x-cloud-trace-context: e59c9f7d80a9c27ab082dbf698b390ee[\r][\n]"
14:57:19.885 [main] DEBUG org.apache.http.wire -- http-outgoing-11 << "date: Sun, 31 Aug 2025 19:57:19 GMT[\r][\n]"
14:57:19.885 [main] DEBUG org.apache.http.wire -- http-outgoing-11 << "server: Google Frontend[\r][\n]"
14:57:19.885 [main] DEBUG org.apache.http.wire -- http-outgoing-11 << "Content-Length: 82[\r][\n]"
14:57:19.885 [main] DEBUG org.apache.http.wire -- http-outgoing-11 << "[\r][\n]"
14:57:19.885 [main] DEBUG org.apache.http.wire -- http-outgoing-11 << "{[\n]"
14:57:19.885 [main] DEBUG org.apache.http.wire -- http-outgoing-11 << "    "message": "Cadastro realizado com sucesso",[\n]"
14:57:19.885 [main] DEBUG org.apache.http.wire -- http-outgoing-11 << "    "_id": "QE8c1onXcU0TQ5ik"[\n]"
14:57:19.885 [main] DEBUG org.apache.http.wire -- http-outgoing-11 << "}"
14:57:19.885 [main] DEBUG org.apache.http.headers -- http-outgoing-11 << HTTP/1.1 201 Created
14:57:19.885 [main] DEBUG org.apache.http.headers -- http-outgoing-11 << access-control-allow-origin: *
14:57:19.885 [main] DEBUG org.apache.http.headers -- http-outgoing-11 << x-dns-prefetch-control: off
14:57:19.885 [main] DEBUG org.apache.http.headers -- http-outgoing-11 << x-frame-options: SAMEORIGIN
14:57:19.885 [main] DEBUG org.apache.http.headers -- http-outgoing-11 << strict-transport-security: max-age=15552000; includeSubDomains
14:57:19.885 [main] DEBUG org.apache.http.headers -- http-outgoing-11 << x-download-options: noopen
14:57:19.885 [main] DEBUG org.apache.http.headers -- http-outgoing-11 << x-content-type-options: nosniff
14:57:19.885 [main] DEBUG org.apache.http.headers -- http-outgoing-11 << x-xss-protection: 1; mode=block
14:57:19.885 [main] DEBUG org.apache.http.headers -- http-outgoing-11 << content-type: application/json; charset=utf-8
14:57:19.885 [main] DEBUG org.apache.http.headers -- http-outgoing-11 << x-cloud-trace-context: e59c9f7d80a9c27ab082dbf698b390ee
14:57:19.885 [main] DEBUG org.apache.http.headers -- http-outgoing-11 << date: Sun, 31 Aug 2025 19:57:19 GMT
14:57:19.885 [main] DEBUG org.apache.http.headers -- http-outgoing-11 << server: Google Frontend
14:57:19.885 [main] DEBUG org.apache.http.headers -- http-outgoing-11 << Content-Length: 82
14:57:19.885 [main] DEBUG org.apache.http.impl.execchain.MainClientExec -- Connection can be kept alive indefinitely
14:57:19.886 [main] DEBUG org.apache.http.impl.conn.PoolingHttpClientConnectionManager -- Connection [id: 11][route: {s}->https://serverest.dev:443] can be kept alive indefinitely
14:57:19.886 [main] DEBUG org.apache.http.impl.conn.DefaultManagedHttpClientConnection -- http-outgoing-11: set socket timeout to 0
14:57:19.886 [main] DEBUG org.apache.http.impl.conn.PoolingHttpClientConnectionManager -- Connection released: [id: 11][route: {s}->https://serverest.dev:443][total available: 1; route allocated: 1 of 5; total allocated: 1 of 10]
14:57:19.886 [main] DEBUG org.apache.http.impl.conn.PoolingHttpClientConnectionManager -- Connection manager is shutting down
14:57:19.886 [main] DEBUG org.apache.http.impl.conn.DefaultManagedHttpClientConnection -- http-outgoing-11: Close connection
14:57:19.887 [main] DEBUG org.apache.http.impl.conn.PoolingHttpClientConnectionManager -- Connection manager shut down
14:57:19.887 [main] DEBUG com.intuit.karate -- response time in milliseconds: 414
1 < 201
1 < access-control-allow-origin: *
1 < x-dns-prefetch-control: off
1 < x-frame-options: SAMEORIGIN
1 < strict-transport-security: max-age=15552000; includeSubDomains
1 < x-download-options: noopen
1 < x-content-type-options: nosniff
1 < x-xss-protection: 1; mode=block
1 < content-type: application/json; charset=utf-8
1 < x-cloud-trace-context: e59c9f7d80a9c27ab082dbf698b390ee
1 < date: Sun, 31 Aug 2025 19:57:19 GMT
1 < server: Google Frontend
1 < Content-Length: 82
{
    "message": "Cadastro realizado com sucesso",
    "_id": "QE8c1onXcU0TQ5ik"
}

14:57:19.888 [main] DEBUG org.apache.http.client.protocol.RequestAddCookies -- CookieSpec selected: karate
14:57:19.890 [main] DEBUG org.apache.http.client.protocol.RequestAuthCache -- Auth cache not set in the context
14:57:19.890 [main] DEBUG com.intuit.karate -- request:
2 > DELETE https://serverest.dev/usuarios/QE8c1onXcU0TQ5ik
2 > Host: serverest.dev
2 > Connection: Keep-Alive
2 > User-Agent: Apache-HttpClient/4.5.14 (Java/17.0.12)
2 > Accept-Encoding: gzip,deflate


14:57:19.890 [main] DEBUG org.apache.http.impl.conn.PoolingHttpClientConnectionManager -- Connection request: [route: {s}->https://serverest.dev:443][total available: 0; route allocated: 0 of 5; total allocated: 0 of 10]
14:57:19.890 [main] DEBUG org.apache.http.impl.conn.PoolingHttpClientConnectionManager -- Connection leased: [id: 12][route: {s}->https://serverest.dev:443][total available: 0; route allocated: 1 of 5; total allocated: 1 of 10]
14:57:19.890 [main] DEBUG org.apache.http.impl.execchain.MainClientExec -- Opening connection {s}->https://serverest.dev:443
14:57:19.890 [main] DEBUG org.apache.http.impl.conn.DefaultHttpClientConnectionOperator -- Connecting to serverest.dev/216.239.38.21:443
14:57:19.890 [main] DEBUG org.apache.http.conn.ssl.LenientSslConnectionSocketFactory -- Connecting socket to serverest.dev/216.239.38.21:443 with timeout 15000
14:57:19.933 [main] DEBUG org.apache.http.conn.ssl.LenientSslConnectionSocketFactory -- Enabled protocols: [TLSv1.3, TLSv1.2]
14:57:19.934 [main] DEBUG org.apache.http.conn.ssl.LenientSslConnectionSocketFactory -- Enabled cipher suites:[TLS_AES_256_GCM_SHA384, TLS_AES_128_GCM_SHA256, TLS_CHACHA20_POLY1305_SHA256, TLS_ECDHE_ECDSA_WITH_AES_256_GCM_SHA384, TLS_ECDHE_ECDSA_WITH_AES_128_GCM_SHA256, TLS_ECDHE_ECDSA_WITH_CHACHA20_POLY1305_SHA256, TLS_ECDHE_RSA_WITH_AES_256_GCM_SHA384, TLS_ECDHE_RSA_WITH_CHACHA20_POLY1305_SHA256, TLS_ECDHE_RSA_WITH_AES_128_GCM_SHA256, TLS_DHE_RSA_WITH_AES_256_GCM_SHA384, TLS_DHE_RSA_WITH_CHACHA20_POLY1305_SHA256, TLS_DHE_DSS_WITH_AES_256_GCM_SHA384, TLS_DHE_RSA_WITH_AES_128_GCM_SHA256, TLS_DHE_DSS_WITH_AES_128_GCM_SHA256, TLS_ECDHE_ECDSA_WITH_AES_256_CBC_SHA384, TLS_ECDHE_RSA_WITH_AES_256_CBC_SHA384, TLS_ECDHE_ECDSA_WITH_AES_128_CBC_SHA256, TLS_ECDHE_RSA_WITH_AES_128_CBC_SHA256, TLS_DHE_RSA_WITH_AES_256_CBC_SHA256, TLS_DHE_DSS_WITH_AES_256_CBC_SHA256, TLS_DHE_RSA_WITH_AES_128_CBC_SHA256, TLS_DHE_DSS_WITH_AES_128_CBC_SHA256, TLS_ECDH_ECDSA_WITH_AES_256_GCM_SHA384, TLS_ECDH_RSA_WITH_AES_256_GCM_SHA384, TLS_ECDH_ECDSA_WITH_AES_128_GCM_SHA256, TLS_ECDH_RSA_WITH_AES_128_GCM_SHA256, TLS_ECDH_ECDSA_WITH_AES_256_CBC_SHA384, TLS_ECDH_RSA_WITH_AES_256_CBC_SHA384, TLS_ECDH_ECDSA_WITH_AES_128_CBC_SHA256, TLS_ECDH_RSA_WITH_AES_128_CBC_SHA256, TLS_ECDHE_ECDSA_WITH_AES_256_CBC_SHA, TLS_ECDHE_RSA_WITH_AES_256_CBC_SHA, TLS_ECDHE_ECDSA_WITH_AES_128_CBC_SHA, TLS_ECDHE_RSA_WITH_AES_128_CBC_SHA, TLS_DHE_RSA_WITH_AES_256_CBC_SHA, TLS_DHE_DSS_WITH_AES_256_CBC_SHA, TLS_DHE_RSA_WITH_AES_128_CBC_SHA, TLS_DHE_DSS_WITH_AES_128_CBC_SHA, TLS_ECDH_ECDSA_WITH_AES_256_CBC_SHA, TLS_ECDH_RSA_WITH_AES_256_CBC_SHA, TLS_ECDH_ECDSA_WITH_AES_128_CBC_SHA, TLS_ECDH_RSA_WITH_AES_128_CBC_SHA, TLS_RSA_WITH_AES_256_GCM_SHA384, TLS_RSA_WITH_AES_128_GCM_SHA256, TLS_RSA_WITH_AES_256_CBC_SHA256, TLS_RSA_WITH_AES_128_CBC_SHA256, TLS_RSA_WITH_AES_256_CBC_SHA, TLS_RSA_WITH_AES_128_CBC_SHA, TLS_EMPTY_RENEGOTIATION_INFO_SCSV]
14:57:19.934 [main] DEBUG org.apache.http.conn.ssl.LenientSslConnectionSocketFactory -- Starting handshake
14:57:20.087 [main] DEBUG org.apache.http.conn.ssl.LenientSslConnectionSocketFactory -- Secure session established
14:57:20.087 [main] DEBUG org.apache.http.conn.ssl.LenientSslConnectionSocketFactory --  negotiated protocol: TLSv1.3
14:57:20.087 [main] DEBUG org.apache.http.conn.ssl.LenientSslConnectionSocketFactory --  negotiated cipher suite: TLS_AES_256_GCM_SHA384
14:57:20.087 [main] DEBUG org.apache.http.conn.ssl.LenientSslConnectionSocketFactory --  peer principal: CN=serverest.dev
14:57:20.087 [main] DEBUG org.apache.http.conn.ssl.LenientSslConnectionSocketFactory --  peer alternative names: [serverest.dev]
14:57:20.087 [main] DEBUG org.apache.http.conn.ssl.LenientSslConnectionSocketFactory --  issuer principal: CN=WR3, O=Google Trust Services, C=US
14:57:20.087 [main] DEBUG org.apache.http.impl.conn.DefaultHttpClientConnectionOperator -- Connection established 192.168.100.14:54883<->216.239.38.21:443
14:57:20.087 [main] DEBUG org.apache.http.impl.conn.DefaultManagedHttpClientConnection -- http-outgoing-12: set socket timeout to 15000
14:57:20.087 [main] DEBUG org.apache.http.impl.execchain.MainClientExec -- Executing request DELETE /usuarios/QE8c1onXcU0TQ5ik HTTP/1.1
14:57:20.087 [main] DEBUG org.apache.http.impl.execchain.MainClientExec -- Target auth state: UNCHALLENGED
14:57:20.087 [main] DEBUG org.apache.http.impl.execchain.MainClientExec -- Proxy auth state: UNCHALLENGED
14:57:20.087 [main] DEBUG org.apache.http.headers -- http-outgoing-12 >> DELETE /usuarios/QE8c1onXcU0TQ5ik HTTP/1.1
14:57:20.087 [main] DEBUG org.apache.http.headers -- http-outgoing-12 >> Host: serverest.dev
14:57:20.087 [main] DEBUG org.apache.http.headers -- http-outgoing-12 >> Connection: Keep-Alive
14:57:20.087 [main] DEBUG org.apache.http.headers -- http-outgoing-12 >> User-Agent: Apache-HttpClient/4.5.14 (Java/17.0.12)
14:57:20.087 [main] DEBUG org.apache.http.headers -- http-outgoing-12 >> Accept-Encoding: gzip,deflate
14:57:20.087 [main] DEBUG org.apache.http.wire -- http-outgoing-12 >> "DELETE /usuarios/QE8c1onXcU0TQ5ik HTTP/1.1[\r][\n]"
14:57:20.087 [main] DEBUG org.apache.http.wire -- http-outgoing-12 >> "Host: serverest.dev[\r][\n]"
14:57:20.087 [main] DEBUG org.apache.http.wire -- http-outgoing-12 >> "Connection: Keep-Alive[\r][\n]"
14:57:20.087 [main] DEBUG org.apache.http.wire -- http-outgoing-12 >> "User-Agent: Apache-HttpClient/4.5.14 (Java/17.0.12)[\r][\n]"
14:57:20.087 [main] DEBUG org.apache.http.wire -- http-outgoing-12 >> "Accept-Encoding: gzip,deflate[\r][\n]"
14:57:20.087 [main] DEBUG org.apache.http.wire -- http-outgoing-12 >> "[\r][\n]"
14:57:20.315 [main] DEBUG org.apache.http.wire -- http-outgoing-12 << "HTTP/1.1 200 OK[\r][\n]"
14:57:20.315 [main] DEBUG org.apache.http.wire -- http-outgoing-12 << "access-control-allow-origin: *[\r][\n]"
14:57:20.315 [main] DEBUG org.apache.http.wire -- http-outgoing-12 << "x-dns-prefetch-control: off[\r][\n]"
14:57:20.315 [main] DEBUG org.apache.http.wire -- http-outgoing-12 << "x-frame-options: SAMEORIGIN[\r][\n]"
14:57:20.315 [main] DEBUG org.apache.http.wire -- http-outgoing-12 << "strict-transport-security: max-age=15552000; includeSubDomains[\r][\n]"
14:57:20.315 [main] DEBUG org.apache.http.wire -- http-outgoing-12 << "x-download-options: noopen[\r][\n]"
14:57:20.315 [main] DEBUG org.apache.http.wire -- http-outgoing-12 << "x-content-type-options: nosniff[\r][\n]"
14:57:20.315 [main] DEBUG org.apache.http.wire -- http-outgoing-12 << "x-xss-protection: 1; mode=block[\r][\n]"
14:57:20.315 [main] DEBUG org.apache.http.wire -- http-outgoing-12 << "content-type: application/json; charset=utf-8[\r][\n]"
14:57:20.315 [main] DEBUG org.apache.http.wire -- http-outgoing-12 << "x-cloud-trace-context: 94ee4d746d7cdebed04d35f46e72944e[\r][\n]"
14:57:20.315 [main] DEBUG org.apache.http.wire -- http-outgoing-12 << "date: Sun, 31 Aug 2025 19:57:20 GMT[\r][\n]"
14:57:20.315 [main] DEBUG org.apache.http.wire -- http-outgoing-12 << "server: Google Frontend[\r][\n]"
14:57:20.315 [main] DEBUG org.apache.http.wire -- http-outgoing-12 << "Content-Length: 51[\r][\n]"
14:57:20.315 [main] DEBUG org.apache.http.wire -- http-outgoing-12 << "[\r][\n]"
14:57:20.315 [main] DEBUG org.apache.http.wire -- http-outgoing-12 << "{[\n]"
14:57:20.315 [main] DEBUG org.apache.http.wire -- http-outgoing-12 << "    "message": "Registro exclu[0xc3][0xad]do com sucesso"[\n]"
14:57:20.315 [main] DEBUG org.apache.http.wire -- http-outgoing-12 << "}"
14:57:20.315 [main] DEBUG org.apache.http.headers -- http-outgoing-12 << HTTP/1.1 200 OK
14:57:20.315 [main] DEBUG org.apache.http.headers -- http-outgoing-12 << access-control-allow-origin: *
14:57:20.315 [main] DEBUG org.apache.http.headers -- http-outgoing-12 << x-dns-prefetch-control: off
14:57:20.315 [main] DEBUG org.apache.http.headers -- http-outgoing-12 << x-frame-options: SAMEORIGIN
14:57:20.315 [main] DEBUG org.apache.http.headers -- http-outgoing-12 << strict-transport-security: max-age=15552000; includeSubDomains
14:57:20.315 [main] DEBUG org.apache.http.headers -- http-outgoing-12 << x-download-options: noopen
14:57:20.315 [main] DEBUG org.apache.http.headers -- http-outgoing-12 << x-content-type-options: nosniff
14:57:20.315 [main] DEBUG org.apache.http.headers -- http-outgoing-12 << x-xss-protection: 1; mode=block
14:57:20.315 [main] DEBUG org.apache.http.headers -- http-outgoing-12 << content-type: application/json; charset=utf-8
14:57:20.315 [main] DEBUG org.apache.http.headers -- http-outgoing-12 << x-cloud-trace-context: 94ee4d746d7cdebed04d35f46e72944e
14:57:20.315 [main] DEBUG org.apache.http.headers -- http-outgoing-12 << date: Sun, 31 Aug 2025 19:57:20 GMT
14:57:20.315 [main] DEBUG org.apache.http.headers -- http-outgoing-12 << server: Google Frontend
14:57:20.315 [main] DEBUG org.apache.http.headers -- http-outgoing-12 << Content-Length: 51
14:57:20.316 [main] DEBUG org.apache.http.impl.execchain.MainClientExec -- Connection can be kept alive indefinitely
14:57:20.316 [main] DEBUG org.apache.http.impl.conn.PoolingHttpClientConnectionManager -- Connection [id: 12][route: {s}->https://serverest.dev:443] can be kept alive indefinitely
14:57:20.316 [main] DEBUG org.apache.http.impl.conn.DefaultManagedHttpClientConnection -- http-outgoing-12: set socket timeout to 0
14:57:20.316 [main] DEBUG org.apache.http.impl.conn.PoolingHttpClientConnectionManager -- Connection released: [id: 12][route: {s}->https://serverest.dev:443][total available: 1; route allocated: 1 of 5; total allocated: 1 of 10]
14:57:20.316 [main] DEBUG org.apache.http.impl.conn.PoolingHttpClientConnectionManager -- Connection manager is shutting down
14:57:20.316 [main] DEBUG org.apache.http.impl.conn.DefaultManagedHttpClientConnection -- http-outgoing-12: Close connection
14:57:20.316 [main] DEBUG org.apache.http.impl.conn.PoolingHttpClientConnectionManager -- Connection manager shut down
14:57:20.317 [main] DEBUG com.intuit.karate -- response time in milliseconds: 426
2 < 200
2 < access-control-allow-origin: *
2 < x-dns-prefetch-control: off
2 < x-frame-options: SAMEORIGIN
2 < strict-transport-security: max-age=15552000; includeSubDomains
2 < x-download-options: noopen
2 < x-content-type-options: nosniff
2 < x-xss-protection: 1; mode=block
2 < content-type: application/json; charset=utf-8
2 < x-cloud-trace-context: 94ee4d746d7cdebed04d35f46e72944e
2 < date: Sun, 31 Aug 2025 19:57:20 GMT
2 < server: Google Frontend
2 < Content-Length: 51
{
    "message": "Registro excluído com sucesso"
}

14:57:20.317 [main] DEBUG com.jayway.jsonpath.internal.path.CompiledPath -- Evaluating path: $
]]></system-out>
  </testcase>
  <testcase name="[2:21] Eliminar usuario inexistente (200 o 404 según API)" classname="features/usuarios/usuarios-eliminar" time="0.515">
    <system-out><![CDATA[14:57:20.328 [main] DEBUG org.apache.http.client.protocol.RequestAddCookies -- CookieSpec selected: karate
14:57:20.329 [main] DEBUG org.apache.http.client.protocol.RequestAuthCache -- Auth cache not set in the context
14:57:20.329 [main] DEBUG com.intuit.karate -- request:
1 > DELETE https://serverest.dev/usuarios/id-que-no-existe
1 > Host: serverest.dev
1 > Connection: Keep-Alive
1 > User-Agent: Apache-HttpClient/4.5.14 (Java/17.0.12)
1 > Accept-Encoding: gzip,deflate


14:57:20.329 [main] DEBUG org.apache.http.impl.conn.PoolingHttpClientConnectionManager -- Connection request: [route: {s}->https://serverest.dev:443][total available: 0; route allocated: 0 of 5; total allocated: 0 of 10]
14:57:20.329 [main] DEBUG org.apache.http.impl.conn.PoolingHttpClientConnectionManager -- Connection leased: [id: 13][route: {s}->https://serverest.dev:443][total available: 0; route allocated: 1 of 5; total allocated: 1 of 10]
14:57:20.329 [main] DEBUG org.apache.http.impl.execchain.MainClientExec -- Opening connection {s}->https://serverest.dev:443
14:57:20.329 [main] DEBUG org.apache.http.impl.conn.DefaultHttpClientConnectionOperator -- Connecting to serverest.dev/216.239.38.21:443
14:57:20.329 [main] DEBUG org.apache.http.conn.ssl.LenientSslConnectionSocketFactory -- Connecting socket to serverest.dev/216.239.38.21:443 with timeout 15000
14:57:20.373 [main] DEBUG org.apache.http.conn.ssl.LenientSslConnectionSocketFactory -- Enabled protocols: [TLSv1.3, TLSv1.2]
14:57:20.373 [main] DEBUG org.apache.http.conn.ssl.LenientSslConnectionSocketFactory -- Enabled cipher suites:[TLS_AES_256_GCM_SHA384, TLS_AES_128_GCM_SHA256, TLS_CHACHA20_POLY1305_SHA256, TLS_ECDHE_ECDSA_WITH_AES_256_GCM_SHA384, TLS_ECDHE_ECDSA_WITH_AES_128_GCM_SHA256, TLS_ECDHE_ECDSA_WITH_CHACHA20_POLY1305_SHA256, TLS_ECDHE_RSA_WITH_AES_256_GCM_SHA384, TLS_ECDHE_RSA_WITH_CHACHA20_POLY1305_SHA256, TLS_ECDHE_RSA_WITH_AES_128_GCM_SHA256, TLS_DHE_RSA_WITH_AES_256_GCM_SHA384, TLS_DHE_RSA_WITH_CHACHA20_POLY1305_SHA256, TLS_DHE_DSS_WITH_AES_256_GCM_SHA384, TLS_DHE_RSA_WITH_AES_128_GCM_SHA256, TLS_DHE_DSS_WITH_AES_128_GCM_SHA256, TLS_ECDHE_ECDSA_WITH_AES_256_CBC_SHA384, TLS_ECDHE_RSA_WITH_AES_256_CBC_SHA384, TLS_ECDHE_ECDSA_WITH_AES_128_CBC_SHA256, TLS_ECDHE_RSA_WITH_AES_128_CBC_SHA256, TLS_DHE_RSA_WITH_AES_256_CBC_SHA256, TLS_DHE_DSS_WITH_AES_256_CBC_SHA256, TLS_DHE_RSA_WITH_AES_128_CBC_SHA256, TLS_DHE_DSS_WITH_AES_128_CBC_SHA256, TLS_ECDH_ECDSA_WITH_AES_256_GCM_SHA384, TLS_ECDH_RSA_WITH_AES_256_GCM_SHA384, TLS_ECDH_ECDSA_WITH_AES_128_GCM_SHA256, TLS_ECDH_RSA_WITH_AES_128_GCM_SHA256, TLS_ECDH_ECDSA_WITH_AES_256_CBC_SHA384, TLS_ECDH_RSA_WITH_AES_256_CBC_SHA384, TLS_ECDH_ECDSA_WITH_AES_128_CBC_SHA256, TLS_ECDH_RSA_WITH_AES_128_CBC_SHA256, TLS_ECDHE_ECDSA_WITH_AES_256_CBC_SHA, TLS_ECDHE_RSA_WITH_AES_256_CBC_SHA, TLS_ECDHE_ECDSA_WITH_AES_128_CBC_SHA, TLS_ECDHE_RSA_WITH_AES_128_CBC_SHA, TLS_DHE_RSA_WITH_AES_256_CBC_SHA, TLS_DHE_DSS_WITH_AES_256_CBC_SHA, TLS_DHE_RSA_WITH_AES_128_CBC_SHA, TLS_DHE_DSS_WITH_AES_128_CBC_SHA, TLS_ECDH_ECDSA_WITH_AES_256_CBC_SHA, TLS_ECDH_RSA_WITH_AES_256_CBC_SHA, TLS_ECDH_ECDSA_WITH_AES_128_CBC_SHA, TLS_ECDH_RSA_WITH_AES_128_CBC_SHA, TLS_RSA_WITH_AES_256_GCM_SHA384, TLS_RSA_WITH_AES_128_GCM_SHA256, TLS_RSA_WITH_AES_256_CBC_SHA256, TLS_RSA_WITH_AES_128_CBC_SHA256, TLS_RSA_WITH_AES_256_CBC_SHA, TLS_RSA_WITH_AES_128_CBC_SHA, TLS_EMPTY_RENEGOTIATION_INFO_SCSV]
14:57:20.373 [main] DEBUG org.apache.http.conn.ssl.LenientSslConnectionSocketFactory -- Starting handshake
14:57:20.538 [main] DEBUG org.apache.http.conn.ssl.LenientSslConnectionSocketFactory -- Secure session established
14:57:20.538 [main] DEBUG org.apache.http.conn.ssl.LenientSslConnectionSocketFactory --  negotiated protocol: TLSv1.3
14:57:20.538 [main] DEBUG org.apache.http.conn.ssl.LenientSslConnectionSocketFactory --  negotiated cipher suite: TLS_AES_256_GCM_SHA384
14:57:20.538 [main] DEBUG org.apache.http.conn.ssl.LenientSslConnectionSocketFactory --  peer principal: CN=serverest.dev
14:57:20.538 [main] DEBUG org.apache.http.conn.ssl.LenientSslConnectionSocketFactory --  peer alternative names: [serverest.dev]
14:57:20.538 [main] DEBUG org.apache.http.conn.ssl.LenientSslConnectionSocketFactory --  issuer principal: CN=WR3, O=Google Trust Services, C=US
14:57:20.538 [main] DEBUG org.apache.http.impl.conn.DefaultHttpClientConnectionOperator -- Connection established 192.168.100.14:54884<->216.239.38.21:443
14:57:20.538 [main] DEBUG org.apache.http.impl.conn.DefaultManagedHttpClientConnection -- http-outgoing-13: set socket timeout to 15000
14:57:20.538 [main] DEBUG org.apache.http.impl.execchain.MainClientExec -- Executing request DELETE /usuarios/id-que-no-existe HTTP/1.1
14:57:20.538 [main] DEBUG org.apache.http.impl.execchain.MainClientExec -- Target auth state: UNCHALLENGED
14:57:20.538 [main] DEBUG org.apache.http.impl.execchain.MainClientExec -- Proxy auth state: UNCHALLENGED
14:57:20.538 [main] DEBUG org.apache.http.headers -- http-outgoing-13 >> DELETE /usuarios/id-que-no-existe HTTP/1.1
14:57:20.538 [main] DEBUG org.apache.http.headers -- http-outgoing-13 >> Host: serverest.dev
14:57:20.538 [main] DEBUG org.apache.http.headers -- http-outgoing-13 >> Connection: Keep-Alive
14:57:20.538 [main] DEBUG org.apache.http.headers -- http-outgoing-13 >> User-Agent: Apache-HttpClient/4.5.14 (Java/17.0.12)
14:57:20.538 [main] DEBUG org.apache.http.headers -- http-outgoing-13 >> Accept-Encoding: gzip,deflate
14:57:20.538 [main] DEBUG org.apache.http.wire -- http-outgoing-13 >> "DELETE /usuarios/id-que-no-existe HTTP/1.1[\r][\n]"
14:57:20.538 [main] DEBUG org.apache.http.wire -- http-outgoing-13 >> "Host: serverest.dev[\r][\n]"
14:57:20.538 [main] DEBUG org.apache.http.wire -- http-outgoing-13 >> "Connection: Keep-Alive[\r][\n]"
14:57:20.538 [main] DEBUG org.apache.http.wire -- http-outgoing-13 >> "User-Agent: Apache-HttpClient/4.5.14 (Java/17.0.12)[\r][\n]"
14:57:20.538 [main] DEBUG org.apache.http.wire -- http-outgoing-13 >> "Accept-Encoding: gzip,deflate[\r][\n]"
14:57:20.538 [main] DEBUG org.apache.http.wire -- http-outgoing-13 >> "[\r][\n]"
14:57:20.748 [main] DEBUG org.apache.http.wire -- http-outgoing-13 << "HTTP/1.1 200 OK[\r][\n]"
14:57:20.748 [main] DEBUG org.apache.http.wire -- http-outgoing-13 << "access-control-allow-origin: *[\r][\n]"
14:57:20.748 [main] DEBUG org.apache.http.wire -- http-outgoing-13 << "x-dns-prefetch-control: off[\r][\n]"
14:57:20.748 [main] DEBUG org.apache.http.wire -- http-outgoing-13 << "x-frame-options: SAMEORIGIN[\r][\n]"
14:57:20.748 [main] DEBUG org.apache.http.wire -- http-outgoing-13 << "strict-transport-security: max-age=15552000; includeSubDomains[\r][\n]"
14:57:20.748 [main] DEBUG org.apache.http.wire -- http-outgoing-13 << "x-download-options: noopen[\r][\n]"
14:57:20.748 [main] DEBUG org.apache.http.wire -- http-outgoing-13 << "x-content-type-options: nosniff[\r][\n]"
14:57:20.748 [main] DEBUG org.apache.http.wire -- http-outgoing-13 << "x-xss-protection: 1; mode=block[\r][\n]"
14:57:20.748 [main] DEBUG org.apache.http.wire -- http-outgoing-13 << "content-type: application/json; charset=utf-8[\r][\n]"
14:57:20.748 [main] DEBUG org.apache.http.wire -- http-outgoing-13 << "x-cloud-trace-context: b4a031fde29e16182cac139ed3e48f69[\r][\n]"
14:57:20.748 [main] DEBUG org.apache.http.wire -- http-outgoing-13 << "date: Sun, 31 Aug 2025 19:57:20 GMT[\r][\n]"
14:57:20.748 [main] DEBUG org.apache.http.wire -- http-outgoing-13 << "server: Google Frontend[\r][\n]"
14:57:20.748 [main] DEBUG org.apache.http.wire -- http-outgoing-13 << "Content-Length: 46[\r][\n]"
14:57:20.748 [main] DEBUG org.apache.http.wire -- http-outgoing-13 << "[\r][\n]"
14:57:20.748 [main] DEBUG org.apache.http.wire -- http-outgoing-13 << "{[\n]"
14:57:20.748 [main] DEBUG org.apache.http.wire -- http-outgoing-13 << "    "message": "Nenhum registro exclu[0xc3][0xad]do"[\n]"
14:57:20.748 [main] DEBUG org.apache.http.wire -- http-outgoing-13 << "}"
14:57:20.748 [main] DEBUG org.apache.http.headers -- http-outgoing-13 << HTTP/1.1 200 OK
14:57:20.748 [main] DEBUG org.apache.http.headers -- http-outgoing-13 << access-control-allow-origin: *
14:57:20.748 [main] DEBUG org.apache.http.headers -- http-outgoing-13 << x-dns-prefetch-control: off
14:57:20.748 [main] DEBUG org.apache.http.headers -- http-outgoing-13 << x-frame-options: SAMEORIGIN
14:57:20.748 [main] DEBUG org.apache.http.headers -- http-outgoing-13 << strict-transport-security: max-age=15552000; includeSubDomains
14:57:20.748 [main] DEBUG org.apache.http.headers -- http-outgoing-13 << x-download-options: noopen
14:57:20.748 [main] DEBUG org.apache.http.headers -- http-outgoing-13 << x-content-type-options: nosniff
14:57:20.748 [main] DEBUG org.apache.http.headers -- http-outgoing-13 << x-xss-protection: 1; mode=block
14:57:20.748 [main] DEBUG org.apache.http.headers -- http-outgoing-13 << content-type: application/json; charset=utf-8
14:57:20.748 [main] DEBUG org.apache.http.headers -- http-outgoing-13 << x-cloud-trace-context: b4a031fde29e16182cac139ed3e48f69
14:57:20.748 [main] DEBUG org.apache.http.headers -- http-outgoing-13 << date: Sun, 31 Aug 2025 19:57:20 GMT
14:57:20.748 [main] DEBUG org.apache.http.headers -- http-outgoing-13 << server: Google Frontend
14:57:20.748 [main] DEBUG org.apache.http.headers -- http-outgoing-13 << Content-Length: 46
14:57:20.748 [main] DEBUG org.apache.http.impl.execchain.MainClientExec -- Connection can be kept alive indefinitely
14:57:20.749 [main] DEBUG org.apache.http.impl.conn.PoolingHttpClientConnectionManager -- Connection [id: 13][route: {s}->https://serverest.dev:443] can be kept alive indefinitely
14:57:20.749 [main] DEBUG org.apache.http.impl.conn.DefaultManagedHttpClientConnection -- http-outgoing-13: set socket timeout to 0
14:57:20.749 [main] DEBUG org.apache.http.impl.conn.PoolingHttpClientConnectionManager -- Connection released: [id: 13][route: {s}->https://serverest.dev:443][total available: 1; route allocated: 1 of 5; total allocated: 1 of 10]
14:57:20.749 [main] DEBUG org.apache.http.impl.conn.PoolingHttpClientConnectionManager -- Connection manager is shutting down
14:57:20.749 [main] DEBUG org.apache.http.impl.conn.DefaultManagedHttpClientConnection -- http-outgoing-13: Close connection
14:57:20.749 [main] DEBUG org.apache.http.impl.conn.PoolingHttpClientConnectionManager -- Connection manager shut down
14:57:20.749 [main] DEBUG com.intuit.karate -- response time in milliseconds: 420
1 < 200
1 < access-control-allow-origin: *
1 < x-dns-prefetch-control: off
1 < x-frame-options: SAMEORIGIN
1 < strict-transport-security: max-age=15552000; includeSubDomains
1 < x-download-options: noopen
1 < x-content-type-options: nosniff
1 < x-xss-protection: 1; mode=block
1 < content-type: application/json; charset=utf-8
1 < x-cloud-trace-context: b4a031fde29e16182cac139ed3e48f69
1 < date: Sun, 31 Aug 2025 19:57:20 GMT
1 < server: Google Frontend
1 < Content-Length: 46
{
    "message": "Nenhum registro excluído"
}

14:57:20.751 [main] DEBUG com.jayway.jsonpath.internal.path.CompiledPath -- Evaluating path: $
14:57:20.757 [main] DEBUG org.thymeleaf.TemplateEngine -- [THYMELEAF] INITIALIZING TEMPLATE ENGINE
14:57:20.769 [main] DEBUG org.thymeleaf.TemplateEngine.CONFIG -- Initializing Thymeleaf Template engine configuration...
[THYMELEAF] TEMPLATE ENGINE CONFIGURATION:
[THYMELEAF] * Thymeleaf version: 3.1.2.RELEASE (built 2023-07-30T19:25:50+0000)
[THYMELEAF] * Cache Manager implementation: org.thymeleaf.cache.StandardCacheManager
[THYMELEAF] * Template resolvers:
[THYMELEAF]     * [1] com.intuit.karate.template.ResourceHtmlTemplateResolver
[THYMELEAF] * Message resolvers:
[THYMELEAF]     * org.thymeleaf.messageresolver.StandardMessageResolver
[THYMELEAF] * Link builders:
[THYMELEAF]     * org.thymeleaf.linkbuilder.StandardLinkBuilder
[THYMELEAF] * Dialect [1 of 2]: Standard (com.intuit.karate.template.KarateStandardDialect)
[THYMELEAF]     * Prefix: "th"
[THYMELEAF]     * Processors for Template Mode: HTML
[THYMELEAF]         * Element Tag Processors by [matching element and attribute name] [precedence]:
[THYMELEAF]             * [* {th:include,data-th-include}] [100]: org.thymeleaf.standard.processor.StandardIncludeTagProcessor
[THYMELEAF]             * [* {th:insert,data-th-insert}] [100]: org.thymeleaf.standard.processor.StandardInsertTagProcessor
[THYMELEAF]             * [* {th:replace,data-th-replace}] [100]: org.thymeleaf.standard.processor.StandardReplaceTagProcessor
[THYMELEAF]             * [* {th:each,data-th-each}] [200]: com.intuit.karate.template.KarateEachTagProcessor
[THYMELEAF]             * [* {th:switch,data-th-switch}] [250]: org.thymeleaf.standard.processor.StandardSwitchTagProcessor
[THYMELEAF]             * [* {th:case,data-th-case}] [275]: org.thymeleaf.standard.processor.StandardCaseTagProcessor
[THYMELEAF]             * [* {th:if,data-th-if}] [300]: org.thymeleaf.standard.processor.StandardIfTagProcessor
[THYMELEAF]             * [* {th:unless,data-th-unless}] [400]: org.thymeleaf.standard.processor.StandardUnlessTagProcessor
[THYMELEAF]             * [* {th:object,data-th-object}] [500]: org.thymeleaf.standard.processor.StandardObjectTagProcessor
[THYMELEAF]             * [* {th:with,data-th-with}] [600]: com.intuit.karate.template.KarateWithTagProcessor
[THYMELEAF]             * [* {th:attr,data-th-attr}] [700]: com.intuit.karate.template.KarateAttributeTagProcessor.KarateAttrTagProcessor
[THYMELEAF]             * [* {th:attrappend,data-th-attrappend}] [900]: com.intuit.karate.template.KarateAttributeTagProcessor.KarateAttrappendTagProcessor
[THYMELEAF]             * [* {th:attrprepend,data-th-attrprepend}] [900]: com.intuit.karate.template.KarateAttributeTagProcessor.KarateAttrprependTagProcessor
[THYMELEAF]             * [* {th:alt-title,data-th-alt-title}] [990]: org.thymeleaf.standard.processor.StandardAltTitleTagProcessor
[THYMELEAF]             * [* {th:lang-xmllang,data-th-lang-xmllang}] [990]: org.thymeleaf.standard.processor.StandardLangXmlLangTagProcessor
[THYMELEAF]             * [* {th:action,data-th-action}] [1000]: org.thymeleaf.standard.processor.StandardActionTagProcessor
[THYMELEAF]             * [* {th:autoplay,data-th-autoplay}] [1000]: org.thymeleaf.standard.processor.StandardConditionalFixedValueTagProcessor
[THYMELEAF]             * [* {th:reversed,data-th-reversed}] [1000]: org.thymeleaf.standard.processor.StandardConditionalFixedValueTagProcessor
[THYMELEAF]             * [* {th:required,data-th-required}] [1000]: org.thymeleaf.standard.processor.StandardConditionalFixedValueTagProcessor
[THYMELEAF]             * [* {th:readonly,data-th-readonly}] [1000]: org.thymeleaf.standard.processor.StandardConditionalFixedValueTagProcessor
[THYMELEAF]             * [* {th:formnovalidate,data-th-formnovalidate}] [1000]: org.thymeleaf.standard.processor.StandardConditionalFixedValueTagProcessor
[THYMELEAF]             * [* {th:checked,data-th-checked}] [1000]: org.thymeleaf.standard.processor.StandardConditionalFixedValueTagProcessor
[THYMELEAF]             * [* {th:async,data-th-async}] [1000]: org.thymeleaf.standard.processor.StandardConditionalFixedValueTagProcessor
[THYMELEAF]             * [* {th:hidden,data-th-hidden}] [1000]: org.thymeleaf.standard.processor.StandardConditionalFixedValueTagProcessor
[THYMELEAF]             * [* {th:declare,data-th-declare}] [1000]: org.thymeleaf.standard.processor.StandardConditionalFixedValueTagProcessor
[THYMELEAF]             * [* {th:scoped,data-th-scoped}] [1000]: org.thymeleaf.standard.processor.StandardConditionalFixedValueTagProcessor
[THYMELEAF]             * [* {th:loop,data-th-loop}] [1000]: org.thymeleaf.standard.processor.StandardConditionalFixedValueTagProcessor
[THYMELEAF]             * [* {th:seamless,data-th-seamless}] [1000]: org.thymeleaf.standard.processor.StandardConditionalFixedValueTagProcessor
[THYMELEAF]             * [* {th:multiple,data-th-multiple}] [1000]: org.thymeleaf.standard.processor.StandardConditionalFixedValueTagProcessor
[THYMELEAF]             * [* {th:pubdate,data-th-pubdate}] [1000]: org.thymeleaf.standard.processor.StandardConditionalFixedValueTagProcessor
[THYMELEAF]             * [* {th:selected,data-th-selected}] [1000]: org.thymeleaf.standard.processor.StandardConditionalFixedValueTagProcessor
[THYMELEAF]             * [* {th:defer,data-th-defer}] [1000]: org.thymeleaf.standard.processor.StandardConditionalFixedValueTagProcessor
[THYMELEAF]             * [* {th:nowrap,data-th-nowrap}] [1000]: org.thymeleaf.standard.processor.StandardConditionalFixedValueTagProcessor
[THYMELEAF]             * [* {th:autofocus,data-th-autofocus}] [1000]: org.thymeleaf.standard.processor.StandardConditionalFixedValueTagProcessor
[THYMELEAF]             * [* {th:ismap,data-th-ismap}] [1000]: org.thymeleaf.standard.processor.StandardConditionalFixedValueTagProcessor
[THYMELEAF]             * [* {th:disabled,data-th-disabled}] [1000]: org.thymeleaf.standard.processor.StandardConditionalFixedValueTagProcessor
[THYMELEAF]             * [* {th:default,data-th-default}] [1000]: org.thymeleaf.standard.processor.StandardConditionalFixedValueTagProcessor
[THYMELEAF]             * [* {th:controls,data-th-controls}] [1000]: org.thymeleaf.standard.processor.StandardConditionalFixedValueTagProcessor
[THYMELEAF]             * [* {th:novalidate,data-th-novalidate}] [1000]: org.thymeleaf.standard.processor.StandardConditionalFixedValueTagProcessor
[THYMELEAF]             * [* {th:open,data-th-open}] [1000]: org.thymeleaf.standard.processor.StandardConditionalFixedValueTagProcessor
[THYMELEAF]             * [* {th:ondrag,data-th-ondrag}] [1000]: org.thymeleaf.standard.processor.StandardDOMEventAttributeTagProcessor
[THYMELEAF]             * [* {th:ontimeupdate,data-th-ontimeupdate}] [1000]: org.thymeleaf.standard.processor.StandardDOMEventAttributeTagProcessor
[THYMELEAF]             * [* {th:onabort,data-th-onabort}] [1000]: org.thymeleaf.standard.processor.StandardDOMEventAttributeTagProcessor
[THYMELEAF]             * [* {th:onkeydown,data-th-onkeydown}] [1000]: org.thymeleaf.standard.processor.StandardDOMEventAttributeTagProcessor
[THYMELEAF]             * [* {th:onvolumechange,data-th-onvolumechange}] [1000]: org.thymeleaf.standard.processor.StandardDOMEventAttributeTagProcessor
[THYMELEAF]             * [* {th:onmouseup,data-th-onmouseup}] [1000]: org.thymeleaf.standard.processor.StandardDOMEventAttributeTagProcessor
[THYMELEAF]             * [* {th:onload,data-th-onload}] [1000]: org.thymeleaf.standard.processor.StandardDOMEventAttributeTagProcessor
[THYMELEAF]             * [* {th:onsubmit,data-th-onsubmit}] [1000]: org.thymeleaf.standard.processor.StandardDOMEventAttributeTagProcessor
[THYMELEAF]             * [* {th:onsuspend,data-th-onsuspend}] [1000]: org.thymeleaf.standard.processor.StandardDOMEventAttributeTagProcessor
[THYMELEAF]             * [* {th:onmouseover,data-th-onmouseover}] [1000]: org.thymeleaf.standard.processor.StandardDOMEventAttributeTagProcessor
[THYMELEAF]             * [* {th:oncontextmenu,data-th-oncontextmenu}] [1000]: org.thymeleaf.standard.processor.StandardDOMEventAttributeTagProcessor
[THYMELEAF]             * [* {th:ondblclick,data-th-ondblclick}] [1000]: org.thymeleaf.standard.processor.StandardDOMEventAttributeTagProcessor
[THYMELEAF]             * [* {th:onstorage,data-th-onstorage}] [1000]: org.thymeleaf.standard.processor.StandardDOMEventAttributeTagProcessor
[THYMELEAF]             * [* {th:onloadstart,data-th-onloadstart}] [1000]: org.thymeleaf.standard.processor.StandardDOMEventAttributeTagProcessor
[THYMELEAF]             * [* {th:onreset,data-th-onreset}] [1000]: org.thymeleaf.standard.processor.StandardDOMEventAttributeTagProcessor
[THYMELEAF]             * [* {th:onratechange,data-th-onratechange}] [1000]: org.thymeleaf.standard.processor.StandardDOMEventAttributeTagProcessor
[THYMELEAF]             * [* {th:onmousewheel,data-th-onmousewheel}] [1000]: org.thymeleaf.standard.processor.StandardDOMEventAttributeTagProcessor
[THYMELEAF]             * [* {th:onloadedmetadata,data-th-onloadedmetadata}] [1000]: org.thymeleaf.standard.processor.StandardDOMEventAttributeTagProcessor
[THYMELEAF]             * [* {th:oninput,data-th-oninput}] [1000]: org.thymeleaf.standard.processor.StandardDOMEventAttributeTagProcessor
[THYMELEAF]             * [* {th:onseeked,data-th-onseeked}] [1000]: org.thymeleaf.standard.processor.StandardDOMEventAttributeTagProcessor
[THYMELEAF]             * [* {th:onclick,data-th-onclick}] [1000]: org.thymeleaf.standard.processor.StandardDOMEventAttributeTagProcessor
[THYMELEAF]             * [* {th:onselect,data-th-onselect}] [1000]: org.thymeleaf.standard.processor.StandardDOMEventAttributeTagProcessor
[THYMELEAF]             * [* {th:oncanplaythrough,data-th-oncanplaythrough}] [1000]: org.thymeleaf.standard.processor.StandardDOMEventAttributeTagProcessor
[THYMELEAF]             * [* {th:onpause,data-th-onpause}] [1000]: org.thymeleaf.standard.processor.StandardDOMEventAttributeTagProcessor
[THYMELEAF]             * [* {th:ondragenter,data-th-ondragenter}] [1000]: org.thymeleaf.standard.processor.StandardDOMEventAttributeTagProcessor
[THYMELEAF]             * [* {th:onundo,data-th-onundo}] [1000]: org.thymeleaf.standard.processor.StandardDOMEventAttributeTagProcessor
[THYMELEAF]             * [* {th:ondragstart,data-th-ondragstart}] [1000]: org.thymeleaf.standard.processor.StandardDOMEventAttributeTagProcessor
[THYMELEAF]             * [* {th:ondrop,data-th-ondrop}] [1000]: org.thymeleaf.standard.processor.StandardDOMEventAttributeTagProcessor
[THYMELEAF]             * [* {th:onmousedown,data-th-onmousedown}] [1000]: org.thymeleaf.standard.processor.StandardDOMEventAttributeTagProcessor
[THYMELEAF]             * [* {th:onbeforeprint,data-th-onbeforeprint}] [1000]: org.thymeleaf.standard.processor.StandardDOMEventAttributeTagProcessor
[THYMELEAF]             * [* {th:onprogress,data-th-onprogress}] [1000]: org.thymeleaf.standard.processor.StandardDOMEventAttributeTagProcessor
[THYMELEAF]             * [* {th:onseeking,data-th-onseeking}] [1000]: org.thymeleaf.standard.processor.StandardDOMEventAttributeTagProcessor
[THYMELEAF]             * [* {th:onunload,data-th-onunload}] [1000]: org.thymeleaf.standard.processor.StandardDOMEventAttributeTagProcessor
[THYMELEAF]             * [* {th:onmouseout,data-th-onmouseout}] [1000]: org.thymeleaf.standard.processor.StandardDOMEventAttributeTagProcessor
[THYMELEAF]             * [* {th:onafterprint,data-th-onafterprint}] [1000]: org.thymeleaf.standard.processor.StandardDOMEventAttributeTagProcessor
[THYMELEAF]             * [* {th:onblur,data-th-onblur}] [1000]: org.thymeleaf.standard.processor.StandardDOMEventAttributeTagProcessor
[THYMELEAF]             * [* {th:onhashchange,data-th-onhashchange}] [1000]: org.thymeleaf.standard.processor.StandardDOMEventAttributeTagProcessor
[THYMELEAF]             * [* {th:ondragover,data-th-ondragover}] [1000]: org.thymeleaf.standard.processor.StandardDOMEventAttributeTagProcessor
[THYMELEAF]             * [* {th:onresize,data-th-onresize}] [1000]: org.thymeleaf.standard.processor.StandardDOMEventAttributeTagProcessor
[THYMELEAF]             * [* {th:onloadeddata,data-th-onloadeddata}] [1000]: org.thymeleaf.standard.processor.StandardDOMEventAttributeTagProcessor
[THYMELEAF]             * [* {th:ondurationchange,data-th-ondurationchange}] [1000]: org.thymeleaf.standard.processor.StandardDOMEventAttributeTagProcessor
[THYMELEAF]             * [* {th:onforminput,data-th-onforminput}] [1000]: org.thymeleaf.standard.processor.StandardDOMEventAttributeTagProcessor
[THYMELEAF]             * [* {th:onshow,data-th-onshow}] [1000]: org.thymeleaf.standard.processor.StandardDOMEventAttributeTagProcessor
[THYMELEAF]             * [* {th:onredo,data-th-onredo}] [1000]: org.thymeleaf.standard.processor.StandardDOMEventAttributeTagProcessor
[THYMELEAF]             * [* {th:onchange,data-th-onchange}] [1000]: org.thymeleaf.standard.processor.StandardDOMEventAttributeTagProcessor
[THYMELEAF]             * [* {th:onemptied,data-th-onemptied}] [1000]: org.thymeleaf.standard.processor.StandardDOMEventAttributeTagProcessor
[THYMELEAF]             * [* {th:oninvalid,data-th-oninvalid}] [1000]: org.thymeleaf.standard.processor.StandardDOMEventAttributeTagProcessor
[THYMELEAF]             * [* {th:onscroll,data-th-onscroll}] [1000]: org.thymeleaf.standard.processor.StandardDOMEventAttributeTagProcessor
[THYMELEAF]             * [* {th:onwaiting,data-th-onwaiting}] [1000]: org.thymeleaf.standard.processor.StandardDOMEventAttributeTagProcessor
[THYMELEAF]             * [* {th:ondragend,data-th-ondragend}] [1000]: org.thymeleaf.standard.processor.StandardDOMEventAttributeTagProcessor
[THYMELEAF]             * [* {th:onreadystatechange,data-th-onreadystatechange}] [1000]: org.thymeleaf.standard.processor.StandardDOMEventAttributeTagProcessor
[THYMELEAF]             * [* {th:onoffline,data-th-onoffline}] [1000]: org.thymeleaf.standard.processor.StandardDOMEventAttributeTagProcessor
[THYMELEAF]             * [* {th:onfocus,data-th-onfocus}] [1000]: org.thymeleaf.standard.processor.StandardDOMEventAttributeTagProcessor
[THYMELEAF]             * [* {th:onplaying,data-th-onplaying}] [1000]: org.thymeleaf.standard.processor.StandardDOMEventAttributeTagProcessor
[THYMELEAF]             * [* {th:onpopstate,data-th-onpopstate}] [1000]: org.thymeleaf.standard.processor.StandardDOMEventAttributeTagProcessor
[THYMELEAF]             * [* {th:onkeyup,data-th-onkeyup}] [1000]: org.thymeleaf.standard.processor.StandardDOMEventAttributeTagProcessor
[THYMELEAF]             * [* {th:onmessage,data-th-onmessage}] [1000]: org.thymeleaf.standard.processor.StandardDOMEventAttributeTagProcessor
[THYMELEAF]             * [* {th:onerror,data-th-onerror}] [1000]: org.thymeleaf.standard.processor.StandardDOMEventAttributeTagProcessor
[THYMELEAF]             * [* {th:onformchange,data-th-onformchange}] [1000]: org.thymeleaf.standard.processor.StandardDOMEventAttributeTagProcessor
[THYMELEAF]             * [* {th:onstalled,data-th-onstalled}] [1000]: org.thymeleaf.standard.processor.StandardDOMEventAttributeTagProcessor
[THYMELEAF]             * [* {th:onmousemove,data-th-onmousemove}] [1000]: org.thymeleaf.standard.processor.StandardDOMEventAttributeTagProcessor
[THYMELEAF]             * [* {th:ondragleave,data-th-ondragleave}] [1000]: org.thymeleaf.standard.processor.StandardDOMEventAttributeTagProcessor
[THYMELEAF]             * [* {th:onplay,data-th-onplay}] [1000]: org.thymeleaf.standard.processor.StandardDOMEventAttributeTagProcessor
[THYMELEAF]             * [* {th:onkeypress,data-th-onkeypress}] [1000]: org.thymeleaf.standard.processor.StandardDOMEventAttributeTagProcessor
[THYMELEAF]             * [* {th:onended,data-th-onended}] [1000]: org.thymeleaf.standard.processor.StandardDOMEventAttributeTagProcessor
[THYMELEAF]             * [* {th:ononline,data-th-ononline}] [1000]: org.thymeleaf.standard.processor.StandardDOMEventAttributeTagProcessor
[THYMELEAF]             * [* {th:oncanplay,data-th-oncanplay}] [1000]: org.thymeleaf.standard.processor.StandardDOMEventAttributeTagProcessor
[THYMELEAF]             * [* {th:onbeforeunload,data-th-onbeforeunload}] [1000]: org.thymeleaf.standard.processor.StandardDOMEventAttributeTagProcessor
[THYMELEAF]             * [* {th:href,data-th-href}] [1000]: org.thymeleaf.standard.processor.StandardHrefTagProcessor
[THYMELEAF]             * [* {th:inline,data-th-inline}] [1000]: org.thymeleaf.standard.processor.StandardInlineHTMLTagProcessor
[THYMELEAF]             * [* {th:method,data-th-method}] [1000]: org.thymeleaf.standard.processor.StandardMethodTagProcessor
[THYMELEAF]             * [* {th:name,data-th-name}] [1000]: org.thymeleaf.standard.processor.StandardNonRemovableAttributeTagProcessor
[THYMELEAF]             * [* {th:type,data-th-type}] [1000]: org.thymeleaf.standard.processor.StandardNonRemovableAttributeTagProcessor
[THYMELEAF]             * [* {th:marginheight,data-th-marginheight}] [1000]: org.thymeleaf.standard.processor.StandardRemovableAttributeTagProcessor
[THYMELEAF]             * [* {th:form,data-th-form}] [1000]: org.thymeleaf.standard.processor.StandardRemovableAttributeTagProcessor
[THYMELEAF]             * [* {th:bgcolor,data-th-bgcolor}] [1000]: org.thymeleaf.standard.processor.StandardRemovableAttributeTagProcessor
[THYMELEAF]             * [* {th:target,data-th-target}] [1000]: org.thymeleaf.standard.processor.StandardRemovableAttributeTagProcessor
[THYMELEAF]             * [* {th:low,data-th-low}] [1000]: org.thymeleaf.standard.processor.StandardRemovableAttributeTagProcessor
[THYMELEAF]             * [* {th:start,data-th-start}] [1000]: org.thymeleaf.standard.processor.StandardRemovableAttributeTagProcessor
[THYMELEAF]             * [* {th:step,data-th-step}] [1000]: org.thymeleaf.standard.processor.StandardRemovableAttributeTagProcessor
[THYMELEAF]             * [* {th:optimum,data-th-optimum}] [1000]: org.thymeleaf.standard.processor.StandardRemovableAttributeTagProcessor
[THYMELEAF]             * [* {th:manifest,data-th-manifest}] [1000]: org.thymeleaf.standard.processor.StandardRemovableAttributeTagProcessor
[THYMELEAF]             * [* {th:dir,data-th-dir}] [1000]: org.thymeleaf.standard.processor.StandardRemovableAttributeTagProcessor
[THYMELEAF]             * [* {th:cellpadding,data-th-cellpadding}] [1000]: org.thymeleaf.standard.processor.StandardRemovableAttributeTagProcessor
[THYMELEAF]             * [* {th:charset,data-th-charset}] [1000]: org.thymeleaf.standard.processor.StandardRemovableAttributeTagProcessor
[THYMELEAF]             * [* {th:style,data-th-style}] [1000]: org.thymeleaf.standard.processor.StandardRemovableAttributeTagProcessor
[THYMELEAF]             * [* {th:class,data-th-class}] [1000]: org.thymeleaf.standard.processor.StandardRemovableAttributeTagProcessor
[THYMELEAF]             * [* {th:accept-charset,data-th-accept-charset}] [1000]: org.thymeleaf.standard.processor.StandardRemovableAttributeTagProcessor
[THYMELEAF]             * [* {th:summary,data-th-summary}] [1000]: org.thymeleaf.standard.processor.StandardRemovableAttributeTagProcessor
[THYMELEAF]             * [* {th:rel,data-th-rel}] [1000]: org.thymeleaf.standard.processor.StandardRemovableAttributeTagProcessor
[THYMELEAF]             * [* {th:scrolling,data-th-scrolling}] [1000]: org.thymeleaf.standard.processor.StandardRemovableAttributeTagProcessor
[THYMELEAF]             * [* {th:list,data-th-list}] [1000]: org.thymeleaf.standard.processor.StandardRemovableAttributeTagProcessor
[THYMELEAF]             * [* {th:scheme,data-th-scheme}] [1000]: org.thymeleaf.standard.processor.StandardRemovableAttributeTagProcessor
[THYMELEAF]             * [* {th:rowspan,data-th-rowspan}] [1000]: org.thymeleaf.standard.processor.StandardRemovableAttributeTagProcessor
[THYMELEAF]             * [* {th:cols,data-th-cols}] [1000]: org.thymeleaf.standard.processor.StandardRemovableAttributeTagProcessor
[THYMELEAF]             * [* {th:width,data-th-width}] [1000]: org.thymeleaf.standard.processor.StandardRemovableAttributeTagProcessor
[THYMELEAF]             * [* {th:archive,data-th-archive}] [1000]: org.thymeleaf.standard.processor.StandardRemovableAttributeTagProcessor
[THYMELEAF]             * [* {th:standby,data-th-standby}] [1000]: org.thymeleaf.standard.processor.StandardRemovableAttributeTagProcessor
[THYMELEAF]             * [* {th:high,data-th-high}] [1000]: org.thymeleaf.standard.processor.StandardRemovableAttributeTagProcessor
[THYMELEAF]             * [* {th:for,data-th-for}] [1000]: org.thymeleaf.standard.processor.StandardRemovableAttributeTagProcessor
[THYMELEAF]             * [* {th:height,data-th-height}] [1000]: org.thymeleaf.standard.processor.StandardRemovableAttributeTagProcessor
[THYMELEAF]             * [* {th:preload,data-th-preload}] [1000]: org.thymeleaf.standard.processor.StandardRemovableAttributeTagProcessor
[THYMELEAF]             * [* {th:cellspacing,data-th-cellspacing}] [1000]: org.thymeleaf.standard.processor.StandardRemovableAttributeTagProcessor
[THYMELEAF]             * [* {th:formaction,data-th-formaction}] [1000]: org.thymeleaf.standard.processor.StandardRemovableAttributeTagProcessor
[THYMELEAF]             * [* {th:maxlength,data-th-maxlength}] [1000]: org.thymeleaf.standard.processor.StandardRemovableAttributeTagProcessor
[THYMELEAF]             * [* {th:scope,data-th-scope}] [1000]: org.thymeleaf.standard.processor.StandardRemovableAttributeTagProcessor
[THYMELEAF]             * [* {th:accesskey,data-th-accesskey}] [1000]: org.thymeleaf.standard.processor.StandardRemovableAttributeTagProcessor
[THYMELEAF]             * [* {th:rows,data-th-rows}] [1000]: org.thymeleaf.standard.processor.StandardRemovableAttributeTagProcessor
[THYMELEAF]             * [* {th:longdesc,data-th-longdesc}] [1000]: org.thymeleaf.standard.processor.StandardRemovableAttributeTagProcessor
[THYMELEAF]             * [* {th:media,data-th-media}] [1000]: org.thymeleaf.standard.processor.StandardRemovableAttributeTagProcessor
[THYMELEAF]             * [* {th:codetype,data-th-codetype}] [1000]: org.thymeleaf.standard.processor.StandardRemovableAttributeTagProcessor
[THYMELEAF]             * [* {th:valuetype,data-th-valuetype}] [1000]: org.thymeleaf.standard.processor.StandardRemovableAttributeTagProcessor
[THYMELEAF]             * [* {th:data,data-th-data}] [1000]: org.thymeleaf.standard.processor.StandardRemovableAttributeTagProcessor
[THYMELEAF]             * [* {th:draggable,data-th-draggable}] [1000]: org.thymeleaf.standard.processor.StandardRemovableAttributeTagProcessor
[THYMELEAF]             * [* {th:title,data-th-title}] [1000]: org.thymeleaf.standard.processor.StandardRemovableAttributeTagProcessor
[THYMELEAF]             * [* {th:compact,data-th-compact}] [1000]: org.thymeleaf.standard.processor.StandardRemovableAttributeTagProcessor
[THYMELEAF]             * [* {th:datetime,data-th-datetime}] [1000]: org.thymeleaf.standard.processor.StandardRemovableAttributeTagProcessor
[THYMELEAF]             * [* {th:rev,data-th-rev}] [1000]: org.thymeleaf.standard.processor.StandardRemovableAttributeTagProcessor
[THYMELEAF]             * [* {th:icon,data-th-icon}] [1000]: org.thymeleaf.standard.processor.StandardRemovableAttributeTagProcessor
[THYMELEAF]             * [* {th:size,data-th-size}] [1000]: org.thymeleaf.standard.processor.StandardRemovableAttributeTagProcessor
[THYMELEAF]             * [* {th:spellcheck,data-th-spellcheck}] [1000]: org.thymeleaf.standard.processor.StandardRemovableAttributeTagProcessor
[THYMELEAF]             * [* {th:contextmenu,data-th-contextmenu}] [1000]: org.thymeleaf.standard.processor.StandardRemovableAttributeTagProcessor
[THYMELEAF]             * [* {th:radiogroup,data-th-radiogroup}] [1000]: org.thymeleaf.standard.processor.StandardRemovableAttributeTagProcessor
[THYMELEAF]             * [* {th:colspan,data-th-colspan}] [1000]: org.thymeleaf.standard.processor.StandardRemovableAttributeTagProcessor
[THYMELEAF]             * [* {th:marginwidth,data-th-marginwidth}] [1000]: org.thymeleaf.standard.processor.StandardRemovableAttributeTagProcessor
[THYMELEAF]             * [* {th:audio,data-th-audio}] [1000]: org.thymeleaf.standard.processor.StandardRemovableAttributeTagProcessor
[THYMELEAF]             * [* {th:poster,data-th-poster}] [1000]: org.thymeleaf.standard.processor.StandardRemovableAttributeTagProcessor
[THYMELEAF]             * [* {th:label,data-th-label}] [1000]: org.thymeleaf.standard.processor.StandardRemovableAttributeTagProcessor
[THYMELEAF]             * [* {th:frame,data-th-frame}] [1000]: org.thymeleaf.standard.processor.StandardRemovableAttributeTagProcessor
[THYMELEAF]             * [* {th:lang,data-th-lang}] [1000]: org.thymeleaf.standard.processor.StandardRemovableAttributeTagProcessor
[THYMELEAF]             * [* {th:sizes,data-th-sizes}] [1000]: org.thymeleaf.standard.processor.StandardRemovableAttributeTagProcessor
[THYMELEAF]             * [* {th:span,data-th-span}] [1000]: org.thymeleaf.standard.processor.StandardRemovableAttributeTagProcessor
[THYMELEAF]             * [* {th:formtarget,data-th-formtarget}] [1000]: org.thymeleaf.standard.processor.StandardRemovableAttributeTagProcessor
[THYMELEAF]             * [* {th:max,data-th-max}] [1000]: org.thymeleaf.standard.processor.StandardRemovableAttributeTagProcessor
[THYMELEAF]             * [* {th:headers,data-th-headers}] [1000]: org.thymeleaf.standard.processor.StandardRemovableAttributeTagProcessor
[THYMELEAF]             * [* {th:frameborder,data-th-frameborder}] [1000]: org.thymeleaf.standard.processor.StandardRemovableAttributeTagProcessor
[THYMELEAF]             * [* {th:id,data-th-id}] [1000]: org.thymeleaf.standard.processor.StandardRemovableAttributeTagProcessor
[THYMELEAF]             * [* {th:contenteditable,data-th-contenteditable}] [1000]: org.thymeleaf.standard.processor.StandardRemovableAttributeTagProcessor
[THYMELEAF]             * [* {th:wrap,data-th-wrap}] [1000]: org.thymeleaf.standard.processor.StandardRemovableAttributeTagProcessor
[THYMELEAF]             * [* {th:sandbox,data-th-sandbox}] [1000]: org.thymeleaf.standard.processor.StandardRemovableAttributeTagProcessor
[THYMELEAF]             * [* {th:align,data-th-align}] [1000]: org.thymeleaf.standard.processor.StandardRemovableAttributeTagProcessor
[THYMELEAF]             * [* {th:cite,data-th-cite}] [1000]: org.thymeleaf.standard.processor.StandardRemovableAttributeTagProcessor
[THYMELEAF]             * [* {th:pattern,data-th-pattern}] [1000]: org.thymeleaf.standard.processor.StandardRemovableAttributeTagProcessor
[THYMELEAF]             * [* {th:formmethod,data-th-formmethod}] [1000]: org.thymeleaf.standard.processor.StandardRemovableAttributeTagProcessor
[THYMELEAF]             * [* {th:background,data-th-background}] [1000]: org.thymeleaf.standard.processor.StandardRemovableAttributeTagProcessor
[THYMELEAF]             * [* {th:usemap,data-th-usemap}] [1000]: org.thymeleaf.standard.processor.StandardRemovableAttributeTagProcessor
[THYMELEAF]             * [* {th:min,data-th-min}] [1000]: org.thymeleaf.standard.processor.StandardRemovableAttributeTagProcessor
[THYMELEAF]             * [* {th:placeholder,data-th-placeholder}] [1000]: org.thymeleaf.standard.processor.StandardRemovableAttributeTagProcessor
[THYMELEAF]             * [* {th:enctype,data-th-enctype}] [1000]: org.thymeleaf.standard.processor.StandardRemovableAttributeTagProcessor
[THYMELEAF]             * [* {th:keytype,data-th-keytype}] [1000]: org.thymeleaf.standard.processor.StandardRemovableAttributeTagProcessor
[THYMELEAF]             * [* {th:hreflang,data-th-hreflang}] [1000]: org.thymeleaf.standard.processor.StandardRemovableAttributeTagProcessor
[THYMELEAF]             * [* {th:dropzone,data-th-dropzone}] [1000]: org.thymeleaf.standard.processor.StandardRemovableAttributeTagProcessor
[THYMELEAF]             * [* {th:codebase,data-th-codebase}] [1000]: org.thymeleaf.standard.processor.StandardRemovableAttributeTagProcessor
[THYMELEAF]             * [* {th:classid,data-th-classid}] [1000]: org.thymeleaf.standard.processor.StandardRemovableAttributeTagProcessor
[THYMELEAF]             * [* {th:abbr,data-th-abbr}] [1000]: org.thymeleaf.standard.processor.StandardRemovableAttributeTagProcessor
[THYMELEAF]             * [* {th:kind,data-th-kind}] [1000]: org.thymeleaf.standard.processor.StandardRemovableAttributeTagProcessor
[THYMELEAF]             * [* {th:content,data-th-content}] [1000]: org.thymeleaf.standard.processor.StandardRemovableAttributeTagProcessor
[THYMELEAF]             * [* {th:vspace,data-th-vspace}] [1000]: org.thymeleaf.standard.processor.StandardRemovableAttributeTagProcessor
[THYMELEAF]             * [* {th:axis,data-th-axis}] [1000]: org.thymeleaf.standard.processor.StandardRemovableAttributeTagProcessor
[THYMELEAF]             * [* {th:srclang,data-th-srclang}] [1000]: org.thymeleaf.standard.processor.StandardRemovableAttributeTagProcessor
[THYMELEAF]             * [* {th:border,data-th-border}] [1000]: org.thymeleaf.standard.processor.StandardRemovableAttributeTagProcessor
[THYMELEAF]             * [* {th:autocomplete,data-th-autocomplete}] [1000]: org.thymeleaf.standard.processor.StandardRemovableAttributeTagProcessor
[THYMELEAF]             * [* {th:tabindex,data-th-tabindex}] [1000]: org.thymeleaf.standard.processor.StandardRemovableAttributeTagProcessor
[THYMELEAF]             * [* {th:http-equiv,data-th-http-equiv}] [1000]: org.thymeleaf.standard.processor.StandardRemovableAttributeTagProcessor
[THYMELEAF]             * [* {th:rules,data-th-rules}] [1000]: org.thymeleaf.standard.processor.StandardRemovableAttributeTagProcessor
[THYMELEAF]             * [* {th:accept,data-th-accept}] [1000]: org.thymeleaf.standard.processor.StandardRemovableAttributeTagProcessor
[THYMELEAF]             * [* {th:challenge,data-th-challenge}] [1000]: org.thymeleaf.standard.processor.StandardRemovableAttributeTagProcessor
[THYMELEAF]             * [* {th:formenctype,data-th-formenctype}] [1000]: org.thymeleaf.standard.processor.StandardRemovableAttributeTagProcessor
[THYMELEAF]             * [* {th:hspace,data-th-hspace}] [1000]: org.thymeleaf.standard.processor.StandardRemovableAttributeTagProcessor
[THYMELEAF]             * [* {th:alt,data-th-alt}] [1000]: org.thymeleaf.standard.processor.StandardRemovableAttributeTagProcessor
[THYMELEAF]             * [* {th:src,data-th-src}] [1000]: org.thymeleaf.standard.processor.StandardSrcTagProcessor
[THYMELEAF]             * [* {th:value,data-th-value}] [1000]: org.thymeleaf.standard.processor.StandardValueTagProcessor
[THYMELEAF]             * [* {th:xmlbase,data-th-xmlbase}] [1000]: org.thymeleaf.standard.processor.StandardXmlBaseTagProcessor
[THYMELEAF]             * [* {th:xmllang,data-th-xmllang}] [1000]: org.thymeleaf.standard.processor.StandardXmlLangTagProcessor
[THYMELEAF]             * [* {xmlns:th}] [1000]: org.thymeleaf.standard.processor.StandardXmlNsTagProcessor
[THYMELEAF]             * [* {th:xmlspace,data-th-xmlspace}] [1000]: org.thymeleaf.standard.processor.StandardXmlSpaceTagProcessor
[THYMELEAF]             * [* {th:classappend,data-th-classappend}] [1100]: org.thymeleaf.standard.processor.StandardClassappendTagProcessor
[THYMELEAF]             * [* {th:styleappend,data-th-styleappend}] [1100]: org.thymeleaf.standard.processor.StandardStyleappendTagProcessor
[THYMELEAF]             * [* {th:text,data-th-text}] [1300]: org.thymeleaf.standard.processor.StandardTextTagProcessor
[THYMELEAF]             * [* {th:utext,data-th-utext}] [1400]: org.thymeleaf.standard.processor.StandardUtextTagProcessor
[THYMELEAF]             * [* {th:fragment,data-th-fragment}] [1500]: org.thymeleaf.standard.processor.StandardFragmentTagProcessor
[THYMELEAF]             * [* {th:assert,data-th-assert}] [1550]: org.thymeleaf.standard.processor.StandardAssertTagProcessor
[THYMELEAF]             * [* {th:remove,data-th-remove}] [1600]: org.thymeleaf.standard.processor.StandardRemoveTagProcessor
[THYMELEAF]             * [* {th:ref,data-th-ref}] [10000]: org.thymeleaf.standard.processor.StandardRefAttributeTagProcessor
[THYMELEAF]             * [{th:block,th-block} *] [100000]: org.thymeleaf.standard.processor.StandardBlockTagProcessor
[THYMELEAF]             * [* th:*] [2147483647]: org.thymeleaf.standard.processor.StandardDefaultAttributesTagProcessor
[THYMELEAF]         * Text Processors by [precedence]:
[THYMELEAF]             * [1000]: org.thymeleaf.standard.processor.StandardInliningTextProcessor
[THYMELEAF]         * DOCTYPE Processors by [precedence]:
[THYMELEAF]             * [1000]: org.thymeleaf.standard.processor.StandardTranslationDocTypeProcessor
[THYMELEAF]         * CDATA Section Processors by [precedence]:
[THYMELEAF]             * [1000]: org.thymeleaf.standard.processor.StandardInliningCDATASectionProcessor
[THYMELEAF]         * Comment Processors by [precedence]:
[THYMELEAF]             * [1000]: org.thymeleaf.standard.processor.StandardInliningCommentProcessor
[THYMELEAF]             * [1100]: org.thymeleaf.standard.processor.StandardConditionalCommentProcessor
[THYMELEAF]     * Processors for Template Mode: XML
[THYMELEAF]         * Element Tag Processors by [matching element and attribute name] [precedence]:
[THYMELEAF]             * [* {th:include}] [100]: org.thymeleaf.standard.processor.StandardIncludeTagProcessor
[THYMELEAF]             * [* {th:insert}] [100]: org.thymeleaf.standard.processor.StandardInsertTagProcessor
[THYMELEAF]             * [* {th:replace}] [100]: org.thymeleaf.standard.processor.StandardReplaceTagProcessor
[THYMELEAF]             * [* {th:each}] [200]: com.intuit.karate.template.KarateEachTagProcessor
[THYMELEAF]             * [* {th:switch}] [250]: org.thymeleaf.standard.processor.StandardSwitchTagProcessor
[THYMELEAF]             * [* {th:case}] [275]: org.thymeleaf.standard.processor.StandardCaseTagProcessor
[THYMELEAF]             * [* {th:if}] [300]: org.thymeleaf.standard.processor.StandardIfTagProcessor
[THYMELEAF]             * [* {th:unless}] [400]: org.thymeleaf.standard.processor.StandardUnlessTagProcessor
[THYMELEAF]             * [* {th:object}] [500]: org.thymeleaf.standard.processor.StandardObjectTagProcessor
[THYMELEAF]             * [* {th:with}] [600]: com.intuit.karate.template.KarateWithTagProcessor
[THYMELEAF]             * [* {th:attr}] [700]: com.intuit.karate.template.KarateAttributeTagProcessor.KarateAttrTagProcessor
[THYMELEAF]             * [* {th:attrappend}] [900]: com.intuit.karate.template.KarateAttributeTagProcessor.KarateAttrappendTagProcessor
[THYMELEAF]             * [* {th:attrprepend}] [900]: com.intuit.karate.template.KarateAttributeTagProcessor.KarateAttrprependTagProcessor
[THYMELEAF]             * [* {th:inline}] [1000]: org.thymeleaf.standard.processor.StandardInlineXMLTagProcessor
[THYMELEAF]             * [* {xmlns:th}] [1000]: org.thymeleaf.standard.processor.StandardXmlNsTagProcessor
[THYMELEAF]             * [* {th:text}] [1300]: org.thymeleaf.standard.processor.StandardTextTagProcessor
[THYMELEAF]             * [* {th:utext}] [1400]: org.thymeleaf.standard.processor.StandardUtextTagProcessor
[THYMELEAF]             * [* {th:fragment}] [1500]: org.thymeleaf.standard.processor.StandardFragmentTagProcessor
[THYMELEAF]             * [* {th:assert}] [1550]: org.thymeleaf.standard.processor.StandardAssertTagProcessor
[THYMELEAF]             * [* {th:remove}] [1600]: org.thymeleaf.standard.processor.StandardRemoveTagProcessor
[THYMELEAF]             * [* {th:ref}] [10000]: org.thymeleaf.standard.processor.StandardRefAttributeTagProcessor
[THYMELEAF]             * [{th:block} *] [100000]: org.thymeleaf.standard.processor.StandardBlockTagProcessor
[THYMELEAF]             * [* th:*] [2147483647]: org.thymeleaf.standard.processor.StandardDefaultAttributesTagProcessor
[THYMELEAF]         * Text Processors by [precedence]:
[THYMELEAF]             * [1000]: org.thymeleaf.standard.processor.StandardInliningTextProcessor
[THYMELEAF]         * CDATA Section Processors by [precedence]:
[THYMELEAF]             * [1000]: org.thymeleaf.standard.processor.StandardInliningCDATASectionProcessor
[THYMELEAF]         * Comment Processors by [precedence]:
[THYMELEAF]             * [1000]: org.thymeleaf.standard.processor.StandardInliningCommentProcessor
[THYMELEAF]     * Processors for Template Mode: TEXT
[THYMELEAF]         * Element Tag Processors by [matching element and attribute name] [precedence]:
[THYMELEAF]             * [* {th:insert}] [100]: org.thymeleaf.standard.processor.StandardInsertTagProcessor
[THYMELEAF]             * [* {th:replace}] [100]: org.thymeleaf.standard.processor.StandardReplaceTagProcessor
[THYMELEAF]             * [* {th:each}] [200]: com.intuit.karate.template.KarateEachTagProcessor
[THYMELEAF]             * [* {th:switch}] [250]: org.thymeleaf.standard.processor.StandardSwitchTagProcessor
[THYMELEAF]             * [* {th:case}] [275]: org.thymeleaf.standard.processor.StandardCaseTagProcessor
[THYMELEAF]             * [* {th:if}] [300]: org.thymeleaf.standard.processor.StandardIfTagProcessor
[THYMELEAF]             * [* {th:unless}] [400]: org.thymeleaf.standard.processor.StandardUnlessTagProcessor
[THYMELEAF]             * [* {th:object}] [500]: org.thymeleaf.standard.processor.StandardObjectTagProcessor
[THYMELEAF]             * [* {th:with}] [600]: com.intuit.karate.template.KarateWithTagProcessor
[THYMELEAF]             * [* {th:inline}] [1000]: org.thymeleaf.standard.processor.StandardInlineTextualTagProcessor
[THYMELEAF]             * [* {th:text}] [1300]: org.thymeleaf.standard.processor.StandardTextTagProcessor
[THYMELEAF]             * [* {th:utext}] [1400]: org.thymeleaf.standard.processor.StandardUtextTagProcessor
[THYMELEAF]             * [* {th:assert}] [1550]: org.thymeleaf.standard.processor.StandardAssertTagProcessor
[THYMELEAF]             * [* {th:remove}] [1600]: org.thymeleaf.standard.processor.StandardRemoveTagProcessor
[THYMELEAF]             * [{th:block} *] [100000]: org.thymeleaf.standard.processor.StandardBlockTagProcessor
[THYMELEAF]             * [* 100000] [org.thymeleaf.standard.processor.StandardBlockTagProcessor]: {}
[THYMELEAF]         * Text Processors by [precedence]:
[THYMELEAF]             * [1000]: org.thymeleaf.standard.processor.StandardInliningTextProcessor
[THYMELEAF]     * Processors for Template Mode: JAVASCRIPT
[THYMELEAF]         * Element Tag Processors by [matching element and attribute name] [precedence]:
[THYMELEAF]             * [* {th:insert}] [100]: org.thymeleaf.standard.processor.StandardInsertTagProcessor
[THYMELEAF]             * [* {th:replace}] [100]: org.thymeleaf.standard.processor.StandardReplaceTagProcessor
[THYMELEAF]             * [* {th:each}] [200]: com.intuit.karate.template.KarateEachTagProcessor
[THYMELEAF]             * [* {th:switch}] [250]: org.thymeleaf.standard.processor.StandardSwitchTagProcessor
[THYMELEAF]             * [* {th:case}] [275]: org.thymeleaf.standard.processor.StandardCaseTagProcessor
[THYMELEAF]             * [* {th:if}] [300]: org.thymeleaf.standard.processor.StandardIfTagProcessor
[THYMELEAF]             * [* {th:unless}] [400]: org.thymeleaf.standard.processor.StandardUnlessTagProcessor
[THYMELEAF]             * [* {th:object}] [500]: org.thymeleaf.standard.processor.StandardObjectTagProcessor
[THYMELEAF]             * [* {th:with}] [600]: com.intuit.karate.template.KarateWithTagProcessor
[THYMELEAF]             * [* {th:inline}] [1000]: org.thymeleaf.standard.processor.StandardInlineTextualTagProcessor
[THYMELEAF]             * [* {th:text}] [1300]: org.thymeleaf.standard.processor.StandardTextTagProcessor
[THYMELEAF]             * [* {th:utext}] [1400]: org.thymeleaf.standard.processor.StandardUtextTagProcessor
[THYMELEAF]             * [* {th:assert}] [1550]: org.thymeleaf.standard.processor.StandardAssertTagProcessor
[THYMELEAF]             * [* {th:remove}] [1600]: org.thymeleaf.standard.processor.StandardRemoveTagProcessor
[THYMELEAF]             * [{th:block} *] [100000]: org.thymeleaf.standard.processor.StandardBlockTagProcessor
[THYMELEAF]             * [* 100000] [org.thymeleaf.standard.processor.StandardBlockTagProcessor]: {}
[THYMELEAF]         * Text Processors by [precedence]:
[THYMELEAF]             * [1000]: org.thymeleaf.standard.processor.StandardInliningTextProcessor
[THYMELEAF]     * Processors for Template Mode: CSS
[THYMELEAF]         * Element Tag Processors by [matching element and attribute name] [precedence]:
[THYMELEAF]             * [* {th:insert}] [100]: org.thymeleaf.standard.processor.StandardInsertTagProcessor
[THYMELEAF]             * [* {th:replace}] [100]: org.thymeleaf.standard.processor.StandardReplaceTagProcessor
[THYMELEAF]             * [* {th:each}] [200]: com.intuit.karate.template.KarateEachTagProcessor
[THYMELEAF]             * [* {th:switch}] [250]: org.thymeleaf.standard.processor.StandardSwitchTagProcessor
[THYMELEAF]             * [* {th:case}] [275]: org.thymeleaf.standard.processor.StandardCaseTagProcessor
[THYMELEAF]             * [* {th:if}] [300]: org.thymeleaf.standard.processor.StandardIfTagProcessor
[THYMELEAF]             * [* {th:unless}] [400]: org.thymeleaf.standard.processor.StandardUnlessTagProcessor
[THYMELEAF]             * [* {th:object}] [500]: org.thymeleaf.standard.processor.StandardObjectTagProcessor
[THYMELEAF]             * [* {th:with}] [600]: com.intuit.karate.template.KarateWithTagProcessor
[THYMELEAF]             * [* {th:inline}] [1000]: org.thymeleaf.standard.processor.StandardInlineTextualTagProcessor
[THYMELEAF]             * [* {th:text}] [1300]: org.thymeleaf.standard.processor.StandardTextTagProcessor
[THYMELEAF]             * [* {th:utext}] [1400]: org.thymeleaf.standard.processor.StandardUtextTagProcessor
[THYMELEAF]             * [* {th:assert}] [1550]: org.thymeleaf.standard.processor.StandardAssertTagProcessor
[THYMELEAF]             * [* {th:remove}] [1600]: org.thymeleaf.standard.processor.StandardRemoveTagProcessor
[THYMELEAF]             * [{th:block} *] [100000]: org.thymeleaf.standard.processor.StandardBlockTagProcessor
[THYMELEAF]             * [* 100000] [org.thymeleaf.standard.processor.StandardBlockTagProcessor]: {}
[THYMELEAF]         * Text Processors by [precedence]:
[THYMELEAF]             * [1000]: org.thymeleaf.standard.processor.StandardInliningTextProcessor
[THYMELEAF]     * Expression Objects:
[THYMELEAF]         * #ctx
[THYMELEAF]         * #root
[THYMELEAF]         * #vars
[THYMELEAF]         * #object
[THYMELEAF]         * #locale
[THYMELEAF]         * #conversions
[THYMELEAF]         * #uris
[THYMELEAF]         * #temporals
[THYMELEAF]         * #calendars
[THYMELEAF]         * #dates
[THYMELEAF]         * #bools
[THYMELEAF]         * #numbers
[THYMELEAF]         * #objects
[THYMELEAF]         * #strings
[THYMELEAF]         * #arrays
[THYMELEAF]         * #lists
[THYMELEAF]         * #sets
[THYMELEAF]         * #maps
[THYMELEAF]         * #aggregates
[THYMELEAF]         * #messages
[THYMELEAF]         * #ids
[THYMELEAF]         * #execInfo
[THYMELEAF]         * #request
[THYMELEAF]         * #response
[THYMELEAF]         * #session
[THYMELEAF]         * #servletContext
[THYMELEAF]     * Execution Attributes:
[THYMELEAF]         * "StandardExpressionParser": com.intuit.karate.template.KarateStandardDialect@52285a5f
[THYMELEAF]         * "StandardJavaScriptSerializer": org.thymeleaf.standard.serializer.StandardJavaScriptSerializer@20a9f5fb
[THYMELEAF]         * "StandardCSSSerializer": org.thymeleaf.standard.serializer.StandardCSSSerializer@6d617b07
[THYMELEAF]         * "StandardVariableExpressionEvaluator": com.intuit.karate.template.KarateStandardDialect@52285a5f
[THYMELEAF]         * "StandardConversionService": org.thymeleaf.standard.expression.StandardConversionService@340c57e0
[THYMELEAF] * Dialect [2 of 2]: karate (com.intuit.karate.template.KarateScriptDialect)
[THYMELEAF]     * Prefix: "ka"
[THYMELEAF]     * Processors for Template Mode: HTML
[THYMELEAF]         * Element Tag Processors by [matching element and attribute name] [precedence]:
[THYMELEAF]             * [* {src}] [1000]: com.intuit.karate.template.KaScriptAttrProcessor
[THYMELEAF]         * Element Model Processors by [matching element and attribute name] [precedence]:
[THYMELEAF]             * [{script} {ka:scope,data-ka-scope}] [1000]: com.intuit.karate.template.KaScriptElemProcessor
[THYMELEAF]             * [* {ka:set,data-ka-set}] [1000]: com.intuit.karate.template.KaSetElemProcessor
[THYMELEAF] TEMPLATE ENGINE CONFIGURED OK
14:57:20.769 [main] DEBUG org.thymeleaf.TemplateEngine -- [THYMELEAF] TEMPLATE ENGINE INITIALIZED
---------------------------------------------------------
feature: classpath:features/usuarios/usuarios-eliminar.feature
scenarios:  2 | passed:  2 | failed:  0 | time: 1.2759
---------------------------------------------------------

]]></system-out>
  </testcase>
  <testcase name="[1:7] Listar todos los usuarios (200)" classname="features/usuarios/usuarios-listar" time="1.231">
    <system-out><![CDATA[14:57:20.865 [main] DEBUG org.apache.http.client.protocol.RequestAddCookies -- CookieSpec selected: karate
14:57:20.866 [main] DEBUG org.apache.http.client.protocol.RequestAuthCache -- Auth cache not set in the context
14:57:20.866 [main] DEBUG com.intuit.karate -- request:
1 > GET https://serverest.dev/usuarios
1 > Host: serverest.dev
1 > Connection: Keep-Alive
1 > User-Agent: Apache-HttpClient/4.5.14 (Java/17.0.12)
1 > Accept-Encoding: gzip,deflate


14:57:20.866 [main] DEBUG org.apache.http.impl.conn.PoolingHttpClientConnectionManager -- Connection request: [route: {s}->https://serverest.dev:443][total available: 0; route allocated: 0 of 5; total allocated: 0 of 10]
14:57:20.866 [main] DEBUG org.apache.http.impl.conn.PoolingHttpClientConnectionManager -- Connection leased: [id: 14][route: {s}->https://serverest.dev:443][total available: 0; route allocated: 1 of 5; total allocated: 1 of 10]
14:57:20.866 [main] DEBUG org.apache.http.impl.execchain.MainClientExec -- Opening connection {s}->https://serverest.dev:443
14:57:20.866 [main] DEBUG org.apache.http.impl.conn.DefaultHttpClientConnectionOperator -- Connecting to serverest.dev/216.239.38.21:443
14:57:20.866 [main] DEBUG org.apache.http.conn.ssl.LenientSslConnectionSocketFactory -- Connecting socket to serverest.dev/216.239.38.21:443 with timeout 15000
14:57:20.909 [main] DEBUG org.apache.http.conn.ssl.LenientSslConnectionSocketFactory -- Enabled protocols: [TLSv1.3, TLSv1.2]
14:57:20.909 [main] DEBUG org.apache.http.conn.ssl.LenientSslConnectionSocketFactory -- Enabled cipher suites:[TLS_AES_256_GCM_SHA384, TLS_AES_128_GCM_SHA256, TLS_CHACHA20_POLY1305_SHA256, TLS_ECDHE_ECDSA_WITH_AES_256_GCM_SHA384, TLS_ECDHE_ECDSA_WITH_AES_128_GCM_SHA256, TLS_ECDHE_ECDSA_WITH_CHACHA20_POLY1305_SHA256, TLS_ECDHE_RSA_WITH_AES_256_GCM_SHA384, TLS_ECDHE_RSA_WITH_CHACHA20_POLY1305_SHA256, TLS_ECDHE_RSA_WITH_AES_128_GCM_SHA256, TLS_DHE_RSA_WITH_AES_256_GCM_SHA384, TLS_DHE_RSA_WITH_CHACHA20_POLY1305_SHA256, TLS_DHE_DSS_WITH_AES_256_GCM_SHA384, TLS_DHE_RSA_WITH_AES_128_GCM_SHA256, TLS_DHE_DSS_WITH_AES_128_GCM_SHA256, TLS_ECDHE_ECDSA_WITH_AES_256_CBC_SHA384, TLS_ECDHE_RSA_WITH_AES_256_CBC_SHA384, TLS_ECDHE_ECDSA_WITH_AES_128_CBC_SHA256, TLS_ECDHE_RSA_WITH_AES_128_CBC_SHA256, TLS_DHE_RSA_WITH_AES_256_CBC_SHA256, TLS_DHE_DSS_WITH_AES_256_CBC_SHA256, TLS_DHE_RSA_WITH_AES_128_CBC_SHA256, TLS_DHE_DSS_WITH_AES_128_CBC_SHA256, TLS_ECDH_ECDSA_WITH_AES_256_GCM_SHA384, TLS_ECDH_RSA_WITH_AES_256_GCM_SHA384, TLS_ECDH_ECDSA_WITH_AES_128_GCM_SHA256, TLS_ECDH_RSA_WITH_AES_128_GCM_SHA256, TLS_ECDH_ECDSA_WITH_AES_256_CBC_SHA384, TLS_ECDH_RSA_WITH_AES_256_CBC_SHA384, TLS_ECDH_ECDSA_WITH_AES_128_CBC_SHA256, TLS_ECDH_RSA_WITH_AES_128_CBC_SHA256, TLS_ECDHE_ECDSA_WITH_AES_256_CBC_SHA, TLS_ECDHE_RSA_WITH_AES_256_CBC_SHA, TLS_ECDHE_ECDSA_WITH_AES_128_CBC_SHA, TLS_ECDHE_RSA_WITH_AES_128_CBC_SHA, TLS_DHE_RSA_WITH_AES_256_CBC_SHA, TLS_DHE_DSS_WITH_AES_256_CBC_SHA, TLS_DHE_RSA_WITH_AES_128_CBC_SHA, TLS_DHE_DSS_WITH_AES_128_CBC_SHA, TLS_ECDH_ECDSA_WITH_AES_256_CBC_SHA, TLS_ECDH_RSA_WITH_AES_256_CBC_SHA, TLS_ECDH_ECDSA_WITH_AES_128_CBC_SHA, TLS_ECDH_RSA_WITH_AES_128_CBC_SHA, TLS_RSA_WITH_AES_256_GCM_SHA384, TLS_RSA_WITH_AES_128_GCM_SHA256, TLS_RSA_WITH_AES_256_CBC_SHA256, TLS_RSA_WITH_AES_128_CBC_SHA256, TLS_RSA_WITH_AES_256_CBC_SHA, TLS_RSA_WITH_AES_128_CBC_SHA, TLS_EMPTY_RENEGOTIATION_INFO_SCSV]
14:57:20.909 [main] DEBUG org.apache.http.conn.ssl.LenientSslConnectionSocketFactory -- Starting handshake
14:57:21.075 [main] DEBUG org.apache.http.conn.ssl.LenientSslConnectionSocketFactory -- Secure session established
14:57:21.075 [main] DEBUG org.apache.http.conn.ssl.LenientSslConnectionSocketFactory --  negotiated protocol: TLSv1.3
14:57:21.075 [main] DEBUG org.apache.http.conn.ssl.LenientSslConnectionSocketFactory --  negotiated cipher suite: TLS_AES_256_GCM_SHA384
14:57:21.075 [main] DEBUG org.apache.http.conn.ssl.LenientSslConnectionSocketFactory --  peer principal: CN=serverest.dev
14:57:21.075 [main] DEBUG org.apache.http.conn.ssl.LenientSslConnectionSocketFactory --  peer alternative names: [serverest.dev]
14:57:21.075 [main] DEBUG org.apache.http.conn.ssl.LenientSslConnectionSocketFactory --  issuer principal: CN=WR3, O=Google Trust Services, C=US
14:57:21.075 [main] DEBUG org.apache.http.impl.conn.DefaultHttpClientConnectionOperator -- Connection established 192.168.100.14:54885<->216.239.38.21:443
14:57:21.075 [main] DEBUG org.apache.http.impl.conn.DefaultManagedHttpClientConnection -- http-outgoing-14: set socket timeout to 15000
14:57:21.075 [main] DEBUG org.apache.http.impl.execchain.MainClientExec -- Executing request GET /usuarios HTTP/1.1
14:57:21.075 [main] DEBUG org.apache.http.impl.execchain.MainClientExec -- Target auth state: UNCHALLENGED
14:57:21.075 [main] DEBUG org.apache.http.impl.execchain.MainClientExec -- Proxy auth state: UNCHALLENGED
14:57:21.075 [main] DEBUG org.apache.http.headers -- http-outgoing-14 >> GET /usuarios HTTP/1.1
14:57:21.075 [main] DEBUG org.apache.http.headers -- http-outgoing-14 >> Host: serverest.dev
14:57:21.075 [main] DEBUG org.apache.http.headers -- http-outgoing-14 >> Connection: Keep-Alive
14:57:21.075 [main] DEBUG org.apache.http.headers -- http-outgoing-14 >> User-Agent: Apache-HttpClient/4.5.14 (Java/17.0.12)
14:57:21.075 [main] DEBUG org.apache.http.headers -- http-outgoing-14 >> Accept-Encoding: gzip,deflate
14:57:21.075 [main] DEBUG org.apache.http.wire -- http-outgoing-14 >> "GET /usuarios HTTP/1.1[\r][\n]"
14:57:21.075 [main] DEBUG org.apache.http.wire -- http-outgoing-14 >> "Host: serverest.dev[\r][\n]"
14:57:21.075 [main] DEBUG org.apache.http.wire -- http-outgoing-14 >> "Connection: Keep-Alive[\r][\n]"
14:57:21.075 [main] DEBUG org.apache.http.wire -- http-outgoing-14 >> "User-Agent: Apache-HttpClient/4.5.14 (Java/17.0.12)[\r][\n]"
14:57:21.075 [main] DEBUG org.apache.http.wire -- http-outgoing-14 >> "Accept-Encoding: gzip,deflate[\r][\n]"
14:57:21.075 [main] DEBUG org.apache.http.wire -- http-outgoing-14 >> "[\r][\n]"
14:57:21.285 [main] DEBUG org.apache.http.wire -- http-outgoing-14 << "HTTP/1.1 200 OK[\r][\n]"
14:57:21.285 [main] DEBUG org.apache.http.wire -- http-outgoing-14 << "access-control-allow-origin: *[\r][\n]"
14:57:21.285 [main] DEBUG org.apache.http.wire -- http-outgoing-14 << "x-dns-prefetch-control: off[\r][\n]"
14:57:21.285 [main] DEBUG org.apache.http.wire -- http-outgoing-14 << "x-frame-options: SAMEORIGIN[\r][\n]"
14:57:21.285 [main] DEBUG org.apache.http.wire -- http-outgoing-14 << "strict-transport-security: max-age=15552000; includeSubDomains[\r][\n]"
14:57:21.285 [main] DEBUG org.apache.http.wire -- http-outgoing-14 << "x-download-options: noopen[\r][\n]"
14:57:21.285 [main] DEBUG org.apache.http.wire -- http-outgoing-14 << "x-content-type-options: nosniff[\r][\n]"
14:57:21.285 [main] DEBUG org.apache.http.wire -- http-outgoing-14 << "x-xss-protection: 1; mode=block[\r][\n]"
14:57:21.285 [main] DEBUG org.apache.http.wire -- http-outgoing-14 << "content-type: application/json; charset=utf-8[\r][\n]"
14:57:21.285 [main] DEBUG org.apache.http.wire -- http-outgoing-14 << "x-cloud-trace-context: ce997ef97248f06a55178717979f4431[\r][\n]"
14:57:21.285 [main] DEBUG org.apache.http.wire -- http-outgoing-14 << "date: Sun, 31 Aug 2025 19:57:21 GMT[\r][\n]"
14:57:21.285 [main] DEBUG org.apache.http.wire -- http-outgoing-14 << "server: Google Frontend[\r][\n]"
14:57:21.285 [main] DEBUG org.apache.http.wire -- http-outgoing-14 << "Content-Length: 56500[\r][\n]"
14:57:21.285 [main] DEBUG org.apache.http.wire -- http-outgoing-14 << "[\r][\n]"
14:57:21.285 [main] DEBUG org.apache.http.wire -- http-outgoing-14 << "{[\n]"
14:57:21.285 [main] DEBUG org.apache.http.wire -- http-outgoing-14 << "    "quantidade": 258,[\n]"
14:57:21.285 [main] DEBUG org.apache.http.wire -- http-outgoing-14 << "    "usuarios": [[\n]"
14:57:21.285 [main] DEBUG org.apache.http.wire -- http-outgoing-14 << "        {[\n]"
14:57:21.285 [main] DEBUG org.apache.http.wire -- http-outgoing-14 << "            "nome": "Usuario B",[\n]"
14:57:21.285 [main] DEBUG org.apache.http.wire -- http-outgoing-14 << "            "email": "user_bbd047f8@mail.com",[\n]"
14:57:21.285 [main] DEBUG org.apache.http.wire -- http-outgoing-14 << "            "password": "Pwd@123",[\n]"
14:57:21.286 [main] DEBUG org.apache.http.wire -- http-outgoing-14 << "            "administrador": "true",[\n]"
14:57:21.286 [main] DEBUG org.apache.http.wire -- http-outgoing-14 << "            "_id": "0I1U0djkp9Bv4Tlp"[\n]"
14:57:21.286 [main] DEBUG org.apache.http.wire -- http-outgoing-14 << "        },[\n]"
14:57:21.286 [main] DEBUG org.apache.http.wire -- http-outgoing-14 << "        {[\n]"
14:57:21.286 [main] DEBUG org.apache.http.wire -- http-outgoing-14 << "            "nome": "Fulano 001",[\n]"
14:57:21.286 [main] DEBUG org.apache.http.wire -- http-outgoing-14 << "            "email": "teste1756649044296@qa.com.br",[\n]"
14:57:21.286 [main] DEBUG org.apache.http.wire -- http-outgoing-14 << "            "password": "pass001",[\n]"
14:57:21.286 [main] DEBUG org.apache.http.wire -- http-outgoing-14 << "            "administrador": "true",[\n]"
14:57:21.286 [main] DEBUG org.apache.http.wire -- http-outgoing-14 << "            "_id": "0K4PKMmySEIotW3T"[\n]"
14:57:21.286 [main] DEBUG org.apache.http.wire -- http-outgoing-14 << "        },[\n]"
14:57:21.286 [main] DEBUG org.apache.http.wire -- http-outgoing-14 << "        {[\n]"
14:57:21.286 [main] DEBUG org.apache.http.wire -- http-outgoing-14 << "            "nome": "RZ Teste - API",[\n]"
14:57:21.286 [main] DEBUG org.apache.http.wire -- http-outgoing-14 << "            "email": "powellmichele@example.com",[\n]"
14:57:21.286 [main] DEBUG org.apache.http.wire -- http-outgoing-14 << "            "password": "123456",[\n]"
14:57:21.286 [main] DEBUG org.apache.http.wire -- http-outgoing-14 << "            "administrador": "true",[\n]"
14:57:21.286 [main] DEBUG org.apache.http.wire -- http-outgoing-14 << "            "_id": "0dDzQyfSaNPKRAHh"[\n]"
14:57:21.286 [main] DEBUG org.apache.http.wire -- http-outgoing-14 << "        },[\n]"
14:57:21.286 [main] DEBUG org.apache.http.wire -- http-outgoing-14 << "        {[\n]"
14:57:21.286 [main] DEBUG org.apache.http.wire -- http-outgoing-14 << "            "nome": "Usuario A",[\n]"
14:57:21.286 [main] DEBUG org.apache.http.wire -- http-outgoing-14 << "            "email": "user_b00c6696@mail.com",[\n]"
14:57:21.286 [main] DEBUG org.apache.http.wire -- http-outgoing-14 << "            "password": "Pwd@123",[\n]"
14:57:21.286 [main] DEBUG org.apache.http.wire -- http-outgoing-14 << "            "administrador": "true",[\n]"
14:57:21.286 [main] DEBUG org.apache.http.wire -- http-outgoing-14 << "            "_id": "0jsWkW6qlwKKqj7d"[\n]"
14:57:21.286 [main] DEBUG org.apache.http.wire -- http-outgoing-14 << "        },[\n]"
14:57:21.286 [main] DEBUG org.apache.http.wire -- http-outgoing-14 << "        {[\n]"
14:57:21.286 [main] DEBUG org.apache.http.wire -- http-outgoing-14 << "            "nome": "Fulano da Silva",[\n]"
14:57:21.286 [main] DEBUG org.apache.http.wire -- http-outgoing-14 << "  "
14:57:21.286 [main] DEBUG org.apache.http.headers -- http-outgoing-14 << HTTP/1.1 200 OK
14:57:21.286 [main] DEBUG org.apache.http.headers -- http-outgoing-14 << access-control-allow-origin: *
14:57:21.286 [main] DEBUG org.apache.http.headers -- http-outgoing-14 << x-dns-prefetch-control: off
14:57:21.286 [main] DEBUG org.apache.http.headers -- http-outgoing-14 << x-frame-options: SAMEORIGIN
14:57:21.286 [main] DEBUG org.apache.http.headers -- http-outgoing-14 << strict-transport-security: max-age=15552000; includeSubDomains
14:57:21.286 [main] DEBUG org.apache.http.headers -- http-outgoing-14 << x-download-options: noopen
14:57:21.286 [main] DEBUG org.apache.http.headers -- http-outgoing-14 << x-content-type-options: nosniff
14:57:21.286 [main] DEBUG org.apache.http.headers -- http-outgoing-14 << x-xss-protection: 1; mode=block
14:57:21.286 [main] DEBUG org.apache.http.headers -- http-outgoing-14 << content-type: application/json; charset=utf-8
14:57:21.286 [main] DEBUG org.apache.http.headers -- http-outgoing-14 << x-cloud-trace-context: ce997ef97248f06a55178717979f4431
14:57:21.286 [main] DEBUG org.apache.http.headers -- http-outgoing-14 << date: Sun, 31 Aug 2025 19:57:21 GMT
14:57:21.286 [main] DEBUG org.apache.http.headers -- http-outgoing-14 << server: Google Frontend
14:57:21.286 [main] DEBUG org.apache.http.headers -- http-outgoing-14 << Content-Length: 56500
14:57:21.286 [main] DEBUG org.apache.http.impl.execchain.MainClientExec -- Connection can be kept alive indefinitely
14:57:21.286 [main] DEBUG org.apache.http.wire -- http-outgoing-14 << "          "email": "fulano@qa.com",[\n]"
14:57:21.286 [main] DEBUG org.apache.http.wire -- http-outgoing-14 << "            "password": "teste",[\n]"
14:57:21.286 [main] DEBUG org.apache.http.wire -- http-outgoing-14 << "            "administrador": "true",[\n]"
14:57:21.286 [main] DEBUG org.apache.http.wire -- http-outgoing-14 << "            "_id": "0uxuPY0cbmQhpEz1"[\n]"
14:57:21.286 [main] DEBUG org.apache.http.wire -- http-outgoing-14 << "        },[\n]"
14:57:21.286 [main] DEBUG org.apache.http.wire -- http-outgoing-14 << "        {[\n]"
14:57:21.286 [main] DEBUG org.apache.http.wire -- http-outgoing-14 << "            "nome": "RZ Teste - API",[\n]"
14:57:21.286 [main] DEBUG org.apache.http.wire -- http-outgoing-14 << "            "email": "nleonard@example.org",[\n]"
14:57:21.286 [main] DEBUG org.apache.http.wire -- http-outgoing-14 << "            "password": "123456",[\n]"
14:57:21.286 [main] DEBUG org.apache.http.wire -- http-outgoing-14 << "            "administrador": "true",[\n]"
14:57:21.286 [main] DEBUG org.apache.http.wire -- http-outgoing-14 << "            "_id": "0wUXLhZowEIOqAVg"[\n]"
14:57:21.286 [main] DEBUG org.apache.http.wire -- http-outgoing-14 << "        },[\n]"
14:57:21.286 [main] DEBUG org.apache.http.wire -- http-outgoing-14 << "        {[\n]"
14:57:21.286 [main] DEBUG org.apache.http.wire -- http-outgoing-14 << "            "nome": "TestUser",[\n]"
14:57:21.286 [main] DEBUG org.apache.http.wire -- http-outgoing-14 << "            "email": "testuser_1756647297@example.com",[\n]"
14:57:21.286 [main] DEBUG org.apache.http.wire -- http-outgoing-14 << "            "password": "pass123",[\n]"
14:57:21.286 [main] DEBUG org.apache.http.wire -- http-outgoing-14 << "            "administrador": "false",[\n]"
14:57:21.286 [main] DEBUG org.apache.http.wire -- http-outgoing-14 << "            "_id": "16fl18nQERfAVDJs"[\n]"
14:57:21.286 [main] DEBUG org.apache.http.wire -- http-outgoing-14 << "        },[\n]"
14:57:21.286 [main] DEBUG org.apache.http.wire -- http-outgoing-14 << "        {[\n]"
14:57:21.286 [main] DEBUG org.apache.http.wire -- http-outgoing-14 << "            "nome": "Miss Winifred MacGyver",[\n]"
14:57:21.286 [main] DEBUG org.apache.http.wire -- http-outgoing-14 << "            "email": "Rosina85@gmail.com",[\n]"
14:57:21.286 [main] DEBUG org.apache.http.wire -- http-outgoing-14 << "            "password": "JFKYwrye315CdSF",[\n]"
14:57:21.286 [main] DEBUG org.apache.http.wire -- http-outgoing-14 << "            "administrador": "false",[\n]"
14:57:21.286 [main] DEBUG org.apache.http.wire -- http-outgoing-14 << "            "_id": "17YbEMn4p4UyeSLz"[\n]"
14:57:21.286 [main] DEBUG org.apache.http.wire -- http-outgoing-14 << "        },[\n]"
14:57:21.286 [main] DEBUG org.apache.http.wire -- http-outgoing-14 << "        {[\n]"
14:57:21.286 [main] DEBUG org.apache.http.wire -- http-outgoing-14 << "            "nome": "Fulano da Silva",[\n]"
14:57:21.286 [main] DEBUG org.apache.http.wire -- http-outgoing-14 << "            "email": "beltrereyano@qa.com.br",[\n]"
14:57:21.286 [main] DEBUG org.apache.http.wire -- http-outgoing-14 << "            "password": "teste",[\n]"
14:57:21.286 [main] DEBUG org.apache.http.wire -- http-outgoing-14 << "            "administrador": "true",[\n]"
14:57:21.286 [main] DEBUG org.apache.http.wire -- http-outgoing-14 << "            "_id": "1IXYJGQZGUVsNH7X"[\n]"
14:57:21.286 [main] DEBUG org.apache.http.wire -- http-outgoing-14 << "   "
14:57:21.286 [main] DEBUG org.apache.http.wire -- http-outgoing-14 << "     },[\n]"
14:57:21.286 [main] DEBUG org.apache.http.wire -- http-outgoing-14 << "        {[\n]"
14:57:21.286 [main] DEBUG org.apache.http.wire -- http-outgoing-14 << "            "nome": "Usuario A",[\n]"
14:57:21.286 [main] DEBUG org.apache.http.wire -- http-outgoing-14 << "            "email": "user_68b73985@mail.com",[\n]"
14:57:21.286 [main] DEBUG org.apache.http.wire -- http-outgoing-14 << "            "password": "Pwd@123",[\n]"
14:57:21.286 [main] DEBUG org.apache.http.wire -- http-outgoing-14 << "            "administrador": "true",[\n]"
14:57:21.286 [main] DEBUG org.apache.http.wire -- http-outgoing-14 << "            "_id": "1xmAl0vhsK03iU73"[\n]"
14:57:21.286 [main] DEBUG org.apache.http.wire -- http-outgoing-14 << "        },[\n]"
14:57:21.286 [main] DEBUG org.apache.http.wire -- http-outgoing-14 << "        {[\n]"
14:57:21.286 [main] DEBUG org.apache.http.wire -- http-outgoing-14 << "            "nome": "Coverage User",[\n]"
14:57:21.286 [main] DEBUG org.apache.http.wire -- http-outgoing-14 << "            "email": "coverage_1756669074732@example.com",[\n]"
14:57:21.286 [main] DEBUG org.apache.http.wire -- http-outgoing-14 << "            "password": "CoveragePass123",[\n]"
14:57:21.288 [main] DEBUG org.apache.http.wire -- http-outgoing-14 << "            "adm"
14:57:21.288 [main] DEBUG org.apache.http.wire -- http-outgoing-14 << "inistrador": "false",[\n]"
14:57:21.288 [main] DEBUG org.apache.http.wire -- http-outgoing-14 << "            "_id": "25zKF8EFqw9ADnrL"[\n]"
14:57:21.288 [main] DEBUG org.apache.http.wire -- http-outgoing-14 << "        },[\n]"
14:57:21.288 [main] DEBUG org.apache.http.wire -- http-outgoing-14 << "        {[\n]"
14:57:21.288 [main] DEBUG org.apache.http.wire -- http-outgoing-14 << "            "nome": "Usuario B",[\n]"
14:57:21.288 [main] DEBUG org.apache.http.wire -- http-outgoing-14 << "            "email": "qa.70bd6e71@example.com",[\n]"
14:57:21.288 [main] DEBUG org.apache.http.wire -- http-outgoing-14 << "            "password": "Pwd@123",[\n]"
14:57:21.288 [main] DEBUG org.apache.http.wire -- http-outgoing-14 << "            "administrador": "true",[\n]"
14:57:21.288 [main] DEBUG org.apache.http.wire -- http-outgoing-14 << "            "_id": "2HbUZ5pYkjZvNZIH"[\n]"
14:57:21.288 [main] DEBUG org.apache.http.wire -- http-outgoing-14 << "        },[\n]"
14:57:21.288 [main] DEBUG org.apache.http.wire -- http-outgoing-14 << "        {[\n]"
14:57:21.288 [main] DEBUG org.apache.http.wire -- http-outgoing-14 << "            "nome": "Usuario B",[\n]"
14:57:21.288 [main] DEBUG org.apache.http.wire -- http-outgoing-14 << "            "email": "qa.d783c131@example.com",[\n]"
14:57:21.288 [main] DEBUG org.apache.http.wire -- http-outgoing-14 << "            "password": "Pwd@123",[\n]"
14:57:21.288 [main] DEBUG org.apache.http.wire -- http-outgoing-14 << "            "administrador": "true",[\n]"
14:57:21.288 [main] DEBUG org.apache.http.wire -- http-outgoing-14 << "            "_id": "2SGbk0BpmJj9wiIk"[\n]"
14:57:21.288 [main] DEBUG org.apache.http.wire -- http-outgoing-14 << "        },[\n]"
14:57:21.288 [main] DEBUG org.apache.http.wire -- http-outgoing-14 << "        {[\n]"
14:57:21.288 [main] DEBUG org.apache.http.wire -- http-outgoing-14 << "            "nome": "User-014d8",[\n]"
14:57:21.288 [main] DEBUG org.apache.http.wire -- http-outgoing-14 << "            "email": "user_c5c920ae@mail.com",[\n]"
14:57:21.288 [main] DEBUG org.apache.http.wire -- http-outgoing-14 << "            "password": "Pwd@083b",[\n]"
14:57:21.288 [main] DEBUG org.apache.http.wire -- http-outgoing-14 << "            "administrador": "true",[\n]"
14:57:21.288 [main] DEBUG org.apache.http.wire -- http-outgoing-14 << "            "_id": "2WkQNKfrx3PktlAI"[\n]"
14:57:21.288 [main] DEBUG org.apache.http.wire -- http-outgoing-14 << "        },[\n]"
14:57:21.288 [main] DEBUG org.apache.http.wire -- http-outgoing-14 << "        {[\n]"
14:57:21.288 [main] DEBUG org.apache.http.wire -- http-outgoing-14 << "            "nome": "Usuario B",[\n]"
14:57:21.288 [main] DEBUG org.apache.http.wire -- http-outgoing-14 << "            "email": "user_45f36f59@mail.com",[\n]"
14:57:21.288 [main] DEBUG org.apache.http.wire -- http-outgoing-14 << "            "password": "Pwd@123",[\n]"
14:57:21.288 [main] DEBUG org.apache.http.wire -- http-outgoing-14 << "            "administrador": "true",[\n]"
14:57:21.288 [main] DEBUG org.apache.http.wire -- http-outgoing-14 << "            "_id": "2vmpTiBeoFevyUBp"[\n]"
14:57:21.288 [main] DEBUG org.apache.http.wire -- http-outgoing-14 << "        },[\n]"
14:57:21.288 [main] DEBUG org.apache.http.wire -- http-outgoing-14 << "        {[\n]"
14:57:21.288 [main] DEBUG org.apache.http.wire -- http-outgoing-14 << "            "nome": "Fulano da Silva",[\n]"
14:57:21.288 [main] DEBUG org.apache.http.wire -- http-outgoing-14 << "            "email": "pbaw@emailteste.com",[\n]"
14:57:21.288 [main] DEBUG org.apache.http.wire -- http-outgoing-14 << "            "
14:57:21.288 [main] DEBUG org.apache.http.wire -- http-outgoing-14 << ""password": "1234",[\n]"
14:57:21.288 [main] DEBUG org.apache.http.wire -- http-outgoing-14 << "            "administrador": "true",[\n]"
14:57:21.288 [main] DEBUG org.apache.http.wire -- http-outgoing-14 << "            "_id": "32furOKbLkNYj2oZ"[\n]"
14:57:21.288 [main] DEBUG org.apache.http.wire -- http-outgoing-14 << "        },[\n]"
14:57:21.288 [main] DEBUG org.apache.http.wire -- http-outgoing-14 << "        {[\n]"
14:57:21.288 [main] DEBUG org.apache.http.wire -- http-outgoing-14 << "            "nome": "Fulano 001",[\n]"
14:57:21.288 [main] DEBUG org.apache.http.wire -- http-outgoing-14 << "            "email": "teste1756649144962@qa.com.br",[\n]"
14:57:21.288 [main] DEBUG org.apache.http.wire -- http-outgoing-14 << "            "password": "pass001",[\n]"
14:57:21.288 [main] DEBUG org.apache.http.wire -- http-outgoing-14 << "            "administrador": "true",[\n]"
14:57:21.288 [main] DEBUG org.apache.http.wire -- http-outgoing-14 << "            "_id": "36ZWl2Ai1beiHfhd"[\n]"
14:57:21.288 [main] DEBUG org.apache.http.wire -- http-outgoing-14 << "        },[\n]"
14:57:21.288 [main] DEBUG org.apache.http.wire -- http-outgoing-14 << "        {[\n]"
14:57:21.288 [main] DEBUG org.apache.http.wire -- http-outgoing-14 << "            "nome": "Mar[0xc3][0xad]a Luisa Paredes",[\n]"
14:57:21.288 [main] DEBUG org.apache.http.wire -- http-outgoing-14 << "      "
14:57:21.288 [main] DEBUG org.apache.http.wire -- http-outgoing-14 << "      "email": "qa.0a18aa46@example.com",[\n]"
14:57:21.288 [main] DEBUG org.apache.http.wire -- http-outgoing-14 << "            "password": "Pwd@9d13fd",[\n]"
14:57:21.288 [main] DEBUG org.apache.http.wire -- http-outgoing-14 << "            "administrador": "true",[\n]"
14:57:21.288 [main] DEBUG org.apache.http.wire -- http-outgoing-14 << "            "_id": "3ITu8e8CZmsqwtI9"[\n]"
14:57:21.288 [main] DEBUG org.apache.http.wire -- http-outgoing-14 << "        },[\n]"
14:57:21.288 [main] DEBUG org.apache.http.wire -- http-outgoing-14 << "        {[\n]"
14:57:21.288 [main] DEBUG org.apache.http.wire -- http-outgoing-14 << "            "nome": "Ad[0xc3][0xa1]n Saiz",[\n]"
14:57:21.288 [main] DEBUG org.apache.http.wire -- http-outgoing-14 << "            "email": "qa.1756667387504411f@example.com",[\n]"
14:57:21.288 [main] DEBUG org.apache.http.wire -- http-outgoing-14 << "            "password": "Pwd@0d41b1",[\n]"
14:57:21.288 [main] DEBUG org.apache.http.wire -- http-outgoing-14 << "            "administra"
14:57:21.289 [main] DEBUG org.apache.http.wire -- http-outgoing-14 << "dor": "true",[\n]"
14:57:21.289 [main] DEBUG org.apache.http.wire -- http-outgoing-14 << "            "_id": "40TVcf6HBgVamLE4"[\n]"
14:57:21.289 [main] DEBUG org.apache.http.wire -- http-outgoing-14 << "        },[\n]"
14:57:21.289 [main] DEBUG org.apache.http.wire -- http-outgoing-14 << "        {[\n]"
14:57:21.289 [main] DEBUG org.apache.http.wire -- http-outgoing-14 << "            "nome": "#(nombre) Editado",[\n]"
14:57:21.289 [main] DEBUG org.apache.http.wire -- http-outgoing-14 << "            "email": "qa.98ebeab3@example.com",[\n]"
14:57:21.289 [main] DEBUG org.apache.http.wire -- http-outgoing-14 << "            "password": "Pwd@9e520b",[\n]"
14:57:21.289 [main] DEBUG org.apache.http.wire -- http-outgoing-14 << "            "administrador": "true",[\n]"
14:57:21.289 [main] DEBUG org.apache.http.wire -- http-outgoing-14 << "            "_id": "44nhvsvj3XakaQrk"[\n]"
14:57:21.289 [main] DEBUG org.apache.http.wire -- http-outgoing-14 << "        },[\n]"
14:57:21.289 [main] DEBUG org.apache.http.wire -- http-outgoing-14 << "        {[\n]"
14:57:21.289 [main] DEBUG org.apache.http.wire -- http-outgoing-14 << "            "nome": "Fulano 001",[\n]"
14:57:21.289 [main] DEBUG org.apache.http.wire -- http-outgoing-14 << "            "email": "teste1756646788682@qa.com.br",[\n]"
14:57:21.289 [main] DEBUG org.apache.http.wire -- http-outgoing-14 << "            "password": "pass001",[\n]"
14:57:21.289 [main] DEBUG org.apache.http.wire -- http-outgoing-14 << "            "administrador": "true",[\n]"
14:57:21.289 [main] DEBUG org.apache.http.wire -- http-outgoing-14 << "            "_id": "45XXlu9e8dbM8cSe"[\n]"
14:57:21.289 [main] DEBUG org.apache.http.wire -- http-outgoing-14 << "        },[\n]"
14:57:21.289 [main] DEBUG org.apache.http.wire -- http-outgoing-14 << "        {[\n]"
14:57:21.289 [main] DEBUG org.apache.http.wire -- http-outgoing-14 << "            "nome": "Usuario B",[\n]"
14:57:21.289 [main] DEBUG org.apache.http.wire -- http-outgoing-14 << "            "email": "qa.175666738480941f6@example.com",[\n]"
14:57:21.289 [main] DEBUG org.apache.http.wire -- http-outgoing-14 << "            "password": "Pwd@123",[\n]"
14:57:21.289 [main] DEBUG org.apache.http.wire -- http-outgoing-14 << "            "administrador": "true",[\n]"
14:57:21.289 [main] DEBUG org.apache.http.wire -- http-outgoing-14 << "            "_id": "46iTCqD1WYP7xcXU"[\n]"
14:57:21.289 [main] DEBUG org.apache.http.wire -- http-outgoing-14 << "        },[\n]"
14:57:21.289 [main] DEBUG org.apache.http.wire -- http-outgoing-14 << "        {[\n]"
14:57:21.289 [main] DEBUG org.apache.http.wire -- http-outgoing-14 << "            "nome": "Fulano da Silva",[\n]"
14:57:21.289 [main] DEBUG org.apache.http.wire -- http-outgoing-14 << "            "email": "beltrano@qa.com.br",[\n]"
14:57:21.289 [main] DEBUG org.apache.http.wire -- http-outgoing-14 << "            "password": "teste",[\n]"
14:57:21.289 [main] DEBUG org.apache.http.wire -- http-outgoing-14 << "            "administrador": "true",[\n]"
14:57:21.289 [main] DEBUG org.apache.http.wire -- http-outgoing-14 << "            "_id": "4ObTsw1yTckhAt0B"[\n]"
14:57:21.289 [main] DEBUG org.apache.http.wire -- http-outgoing-14 << "        },[\n]"
14:57:21.289 [main] DEBUG org.apache.http.wire -- http-outgoing-14 << "        {[\n]"
14:57:21.289 [main] DEBUG org.apache.http.wire -- http-outgoing-14 << "            "nome": "felipe",[\n]"
14:57:21.289 [main] DEBUG org.apache.http.wire -- http-outgoing-14 << "            "email": "felipe.barreto@ab-inbev.co"
14:57:21.289 [main] DEBUG org.apache.http.wire -- http-outgoing-14 << "m",[\n]"
14:57:21.289 [main] DEBUG org.apache.http.wire -- http-outgoing-14 << "            "password": "Teste@123",[\n]"
14:57:21.289 [main] DEBUG org.apache.http.wire -- http-outgoing-14 << "            "administrador": "false",[\n]"
14:57:21.289 [main] DEBUG org.apache.http.wire -- http-outgoing-14 << "            "_id": "4P46X6bwagGyZT1z"[\n]"
14:57:21.289 [main] DEBUG org.apache.http.wire -- http-outgoing-14 << "        },[\n]"
14:57:21.289 [main] DEBUG org.apache.http.wire -- http-outgoing-14 << "        {[\n]"
14:57:21.289 [main] DEBUG org.apache.http.wire -- http-outgoing-14 << "            "nome": "RZ Teste - API",[\n]"
14:57:21.289 [main] DEBUG org.apache.http.wire -- http-outgoing-14 << "            "email": "katie82@example.org",[\n]"
14:57:21.289 [main] DEBUG org.apache.http.wire -- http-outgoing-14 << "            "password": "123456",[\n]"
14:57:21.289 [main] DEBUG org.apache.http.wire -- http-outgoing-14 << "            "administrador": "true",[\n]"
14:57:21.289 [main] DEBUG org.apache.http.wire -- http-outgoing-14 << "            "_id": "4cHQGRsDeEHyyPMR"[\n]"
14:57:21.289 [main] DEBUG org.apache.http.wire -- http-outgoing-14 << "        },[\n]"
14:57:21.289 [main] DEBUG org.apache.http.wire -- http-outgoing-14 << "        {[\n]"
14:57:21.289 [main] DEBUG org.apache.http.wire -- http-outgoing-14 << "            "nome": "Fulano 001",[\n]"
14:57:21.289 [main] DEBUG org.apache.http.wire -- http-outgoing-14 << "            "email": "teste1756649389457@qa.com.br",[\n]"
14:57:21.289 [main] DEBUG org.apache.http.wire -- http-outgoing-14 << "            "password": "pass001",[\n]"
14:57:21.289 [main] DEBUG org.apache.http.wire -- http-outgoing-14 << "            "administrador": "true",[\n]"
14:57:21.289 [main] DEBUG org.apache.http.wire -- http-outgoing-14 << "            "_id": "4ecjVRp8w95FmkLv"[\n]"
14:57:21.289 [main] DEBUG org.apache.http.wire -- http-outgoing-14 << "        },[\n]"
14:57:21.289 [main] DEBUG org.apache.http.wire -- http-outgoing-14 << "        {[\n]"
14:57:21.289 [main] DEBUG org.apache.http.wire -- http-outgoing-14 << "            "nome": "Ramon Runte",[\n]"
14:57:21.289 [main] DEBUG org.apache.http.wire -- http-outgoing-14 << "            "email": "Arielle97@gmail.com",[\n]"
14:57:21.289 [main] DEBUG org.apache.http.wire -- http-outgoing-14 << "            "password": "0vwZGVinBHnWMJi",[\n]"
14:57:21.289 [main] DEBUG org.apache.http.wire -- http-outgoing-14 << "            "administrador": "false",[\n]"
14:57:21.289 [main] DEBUG org.apache.http.wire -- http-outgoing-14 << "            "_id": "4mq7T9b9ApPtlQOn"[\n]"
14:57:21.289 [main] DEBUG org.apache.http.wire -- http-outgoing-14 << "        },[\n]"
14:57:21.289 [main] DEBUG org.apache.http.wire -- http-outgoing-14 << "        {[\n]"
14:57:21.289 [main] DEBUG org.apache.http.wire -- http-outgoing-14 << "            "nome": "Coverage User",[\n]"
14:57:21.289 [main] DEBUG org.apache.http.wire -- http-outgoing-14 << "            "email": "coverage_1756669040559@example.com",[\n]"
14:57:21.289 [main] DEBUG org.apache.http.wire -- http-outgoing-14 << "            "password": "CoveragePass123",[\n]"
14:57:21.289 [main] DEBUG org.apache.http.wire -- http-outgoing-14 << "            "administrador": "false",[\n]"
14:57:21.289 [main] DEBUG org.apache.http.wire -- http-outgoing-14 << "            "_id": "4vsJ0L1AKdd8WUrC"[\n]"
14:57:21.289 [main] DEBUG org.apache.http.wire -- http-outgoing-14 << "        },[\n]"
14:57:21.289 [main] DEBUG org.apache.http.wire -- http-outgoing-14 << "        {[\n]"
14:57:21.289 [main] DEBUG org.apache.http.wire -- http-outgoing-14 << "            "nome": "Usuario A",[\n]"
14:57:21.289 [main] DEBUG org.apache.http.wire -- http-outgoing-14 << "            "email": "qa.90af6a8f@example.com",[\n]"
14:57:21.289 [main] DEBUG org.apache.http.wire -- http-outgoing-14 << "            "password": "Pwd@123",[\n]"
14:57:21.289 [main] DEBUG org.apache.http.wire -- http-outgoing-14 << "            "administrador": "true",[\n]"
14:57:21.289 [main] DEBUG org.apache.http.wire -- http-outgoing-14 << "            "_id": "4xFO3GVFLq446zlk"[\n]"
14:57:21.289 [main] DEBUG org.apache.http.wire -- http-outgoing-14 << "        },[\n]"
14:57:21.290 [main] DEBUG org.apache.http.wire -- http-outgoing-14 << "        {[\n]"
14:57:21.290 [main] DEBUG org.apache.http.wire -- http-outgoing-14 << "            "nome": "Marco Antonio Gonz[0xc3][0xa1]lez",[\n]"
14:57:21.290 [main] DEBUG org.apache.http.wire -- http-outgoing-14 << "            "email": "qa.17566673165483882@example.com",[\n]"
14:57:21.290 [main] DEBUG org.apache.http.wire -- http-outgoing-14 << "            "password": "Pwd@0463e0",[\n]"
14:57:21.290 [main] DEBUG org.apache.http.wire -- http-outgoing-14 << "            "administrador": "t"
14:57:21.290 [main] DEBUG org.apache.http.wire -- http-outgoing-14 << "rue",[\n]"
14:57:21.290 [main] DEBUG org.apache.http.wire -- http-outgoing-14 << "            "_id": "4ysbr87EuaYxExzO"[\n]"
14:57:21.290 [main] DEBUG org.apache.http.wire -- http-outgoing-14 << "        },[\n]"
14:57:21.290 [main] DEBUG org.apache.http.wire -- http-outgoing-14 << "        {[\n]"
14:57:21.290 [main] DEBUG org.apache.http.wire -- http-outgoing-14 << "            "nome": "Usuario Crud",[\n]"
14:57:21.290 [main] DEBUG org.apache.http.wire -- http-outgoing-14 << "            "email": "usuario.crud4@exemplo.com",[\n]"
14:57:21.290 [main] DEBUG org.apache.http.wire -- http-outgoing-14 << "            "password": "123456",[\n]"
14:57:21.290 [main] DEBUG org.apache.http.wire -- http-outgoing-14 << "            "administrador": "true",[\n]"
14:57:21.290 [main] DEBUG org.apache.http.wire -- http-outgoing-14 << "            "_id": "4zL9gv4iAf5fXflK"[\n]"
14:57:21.290 [main] DEBUG org.apache.http.wire -- http-outgoing-14 << "        },[\n]"
14:57:21.290 [main] DEBUG org.apache.http.wire -- http-outgoing-14 << "        {[\n]"
14:57:21.290 [main] DEBUG org.apache.http.wire -- http-outgoing-14 << "            "nome": "#(nombre) Editado",[\n]"
14:57:21.290 [main] DEBUG org.apache.http.wire -- http-outgoing-14 << "            "email": "qa.17566673111141d9a@example.com",[\n]"
14:57:21.290 [main] DEBUG org.apache.http.wire -- http-outgoing-14 << "     "
14:57:21.291 [main] DEBUG org.apache.http.wire -- http-outgoing-14 << "       "password": "Pwd@6b7b47",[\n]"
14:57:21.291 [main] DEBUG org.apache.http.wire -- http-outgoing-14 << "            "administrador": "true",[\n]"
14:57:21.291 [main] DEBUG org.apache.http.wire -- http-outgoing-14 << "            "_id": "5GfWeRPJAUK1iBiU"[\n]"
14:57:21.291 [main] DEBUG org.apache.http.wire -- http-outgoing-14 << "        },[\n]"
14:57:21.291 [main] DEBUG org.apache.http.wire -- http-outgoing-14 << "        {[\n]"
14:57:21.291 [main] DEBUG org.apache.http.wire -- http-outgoing-14 << "            "nome": "Fulano da Silva",[\n]"
14:57:21.291 [main] DEBUG org.apache.http.wire -- http-outgoing-14 << "            "email": "bezo@emailteste.com",[\n]"
14:57:21.291 [main] DEBUG org.apache.http.wire -- http-outgoing-14 << "            "password": "1234",[\n]"
14:57:21.291 [main] DEBUG org.apache.http.wire -- http-outgoing-14 << "            "administrador": "true",[\n]"
14:57:21.291 [main] DEBUG org.apache.http.wire -- http-outgoing-14 << "            "_id": "5PyWZtyUKROHtE3h"[\n]"
14:57:21.291 [main] DEBUG org.apache.http.wire -- http-outgoing-14 << "        },[\n]"
14:57:21.291 [main] DEBUG org.apache.http.wire -- http-outgoing-14 << "        {[\n]"
14:57:21.291 [main] DEBUG org.apache.http.wire -- http-outgoing-14 << "            "nome": "Register Test",[\n]"
14:57:21.291 [main] DEBUG org.apache.http.wire -- http-outgoing-14 << "            "email": "register_1756645466375@example.com",[\n]"
14:57:21.291 [main] DEBUG org.apache.http.wire -- http-outgoing-14 << "            "password": "RegisterPass123",[\n]"
14:57:21.291 [main] DEBUG org.apache.http.wire -- http-outgoing-14 << "            "administrador": "false",[\n]"
14:57:21.291 [main] DEBUG org.apache.http.wire -- http-outgoing-14 << "            "_id": "5ZPCUHknwWBvSjdE"[\n]"
14:57:21.291 [main] DEBUG org.apache.http.wire -- http-outgoing-14 << "        },[\n]"
14:57:21.291 [main] DEBUG org.apache.http.wire -- http-outgoing-14 << "        {[\n]"
14:57:21.291 [main] DEBUG org.apache.http.wire -- http-outgoing-14 << "            "nome": "Blanche Bartoletti",[\n]"
14:57:21.291 [main] DEBUG org.apache.http.wire -- http-outgoing-14 << "            "email": "Daisy65@yahoo.com",[\n]"
14:57:21.291 [main] DEBUG org.apache.http.wire -- http-outgoing-14 << "            "password": "qClFnJMUc7eJsdt",[\n]"
14:57:21.291 [main] DEBUG org.apache.http.wire -- http-outgoing-14 << "            "administrador": "false",[\n]"
14:57:21.291 [main] DEBUG org.apache.http.wire -- http-outgoing-14 << "            "_id": "5kZ8XucfqVJvbYhd"[\n]"
14:57:21.291 [main] DEBUG org.apache.http.wire -- http-outgoing-14 << "        },[\n]"
14:57:21.291 [main] DEBUG org.apache.http.wire -- http-outgoing-14 << "        {[\n]"
14:57:21.291 [main] DEBUG org.apache.http.wire -- http-outgoing-14 << "            "nome": "Fulano SR 001",[\n]"
14:57:21.291 [main] DEBUG org.apache.http.wire -- http-outgoing-14 << "            "email": "teste1756648504789@qa.com.br",[\n]"
14:57:21.291 [main] DEBUG org.apache.http.wire -- http-outgoing-14 << "            "password": "pass001",[\n]"
14:57:21.291 [main] DEBUG org.apache.http.wire -- http-outgoing-14 << "            "administrador": "true",[\n]"
14:57:21.291 [main] DEBUG org.apache.http.wire -- http-outgoing-14 << "            "_id": "688Eu4xa8aLMsywJ"[\n]"
14:57:21.291 [main] DEBUG org.apache.http.wire -- http-outgoing-14 << "        },[\n]"
14:57:21.291 [main] DEBUG org.apache.http.wire -- http-outgoing-14 << "        {[\n]"
14:57:21.291 [main] DEBUG org.apache.http.wire -- http-outgoing-14 << "   "
14:57:21.291 [main] DEBUG org.apache.http.wire -- http-outgoing-14 << "         "nome": "Usuario B",[\n]"
14:57:21.291 [main] DEBUG org.apache.http.wire -- http-outgoing-14 << "            "email": "user_efd88bf4@mail.com",[\n]"
14:57:21.291 [main] DEBUG org.apache.http.wire -- http-outgoing-14 << "            "password": "Pwd@123",[\n]"
14:57:21.291 [main] DEBUG org.apache.http.wire -- http-outgoing-14 << "            "administrador": "true",[\n]"
14:57:21.291 [main] DEBUG org.apache.http.wire -- http-outgoing-14 << "            "_id": "6NXvOLG7lVrBToP5"[\n]"
14:57:21.291 [main] DEBUG org.apache.http.wire -- http-outgoing-14 << "        },[\n]"
14:57:21.291 [main] DEBUG org.apache.http.wire -- http-outgoing-14 << "        {[\n]"
14:57:21.291 [main] DEBUG org.apache.http.wire -- http-outgoing-14 << "            "nome": "User-2903c",[\n]"
14:57:21.291 [main] DEBUG org.apache.http.wire -- http-outgoing-14 << "            "e"
14:57:21.292 [main] DEBUG org.apache.http.wire -- http-outgoing-14 << "mail": "user_d4e15d3d@mail.com",[\n]"
14:57:21.292 [main] DEBUG org.apache.http.wire -- http-outgoing-14 << "            "password": "Pwd@99b2",[\n]"
14:57:21.292 [main] DEBUG org.apache.http.wire -- http-outgoing-14 << "            "administrador": "true",[\n]"
14:57:21.292 [main] DEBUG org.apache.http.wire -- http-outgoing-14 << "            "_id": "6ReNxpPHsrlwj3t7"[\n]"
14:57:21.292 [main] DEBUG org.apache.http.wire -- http-outgoing-14 << "        },[\n]"
14:57:21.292 [main] DEBUG org.apache.http.wire -- http-outgoing-14 << "        {[\n]"
14:57:21.292 [main] DEBUG org.apache.http.wire -- http-outgoing-14 << "            "nome": "Fulano da Silva",[\n]"
14:57:21.292 [main] DEBUG org.apache.http.wire -- http-outgoing-14 << "            "email": "beltrerano@qa.com.br",[\n]"
14:57:21.292 [main] DEBUG org.apache.http.wire -- http-outgoing-14 << "            "password": "teste",[\n]"
14:57:21.292 [main] DEBUG org.apache.http.wire -- http-outgoing-14 << "            "administrador": "true",[\n]"
14:57:21.292 [main] DEBUG org.apache.http.wire -- http-outgoing-14 << "            "_id": "7LWsDjP2majsK0kH"[\n]"
14:57:21.292 [main] DEBUG org.apache.http.wire -- http-outgoing-14 << "        },[\n]"
14:57:21.292 [main] DEBUG org.apache.http.wire -- http-outgoing-14 << "        {[\n]"
14:57:21.292 [main] DEBUG org.apache.http.wire -- http-outgoing-14 << "            "nome": "Admin User",[\n]"
14:57:21.292 [main] DEBUG org.apache.http.wire -- http-outgoing-14 << "            "email": "admin_1756669019120@example.com",[\n]"
14:57:21.292 [main] DEBUG org.apache.http.wire -- http-outgoing-14 << "            "password": "admin123",[\n]"
14:57:21.292 [main] DEBUG org.apache.http.wire -- http-outgoing-14 << "            "administrador": "true",[\n]"
14:57:21.292 [main] DEBUG org.apache.http.wire -- http-outgoing-14 << "            "_id": "7WG3tYQyp2xVo98c"[\n]"
14:57:21.292 [main] DEBUG org.apache.http.wire -- http-outgoing-14 << "        },[\n]"
14:57:21.292 [main] DEBUG org.apache.http.wire -- http-outgoing-14 << "        {[\n]"
14:57:21.292 [main] DEBUG org.apache.http.wire -- http-outgoing-14 << "            "nome": "Coverage User",[\n]"
14:57:21.292 [main] DEBUG org.apache.http.wire -- http-outgoing-14 << "            "email": "coverage_1756645471706@example.com",[\n]"
14:57:21.292 [main] DEBUG org.apache.http.wire -- http-outgoing-14 << "            "password": "CoveragePass123",[\n]"
14:57:21.292 [main] DEBUG org.apache.http.wire -- http-outgoing-14 << "            "administrador": "false",[\n]"
14:57:21.292 [main] DEBUG org.apache.http.wire -- http-outgoing-14 << "            "_id": "7Y6qpFkeOBgVEWwN"[\n]"
14:57:21.292 [main] DEBUG org.apache.http.wire -- http-outgoing-14 << "        },[\n]"
14:57:21.292 [main] DEBUG org.apache.http.wire -- http-outgoing-14 << "        {[\n]"
14:57:21.292 [main] DEBUG org.apache.http.wire -- http-outgoing-14 << "            "nome": "Fulano 001",[\n]"
14:57:21.292 [main] DEBUG org.apache.http.wire -- http-outgoing-14 << "            "email": "teste1756645584846@qa.com.br",[\n]"
14:57:21.292 [main] DEBUG org.apache.http.wire -- http-outgoing-14 << "            "password": "pass001",[\n]"
14:57:21.292 [main] DEBUG org.apache.http.wire -- http-outgoing-14 << "            "administrador": "true",[\n]"
14:57:21.292 [main] DEBUG org.apache.http.wire -- http-outgoing-14 << "            "_id": "8ga28yAle"
14:57:21.292 [main] DEBUG org.apache.http.wire -- http-outgoing-14 << "ImOiJB1"[\n]"
14:57:21.292 [main] DEBUG org.apache.http.wire -- http-outgoing-14 << "        },[\n]"
14:57:21.292 [main] DEBUG org.apache.http.wire -- http-outgoing-14 << "        {[\n]"
14:57:21.292 [main] DEBUG org.apache.http.wire -- http-outgoing-14 << "            "nome": "Register Test",[\n]"
14:57:21.292 [main] DEBUG org.apache.http.wire -- http-outgoing-14 << "            "email": "register_1756662903051@example.com",[\n]"
14:57:21.292 [main] DEBUG org.apache.http.wire -- http-outgoing-14 << "            "password": "RegisterPass123",[\n]"
14:57:21.292 [main] DEBUG org.apache.http.wire -- http-outgoing-14 << "            "administrador": "false",[\n]"
14:57:21.292 [main] DEBUG org.apache.http.wire -- http-outgoing-14 << "            "_id": "8r1Hc7zivP2G5Dyb"[\n]"
14:57:21.292 [main] DEBUG org.apache.http.wire -- http-outgoing-14 << "        },[\n]"
14:57:21.292 [main] DEBUG org.apache.http.wire -- http-outgoing-14 << "        {[\n]"
14:57:21.292 [main] DEBUG org.apache.http.wire -- http-outgoing-14 << "            "nome": "RZ Teste - API",[\n]"
14:57:21.292 [main] DEBUG org.apache.http.wire -- http-outgoing-14 << "            "email": "william60@example.com",[\n]"
14:57:21.292 [main] DEBUG org.apache.http.wire -- http-outgoing-14 << "            "password": "123456",[\n]"
14:57:21.293 [main] DEBUG org.apache.http.wire -- http-outgoing-14 << "            "administrador": "true",[\n]"
14:57:21.293 [main] DEBUG org.apache.http.wire -- http-outgoing-14 << "            "_id": "8tcEZq5tsyDRO7W6"[\n]"
14:57:21.293 [main] DEBUG org.apache.http.wire -- http-outgoing-14 << "        },[\n]"
14:57:21.293 [main] DEBUG org.apache.http.wire -- http-outgoing-14 << "        {[\n]"
14:57:21.293 [main] DEBUG org.apache.http.wire -- http-outgoing-14 << "            "nome": "#(nombre) Editado",[\n]"
14:57:21.293 [main] DEBUG org.apache.http.wire -- http-outgoing-14 << "            "email": "qa.17566673830353d9c@example.com",[\n]"
14:57:21.293 [main] DEBUG org.apache.http.wire -- http-outgoing-14 << "            "password": "Pwd@2ade68",[\n]"
14:57:21.293 [main] DEBUG org.apache.http.wire -- http-outgoing-14 << "            "administrador": "true",[\n]"
14:57:21.293 [main] DEBUG org.apache.http.wire -- http-outgoing-14 << "            "_id": "9UULRrUoibVPoQA9"[\n]"
14:57:21.293 [main] DEBUG org.apache.http.wire -- http-outgoing-14 << "        },[\n]"
14:57:21.293 [main] DEBUG org.apache.http.wire -- http-outgoing-14 << "        {[\n]"
14:57:21.293 [main] DEBUG org.apache.http.wire -- http-outgoing-14 << "            "nome": "User-d2132",[\n]"
14:57:21.293 [main] DEBUG org.apache.http.wire -- http-outgoing-14 << "            "email": "user_de996d00@mail.com",[\n]"
14:57:21.293 [main] DEBUG org.apache.http.wire -- http-outgoing-14 << "            "password": "Pwd@2c77",[\n]"
14:57:21.293 [main] DEBUG org.apache.http.wire -- http-outgoing-14 << "            "administrador": "true",[\n]"
14:57:21.293 [main] DEBUG org.apache.http.wire -- http-outgoing-14 << "            "_id": "9fSSXhc8Gbj74PQq"[\n]"
14:57:21.293 [main] DEBUG org.apache.http.wire -- http-outgoing-14 << "        },[\n]"
14:57:21.293 [main] DEBUG org.apache.http.wire -- http-outgoing-14 << "        {[\n]"
14:57:21.293 [main] DEBUG org.apache.http.wire -- http-outgoing-14 << "            "nome": "Test User",[\n]"
14:57:21.293 [main] DEBUG org.apache.http.wire -- http-outgoing-14 << "            "email": "testuser_1756645463394@example.com",[\n]"
14:57:21.293 [main] DEBUG org.apache.http.wire -- http-outgoing-14 << "            "password": "TestPassword123",[\n]"
14:57:21.293 [main] DEBUG org.apache.http.wire -- http-outgoing-14 << "            "administrador": "false",[\n]"
14:57:21.294 [main] DEBUG org.apache.http.wire -- http-outgoing-14 << "            "_id": "9savR9u7NnpggirX"[\n]"
14:57:21.294 [main] DEBUG org.apache.http.wire -- http-outgoing-14 << "        },[\n]"
14:57:21.294 [main] DEBUG org.apache.http.wire -- http-outgoing-14 << "        {[\n]"
14:57:21.294 [main] DEBUG org.apache.http.wire -- http-outgoing-14 << "            "nome": "Coverage User",[\n]"
14:57:21.294 [main] DEBUG org.apache.http.wire -- http-outgoing-14 << "            "email": "coverage_1756645509685@example.com",[\n]"
14:57:21.294 [main] DEBUG org.apache.http.wire -- http-outgoing-14 << "            "password": "CoveragePass123",[\n]"
14:57:21.294 [main] DEBUG org.apache.http.wire -- http-outgoing-14 << "            "administrador": "false",[\n]"
14:57:21.294 [main] DEBUG org.apache.http.wire -- http-outgoing-14 << "            "_id": "9tIokK88iTBBLxyQ"[\n]"
14:57:21.294 [main] DEBUG org.apache.http.wire -- http-outgoing-14 << "        },[\n]"
14:57:21.294 [main] DEBUG org.apache.http.wire -- http-outgoing-14 << "        {[\n]"
14:57:21.294 [main] DEBUG org.apache.http.wire -- http-outgoing-14 << "            "no"
14:57:21.294 [main] DEBUG org.apache.http.wire -- http-outgoing-14 << "me": "Cart User",[\n]"
14:57:21.294 [main] DEBUG org.apache.http.wire -- http-outgoing-14 << "            "email": "cartuser_1756650181582@example.com",[\n]"
14:57:21.294 [main] DEBUG org.apache.http.wire -- http-outgoing-14 << "            "password": "CartPass123",[\n]"
14:57:21.294 [main] DEBUG org.apache.http.wire -- http-outgoing-14 << "            "administrador": "false",[\n]"
14:57:21.294 [main] DEBUG org.apache.http.wire -- http-outgoing-14 << "            "_id": "AZViFJqzc2fNjfZZ"[\n]"
14:57:21.294 [main] DEBUG org.apache.http.wire -- http-outgoing-14 << "        },[\n]"
14:57:21.294 [main] DEBUG org.apache.http.wire -- http-outgoing-14 << "        {[\n]"
14:57:21.294 [main] DEBUG org.apache.http.wire -- http-outgoing-14 << "            "nome": "Cart User",[\n]"
14:57:21.294 [main] DEBUG org.apache.http.wire -- http-outgoing-14 << "            "email": "cartuser_1756649887973@example.com",[\n]"
14:57:21.294 [main] DEBUG org.apache.http.wire -- http-outgoing-14 << "            "password": "CartPass123",[\n]"
14:57:21.294 [main] DEBUG org.apache.http.wire -- http-outgoing-14 << "            "administrador": "false",[\n]"
14:57:21.294 [main] DEBUG org.apache.http.wire -- http-outgoing-14 << "  "
14:57:21.327 [main] DEBUG org.apache.http.wire -- http-outgoing-14 << "          "_id": "BEcQYCAJy0Nm2hDj"[\n]"
14:57:21.327 [main] DEBUG org.apache.http.wire -- http-outgoing-14 << "        },[\n]"
14:57:21.327 [main] DEBUG org.apache.http.wire -- http-outgoing-14 << "        {[\n]"
14:57:21.327 [main] DEBUG org.apache.http.wire -- http-outgoing-14 << "            "nome": "Automa[0xc3][0xa7][0xc3][0xa3]o Cypress Alterado",[\n]"
14:57:21.327 [main] DEBUG org.apache.http.wire -- http-outgoing-14 << "            "email": "testess1234alterado@qa.com",[\n]"
14:57:21.327 [main] DEBUG org.apache.http.wire -- http-outgoing-14 << "            "password": "teste123",[\n]"
14:57:21.327 [main] DEBUG org.apache.http.wire -- http-outgoing-14 << "            "administrador": "true",[\n]"
14:57:21.327 [main] DEBUG org.apache.http.wire -- http-outgoing-14 << "            "_id": "Bm7kg4pWG71bDCHd"[\n]"
14:57:21.327 [main] DEBUG org.apache.http.wire -- http-outgoing-14 << "        },[\n]"
14:57:21.327 [main] DEBUG org.apache.http.wire -- http-outgoing-14 << "        {[\n]"
14:57:21.327 [main] DEBUG org.apache.http.wire -- http-outgoing-14 << "            "nome": "CartUser",[\n]"
14:57:21.327 [main] DEBUG org.apache.http.wire -- http-outgoing-14 << "            "email": "newuser_3222@example.com",[\n]"
14:57:21.328 [main] DEBUG org.apache.http.wire -- http-outgoing-14 << "            "password": "pass123",[\n]"
14:57:21.328 [main] DEBUG org.apache.http.wire -- http-outgoing-14 << "            "administrador": "false",[\n]"
14:57:21.328 [main] DEBUG org.apache.http.wire -- http-outgoing-14 << "            "_id": "CIRiwrj0anwEkgn1"[\n]"
14:57:21.328 [main] DEBUG org.apache.http.wire -- http-outgoing-14 << "        },[\n]"
14:57:21.328 [main] DEBUG org.apache.http.wire -- http-outgoing-14 << "        {[\n]"
14:57:21.328 [main] DEBUG org.apache.http.wire -- http-outgoing-14 << "            "nome": "Test User",[\n]"
14:57:21.328 [main] DEBUG org.apache.http.wire -- http-outgoing-14 << "            "email": "testuser_1756662895953@example.com",[\n]"
14:57:21.328 [main] DEBUG org.apache.http.wire -- http-outgoing-14 << "            "password": "TestPassword123",[\n]"
14:57:21.328 [main] DEBUG org.apache.http.wire -- http-outgoing-14 << "            "administrador": "false",[\n]"
14:57:21.328 [main] DEBUG org.apache.http.wire -- http-outgoing-14 << "            "_id": "CKsL9v7g0ymueEQ7"[\n]"
14:57:21.328 [main] DEBUG org.apache.http.wire -- http-outgoing-14 << "        },[\n]"
14:57:21.328 [main] DEBUG org.apache.http.wire -- http-outgoing-14 << "        {[\n]"
14:57:21.328 [main] DEBUG org.apache.http.wire -- http-outgoing-14 << "            "nome": "Fulano da Silva",[\n]"
14:57:21.328 [main] DEBUG org.apache.http.wire -- http-outgoing-14 << "            "email": "oppw@emailteste.com",[\n]"
14:57:21.328 [main] DEBUG org.apache.http.wire -- http-outgoing-14 << "            "password": "1234",[\n]"
14:57:21.328 [main] DEBUG org.apache.http.wire -- http-outgoing-14 << "            "administrador": "true",[\n]"
14:57:21.328 [main] DEBUG org.apache.http.wire -- http-outgoing-14 << "            "_id": "COFqNLVhUFhB8oES"[\n]"
14:57:21.328 [main] DEBUG org.apache.http.wire -- http-outgoing-14 << "        },[\n]"
14:57:21.328 [main] DEBUG org.apache.http.wire -- http-outgoing-14 << "        {[\n]"
14:57:21.328 [main] DEBUG org.apache.http.wire -- http-outgoing-14 << "            "nome": "CartUser",[\n]"
14:57:21.328 [main] DEBUG org.apache.http.wire -- http-outgoing-14 << "            "email": "newuser_18171@example."
14:57:21.328 [main] DEBUG org.apache.http.wire -- http-outgoing-14 << "com",[\n]"
14:57:21.328 [main] DEBUG org.apache.http.wire -- http-outgoing-14 << "            "password": "pass123",[\n]"
14:57:21.328 [main] DEBUG org.apache.http.wire -- http-outgoing-14 << "            "administrador": "false",[\n]"
14:57:21.328 [main] DEBUG org.apache.http.wire -- http-outgoing-14 << "            "_id": "CntdxqlgNRGQYqqM"[\n]"
14:57:21.328 [main] DEBUG org.apache.http.wire -- http-outgoing-14 << "        },[\n]"
14:57:21.328 [main] DEBUG org.apache.http.wire -- http-outgoing-14 << "        {[\n]"
14:57:21.328 [main] DEBUG org.apache.http.wire -- http-outgoing-14 << "            "nome": "RZ Teste - API",[\n]"
14:57:21.328 [main] DEBUG org.apache.http.wire -- http-outgoing-14 << "            "email": "morgananderson@example.net",[\n]"
14:57:21.328 [main] DEBUG org.apache.http.wire -- http-outgoing-14 << "            "password": "1234"
14:57:21.328 [main] DEBUG org.apache.http.wire -- http-outgoing-14 << "56",[\n]"
14:57:21.328 [main] DEBUG org.apache.http.wire -- http-outgoing-14 << "            "administrador": "true",[\n]"
14:57:21.328 [main] DEBUG org.apache.http.wire -- http-outgoing-14 << "            "_id": "CswpmUz6C6nibY0l"[\n]"
14:57:21.328 [main] DEBUG org.apache.http.wire -- http-outgoing-14 << "        },[\n]"
14:57:21.328 [main] DEBUG org.apache.http.wire -- http-outgoing-14 << "        {[\n]"
14:57:21.328 [main] DEBUG org.apache.http.wire -- http-outgoing-14 << "            "nome": "Test User",[\n]"
14:57:21.328 [main] DEBUG org.apache.http.wire -- http-outgoing-14 << "            "email": "testuser_1756669092199@example.com",[\n]"
14:57:21.328 [main] DEBUG org.apache.http.wire -- http-outgoing-14 << "            "password": "TestPassword123",[\n]"
14:57:21.328 [main] DEBUG org.apache.http.wire -- http-outgoing-14 << "            "administrador": "false",[\n]"
14:57:21.328 [main] DEBUG org.apache.http.wire -- http-outgoing-14 << "            "_id": "DsPquCM8OBsxs6M3"[\n]"
14:57:21.328 [main] DEBUG org.apache.http.wire -- http-outgoing-14 << "        },[\n]"
14:57:21.328 [main] DEBUG org.apache.http.wire -- http-outgoing-14 << "        {[\n]"
14:57:21.328 [main] DEBUG org.apache.http.wire -- http-outgoing-14 << "            "nome": "Register Test",[\n]"
14:57:21.328 [main] DEBUG org.apache.http.wire -- http-outgoing-14 << "            "email": "register_1756662972719@example.com",[\n]"
14:57:21.328 [main] DEBUG org.apache.http.wire -- http-outgoing-14 << "            "password": "RegisterPass123",[\n]"
14:57:21.328 [main] DEBUG org.apache.http.wire -- http-outgoing-14 << "            "administrador": "false",[\n]"
14:57:21.329 [main] DEBUG org.apache.http.wire -- http-outgoing-14 << "            "_id": "EBEU79ExC1t8bkf6"[\n]"
14:57:21.329 [main] DEBUG org.apache.http.wire -- http-outgoing-14 << "        },[\n]"
14:57:21.329 [main] DEBUG org.apache.http.wire -- http-outgoing-14 << "        {[\n]"
14:57:21.329 [main] DEBUG org.apache.http.wire -- http-outgoing-14 << "            "nome": "#(nombre) Editado",[\n]"
14:57:21.329 [main] DEBUG org.apache.http.wire -- http-outgoing-14 << "            "email": "user_693a6ee9@mail.com",[\n]"
14:57:21.329 [main] DEBUG org.apache.http.wire -- http-outgoing-14 << "            "password": "Pwd@a2a0",[\n]"
14:57:21.329 [main] DEBUG org.apache.http.wire -- http-outgoing-14 << "            "administrador": "true",[\n]"
14:57:21.329 [main] DEBUG org.apache.http.wire -- http-outgoing-14 << "            "_id": "EQcNCTYAog2LwZem"[\n]"
14:57:21.329 [main] DEBUG org.apache.http.wire -- http-outgoing-14 << "        },[\n]"
14:57:21.329 [main] DEBUG org.apache.http.wire -- http-outgoing-14 << "        {[\n]"
14:57:21.329 [main] DEBUG org.apache.http.wire -- http-outgoing-14 << "            "nome": "User-22d11",[\n]"
14:57:21.329 [main] DEBUG org.apache.http.wire -- http-outgoing-14 << "            "email": "user_f6375958@mail.com",[\n]"
14:57:21.329 [main] DEBUG org.apache.http.wire -- http-outgoing-14 << "            "password": "Pwd@f34e",[\n]"
14:57:21.329 [main] DEBUG org.apache.http.wire -- http-outgoing-14 << "            "administrador": "true",[\n]"
14:57:21.329 [main] DEBUG org.apache.http.wire -- http-outgoing-14 << "            "_id": "EeQLXfeDiVFjGDdF"[\n]"
14:57:21.329 [main] DEBUG org.apache.http.wire -- http-outgoing-14 << "        },[\n]"
14:57:21.329 [main] DEBUG org.apache.http.wire -- http-outgoing-14 << "        {[\n]"
14:57:21.329 [main] DEBUG org.apache.http.wire -- http-outgoing-14 << "            "nome": "#"
14:57:21.329 [main] DEBUG org.apache.http.wire -- http-outgoing-14 << "(nombre) Editado",[\n]"
14:57:21.329 [main] DEBUG org.apache.http.wire -- http-outgoing-14 << "            "email": "qa.1756667518664dc33@example.com",[\n]"
14:57:21.329 [main] DEBUG org.apache.http.wire -- http-outgoing-14 << "            "password": "Pwd@dc57b4",[\n]"
14:57:21.329 [main] DEBUG org.apache.http.wire -- http-outgoing-14 << "            "administrador": "true",[\n]"
14:57:21.329 [main] DEBUG org.apache.http.wire -- http-outgoing-14 << "            "_id": "Elc7zmCPuVnRWbpS"[\n]"
14:57:21.329 [main] DEBUG org.apache.http.wire -- http-outgoing-14 << "        },[\n]"
14:57:21.329 [main] DEBUG org.apache.http.wire -- http-outgoing-14 << "        {[\n]"
14:57:21.329 [main] DEBUG org.apache.http.wire -- http-outgoing-14 << "            "nome": "Fulano 001 put",[\n]"
14:57:21.329 [main] DEBUG org.apache.http.wire -- http-outgoing-14 << "            "email": "fulano001@qa.com",[\n]"
14:57:21.329 [main] DEBUG org.apache.http.wire -- http-outgoing-14 << "            "password": "pass001",[\n]"
14:57:21.329 [main] DEBUG org.apache.http.wire -- http-outgoing-14 << "            "administrador": "true",[\n]"
14:57:21.329 [main] DEBUG org.apache.http.wire -- http-outgoing-14 << "            "_id": "Eov"
14:57:21.329 [main] DEBUG org.apache.http.wire -- http-outgoing-14 << "WIB9dvbKSvR0J"[\n]"
14:57:21.329 [main] DEBUG org.apache.http.wire -- http-outgoing-14 << "        },[\n]"
14:57:21.329 [main] DEBUG org.apache.http.wire -- http-outgoing-14 << "        {[\n]"
14:57:21.329 [main] DEBUG org.apache.http.wire -- http-outgoing-14 << "            "nome": "Usuario A",[\n]"
14:57:21.329 [main] DEBUG org.apache.http.wire -- http-outgoing-14 << "            "email": "user_c83c806e@mail.com",[\n]"
14:57:21.329 [main] DEBUG org.apache.http.wire -- http-outgoing-14 << "            "password": "Pwd@123",[\n]"
14:57:21.329 [main] DEBUG org.apache.http.wire -- http-outgoing-14 << "            "administrador": "true",[\n]"
14:57:21.329 [main] DEBUG org.apache.http.wire -- http-outgoing-14 << "            "_id": "FF4I1HPRWpA6GgRp"[\n]"
14:57:21.329 [main] DEBUG org.apache.http.wire -- http-outgoing-14 << "        },[\n]"
14:57:21.329 [main] DEBUG org.apache.http.wire -- http-outgoing-14 << "        {[\n]"
14:57:21.329 [main] DEBUG org.apache.http.wire -- http-outgoing-14 << "            "nome": "TestUser",[\n]"
14:57:21.329 [main] DEBUG org.apache.http.wire -- http-outgoing-14 << "            "email": "testuser_1756647309@example.com",[\n]"
14:57:21.329 [main] DEBUG org.apache.http.wire -- http-outgoing-14 << "            "password": "pass123",[\n]"
14:57:21.329 [main] DEBUG org.apache.http.wire -- http-outgoing-14 << "            "administrador": "false",[\n]"
14:57:21.329 [main] DEBUG org.apache.http.wire -- http-outgoing-14 << "            "_id": "G33UexHPJltRoNqe"[\n]"
14:57:21.329 [main] DEBUG org.apache.http.wire -- http-outgoing-14 << "        },[\n]"
14:57:21.329 [main] DEBUG org.apache.http.wire -- http-outgoing-14 << "        {[\n]"
14:57:21.329 [main] DEBUG org.apache.http.wire -- http-outgoing-14 << "            "nome": "Admin User",[\n]"
14:57:21.329 [main] DEBUG org.apache.http.wire -- http-outgoing-14 << "            "email": "admin_1756645421687@example.com",[\n]"
14:57:21.329 [main] DEBUG org.apache.http.wire -- http-outgoing-14 << "            "password": "admin123",[\n]"
14:57:21.329 [main] DEBUG org.apache.http.wire -- http-outgoing-14 << "            "administrador": "true",[\n]"
14:57:21.329 [main] DEBUG org.apache.http.wire -- http-outgoing-14 << "            "_id": "GRfHAqHYuTx3XyFC"[\n]"
14:57:21.329 [main] DEBUG org.apache.http.wire -- http-outgoing-14 << "        },[\n]"
14:57:21.329 [main] DEBUG org.apache.http.wire -- http-outgoing-14 << "        {[\n]"
14:57:21.329 [main] DEBUG org.apache.http.wire -- http-outgoing-14 << "            "nome": "Fulano da Silva",[\n]"
14:57:21.329 [main] DEBUG org.apache.http.wire -- http-outgoing-14 << "            "email": "puoz@emailteste.com",[\n]"
14:57:21.329 [main] DEBUG org.apache.http.wire -- http-outgoing-14 << "            "password": "1234",[\n]"
14:57:21.329 [main] DEBUG org.apache.http.wire -- http-outgoing-14 << "            "administrador": "true",[\n]"
14:57:21.329 [main] DEBUG org.apache.http.wire -- http-outgoing-14 << "            "_id": "GjR60OAvWUKT6pco"[\n]"
14:57:21.329 [main] DEBUG org.apache.http.wire -- http-outgoing-14 << "        },[\n]"
14:57:21.329 [main] DEBUG org.apache.http.wire -- http-outgoing-14 << "        {[\n]"
14:57:21.329 [main] DEBUG org.apache.http.wire -- http-outgoing-14 << "            "nome": "#(nombre) Editado",[\n]"
14:57:21.329 [main] DEBUG org.apache.http.wire -- http-outgoing-14 << "            "email": "user_ca2f95a8@mail.com",[\n]"
14:57:21.329 [main] DEBUG org.apache.http.wire -- http-outgoing-14 << "            "password": "Pwd@6a25",[\n]"
14:57:21.329 [main] DEBUG org.apache.http.wire -- http-outgoing-14 << "            "administrador": "true",[\n]"
14:57:21.329 [main] DEBUG org.apache.http.wire -- http-outgoing-14 << "            "_id": "H9B1qxaXmaWxamR3"[\n]"
14:57:21.329 [main] DEBUG org.apache.http.wire -- http-outgoing-14 << "        },[\n]"
14:57:21.329 [main] DEBUG org.apache.http.wire -- http-outgoing-14 << "        {[\n]"
14:57:21.329 [main] DEBUG org.apache.http.wire -- http-outgoing-14 << "            "nome": "Register Test",[\n]"
14:57:21.329 [main] DEBUG org.apache.http.wire -- http-outgoing-14 << "            "email": "register_1756669040032@example.com",[\n]"
14:57:21.329 [main] DEBUG org.apache.http.wire -- http-outgoing-14 << "            "password": "RegisterPass123",[\n]"
14:57:21.329 [main] DEBUG org.apache.http.wire -- http-outgoing-14 << "            "administrador": "false",[\n]"
14:57:21.329 [main] DEBUG org.apache.http.wire -- http-outgoing-14 << "            "_id": "HOyxThclEB1aXtDB"[\n]"
14:57:21.329 [main] DEBUG org.apache.http.wire -- http-outgoing-14 << "        },[\n]"
14:57:21.329 [main] DEBUG org.apache.http.wire -- http-outgoing-14 << "        {[\n]"
14:57:21.329 [main] DEBUG org.apache.http.wire -- http-outgoing-14 << "            "nome": "RZ Teste - API",[\n]"
14:57:21.329 [main] DEBUG org.apache.http.wire -- http-outgoing-14 << "            "e"
14:57:21.329 [main] DEBUG org.apache.http.wire -- http-outgoing-14 << "mail": "scottstanley@example.org",[\n]"
14:57:21.329 [main] DEBUG org.apache.http.wire -- http-outgoing-14 << "            "password": "123456",[\n]"
14:57:21.329 [main] DEBUG org.apache.http.wire -- http-outgoing-14 << "            "administrador": "true",[\n]"
14:57:21.329 [main] DEBUG org.apache.http.wire -- http-outgoing-14 << "            "_id": "HidSY1QT0srIz94q"[\n]"
14:57:21.329 [main] DEBUG org.apache.http.wire -- http-outgoing-14 << "        },[\n]"
14:57:21.329 [main] DEBUG org.apache.http.wire -- http-outgoing-14 << "        {[\n]"
14:57:21.329 [main] DEBUG org.apache.http.wire -- http-outgoing-14 << "            "nome": "Cart User",[\n]"
14:57:21.329 [main] DEBUG org.apache.http.wire -- http-outgoing-14 << "            "email": "cartuser_1756650101182@example.com",[\n]"
14:57:21.329 [main] DEBUG org.apache.http.wire -- http-outgoing-14 << "            "password": "CartPass123",[\n]"
14:57:21.329 [main] DEBUG org.apache.http.wire -- http-outgoing-14 << "            "administrador": "false",[\n]"
14:57:21.329 [main] DEBUG org.apache.http.wire -- http-outgoing-14 << "            "_id": "HtZJsHcvfX0NeCUT"[\n]"
14:57:21.329 [main] DEBUG org.apache.http.wire -- http-outgoing-14 << "        },[\n]"
14:57:21.329 [main] DEBUG org.apache.http.wire -- http-outgoing-14 << "        {[\n]"
14:57:21.329 [main] DEBUG org.apache.http.wire -- http-outgoing-14 << "            "nome": "User-3e8f3",[\n]"
14:57:21.329 [main] DEBUG org.apache.http.wire -- http-outgoing-14 << "            "email": "user_9c389234@mail.com",[\n]"
14:57:21.329 [main] DEBUG org.apache.http.wire -- http-outgoing-14 << "            "password": "Pwd@ff90",[\n]"
14:57:21.329 [main] DEBUG org.apache.http.wire -- http-outgoing-14 << "            "administrador": "true",[\n]"
14:57:21.329 [main] DEBUG org.apache.http.wire -- http-outgoing-14 << "            "_id": "I0WMi05iVOckGTkn"[\n]"
14:57:21.329 [main] DEBUG org.apache.http.wire -- http-outgoing-14 << "        },[\n]"
14:57:21.329 [main] DEBUG org.apache.http.wire -- http-outgoing-14 << "        {[\n]"
14:57:21.329 [main] DEBUG org.apache.http.wire -- http-outgoing-14 << "            "nome": "CartUser",[\n]"
14:57:21.329 [main] DEBUG org.apache.http.wire -- http-outgoing-14 << "            "email": "newuser_12276@example.com",[\n]"
14:57:21.329 [main] DEBUG org.apache.http.wire -- http-outgoing-14 << "            "password": "pass123",[\n]"
14:57:21.329 [main] DEBUG org.apache.http.wire -- http-outgoing-14 << "            "administrador": "false",[\n]"
14:57:21.329 [main] DEBUG org.apache.http.wire -- http-outgoing-14 << "            "_id": "I5WcKrqR120aEZC8"[\n]"
14:57:21.329 [main] DEBUG org.apache.http.wire -- http-outgoing-14 << "        },[\n]"
14:57:21.331 [main] DEBUG org.apache.http.wire -- http-outgoing-14 << "        {[\n]"
14:57:21.331 [main] DEBUG org.apache.http.wire -- http-outgoing-14 << "            "nome": "RZ Teste - API",[\n]"
14:57:21.331 [main] DEBUG org.apache.http.wire -- http-outgoing-14 << "            "email": "johnwilliams@example.com",[\n]"
14:57:21.331 [main] DEBUG org.apache.http.wire -- http-outgoing-14 << "            "password": "123456",[\n]"
14:57:21.331 [main] DEBUG org.apache.http.wire -- http-outgoing-14 << "            "administrador": "true",[\n]"
14:57:21.331 [main] DEBUG org.apache.http.wire -- http-outgoing-14 << "            "_id": "I7g6BLgDv0IDQjo7"[\n]"
14:57:21.331 [main] DEBUG org.apache.http.wire -- http-outgoing-14 << "        "
14:57:21.331 [main] DEBUG org.apache.http.wire -- http-outgoing-14 << "},[\n]"
14:57:21.331 [main] DEBUG org.apache.http.wire -- http-outgoing-14 << "        {[\n]"
14:57:21.331 [main] DEBUG org.apache.http.wire -- http-outgoing-14 << "            "nome": "Register Test",[\n]"
14:57:21.331 [main] DEBUG org.apache.http.wire -- http-outgoing-14 << "            "email": "register_1756645438991@example.com",[\n]"
14:57:21.331 [main] DEBUG org.apache.http.wire -- http-outgoing-14 << "            "password": "RegisterPass123",[\n]"
14:57:21.331 [main] DEBUG org.apache.http.wire -- http-outgoing-14 << "            "administrador": "false",[\n]"
14:57:21.331 [main] DEBUG org.apache.http.wire -- http-outgoing-14 << "            "_id": "IlPMCw709xqJxkDR"[\n]"
14:57:21.331 [main] DEBUG org.apache.http.wire -- http-outgoing-14 << "        },[\n]"
14:57:21.331 [main] DEBUG org.apache.http.wire -- http-outgoing-14 << "        {[\n]"
14:57:21.331 [main] DEBUG org.apache.http.wire -- http-outgoing-14 << "       "
14:57:21.331 [main] DEBUG org.apache.http.wire -- http-outgoing-14 << "     "nome": "Wilfred Lang",[\n]"
14:57:21.331 [main] DEBUG org.apache.http.wire -- http-outgoing-14 << "            "email": "Maddison47@gmail.com",[\n]"
14:57:21.331 [main] DEBUG org.apache.http.wire -- http-outgoing-14 << "            "password": "wt6gPE3dMnCUc62",[\n]"
14:57:21.331 [main] DEBUG org.apache.http.wire -- http-outgoing-14 << "            "administrador": "false",[\n]"
14:57:21.332 [main] DEBUG org.apache.http.wire -- http-outgoing-14 << "            "_id": "IxDv5jklApHDz2AK"[\n]"
14:57:21.332 [main] DEBUG org.apache.http.wire -- http-outgoing-14 << "        },[\n]"
14:57:21.332 [main] DEBUG org.apache.http.wire -- http-outgoing-14 << "        {[\n]"
14:57:21.332 [main] DEBUG org.apache.http.wire -- http-outgoing-14 << "            "nome": "User-f4e9a",[\n]"
14:57:21.332 [main] DEBUG org.apache.http.wire -- http-outgoing-14 << "            "email": "user_e4992366@mail.com",[\n]"
14:57:21.332 [main] DEBUG org.apache.http.wire -- http-outgoing-14 << "            "password": "Pwd@ef60",[\n]"
14:57:21.332 [main] DEBUG org.apache.http.wire -- http-outgoing-14 << "            "administrador": "true",[\n]"
14:57:21.332 [main] DEBUG org.apache.http.wire -- http-outgoing-14 << "            "_id": "JIsu7PfZTXCAtW29"[\n]"
14:57:21.332 [main] DEBUG org.apache.http.wire -- http-outgoing-14 << "        },[\n]"
14:57:21.332 [main] DEBUG org.apache.http.wire -- http-outgoing-14 << "        {[\n]"
14:57:21.332 [main] DEBUG org.apache.http.wire -- http-outgoing-14 << "            "nome": "Test User",[\n]"
14:57:21.332 [main] DEBUG org.apache.http.wire -- http-outgoing-14 << "            "email": "testuser_1756662956949@example.com",[\n]"
14:57:21.332 [main] DEBUG org.apache.http.wire -- http-outgoing-14 << "            "password": "TestPassword123",[\n]"
14:57:21.332 [main] DEBUG org.apache.http.wire -- http-outgoing-14 << "            "administrador": "false",[\n]"
14:57:21.332 [main] DEBUG org.apache.http.wire -- http-outgoing-14 << "            "_id": "JT5DBT4FTUnIKFFC"[\n]"
14:57:21.332 [main] DEBUG org.apache.http.wire -- http-outgoing-14 << "        },[\n]"
14:57:21.332 [main] DEBUG org.apache.http.wire -- http-outgoing-14 << "        {[\n]"
14:57:21.332 [main] DEBUG org.apache.http.wire -- http-outgoing-14 << "            "nome": "Automa[0xc3][0xa7][0xc3][0xa3]o Cypress",[\n]"
14:57:21.332 [main] DEBUG org.apache.http.wire -- http-outgoing-14 << "            "email": "testes1@qa.com",[\n]"
14:57:21.332 [main] DEBUG org.apache.http.wire -- http-outgoing-14 << "            "password": "teste",[\n]"
14:57:21.332 [main] DEBUG org.apache.http.wire -- http-outgoing-14 << "            "administrador": "true",[\n]"
14:57:21.332 [main] DEBUG org.apache.http.wire -- http-outgoing-14 << "            "_id": "Jl9R98SyfoUCFDIF"[\n]"
14:57:21.332 [main] DEBUG org.apache.http.wire -- http-outgoing-14 << "        },[\n]"
14:57:21.332 [main] DEBUG org.apache.http.wire -- http-outgoing-14 << "        {[\n]"
14:57:21.332 [main] DEBUG org.apache.http.wire -- http-outgoing-14 << "            "nome": "Usuario A",[\n]"
14:57:21.332 [main] DEBUG org.apache.http.wire -- http-outgoing-14 << "            "email": "qa.f36c8676@example.com",[\n]"
14:57:21.332 [main] DEBUG org.apache.http.wire -- http-outgoing-14 << "            "password": "Pwd@123",[\n]"
14:57:21.332 [main] DEBUG org.apache.http.wire -- http-outgoing-14 << "            "administrador": "true",[\n]"
14:57:21.332 [main] DEBUG org.apache.http.wire -- http-outgoing-14 << " "
14:57:21.332 [main] DEBUG org.apache.http.wire -- http-outgoing-14 << "           "_id": "JvPXb7GSkx9QVr0J"[\n]"
14:57:21.332 [main] DEBUG org.apache.http.wire -- http-outgoing-14 << "        },[\n]"
14:57:21.332 [main] DEBUG org.apache.http.wire -- http-outgoing-14 << "        {[\n]"
14:57:21.332 [main] DEBUG org.apache.http.wire -- http-outgoing-14 << "            "nome": "Usuario A",[\n]"
14:57:21.332 [main] DEBUG org.apache.http.wire -- http-outgoing-14 << "            "email": "qa.c5ee0b8e@example.com",[\n]"
14:57:21.332 [main] DEBUG org.apache.http.wire -- http-outgoing-14 << "            "password": "Pwd@123",[\n]"
14:57:21.332 [main] DEBUG org.apache.http.wire -- http-outgoing-14 << "            "administrador": "true",[\n]"
14:57:21.332 [main] DEBUG org.apache.http.wire -- http-outgoing-14 << "            "_id": "JzHUtd2swUYy6jvD"[\n]"
14:57:21.332 [main] DEBUG org.apache.http.wire -- http-outgoing-14 << "        },[\n]"
14:57:21.332 [main] DEBUG org.apache.http.wire -- http-outgoing-14 << "        {[\n]"
14:57:21.332 [main] DEBUG org.apache.http.wire -- http-outgoing-14 << "            "nome": "User-7155c",[\n]"
14:57:21.332 [main] DEBUG org.apache.http.wire -- http-outgoing-14 << "            "email": "user_b9d3651e@mail.com",[\n]"
14:57:21.332 [main] DEBUG org.apache.http.wire -- http-outgoing-14 << "            "password": "Pwd@8332"
14:57:21.332 [main] DEBUG org.apache.http.wire -- http-outgoing-14 << "",[\n]"
14:57:21.332 [main] DEBUG org.apache.http.wire -- http-outgoing-14 << "            "administrador": "true",[\n]"
14:57:21.332 [main] DEBUG org.apache.http.wire -- http-outgoing-14 << "            "_id": "K49gKPKS1qy1Eu7z"[\n]"
14:57:21.332 [main] DEBUG org.apache.http.wire -- http-outgoing-14 << "        },[\n]"
14:57:21.332 [main] DEBUG org.apache.http.wire -- http-outgoing-14 << "        {[\n]"
14:57:21.332 [main] DEBUG org.apache.http.wire -- http-outgoing-14 << "            "nome": "#(nombre) Editado",[\n]"
14:57:21.332 [main] DEBUG org.apache.http.wire -- http-outgoing-14 << "            "email": "qa.023e5961@example.com",[\n]"
14:57:21.332 [main] DEBUG org.apache.http.wire -- http-outgoing-14 << "            "password": "Pwd@a717b3",[\n]"
14:57:21.332 [main] DEBUG org.apache.http.wire -- http-outgoing-14 << "            "administrador": "true",[\n]"
14:57:21.332 [main] DEBUG org.apache.http.wire -- http-outgoing-14 << "            "_id": "K50tgsux5sGsjWwM"[\n]"
14:57:21.332 [main] DEBUG org.apache.http.wire -- http-outgoing-14 << "        },[\n]"
14:57:21.332 [main] DEBUG org.apache.http.wire -- http-outgoing-14 << "        {[\n]"
14:57:21.332 [main] DEBUG org.apache.http.wire -- http-outgoing-14 << "            "nome": "User-682a6",[\n]"
14:57:21.332 [main] DEBUG org.apache.http.wire -- http-outgoing-14 << "            "email": "user_4b5c48b1@mail.com",[\n]"
14:57:21.332 [main] DEBUG org.apache.http.wire -- http-outgoing-14 << "            "password": "Pwd@9cef",[\n]"
14:57:21.332 [main] DEBUG org.apache.http.wire -- http-outgoing-14 << "            "administrador": "true",[\n]"
14:57:21.332 [main] DEBUG org.apache.http.wire -- http-outgoing-14 << "            "_id": "KiXtYF1F8I2Hepm6"[\n]"
14:57:21.332 [main] DEBUG org.apache.http.wire -- http-outgoing-14 << "        },[\n]"
14:57:21.332 [main] DEBUG org.apache.http.wire -- http-outgoing-14 << "        {[\n]"
14:57:21.332 [main] DEBUG org.apache.http.wire -- http-outgoing-14 << "            "nome": "Lume",[\n]"
14:57:21.332 [main] DEBUG org.apache.http.wire -- http-outgoing-14 << "            "email": "many@lume.com",[\n]"
14:57:21.332 [main] DEBUG org.apache.http.wire -- http-outgoing-14 << "            "password": "12345",[\n]"
14:57:21.332 [main] DEBUG org.apache.http.wire -- http-outgoing-14 << "            "administrador": "false",[\n]"
14:57:21.332 [main] DEBUG org.apache.http.wire -- http-outgoing-14 << "            "_id": "KlcuiCyaGNRASXHk"[\n]"
14:57:21.332 [main] DEBUG org.apache.http.wire -- http-outgoing-14 << "        },[\n]"
14:57:21.332 [main] DEBUG org.apache.http.wire -- http-outgoing-14 << "        {[\n]"
14:57:21.332 [main] DEBUG org.apache.http.wire -- http-outgoing-14 << "            "nome": "Fulano SR 001",[\n]"
14:57:21.332 [main] DEBUG org.apache.http.wire -- http-outgoing-14 << "            "email": "teste1756648398578@qa.com.br",[\n]"
14:57:21.332 [main] DEBUG org.apache.http.wire -- http-outgoing-14 << "            "password": "pass001",[\n]"
14:57:21.332 [main] DEBUG org.apache.http.wire -- http-outgoing-14 << "            "administrador": "true",[\n]"
14:57:21.332 [main] DEBUG org.apache.http.wire -- http-outgoing-14 << "            "_id": "KqwG3fL1bYL3kf1W"[\n]"
14:57:21.332 [main] DEBUG org.apache.http.wire -- http-outgoing-14 << "        },[\n]"
14:57:21.332 [main] DEBUG org.apache.http.wire -- http-outgoing-14 << "        {[\n]"
14:57:21.332 [main] DEBUG org.apache.http.wire -- http-outgoing-14 << "            "nome": "Automa[0xc3][0xa7][0xc3][0xa3]o Cypress",[\n]"
14:57:21.332 [main] DEBUG org.apache.http.wire -- http-outgoing-14 << "            "email": "testess"
14:57:21.332 [main] DEBUG org.apache.http.wire -- http-outgoing-14 << "1234@qa.com",[\n]"
14:57:21.332 [main] DEBUG org.apache.http.wire -- http-outgoing-14 << "            "password": "teste",[\n]"
14:57:21.332 [main] DEBUG org.apache.http.wire -- http-outgoing-14 << "            "administrador": "true",[\n]"
14:57:21.332 [main] DEBUG org.apache.http.wire -- http-outgoing-14 << "            "_id": "KzqZ13RJcgHQbCJ0"[\n]"
14:57:21.332 [main] DEBUG org.apache.http.wire -- http-outgoing-14 << "        },[\n]"
14:57:21.332 [main] DEBUG org.apache.http.wire -- http-outgoing-14 << "        {[\n]"
14:57:21.332 [main] DEBUG org.apache.http.wire -- http-outgoing-14 << "            "nome": "Cart User",[\n]"
14:57:21.332 [main] DEBUG org.apache.http.wire -- http-outgoing-14 << "            "email": "cartuser_1756649861962@example.com",[\n]"
14:57:21.332 [main] DEBUG org.apache.http.wire -- http-outgoing-14 << "            "password": "CartPass123",[\n]"
14:57:21.332 [main] DEBUG org.apache.http.wire -- http-outgoing-14 << "            "administrador": "false",[\n]"
14:57:21.332 [main] DEBUG org.apache.http.wire -- http-outgoing-14 << "            "_id": "LbhHEen011g4MOw6"[\n]"
14:57:21.332 [main] DEBUG org.apache.http.wire -- http-outgoing-14 << "        },[\n]"
14:57:21.332 [main] DEBUG org.apache.http.wire -- http-outgoing-14 << "        {[\n]"
14:57:21.332 [main] DEBUG org.apache.http.wire -- http-outgoing-14 << "            ""
14:57:21.335 [main] DEBUG org.apache.http.wire -- http-outgoing-14 << "nome": "Gabriela Mesa",[\n]"
14:57:21.335 [main] DEBUG org.apache.http.wire -- http-outgoing-14 << "            "email": "qa.176883db@example.com",[\n]"
14:57:21.335 [main] DEBUG org.apache.http.wire -- http-outgoing-14 << "            "password": "Pwd@991162",[\n]"
14:57:21.335 [main] DEBUG org.apache.http.wire -- http-outgoing-14 << "            "administrador": "true",[\n]"
14:57:21.335 [main] DEBUG org.apache.http.wire -- http-outgoing-14 << "            "_id": "LfRnVnxXzf1LcZIV"[\n]"
14:57:21.335 [main] DEBUG org.apache.http.wire -- http-outgoing-14 << "        },[\n]"
14:57:21.335 [main] DEBUG org.apache.http.wire -- http-outgoing-14 << "        {[\n]"
14:57:21.335 [main] DEBUG org.apache.http.wire -- http-outgoing-14 << "            "nome": "Maria",[\n]"
14:57:21.335 [main] DEBUG org.apache.http.wire -- http-outgoing-14 << "            "email": "maria1756649045580@qa.com",[\n]"
14:57:21.335 [main] DEBUG org.apache.http.wire -- http-outgoing-14 << "            "password": "pass123",[\n]"
14:57:21.335 [main] DEBUG org.apache.http.wire -- http-outgoing-14 << "            "administrador": "false",[\n]"
14:57:21.335 [main] DEBUG org.apache.http.wire -- http-outgoing-14 << "            "_id": "Lmxxprh46MUzSPwZ"[\n]"
14:57:21.335 [main] DEBUG org.apache.http.wire -- http-outgoing-14 << "        },[\n]"
14:57:21.335 [main] DEBUG org.apache.http.wire -- http-outgoing-14 << "        {[\n]"
14:57:21.335 [main] DEBUG org.apache.http.wire -- http-outgoing-14 << "            "nome": "User-67ab7",[\n]"
14:57:21.335 [main] DEBUG org.apache.http.wire -- http-outgoing-14 << "            "email": "user_73d59c9d@mail.com",[\n]"
14:57:21.335 [main] DEBUG org.apache.http.wire -- http-outgoing-14 << "            "password": "Pwd@e201",[\n]"
14:57:21.335 [main] DEBUG org.apache.http.wire -- http-outgoing-14 << "            "administrador": "true",[\n]"
14:57:21.335 [main] DEBUG org.apache.http.wire -- http-outgoing-14 << "            "_id": "LzcIZnGzUIZjJOvA"[\n]"
14:57:21.335 [main] DEBUG org.apache.http.wire -- http-outgoing-14 << "        },[\n]"
14:57:21.335 [main] DEBUG org.apache.http.wire -- http-outgoing-14 << "        {[\n]"
14:57:21.335 [main] DEBUG org.apache.http.wire -- http-outgoing-14 << "            "nome": "Usuario A",[\n]"
14:57:21.335 [main] DEBUG org.apache.http.wire -- http-outgoing-14 << "            "email": "user_2563be32@mail.com",[\n]"
14:57:21.335 [main] DEBUG org.apache.http.wire -- http-outgoing-14 << "            "password": "Pwd@123",[\n]"
14:57:21.335 [main] DEBUG org.apache.http.wire -- http-outgoing-14 << "            "administrador": "true",[\n]"
14:57:21.335 [main] DEBUG org.apache.http.wire -- http-outgoing-14 << "            "_id": "MN1sEVDRfcvOHk8j"[\n]"
14:57:21.335 [main] DEBUG org.apache.http.wire -- http-outgoing-14 << "        },[\n]"
14:57:21.335 [main] DEBUG org.apache.http.wire -- http-outgoing-14 << "        {[\n]"
14:57:21.335 [main] DEBUG org.apache.http.wire -- http-outgoing-14 << "            "nome": "Usuario A",[\n]"
14:57:21.335 [main] DEBUG org.apache.http.wire -- http-outgoing-14 << "            "email": "qa.d64812ea@example.com",[\n]"
14:57:21.335 [main] DEBUG org.apache.http.wire -- http-outgoing-14 << "            "password": "Pwd@123",[\n]"
14:57:21.335 [main] DEBUG org.apache.http.wire -- http-outgoing-14 << "            "administrador": "true",[\n]"
14:57:21.335 [main] DEBUG org.apache.http.wire -- http-outgoing-14 << "            "_id": "MVrlYfsk9w"
14:57:21.335 [main] DEBUG org.apache.http.wire -- http-outgoing-14 << "mkc9ee"[\n]"
14:57:21.335 [main] DEBUG org.apache.http.wire -- http-outgoing-14 << "        },[\n]"
14:57:21.335 [main] DEBUG org.apache.http.wire -- http-outgoing-14 << "        {[\n]"
14:57:21.335 [main] DEBUG org.apache.http.wire -- http-outgoing-14 << "            "nome": "Francisca Ure[0xc3][0xb1]a",[\n]"
14:57:21.335 [main] DEBUG org.apache.http.wire -- http-outgoing-14 << "            "email": "qa.79cda8c7@example.com",[\n]"
14:57:21.335 [main] DEBUG org.apache.http.wire -- http-outgoing-14 << "            "password": "Pwd@f6dedd",[\n]"
14:57:21.335 [main] DEBUG org.apache.http.wire -- http-outgoing-14 << "            "administrador": "true",[\n]"
14:57:21.335 [main] DEBUG org.apache.http.wire -- http-outgoing-14 << "            "_id": "NLwXxuL604ib4tY0"[\n]"
14:57:21.335 [main] DEBUG org.apache.http.wire -- http-outgoing-14 << "        },[\n]"
14:57:21.335 [main] DEBUG org.apache.http.wire -- http-outgoing-14 << "        {[\n]"
14:57:21.335 [main] DEBUG org.apache.http.wire -- http-outgoing-14 << "     "
14:57:21.335 [main] DEBUG org.apache.http.wire -- http-outgoing-14 << "       "nome": "Usuario B",[\n]"
14:57:21.335 [main] DEBUG org.apache.http.wire -- http-outgoing-14 << "            "email": "user_57ff6dc1@mail.com",[\n]"
14:57:21.335 [main] DEBUG org.apache.http.wire -- http-outgoing-14 << "            "password": "Pwd@123",[\n]"
14:57:21.335 [main] DEBUG org.apache.http.wire -- http-outgoing-14 << "            "administrador": "true",[\n]"
14:57:21.335 [main] DEBUG org.apache.http.wire -- http-outgoing-14 << "            "_id": "Nva8Nnwo2e5jCOZR"[\n]"
14:57:21.335 [main] DEBUG org.apache.http.wire -- http-outgoing-14 << "        },[\n]"
14:57:21.335 [main] DEBUG org.apache.http.wire -- http-outgoing-14 << "        {[\n]"
14:57:21.335 [main] DEBUG org.apache.http.wire -- http-outgoing-14 << "            "nome": "Usuario B",[\n]"
14:57:21.335 [main] DEBUG org.apache.http.wire -- http-outgoing-14 << "            "email": "qa.e13f3738@example.com",[\n]"
14:57:21.335 [main] DEBUG org.apache.http.wire -- http-outgoing-14 << "            "password": "Pwd@123",[\n]"
14:57:21.335 [main] DEBUG org.apache.http.wire -- http-outgoing-14 << "            "administrador": "true",[\n]"
14:57:21.335 [main] DEBUG org.apache.http.wire -- http-outgoing-14 << "            "_id": "O9glQCJs7heqo7hc"[\n]"
14:57:21.335 [main] DEBUG org.apache.http.wire -- http-outgoing-14 << "        },[\n]"
14:57:21.335 [main] DEBUG org.apache.http.wire -- http-outgoing-14 << "        {[\n]"
14:57:21.335 [main] DEBUG org.apache.http.wire -- http-outgoing-14 << "            "nome": "Laura Tirado",[\n]"
14:57:21.335 [main] DEBUG org.apache.http.wire -- http-outgoing-14 << "            "email": "qa.d041c41f@example.com",[\n]"
14:57:21.335 [main] DEBUG org.apache.http.wire -- http-outgoing-14 << "            "password": "Pwd@c944dd",[\n]"
14:57:21.335 [main] DEBUG org.apache.http.wire -- http-outgoing-14 << "            "administrador": "true",[\n]"
14:57:21.335 [main] DEBUG org.apache.http.wire -- http-outgoing-14 << "            "_id": "OKS3R3OQspEbW7KQ"[\n]"
14:57:21.336 [main] DEBUG org.apache.http.wire -- http-outgoing-14 << "        },[\n]"
14:57:21.336 [main] DEBUG org.apache.http.wire -- http-outgoing-14 << "        {[\n]"
14:57:21.336 [main] DEBUG org.apache.http.wire -- http-outgoing-14 << "            "nome": "Eunice Toy-Cronin",[\n]"
14:57:21.336 [main] DEBUG org.apache.http.wire -- http-outgoing-14 << "            "email": "Keanu24@gmail.com",[\n]"
14:57:21.336 [main] DEBUG org.apache.http.wire -- http-outgoing-14 << "            "password": "PLx1b4jGIQlIYcm",[\n]"
14:57:21.336 [main] DEBUG org.apache.http.wire -- http-outgoing-14 << "            "administrador": "false",[\n]"
14:57:21.336 [main] DEBUG org.apache.http.wire -- http-outgoing-14 << "            "_id": "OORRhRscml5301nU"[\n]"
14:57:21.336 [main] DEBUG org.apache.http.wire -- http-outgoing-14 << "        },[\n]"
14:57:21.336 [main] DEBUG org.apache.http.wire -- http-outgoing-14 << "        {[\n]"
14:57:21.336 [main] DEBUG org.apache.http.wire -- http-outgoing-14 << "            "nome": "Ana Corona",[\n]"
14:57:21.336 [main] DEBUG org.apache.http.wire -- http-outgoing-14 << "            "email": "qa.1ce2723a@example.com",[\n]"
14:57:21.336 [main] DEBUG org.apache.http.wire -- http-outgoing-14 << "            "password": "Pwd@d358d5",[\n]"
14:57:21.336 [main] DEBUG org.apache.http.wire -- http-outgoing-14 << "            "administrador": "true",[\n]"
14:57:21.336 [main] DEBUG org.apache.http.wire -- http-outgoing-14 << "        "
14:57:21.336 [main] DEBUG org.apache.http.wire -- http-outgoing-14 << "    "_id": "OeHVQdven3AZ2xWd"[\n]"
14:57:21.336 [main] DEBUG org.apache.http.wire -- http-outgoing-14 << "        },[\n]"
14:57:21.336 [main] DEBUG org.apache.http.wire -- http-outgoing-14 << "        {[\n]"
14:57:21.336 [main] DEBUG org.apache.http.wire -- http-outgoing-14 << "            "nome": "Fulano 001",[\n]"
14:57:21.336 [main] DEBUG org.apache.http.wire -- http-outgoing-14 << "            "email": "teste1756646730317@qa.com.br",[\n]"
14:57:21.336 [main] DEBUG org.apache.http.wire -- http-outgoing-14 << "            "password": "pass001",[\n]"
14:57:21.336 [main] DEBUG org.apache.http.wire -- http-outgoing-14 << "            "administrador": "true",[\n]"
14:57:21.336 [main] DEBUG org.apache.http.wire -- http-outgoing-14 << "            "_id": "Ol7GzxWBB34wed3s"[\n]"
14:57:21.336 [main] DEBUG org.apache.http.wire -- http-outgoing-14 << "        },[\n]"
14:57:21.336 [main] DEBUG org.apache.http.wire -- http-outgoing-14 << "        {[\n]"
14:57:21.336 [main] DEBUG org.apache.http.wire -- http-outgoing-14 << "            "nome": "Felipe Ledesma",[\n]"
14:57:21.336 [main] DEBUG org.apache.http.wire -- http-outgoing-14 << "            "email": "qa.d8c593ae@example.com",[\n]"
14:57:21.336 [main] DEBUG org.apache.http.wire -- http-outgoing-14 << "            "password": "Pwd@"
14:57:21.338 [main] DEBUG org.apache.http.wire -- http-outgoing-14 << "48115b",[\n]"
14:57:21.338 [main] DEBUG org.apache.http.wire -- http-outgoing-14 << "            "administrador": "true",[\n]"
14:57:21.338 [main] DEBUG org.apache.http.wire -- http-outgoing-14 << "            "_id": "P7HltDppxuXMx5uw"[\n]"
14:57:21.338 [main] DEBUG org.apache.http.wire -- http-outgoing-14 << "        },[\n]"
14:57:21.338 [main] DEBUG org.apache.http.wire -- http-outgoing-14 << "        {[\n]"
14:57:21.338 [main] DEBUG org.apache.http.wire -- http-outgoing-14 << "            "nome": "Mirella",[\n]"
14:57:21.338 [main] DEBUG org.apache.http.wire -- http-outgoing-14 << "            "email": "pessoa1@gmail.com",[\n]"
14:57:21.338 [main] DEBUG org.apache.http.wire -- http-outgoing-14 << "            "password": "12345",[\n]"
14:57:21.338 [main] DEBUG org.apache.http.wire -- http-outgoing-14 << "            "administrador": "true",[\n]"
14:57:21.338 [main] DEBUG org.apache.http.wire -- http-outgoing-14 << "            "_id": "PK58Y3m7wUiXQ3sQ"[\n]"
14:57:21.338 [main] DEBUG org.apache.http.wire -- http-outgoing-14 << "        },[\n]"
14:57:21.338 [main] DEBUG org.apache.http.wire -- http-outgoing-14 << "        {[\n]"
14:57:21.338 [main] DEBUG org.apache.http.wire -- http-outgoing-14 << "            "nome": "Test Customer",[\n]"
14:57:21.338 [main] DEBUG org.apache.http.wire -- http-outgoing-14 << "            "email": "customer@test.com",[\n]"
14:57:21.338 [main] DEBUG org.apache.http.wire -- http-outgoing-14 << "            "password": "test123",[\n]"
14:57:21.338 [main] DEBUG org.apache.http.wire -- http-outgoing-14 << "            "administrador": "false",[\n]"
14:57:21.338 [main] DEBUG org.apache.http.wire -- http-outgoing-14 << "            "_id": "PSWONJT4sTkr5reQ"[\n]"
14:57:21.338 [main] DEBUG org.apache.http.wire -- http-outgoing-14 << "        },[\n]"
14:57:21.338 [main] DEBUG org.apache.http.wire -- http-outgoing-14 << "        {[\n]"
14:57:21.338 [main] DEBUG org.apache.http.wire -- http-outgoing-14 << "            "nome": "Cart User",[\n]"
14:57:21.338 [main] DEBUG org.apache.http.wire -- http-outgoing-14 << "            "email": "cartuser_1756650002205@example.com",[\n]"
14:57:21.338 [main] DEBUG org.apache.http.wire -- http-outgoing-14 << "            "password": "CartPass123",[\n]"
14:57:21.338 [main] DEBUG org.apache.http.wire -- http-outgoing-14 << "            "administrador": "false",[\n]"
14:57:21.338 [main] DEBUG org.apache.http.wire -- http-outgoing-14 << "            "_id": "Pc00JeBy57b8S7bx"[\n]"
14:57:21.338 [main] DEBUG org.apache.http.wire -- http-outgoing-14 << "        },[\n]"
14:57:21.338 [main] DEBUG org.apache.http.wire -- http-outgoing-14 << "        {[\n]"
14:57:21.338 [main] DEBUG org.apache.http.wire -- http-outgoing-14 << "            "nome": "#(nombre) Editado",[\n]"
14:57:21.338 [main] DEBUG org.apache.http.wire -- http-outgoing-14 << "            "email": "qa.e79de648@example.com",[\n]"
14:57:21.338 [main] DEBUG org.apache.http.wire -- http-outgoing-14 << "            "password": "Pwd@230449",[\n]"
14:57:21.338 [main] DEBUG org.apache.http.wire -- http-outgoing-14 << "            "administrador": "true",[\n]"
14:57:21.338 [main] DEBUG org.apache.http.wire -- http-outgoing-14 << "            "_id": "PemY3PmlrVbXDpaP"[\n]"
14:57:21.338 [main] DEBUG org.apache.http.wire -- http-outgoing-14 << "        },[\n]"
14:57:21.338 [main] DEBUG org.apache.http.wire -- http-outgoing-14 << "        {[\n]"
14:57:21.338 [main] DEBUG org.apache.http.wire -- http-outgoing-14 << "            "nome": "#(nombre) Editado",[\n]"
14:57:21.338 [main] DEBUG org.apache.http.wire -- http-outgoing-14 << "            "e"
14:57:21.338 [main] DEBUG org.apache.http.wire -- http-outgoing-14 << "mail": "qa.27a7f19b@example.com",[\n]"
14:57:21.338 [main] DEBUG org.apache.http.wire -- http-outgoing-14 << "            "password": "Pwd@c258b8",[\n]"
14:57:21.338 [main] DEBUG org.apache.http.wire -- http-outgoing-14 << "            "administrador": "true",[\n]"
14:57:21.338 [main] DEBUG org.apache.http.wire -- http-outgoing-14 << "            "_id": "Q3CMB3l3CmOAH0Ta"[\n]"
14:57:21.338 [main] DEBUG org.apache.http.wire -- http-outgoing-14 << "        },[\n]"
14:57:21.338 [main] DEBUG org.apache.http.wire -- http-outgoing-14 << "        {[\n]"
14:57:21.338 [main] DEBUG org.apache.http.wire -- http-outgoing-14 << "            "nome": "Emma Gerhold",[\n]"
14:57:21.338 [main] DEBUG org.apache.http.wire -- http-outgoing-14 << "            "email": "Marielle.Bashirian41@yahoo.com",[\n]"
14:57:21.338 [main] DEBUG org.apache.http.wire -- http-outgoing-14 << "            "password": "mrLA1TXVI7O0pN6",[\n]"
14:57:21.338 [main] DEBUG org.apache.http.wire -- http-outgoing-14 << "            "administrador": "false",[\n]"
14:57:21.338 [main] DEBUG org.apache.http.wire -- http-outgoing-14 << "            "_id": "QaTgtxkkzef7hPq6"[\n]"
14:57:21.338 [main] DEBUG org.apache.http.wire -- http-outgoing-14 << "      "
14:57:21.338 [main] DEBUG org.apache.http.wire -- http-outgoing-14 << "  },[\n]"
14:57:21.338 [main] DEBUG org.apache.http.wire -- http-outgoing-14 << "        {[\n]"
14:57:21.338 [main] DEBUG org.apache.http.wire -- http-outgoing-14 << "            "nome": "Test User",[\n]"
14:57:21.338 [main] DEBUG org.apache.http.wire -- http-outgoing-14 << "            "email": "testuser_1756645497094@example.com",[\n]"
14:57:21.338 [main] DEBUG org.apache.http.wire -- http-outgoing-14 << "            "password": "TestPassword123",[\n]"
14:57:21.338 [main] DEBUG org.apache.http.wire -- http-outgoing-14 << "            "administrador": "false",[\n]"
14:57:21.338 [main] DEBUG org.apache.http.wire -- http-outgoing-14 << "            "_id": "Qqevp7gBG64W9b0v"[\n]"
14:57:21.338 [main] DEBUG org.apache.http.wire -- http-outgoing-14 << "        },[\n]"
14:57:21.338 [main] DEBUG org.apache.http.wire -- http-outgoing-14 << "        {[\n]"
14:57:21.338 [main] DEBUG org.apache.http.wire -- http-outgoing-14 << "            "nome": "Usuario produto",[\n]"
14:57:21.338 [main] DEBUG org.apache.http.wire -- http-outgoing-14 << "            "email": "user.product1756660991239@test.com.br",[\n]"
14:57:21.338 [main] DEBUG org.apache.http.wire -- http-outgoing-14 << "            "password": "teste123",[\n]"
14:57:21.338 [main] DEBUG org.apache.http.wire -- http-outgoing-14 << "            "administrador": "true",[\n]"
14:57:21.338 [main] DEBUG org.apache.http.wire -- http-outgoing-14 << "            "_id": "QuNfs4WzvYu1KDPA"[\n]"
14:57:21.338 [main] DEBUG org.apache.http.wire -- http-outgoing-14 << "        },[\n]"
14:57:21.338 [main] DEBUG org.apache.http.wire -- http-outgoing-14 << "        {[\n]"
14:57:21.338 [main] DEBUG org.apache.http.wire -- http-outgoing-14 << "            "nome": "Cart User",[\n]"
14:57:21.338 [main] DEBUG org.apache.http.wire -- http-outgoing-14 << "            "email": "cartuser_1756650306540@example.com",[\n]"
14:57:21.338 [main] DEBUG org.apache.http.wire -- http-outgoing-14 << "            "password": "CartPass123",[\n]"
14:57:21.338 [main] DEBUG org.apache.http.wire -- http-outgoing-14 << "            "administrador": "false",[\n]"
14:57:21.338 [main] DEBUG org.apache.http.wire -- http-outgoing-14 << "            "_id": "RtdwKbFnvhKynuUJ"[\n]"
14:57:21.338 [main] DEBUG org.apache.http.wire -- http-outgoing-14 << "        },[\n]"
14:57:21.338 [main] DEBUG org.apache.http.wire -- http-outgoing-14 << "        {[\n]"
14:57:21.338 [main] DEBUG org.apache.http.wire -- http-outgoing-14 << "            "nome": "CartUser",[\n]"
14:57:21.338 [main] DEBUG org.apache.http.wire -- http-outgoing-14 << "            "email": "newuser_2933@example.com",[\n]"
14:57:21.338 [main] DEBUG org.apache.http.wire -- http-outgoing-14 << "            "password": "pass123",[\n]"
14:57:21.338 [main] DEBUG org.apache.http.wire -- http-outgoing-14 << "            "administrador": "false",[\n]"
14:57:21.338 [main] DEBUG org.apache.http.wire -- http-outgoing-14 << "            "_id": "RwOHGwiKnYxDsTjy"[\n]"
14:57:21.338 [main] DEBUG org.apache.http.wire -- http-outgoing-14 << "        },[\n]"
14:57:21.338 [main] DEBUG org.apache.http.wire -- http-outgoing-14 << "        {[\n]"
14:57:21.338 [main] DEBUG org.apache.http.wire -- http-outgoing-14 << "            "nome": "#(nombre) Editado",[\n]"
14:57:21.338 [main] DEBUG org.apache.http.wire -- http-outgoing-14 << "            "email": "qa.9944f2b9@example.com",[\n]"
14:57:21.338 [main] DEBUG org.apache.http.wire -- http-outgoing-14 << "            "p"
14:57:21.338 [main] DEBUG org.apache.http.wire -- http-outgoing-14 << "assword": "Pwd@c1add9",[\n]"
14:57:21.338 [main] DEBUG org.apache.http.wire -- http-outgoing-14 << "            "administrador": "true",[\n]"
14:57:21.338 [main] DEBUG org.apache.http.wire -- http-outgoing-14 << "            "_id": "SCpfStbQbkdLHHEv"[\n]"
14:57:21.338 [main] DEBUG org.apache.http.wire -- http-outgoing-14 << "        },[\n]"
14:57:21.338 [main] DEBUG org.apache.http.wire -- http-outgoing-14 << "        {[\n]"
14:57:21.338 [main] DEBUG org.apache.http.wire -- http-outgoing-14 << "            "nome": "Miles SIlva",[\n]"
14:57:21.338 [main] DEBUG org.apache.http.wire -- http-outgoing-14 << "            "email": "teste1@gmail.com",[\n]"
14:57:21.338 [main] DEBUG org.apache.http.wire -- http-outgoing-14 << "            "password": "1222",[\n]"
14:57:21.338 [main] DEBUG org.apache.http.wire -- http-outgoing-14 << "            "administrador":"
14:57:21.341 [main] DEBUG org.apache.http.wire -- http-outgoing-14 << " "false",[\n]"
14:57:21.341 [main] DEBUG org.apache.http.wire -- http-outgoing-14 << "            "_id": "SDRW73zy0T2ycnq7"[\n]"
14:57:21.341 [main] DEBUG org.apache.http.wire -- http-outgoing-14 << "        },[\n]"
14:57:21.341 [main] DEBUG org.apache.http.wire -- http-outgoing-14 << "        {[\n]"
14:57:21.341 [main] DEBUG org.apache.http.wire -- http-outgoing-14 << "            "nome": "Usuario admin true login",[\n]"
14:57:21.341 [main] DEBUG org.apache.http.wire -- http-outgoing-14 << "            "email": "user.admin.false.login@test.com.br",[\n]"
14:57:21.341 [main] DEBUG org.apache.http.wire -- http-outgoing-14 << "            "password": "teste123",[\n]"
14:57:21.341 [main] DEBUG org.apache.http.wire -- http-outgoing-14 << "            "administrador": "false",[\n]"
14:57:21.341 [main] DEBUG org.apache.http.wire -- http-outgoing-14 << "            "_id": "SLS5NssFaFeisxKM"[\n]"
14:57:21.341 [main] DEBUG org.apache.http.wire -- http-outgoing-14 << "        },[\n]"
14:57:21.341 [main] DEBUG org.apache.http.wire -- http-outgoing-14 << "        {[\n]"
14:57:21.341 [main] DEBUG org.apache.http.wire -- http-outgoing-14 << "            "nome": "Alberto Olivera",[\n]"
14:57:21.341 [main] DEBUG org.apache.http.wire -- http-outgoing-14 << "            "email": "qa.ab5df26a@example.com",[\n]"
14:57:21.341 [main] DEBUG org.apache.http.wire -- http-outgoing-14 << "            "password": "Pwd@306a01",[\n]"
14:57:21.341 [main] DEBUG org.apache.http.wire -- http-outgoing-14 << "            "administrador": "true",[\n]"
14:57:21.341 [main] DEBUG org.apache.http.wire -- http-outgoing-14 << "            "_id": "SjloJiRdHIHFGAuM"[\n]"
14:57:21.341 [main] DEBUG org.apache.http.wire -- http-outgoing-14 << "        },[\n]"
14:57:21.341 [main] DEBUG org.apache.http.wire -- http-outgoing-14 << "        {[\n]"
14:57:21.341 [main] DEBUG org.apache.http.wire -- http-outgoing-14 << "            "nome": "Eloisa Almaraz",[\n]"
14:57:21.341 [main] DEBUG org.apache.http.wire -- http-outgoing-14 << "            "email": "qa.aab236f0@example.com",[\n]"
14:57:21.341 [main] DEBUG org.apache.http.wire -- http-outgoing-14 << "            "password": "Pwd@39e33c",[\n]"
14:57:21.341 [main] DEBUG org.apache.http.wire -- http-outgoing-14 << "            "administrador": "true",[\n]"
14:57:21.341 [main] DEBUG org.apache.http.wire -- http-outgoing-14 << "            "_id": "Sn43qEgs7JQPmpfV"[\n]"
14:57:21.341 [main] DEBUG org.apache.http.wire -- http-outgoing-14 << "        },[\n]"
14:57:21.341 [main] DEBUG org.apache.http.wire -- http-outgoing-14 << "        {[\n]"
14:57:21.341 [main] DEBUG org.apache.http.wire -- http-outgoing-14 << "            "nome": "#(nombre) Editado",[\n]"
14:57:21.341 [main] DEBUG org.apache.http.wire -- http-outgoing-14 << "            "email": "user_d2151c85@mail.com",[\n]"
14:57:21.341 [main] DEBUG org.apache.http.wire -- http-outgoing-14 << "            "password": "Pwd@3d86",[\n]"
14:57:21.341 [main] DEBUG org.apache.http.wire -- http-outgoing-14 << "            "administrador": "true",[\n]"
14:57:21.341 [main] DEBUG org.apache.http.wire -- http-outgoing-14 << "            "_id": "SnPV3fKDIae0eBqh"[\n]"
14:57:21.341 [main] DEBUG org.apache.http.wire -- http-outgoing-14 << "        },[\n]"
14:57:21.341 [main] DEBUG org.apache.http.wire -- http-outgoing-14 << "        {[\n]"
14:57:21.341 [main] DEBUG org.apache.http.wire -- http-outgoing-14 << "            "nome": "Usuario B",[\n]"
14:57:21.341 [main] DEBUG org.apache.http.wire -- http-outgoing-14 << "            "email": "
14:57:21.341 [main] DEBUG org.apache.http.wire -- http-outgoing-14 << ""qa.cfcc073b@example.com",[\n]"
14:57:21.341 [main] DEBUG org.apache.http.wire -- http-outgoing-14 << "            "password": "Pwd@123",[\n]"
14:57:21.341 [main] DEBUG org.apache.http.wire -- http-outgoing-14 << "            "administrador": "true",[\n]"
14:57:21.341 [main] DEBUG org.apache.http.wire -- http-outgoing-14 << "            "_id": "Sz035p32CkzQ9F5r"[\n]"
14:57:21.341 [main] DEBUG org.apache.http.wire -- http-outgoing-14 << "        },[\n]"
14:57:21.341 [main] DEBUG org.apache.http.wire -- http-outgoing-14 << "        {[\n]"
14:57:21.341 [main] DEBUG org.apache.http.wire -- http-outgoing-14 << "            "nome": "Fulano da Silva",[\n]"
14:57:21.341 [main] DEBUG org.apache.http.wire -- http-outgoing-14 << "            "email": "beltranot@qa.com.br",[\n]"
14:57:21.341 [main] DEBUG org.apache.http.wire -- http-outgoing-14 << "            "password": "teste",[\n]"
14:57:21.341 [main] DEBUG org.apache.http.wire -- http-outgoing-14 << "            "administrador": "true",[\n]"
14:57:21.341 [main] DEBUG org.apache.http.wire -- http-outgoing-14 << "            "_id": "TN9PdBpgzWLE43Nr"[\n]"
14:57:21.341 [main] DEBUG org.apache.http.wire -- http-outgoing-14 << "        },[\n]"
14:57:21.341 [main] DEBUG org.apache.http.wire -- http-outgoing-14 << "        {[\n]"
14:57:21.341 [main] DEBUG org.apache.http.wire -- http-outgoing-14 << "            "n"
14:57:21.341 [main] DEBUG org.apache.http.wire -- http-outgoing-14 << "ome": "jarbas priest",[\n]"
14:57:21.341 [main] DEBUG org.apache.http.wire -- http-outgoing-14 << "            "email": "testeiul@gmail.com",[\n]"
14:57:21.341 [main] DEBUG org.apache.http.wire -- http-outgoing-14 << "            "password": "1234",[\n]"
14:57:21.341 [main] DEBUG org.apache.http.wire -- http-outgoing-14 << "            "administrador": "true",[\n]"
14:57:21.341 [main] DEBUG org.apache.http.wire -- http-outgoing-14 << "            "_id": "TpBQsFcf9MjbtFba"[\n]"
14:57:21.341 [main] DEBUG org.apache.http.wire -- http-outgoing-14 << "        },[\n]"
14:57:21.341 [main] DEBUG org.apache.http.wire -- http-outgoing-14 << "        {[\n]"
14:57:21.341 [main] DEBUG org.apache.http.wire -- http-outgoing-14 << "            "nome": "Usuario A",[\n]"
14:57:21.341 [main] DEBUG org.apache.http.wire -- http-outgoing-14 << "            "email": "qa.5fb53be3@example.com",[\n]"
14:57:21.341 [main] DEBUG org.apache.http.wire -- http-outgoing-14 << "            "password": "Pwd@123",[\n]"
14:57:21.341 [main] DEBUG org.apache.http.wire -- http-outgoing-14 << "            "administrador": "true",[\n]"
14:57:21.341 [main] DEBUG org.apache.http.wire -- http-outgoing-14 << "            "_id": "UH6HRr99RPWq8GFI"[\n]"
14:57:21.341 [main] DEBUG org.apache.http.wire -- http-outgoing-14 << "        },[\n]"
14:57:21.341 [main] DEBUG org.apache.http.wire -- http-outgoing-14 << "        {[\n]"
14:57:21.341 [main] DEBUG org.apache.http.wire -- http-outgoing-14 << "            "nome": "Guillermo Viera",[\n]"
14:57:21.341 [main] DEBUG org.apache.http.wire -- http-outgoing-14 << "            "email": "qa.19dbb0a7@example.com",[\n]"
14:57:21.341 [main] DEBUG org.apache.http.wire -- http-outgoing-14 << "            "password": "Pwd@6d237f",[\n]"
14:57:21.341 [main] DEBUG org.apache.http.wire -- http-outgoing-14 << "            "administrador": "true",[\n]"
14:57:21.341 [main] DEBUG org.apache.http.wire -- http-outgoing-14 << "            "_id": "UH6ShqrEyuzTYDnH"[\n]"
14:57:21.341 [main] DEBUG org.apache.http.wire -- http-outgoing-14 << "        },[\n]"
14:57:21.341 [main] DEBUG org.apache.http.wire -- http-outgoing-14 << "        {[\n]"
14:57:21.341 [main] DEBUG org.apache.http.wire -- http-outgoing-14 << "            "nome": "#(nombre) Editado",[\n]"
14:57:21.341 [main] DEBUG org.apache.http.wire -- http-outgoing-14 << "            "email": "user_fa040677@mail.com",[\n]"
14:57:21.341 [main] DEBUG org.apache.http.wire -- http-outgoing-14 << "            "password": "Pwd@68a9",[\n]"
14:57:21.341 [main] DEBUG org.apache.http.wire -- http-outgoing-14 << "            "administrador": "true",[\n]"
14:57:21.341 [main] DEBUG org.apache.http.wire -- http-outgoing-14 << "            "_id": "UIuGRn1TARPU5oLA"[\n]"
14:57:21.341 [main] DEBUG org.apache.http.wire -- http-outgoing-14 << "        },[\n]"
14:57:21.341 [main] DEBUG org.apache.http.wire -- http-outgoing-14 << "        {[\n]"
14:57:21.341 [main] DEBUG org.apache.http.wire -- http-outgoing-14 << "            "nome": "Coverage User",[\n]"
14:57:21.341 [main] DEBUG org.apache.http.wire -- http-outgoing-14 << "            "email": "coverage_1756645439803@example.com",[\n]"
14:57:21.341 [main] DEBUG org.apache.http.wire -- http-outgoing-14 << "            "password": "CoveragePass123",[\n]"
14:57:21.341 [main] DEBUG org.apache.http.wire -- http-outgoing-14 << "            "administrador": "false",[\n]"
14:57:21.341 [main] DEBUG org.apache.http.wire -- http-outgoing-14 << "            "_id": "UOfRhZXeYn6FVjS1"[\n]"
14:57:21.341 [main] DEBUG org.apache.http.wire -- http-outgoing-14 << "        },[\n]"
14:57:21.341 [main] DEBUG org.apache.http.wire -- http-outgoing-14 << "        {[\n]"
14:57:21.341 [main] DEBUG org.apache.http.wire -- http-outgoing-14 << "            "nome": "CartUser",[\n]"
14:57:21.341 [main] DEBUG org.apache.http.wire -- http-outgoing-14 << "            "email": "newuser_7189@example.com",[\n]"
14:57:21.341 [main] DEBUG org.apache.http.wire -- http-outgoing-14 << "            "password": "pass123",[\n]"
14:57:21.341 [main] DEBUG org.apache.http.wire -- http-outgoing-14 << "            "administrador": "false",[\n]"
14:57:21.341 [main] DEBUG org.apache.http.wire -- http-outgoing-14 << "            "_id": "Udboykvs3gPwMIQG"[\n]"
14:57:21.341 [main] DEBUG org.apache.http.wire -- http-outgoing-14 << "        },[\n]"
14:57:21.341 [main] DEBUG org.apache.http.wire -- http-outgoing-14 << "        {[\n]"
14:57:21.341 [main] DEBUG org.apache.http.wire -- http-outgoing-14 << "            "nome": "Usuario B",[\n]"
14:57:21.341 [main] DEBUG org.apache.http.wire -- http-outgoing-14 << "            "email": "user_95772446@mail.com",[\n]"
14:57:21.342 [main] DEBUG org.apache.http.wire -- http-outgoing-14 << "            "password": "Pwd@123"
14:57:21.343 [main] DEBUG org.apache.http.wire -- http-outgoing-14 << "",[\n]"
14:57:21.344 [main] DEBUG org.apache.http.wire -- http-outgoing-14 << "            "administrador": "true",[\n]"
14:57:21.344 [main] DEBUG org.apache.http.wire -- http-outgoing-14 << "            "_id": "Un09sT9ZWNDyZyiK"[\n]"
14:57:21.344 [main] DEBUG org.apache.http.wire -- http-outgoing-14 << "        },[\n]"
14:57:21.344 [main] DEBUG org.apache.http.wire -- http-outgoing-14 << "        {[\n]"
14:57:21.344 [main] DEBUG org.apache.http.wire -- http-outgoing-14 << "            "nome": "Coverage User",[\n]"
14:57:21.344 [main] DEBUG org.apache.http.wire -- http-outgoing-14 << "            "email": "coverage_1756662976899@example.com",[\n]"
14:57:21.344 [main] DEBUG org.apache.http.wire -- http-outgoing-14 << "            "password": "CoveragePass123",[\n]"
14:57:21.344 [main] DEBUG org.apache.http.wire -- http-outgoing-14 << "            "administrador": "false",[\n]"
14:57:21.344 [main] DEBUG org.apache.http.wire -- http-outgoing-14 << "            "_id": "VKAKC0eacROJGjn8"[\n]"
14:57:21.344 [main] DEBUG org.apache.http.wire -- http-outgoing-14 << "        },[\n]"
14:57:21.344 [main] DEBUG org.apache.http.wire -- http-outgoing-14 << "        {[\n]"
14:57:21.344 [main] DEBUG org.apache.http.wire -- http-outgoing-14 << "            "nome": "Gilberto Rol[0xc3][0xb3]n",[\n]"
14:57:21.344 [main] DEBUG org.apache.http.wire -- http-outgoing-14 << "            "email": "qa.419b7b9e@example.com",[\n]"
14:57:21.344 [main] DEBUG org.apache.http.wire -- http-outgoing-14 << "            "password": "Pwd@a24339",[\n]"
14:57:21.344 [main] DEBUG org.apache.http.wire -- http-outgoing-14 << "            "administrador": "true",[\n]"
14:57:21.344 [main] DEBUG org.apache.http.wire -- http-outgoing-14 << "            "_id": "VKrHLLF9cqNpK4C4"[\n]"
14:57:21.344 [main] DEBUG org.apache.http.wire -- http-outgoing-14 << "        },[\n]"
14:57:21.344 [main] DEBUG org.apache.http.wire -- http-outgoing-14 << "        {[\n]"
14:57:21.344 [main] DEBUG org.apache.http.wire -- http-outgoing-14 << "            "nome": "Usuario B",[\n]"
14:57:21.344 [main] DEBUG org.apache.http.wire -- http-outgoing-14 << "            "email": "user_937e055e@mail.com",[\n]"
14:57:21.344 [main] DEBUG org.apache.http.wire -- http-outgoing-14 << "            "password": "Pwd@123",[\n]"
14:57:21.344 [main] DEBUG org.apache.http.wire -- http-outgoing-14 << "            "administrador": "true",[\n]"
14:57:21.344 [main] DEBUG org.apache.http.wire -- http-outgoing-14 << "            "_id": "W2mjF1hz6ZLHqiFB"[\n]"
14:57:21.344 [main] DEBUG org.apache.http.wire -- http-outgoing-14 << "        },[\n]"
14:57:21.344 [main] DEBUG org.apache.http.wire -- http-outgoing-14 << "        {[\n]"
14:57:21.344 [main] DEBUG org.apache.http.wire -- http-outgoing-14 << "            "nome": "Register Test",[\n]"
14:57:21.344 [main] DEBUG org.apache.http.wire -- http-outgoing-14 << "            "email": "register_1756669068783@example.com",[\n]"
14:57:21.344 [main] DEBUG org.apache.http.wire -- http-outgoing-14 << "            "password": "RegisterPass123",[\n]"
14:57:21.344 [main] DEBUG org.apache.http.wire -- http-outgoing-14 << "            "administrador": "false",[\n]"
14:57:21.344 [main] DEBUG org.apache.http.wire -- http-outgoing-14 << "            "_id": "W8UkIB4SmGiTTduF"[\n]"
14:57:21.344 [main] DEBUG org.apache.http.wire -- http-outgoing-14 << "        },[\n]"
14:57:21.344 [main] DEBUG org.apache.http.wire -- http-outgoing-14 << "        {[\n]"
14:57:21.344 [main] DEBUG org.apache.http.wire -- http-outgoing-14 << "            "nome": ""
14:57:21.344 [main] DEBUG org.apache.http.wire -- http-outgoing-14 << "Usuario B",[\n]"
14:57:21.344 [main] DEBUG org.apache.http.wire -- http-outgoing-14 << "            "email": "qa.12d03594@example.com",[\n]"
14:57:21.344 [main] DEBUG org.apache.http.wire -- http-outgoing-14 << "            "password": "Pwd@123",[\n]"
14:57:21.344 [main] DEBUG org.apache.http.wire -- http-outgoing-14 << "            "administrador": "true",[\n]"
14:57:21.344 [main] DEBUG org.apache.http.wire -- http-outgoing-14 << "            "_id": "WCzZmvCQCdxYNHad"[\n]"
14:57:21.344 [main] DEBUG org.apache.http.wire -- http-outgoing-14 << "        },[\n]"
14:57:21.344 [main] DEBUG org.apache.http.wire -- http-outgoing-14 << "        {[\n]"
14:57:21.344 [main] DEBUG org.apache.http.wire -- http-outgoing-14 << "            "nome": "Usuario B",[\n]"
14:57:21.344 [main] DEBUG org.apache.http.wire -- http-outgoing-14 << "            "email": "qa.b67a146"
14:57:21.344 [main] DEBUG org.apache.http.wire -- http-outgoing-14 << "7@example.com",[\n]"
14:57:21.344 [main] DEBUG org.apache.http.wire -- http-outgoing-14 << "            "password": "Pwd@123",[\n]"
14:57:21.344 [main] DEBUG org.apache.http.wire -- http-outgoing-14 << "            "administrador": "true",[\n]"
14:57:21.344 [main] DEBUG org.apache.http.wire -- http-outgoing-14 << "            "_id": "WXRx3QMiikgJc7dz"[\n]"
14:57:21.344 [main] DEBUG org.apache.http.wire -- http-outgoing-14 << "        },[\n]"
14:57:21.344 [main] DEBUG org.apache.http.wire -- http-outgoing-14 << "        {[\n]"
14:57:21.344 [main] DEBUG org.apache.http.wire -- http-outgoing-14 << "            "nome": "Amely",[\n]"
14:57:21.344 [main] DEBUG org.apache.http.wire -- http-outgoing-14 << "            "email": "Eliza67@gmail.com",[\n]"
14:57:21.344 [main] DEBUG org.apache.http.wire -- http-outgoing-14 << "            "password": "wt6gPE3dMnCUc62",[\n]"
14:57:21.344 [main] DEBUG org.apache.http.wire -- http-outgoing-14 << "            "administrador": "true",[\n]"
14:57:21.344 [main] DEBUG org.apache.http.wire -- http-outgoing-14 << "            "_id": "Wsa02Ga1DJTy2aFl"[\n]"
14:57:21.344 [main] DEBUG org.apache.http.wire -- http-outgoing-14 << "        },[\n]"
14:57:21.344 [main] DEBUG org.apache.http.wire -- http-outgoing-14 << "        {[\n]"
14:57:21.344 [main] DEBUG org.apache.http.wire -- http-outgoing-14 << "            "nome": "Marcos Silva",[\n]"
14:57:21.344 [main] DEBUG org.apache.http.wire -- http-outgoing-14 << "            "email": "marcos.silva@ab-inbev.com",[\n]"
14:57:21.344 [main] DEBUG org.apache.http.wire -- http-outgoing-14 << "            "password": "Teste@123",[\n]"
14:57:21.344 [main] DEBUG org.apache.http.wire -- http-outgoing-14 << "            "administrador": "false",[\n]"
14:57:21.344 [main] DEBUG org.apache.http.wire -- http-outgoing-14 << "            "_id": "XDsxjzHVkeChXKkU"[\n]"
14:57:21.344 [main] DEBUG org.apache.http.wire -- http-outgoing-14 << "        },[\n]"
14:57:21.344 [main] DEBUG org.apache.http.wire -- http-outgoing-14 << "        {[\n]"
14:57:21.344 [main] DEBUG org.apache.http.wire -- http-outgoing-14 << "            "nome": "Usuario A",[\n]"
14:57:21.344 [main] DEBUG org.apache.http.wire -- http-outgoing-14 << "            "email": "user_67167d3b@mail.com",[\n]"
14:57:21.344 [main] DEBUG org.apache.http.wire -- http-outgoing-14 << "            "password": "Pwd@123",[\n]"
14:57:21.344 [main] DEBUG org.apache.http.wire -- http-outgoing-14 << "            "administrador": "true",[\n]"
14:57:21.344 [main] DEBUG org.apache.http.wire -- http-outgoing-14 << "            "_id": "XWCIKKpD12Vxv7Vm"[\n]"
14:57:21.344 [main] DEBUG org.apache.http.wire -- http-outgoing-14 << "        },[\n]"
14:57:21.344 [main] DEBUG org.apache.http.wire -- http-outgoing-14 << "        {[\n]"
14:57:21.344 [main] DEBUG org.apache.http.wire -- http-outgoing-14 << "            "nome": "RZ Teste - API",[\n]"
14:57:21.344 [main] DEBUG org.apache.http.wire -- http-outgoing-14 << "            "email": "millssusan@example.com",[\n]"
14:57:21.344 [main] DEBUG org.apache.http.wire -- http-outgoing-14 << "            "password": "123456",[\n]"
14:57:21.344 [main] DEBUG org.apache.http.wire -- http-outgoing-14 << "            "administrador": "true",[\n]"
14:57:21.344 [main] DEBUG org.apache.http.wire -- http-outgoing-14 << "            "_id": "Xa2mdlQt2TTQnDap"[\n]"
14:57:21.344 [main] DEBUG org.apache.http.wire -- http-outgoing-14 << "        },[\n]"
14:57:21.344 [main] DEBUG org.apache.http.wire -- http-outgoing-14 << "        {[\n]"
14:57:21.344 [main] DEBUG org.apache.http.wire -- http-outgoing-14 << "            "nome": ""
14:57:21.344 [main] DEBUG org.apache.http.wire -- http-outgoing-14 << "Usuario A",[\n]"
14:57:21.344 [main] DEBUG org.apache.http.wire -- http-outgoing-14 << "            "email": "user_23537334@mail.com",[\n]"
14:57:21.344 [main] DEBUG org.apache.http.wire -- http-outgoing-14 << "            "password": "Pwd@123",[\n]"
14:57:21.344 [main] DEBUG org.apache.http.wire -- http-outgoing-14 << "            "administrador": "true",[\n]"
14:57:21.344 [main] DEBUG org.apache.http.wire -- http-outgoing-14 << "            "_id": "XzWYf6UBk0tLwoeX"[\n]"
14:57:21.344 [main] DEBUG org.apache.http.wire -- http-outgoing-14 << "        },[\n]"
14:57:21.344 [main] DEBUG org.apache.http.wire -- http-outgoing-14 << "        {[\n]"
14:57:21.344 [main] DEBUG org.apache.http.wire -- http-outgoing-14 << "            "nome": "REINALDO CORREIA",[\n]"
14:57:21.344 [main] DEBUG org.apache.http.wire -- http-outgoing-14 << "            "email": "REINALDOSOFTWARE@YAHOO.COM.BR",[\n]"
14:57:21.344 [main] DEBUG org.apache.http.wire -- http-outgoing-14 << "            "password": "12345rei",[\n]"
14:57:21.344 [main] DEBUG org.apache.http.wire -- http-outgoing-14 << "            "administrador": "true",[\n]"
14:57:21.344 [main] DEBUG org.apache.http.wire -- http-outgoing-14 << "            "_id": "Y7MdA2o"
14:57:21.346 [main] DEBUG org.apache.http.wire -- http-outgoing-14 << "JD5LEM1jN"[\n]"
14:57:21.346 [main] DEBUG org.apache.http.wire -- http-outgoing-14 << "        },[\n]"
14:57:21.346 [main] DEBUG org.apache.http.wire -- http-outgoing-14 << "        {[\n]"
14:57:21.346 [main] DEBUG org.apache.http.wire -- http-outgoing-14 << "            "nome": "Arturo Rojo",[\n]"
14:57:21.346 [main] DEBUG org.apache.http.wire -- http-outgoing-14 << "            "email": "qa.59a9c601@example.com",[\n]"
14:57:21.346 [main] DEBUG org.apache.http.wire -- http-outgoing-14 << "            "password": "Pwd@8ca6e8",[\n]"
14:57:21.346 [main] DEBUG org.apache.http.wire -- http-outgoing-14 << "            "administrador": "true",[\n]"
14:57:21.346 [main] DEBUG org.apache.http.wire -- http-outgoing-14 << "            "_id": "Y8nzNSTUQjOAouC9"[\n]"
14:57:21.346 [main] DEBUG org.apache.http.wire -- http-outgoing-14 << "        },[\n]"
14:57:21.346 [main] DEBUG org.apache.http.wire -- http-outgoing-14 << "        {[\n]"
14:57:21.346 [main] DEBUG org.apache.http.wire -- http-outgoing-14 << "            "nome": "User-f6d99",[\n]"
14:57:21.346 [main] DEBUG org.apache.http.wire -- http-outgoing-14 << "            "email": "user_db0158e7@mail.com",[\n]"
14:57:21.346 [main] DEBUG org.apache.http.wire -- http-outgoing-14 << "            "password": "Pwd@1c6f",[\n]"
14:57:21.346 [main] DEBUG org.apache.http.wire -- http-outgoing-14 << "            "administrador": "true",[\n]"
14:57:21.346 [main] DEBUG org.apache.http.wire -- http-outgoing-14 << "            "_id": "YBe3JHZbljWymLs6"[\n]"
14:57:21.346 [main] DEBUG org.apache.http.wire -- http-outgoing-14 << "        },[\n]"
14:57:21.346 [main] DEBUG org.apache.http.wire -- http-outgoing-14 << "        {[\n]"
14:57:21.346 [main] DEBUG org.apache.http.wire -- http-outgoing-14 << "            "nome": "RZ Teste - API",[\n]"
14:57:21.346 [main] DEBUG org.apache.http.wire -- http-outgoing-14 << "            "email": "kaitlyn27@example.org",[\n]"
14:57:21.346 [main] DEBUG org.apache.http.wire -- http-outgoing-14 << "            "password": "123456",[\n]"
14:57:21.346 [main] DEBUG org.apache.http.wire -- http-outgoing-14 << "            "administrador": "true",[\n]"
14:57:21.346 [main] DEBUG org.apache.http.wire -- http-outgoing-14 << "            "_id": "YCNsDweBbcjKNvO1"[\n]"
14:57:21.346 [main] DEBUG org.apache.http.wire -- http-outgoing-14 << "        },[\n]"
14:57:21.346 [main] DEBUG org.apache.http.wire -- http-outgoing-14 << "        {[\n]"
14:57:21.346 [main] DEBUG org.apache.http.wire -- http-outgoing-14 << "            "nome": "Maria",[\n]"
14:57:21.346 [main] DEBUG org.apache.http.wire -- http-outgoing-14 << "            "email": "maria1756649389630@qa.com",[\n]"
14:57:21.346 [main] DEBUG org.apache.http.wire -- http-outgoing-14 << "            "password": "pass123",[\n]"
14:57:21.346 [main] DEBUG org.apache.http.wire -- http-outgoing-14 << "            "administrador": "false",[\n]"
14:57:21.346 [main] DEBUG org.apache.http.wire -- http-outgoing-14 << "            "_id": "YEGIEQRHJT9CYZpe"[\n]"
14:57:21.346 [main] DEBUG org.apache.http.wire -- http-outgoing-14 << "        },[\n]"
14:57:21.346 [main] DEBUG org.apache.http.wire -- http-outgoing-14 << "        {[\n]"
14:57:21.346 [main] DEBUG org.apache.http.wire -- http-outgoing-14 << "            "nome": "User-20300",[\n]"
14:57:21.346 [main] DEBUG org.apache.http.wire -- http-outgoing-14 << "            "email": "user_82e4847d@mail.com",[\n]"
14:57:21.346 [main] DEBUG org.apache.http.wire -- http-outgoing-14 << "            "password": "Pwd@ba05",[\n]"
14:57:21.347 [main] DEBUG org.apache.http.wire -- http-outgoing-14 << "            "adminis"
14:57:21.347 [main] DEBUG org.apache.http.wire -- http-outgoing-14 << "trador": "true",[\n]"
14:57:21.347 [main] DEBUG org.apache.http.wire -- http-outgoing-14 << "            "_id": "YGtBoiWxNykmaTGz"[\n]"
14:57:21.347 [main] DEBUG org.apache.http.wire -- http-outgoing-14 << "        },[\n]"
14:57:21.347 [main] DEBUG org.apache.http.wire -- http-outgoing-14 << "        {[\n]"
14:57:21.347 [main] DEBUG org.apache.http.wire -- http-outgoing-14 << "            "nome": "Register Test",[\n]"
14:57:21.347 [main] DEBUG org.apache.http.wire -- http-outgoing-14 << "            "email": "register_1756669108266@example.com",[\n]"
14:57:21.347 [main] DEBUG org.apache.http.wire -- http-outgoing-14 << "            "password": "RegisterPass123",[\n]"
14:57:21.347 [main] DEBUG org.apache.http.wire -- http-outgoing-14 << "            "administrador": "false",[\n]"
14:57:21.347 [main] DEBUG org.apache.http.wire -- http-outgoing-14 << "            "_id": "YMIITPEOjQLwTWk6"[\n]"
14:57:21.347 [main] DEBUG org.apache.http.wire -- http-outgoing-14 << "        },[\n]"
14:57:21.347 [main] DEBUG org.apache.http.wire -- http-outgoing-14 << "        {[\n]"
14:57:21.347 [main] DEBUG org.apache.http.wire -- http-outgoing-14 << "            "nome": "Antonio Candelaria",[\n]"
14:57:21.347 [main] DEBUG org.apache.http.wire -- http-outgoing-14 << "            "email": "qa.6fb77"
14:57:21.347 [main] DEBUG org.apache.http.wire -- http-outgoing-14 << "1c2@example.com",[\n]"
14:57:21.347 [main] DEBUG org.apache.http.wire -- http-outgoing-14 << "            "password": "Pwd@dbee5e",[\n]"
14:57:21.347 [main] DEBUG org.apache.http.wire -- http-outgoing-14 << "            "administrador": "true",[\n]"
14:57:21.347 [main] DEBUG org.apache.http.wire -- http-outgoing-14 << "            "_id": "YW2mE0V0dw85oBA1"[\n]"
14:57:21.347 [main] DEBUG org.apache.http.wire -- http-outgoing-14 << "        },[\n]"
14:57:21.347 [main] DEBUG org.apache.http.wire -- http-outgoing-14 << "        {[\n]"
14:57:21.347 [main] DEBUG org.apache.http.wire -- http-outgoing-14 << "            "nome": "Fulano SR 001",[\n]"
14:57:21.347 [main] DEBUG org.apache.http.wire -- http-outgoing-14 << "            "email": "teste1756649145963@qa.com.br",[\n]"
14:57:21.347 [main] DEBUG org.apache.http.wire -- http-outgoing-14 << "            "password": "pass001",[\n]"
14:57:21.347 [main] DEBUG org.apache.http.wire -- http-outgoing-14 << "            "administrador": "true",[\n]"
14:57:21.347 [main] DEBUG org.apache.http.wire -- http-outgoing-14 << "            "_id": "YX5UvZex3WjQqjqp"[\n]"
14:57:21.347 [main] DEBUG org.apache.http.wire -- http-outgoing-14 << "        },[\n]"
14:57:21.347 [main] DEBUG org.apache.http.wire -- http-outgoing-14 << "        {[\n]"
14:57:21.347 [main] DEBUG org.apache.http.wire -- http-outgoing-14 << "            "nome": "Usuario B",[\n]"
14:57:21.347 [main] DEBUG org.apache.http.wire -- http-outgoing-14 << "            "email": "qa.1756667520441a989@example.com",[\n]"
14:57:21.347 [main] DEBUG org.apache.http.wire -- http-outgoing-14 << "            "password": "Pwd@123",[\n]"
14:57:21.347 [main] DEBUG org.apache.http.wire -- http-outgoing-14 << "            "administrador": "true",[\n]"
14:57:21.347 [main] DEBUG org.apache.http.wire -- http-outgoing-14 << "            "_id": "Yd7ufoQGK26VOmoI"[\n]"
14:57:21.347 [main] DEBUG org.apache.http.wire -- http-outgoing-14 << "        },[\n]"
14:57:21.347 [main] DEBUG org.apache.http.wire -- http-outgoing-14 << "        {[\n]"
14:57:21.347 [main] DEBUG org.apache.http.wire -- http-outgoing-14 << "            "nome": "CartUser",[\n]"
14:57:21.347 [main] DEBUG org.apache.http.wire -- http-outgoing-14 << "            "email": "newuser_19719@example.com",[\n]"
14:57:21.347 [main] DEBUG org.apache.http.wire -- http-outgoing-14 << "            "password": "pass123",[\n]"
14:57:21.347 [main] DEBUG org.apache.http.wire -- http-outgoing-14 << "            "administrador": "false",[\n]"
14:57:21.347 [main] DEBUG org.apache.http.wire -- http-outgoing-14 << "            "_id": "YdTp1o1rIiwOBOq2"[\n]"
14:57:21.347 [main] DEBUG org.apache.http.wire -- http-outgoing-14 << "        },[\n]"
14:57:21.347 [main] DEBUG org.apache.http.wire -- http-outgoing-14 << "        {[\n]"
14:57:21.347 [main] DEBUG org.apache.http.wire -- http-outgoing-14 << "            "nome": "Naomi Stehr",[\n]"
14:57:21.347 [main] DEBUG org.apache.http.wire -- http-outgoing-14 << "            "email": "Donna_Quitzon@yahoo.com",[\n]"
14:57:21.347 [main] DEBUG org.apache.http.wire -- http-outgoing-14 << "            "password": "ZWv8a4U2ydHGV6z",[\n]"
14:57:21.347 [main] DEBUG org.apache.http.wire -- http-outgoing-14 << "            "administrador": "false",[\n]"
14:57:21.347 [main] DEBUG org.apache.http.wire -- http-outgoing-14 << "            "_id": "YeavMuQKEjXU2h6x"[\n]"
14:57:21.347 [main] DEBUG org.apache.http.wire -- http-outgoing-14 << "        },[\n]"
14:57:21.347 [main] DEBUG org.apache.http.wire -- http-outgoing-14 << "   "
14:57:21.347 [main] DEBUG org.apache.http.wire -- http-outgoing-14 << "     {[\n]"
14:57:21.347 [main] DEBUG org.apache.http.wire -- http-outgoing-14 << "            "nome": "User-c9373",[\n]"
14:57:21.347 [main] DEBUG org.apache.http.wire -- http-outgoing-14 << "            "email": "user_a8b62e31@mail.com",[\n]"
14:57:21.347 [main] DEBUG org.apache.http.wire -- http-outgoing-14 << "            "password": "Pwd@24d8",[\n]"
14:57:21.347 [main] DEBUG org.apache.http.wire -- http-outgoing-14 << "            "administrador": "true",[\n]"
14:57:21.347 [main] DEBUG org.apache.http.wire -- http-outgoing-14 << "            "_id": "Ygk7SvO6JaO6GrDV"[\n]"
14:57:21.347 [main] DEBUG org.apache.http.wire -- http-outgoing-14 << "        },[\n]"
14:57:21.347 [main] DEBUG org.apache.http.wire -- http-outgoing-14 << "        {[\n]"
14:57:21.347 [main] DEBUG org.apache.http.wire -- http-outgoing-14 << "            "nome": "User-2f7d0",[\n]"
14:57:21.347 [main] DEBUG org.apache.http.wire -- http-outgoing-14 << "  "
14:57:21.349 [main] DEBUG org.apache.http.wire -- http-outgoing-14 << "          "email": "user_2a22a0cf@mail.com",[\n]"
14:57:21.349 [main] DEBUG org.apache.http.wire -- http-outgoing-14 << "            "password": "Pwd@e852",[\n]"
14:57:21.349 [main] DEBUG org.apache.http.wire -- http-outgoing-14 << "            "administrador": "true",[\n]"
14:57:21.349 [main] DEBUG org.apache.http.wire -- http-outgoing-14 << "            "_id": "Yi3Wb2NhPqS6yMn6"[\n]"
14:57:21.349 [main] DEBUG org.apache.http.wire -- http-outgoing-14 << "        },[\n]"
14:57:21.349 [main] DEBUG org.apache.http.wire -- http-outgoing-14 << "        {[\n]"
14:57:21.349 [main] DEBUG org.apache.http.wire -- http-outgoing-14 << "            "nome": "Coverage User",[\n]"
14:57:21.349 [main] DEBUG org.apache.http.wire -- http-outgoing-14 << "            "email": "coverage_1756669111593@example.com",[\n]"
14:57:21.349 [main] DEBUG org.apache.http.wire -- http-outgoing-14 << "            "password": "CoveragePass123",[\n]"
14:57:21.349 [main] DEBUG org.apache.http.wire -- http-outgoing-14 << "            "administrador": "false",[\n]"
14:57:21.349 [main] DEBUG org.apache.http.wire -- http-outgoing-14 << "            "_id": "Z6oGofIdEpr59ksb"[\n]"
14:57:21.349 [main] DEBUG org.apache.http.wire -- http-outgoing-14 << "        },[\n]"
14:57:21.349 [main] DEBUG org.apache.http.wire -- http-outgoing-14 << "        {[\n]"
14:57:21.349 [main] DEBUG org.apache.http.wire -- http-outgoing-14 << "            "nome": "Usuario B",[\n]"
14:57:21.349 [main] DEBUG org.apache.http.wire -- http-outgoing-14 << "            "email": "qa.a3527c62@example.com",[\n]"
14:57:21.349 [main] DEBUG org.apache.http.wire -- http-outgoing-14 << "            "password": "Pwd@123",[\n]"
14:57:21.349 [main] DEBUG org.apache.http.wire -- http-outgoing-14 << "            "administrador": "true",[\n]"
14:57:21.349 [main] DEBUG org.apache.http.wire -- http-outgoing-14 << "            "_id": "Z77FwZxn14vr2r8L"[\n]"
14:57:21.349 [main] DEBUG org.apache.http.wire -- http-outgoing-14 << "        },[\n]"
14:57:21.349 [main] DEBUG org.apache.http.wire -- http-outgoing-14 << "        {[\n]"
14:57:21.349 [main] DEBUG org.apache.http.wire -- http-outgoing-14 << "            "nome": "Usuario B",[\n]"
14:57:21.349 [main] DEBUG org.apache.http.wire -- http-outgoing-14 << "            "email": "user_ef8159de@mail.com",[\n]"
14:57:21.349 [main] DEBUG org.apache.http.wire -- http-outgoing-14 << "            "password": "Pwd@123",[\n]"
14:57:21.349 [main] DEBUG org.apache.http.wire -- http-outgoing-14 << "            "administrador": "true",[\n]"
14:57:21.349 [main] DEBUG org.apache.http.wire -- http-outgoing-14 << "            "_id": "Z89iA4cwomXHk3CW"[\n]"
14:57:21.349 [main] DEBUG org.apache.http.wire -- http-outgoing-14 << "        },[\n]"
14:57:21.349 [main] DEBUG org.apache.http.wire -- http-outgoing-14 << "        {[\n]"
14:57:21.349 [main] DEBUG org.apache.http.wire -- http-outgoing-14 << "            "nome": "CartUser",[\n]"
14:57:21.349 [main] DEBUG org.apache.http.wire -- http-outgoing-14 << "            "email": "newuser_26798@example.com",[\n]"
14:57:21.349 [main] DEBUG org.apache.http.wire -- http-outgoing-14 << "            "password": "pass123",[\n]"
14:57:21.349 [main] DEBUG org.apache.http.wire -- http-outgoing-14 << "            "administrador": "false",[\n]"
14:57:21.349 [main] DEBUG org.apache.http.wire -- http-outgoing-14 << "            "_id": "ZBsGvoELcG39X"
14:57:21.349 [main] DEBUG org.apache.http.wire -- http-outgoing-14 << "sub"[\n]"
14:57:21.349 [main] DEBUG org.apache.http.wire -- http-outgoing-14 << "        },[\n]"
14:57:21.349 [main] DEBUG org.apache.http.wire -- http-outgoing-14 << "        {[\n]"
14:57:21.349 [main] DEBUG org.apache.http.wire -- http-outgoing-14 << "            "nome": "Usuario B",[\n]"
14:57:21.349 [main] DEBUG org.apache.http.wire -- http-outgoing-14 << "            "email": "user_d4872b4c@mail.com",[\n]"
14:57:21.349 [main] DEBUG org.apache.http.wire -- http-outgoing-14 << "            "password": "Pwd@123",[\n]"
14:57:21.349 [main] DEBUG org.apache.http.wire -- http-outgoing-14 << "            "administrador": "true",[\n]"
14:57:21.349 [main] DEBUG org.apache.http.wire -- http-outgoing-14 << "            "_id": "ZtHrf2b54MrvibJk"[\n]"
14:57:21.349 [main] DEBUG org.apache.http.wire -- http-outgoing-14 << "        },[\n]"
14:57:21.349 [main] DEBUG org.apache.http.wire -- http-outgoing-14 << "        {[\n]"
14:57:21.349 [main] DEBUG org.apache.http.wire -- http-outgoing-14 << "            "nome": "Rodolfo Douglas",[\n]"
14:57:21.349 [main] DEBUG org.apache.http.wire -- http-outgoing-14 << "            "email": "Lisette.Miller@gmail.com",[\n]"
14:57:21.349 [main] DEBUG org.apache.http.wire -- http-outgoing-14 << "            "password": "CIlX9YVMo1RLxb_",[\n]"
14:57:21.349 [main] DEBUG org.apache.http.wire -- http-outgoing-14 << "            "adm"
14:57:21.349 [main] DEBUG org.apache.http.wire -- http-outgoing-14 << "inistrador": "false",[\n]"
14:57:21.349 [main] DEBUG org.apache.http.wire -- http-outgoing-14 << "            "_id": "a5DfBrdXBIgAawYH"[\n]"
14:57:21.349 [main] DEBUG org.apache.http.wire -- http-outgoing-14 << "        },[\n]"
14:57:21.349 [main] DEBUG org.apache.http.wire -- http-outgoing-14 << "        {[\n]"
14:57:21.349 [main] DEBUG org.apache.http.wire -- http-outgoing-14 << "            "nome": "Test User",[\n]"
14:57:21.349 [main] DEBUG org.apache.http.wire -- http-outgoing-14 << "            "email": "testuser_1756645431433@example.com",[\n]"
14:57:21.349 [main] DEBUG org.apache.http.wire -- http-outgoing-14 << "            "password": "TestPassword123",[\n]"
14:57:21.349 [main] DEBUG org.apache.http.wire -- http-outgoing-14 << "            "administrador": "false",[\n]"
14:57:21.350 [main] DEBUG org.apache.http.wire -- http-outgoing-14 << "            "_id": "aAfwb1KNqh9agNMs"[\n]"
14:57:21.350 [main] DEBUG org.apache.http.wire -- http-outgoing-14 << "        },[\n]"
14:57:21.350 [main] DEBUG org.apache.http.wire -- http-outgoing-14 << "        {[\n]"
14:57:21.350 [main] DEBUG org.apache.http.wire -- http-outgoing-14 << "            "nome": "CartUser",[\n]"
14:57:21.350 [main] DEBUG org.apache.http.wire -- http-outgoing-14 << "            "email": "newuser_16289@example.com",[\n]"
14:57:21.350 [main] DEBUG org.apache.http.wire -- http-outgoing-14 << "            "password": "pass123",[\n]"
14:57:21.350 [main] DEBUG org.apache.http.wire -- http-outgoing-14 << "            "administrador": "false",[\n]"
14:57:21.350 [main] DEBUG org.apache.http.wire -- http-outgoing-14 << "            "_id": "aWfKRVXZI8atamDd"[\n]"
14:57:21.350 [main] DEBUG org.apache.http.wire -- http-outgoing-14 << "        },[\n]"
14:57:21.350 [main] DEBUG org.apache.http.wire -- http-outgoing-14 << "        {[\n]"
14:57:21.350 [main] DEBUG org.apache.http.wire -- http-outgoing-14 << "            "nome": "User-a5124",[\n]"
14:57:21.350 [main] DEBUG org.apache.http.wire -- http-outgoing-14 << "            "email": "user_1c1981cd@mail.com",[\n]"
14:57:21.350 [main] DEBUG org.apache.http.wire -- http-outgoing-14 << "            "password": "Pwd@6166",[\n]"
14:57:21.350 [main] DEBUG org.apache.http.wire -- http-outgoing-14 << "            "administrador": "true",[\n]"
14:57:21.350 [main] DEBUG org.apache.http.wire -- http-outgoing-14 << "            "_id": "acQJaW3fj1CKDt0V"[\n]"
14:57:21.350 [main] DEBUG org.apache.http.wire -- http-outgoing-14 << "        },[\n]"
14:57:21.350 [main] DEBUG org.apache.http.wire -- http-outgoing-14 << "        {[\n]"
14:57:21.350 [main] DEBUG org.apache.http.wire -- http-outgoing-14 << "            "nome": "Test User",[\n]"
14:57:21.350 [main] DEBUG org.apache.http.wire -- http-outgoing-14 << "            "email": "testuser_1756662930982@example.com",[\n]"
14:57:21.350 [main] DEBUG org.apache.http.wire -- http-outgoing-14 << "            "password": "TestPassword123",[\n]"
14:57:21.350 [main] DEBUG org.apache.http.wire -- http-outgoing-14 << "            "administrador": "false",[\n]"
14:57:21.350 [main] DEBUG org.apache.http.wire -- http-outgoing-14 << "            "_id": "bAoqB5tU17iTLAj5"[\n]"
14:57:21.350 [main] DEBUG org.apache.http.wire -- http-outgoing-14 << "        },[\n]"
14:57:21.350 [main] DEBUG org.apache.http.wire -- http-outgoing-14 << "        {[\n]"
14:57:21.350 [main] DEBUG org.apache.http.wire -- http-outgoing-14 << "            "nome": "User-ab193",[\n]"
14:57:21.350 [main] DEBUG org.apache.http.wire -- http-outgoing-14 << "            "email"
14:57:21.350 [main] DEBUG org.apache.http.wire -- http-outgoing-14 << "": "user_b19ce3db@mail.com",[\n]"
14:57:21.350 [main] DEBUG org.apache.http.wire -- http-outgoing-14 << "            "password": "Pwd@9fea",[\n]"
14:57:21.350 [main] DEBUG org.apache.http.wire -- http-outgoing-14 << "            "administrador": "true",[\n]"
14:57:21.350 [main] DEBUG org.apache.http.wire -- http-outgoing-14 << "            "_id": "bFUHsHSPV0USsoCo"[\n]"
14:57:21.350 [main] DEBUG org.apache.http.wire -- http-outgoing-14 << "        },[\n]"
14:57:21.350 [main] DEBUG org.apache.http.wire -- http-outgoing-14 << "        {[\n]"
14:57:21.350 [main] DEBUG org.apache.http.wire -- http-outgoing-14 << "            "nome": "User-8c2c0",[\n]"
14:57:21.350 [main] DEBUG org.apache.http.wire -- http-outgoing-14 << "            "email": "user_09277dec@mail.com",[\n]"
14:57:21.350 [main] DEBUG org.apache.http.wire -- http-outgoing-14 << "            "password": "Pwd@d95d",[\n]"
14:57:21.350 [main] DEBUG org.apache.http.wire -- http-outgoing-14 << "            "administrador": "true",[\n]"
14:57:21.350 [main] DEBUG org.apache.http.wire -- http-outgoing-14 << "            "_id": "biZMsecbPKEFoJrn"[\n]"
14:57:21.350 [main] DEBUG org.apache.http.wire -- http-outgoing-14 << "        },[\n]"
14:57:21.350 [main] DEBUG org.apache.http.wire -- http-outgoing-14 << "        {[\n]"
14:57:21.350 [main] DEBUG org.apache.http.wire -- http-outgoing-14 << "          "
14:57:21.351 [main] DEBUG org.apache.http.wire -- http-outgoing-14 << "  "nome": "#(nombre) Editado",[\n]"
14:57:21.352 [main] DEBUG org.apache.http.wire -- http-outgoing-14 << "            "email": "user_1b134639@mail.com",[\n]"
14:57:21.352 [main] DEBUG org.apache.http.wire -- http-outgoing-14 << "            "password": "Pwd@dfcc",[\n]"
14:57:21.352 [main] DEBUG org.apache.http.wire -- http-outgoing-14 << "            "administrador": "true",[\n]"
14:57:21.352 [main] DEBUG org.apache.http.wire -- http-outgoing-14 << "            "_id": "c75wqaVThhUY0mQj"[\n]"
14:57:21.352 [main] DEBUG org.apache.http.wire -- http-outgoing-14 << "        },[\n]"
14:57:21.352 [main] DEBUG org.apache.http.wire -- http-outgoing-14 << "        {[\n]"
14:57:21.352 [main] DEBUG org.apache.http.wire -- http-outgoing-14 << "            "nome": "Automa[0xc3][0xa7][0xc3][0xa3]o Cypress Alterado",[\n]"
14:57:21.352 [main] DEBUG org.apache.http.wire -- http-outgoing-14 << "            "email": "testes1234alterado@qa.com",[\n]"
14:57:21.352 [main] DEBUG org.apache.http.wire -- http-outgoing-14 << "            "password": "teste123",[\n]"
14:57:21.352 [main] DEBUG org.apache.http.wire -- http-outgoing-14 << "            "administrador": "true",[\n]"
14:57:21.352 [main] DEBUG org.apache.http.wire -- http-outgoing-14 << "            "_id": "cONZLyA9yUfDbIPb"[\n]"
14:57:21.352 [main] DEBUG org.apache.http.wire -- http-outgoing-14 << "        },[\n]"
14:57:21.352 [main] DEBUG org.apache.http.wire -- http-outgoing-14 << "        {[\n]"
14:57:21.352 [main] DEBUG org.apache.http.wire -- http-outgoing-14 << "            "nome": "Usuario A",[\n]"
14:57:21.352 [main] DEBUG org.apache.http.wire -- http-outgoing-14 << "            "email": "user_07965041@mail.com",[\n]"
14:57:21.352 [main] DEBUG org.apache.http.wire -- http-outgoing-14 << "            "password": "Pwd@123",[\n]"
14:57:21.352 [main] DEBUG org.apache.http.wire -- http-outgoing-14 << "            "administrador": "true",[\n]"
14:57:21.352 [main] DEBUG org.apache.http.wire -- http-outgoing-14 << "            "_id": "cjYDzALE836CNeGB"[\n]"
14:57:21.352 [main] DEBUG org.apache.http.wire -- http-outgoing-14 << "        },[\n]"
14:57:21.352 [main] DEBUG org.apache.http.wire -- http-outgoing-14 << "        {[\n]"
14:57:21.352 [main] DEBUG org.apache.http.wire -- http-outgoing-14 << "            "nome": "Fulano da Silva",[\n]"
14:57:21.352 [main] DEBUG org.apache.http.wire -- http-outgoing-14 << "            "email": "beltwdrereyano@qa.com.br",[\n]"
14:57:21.352 [main] DEBUG org.apache.http.wire -- http-outgoing-14 << "            "password": "teste",[\n]"
14:57:21.352 [main] DEBUG org.apache.http.wire -- http-outgoing-14 << "            "administrador": "true",[\n]"
14:57:21.352 [main] DEBUG org.apache.http.wire -- http-outgoing-14 << "            "_id": "coGGmWt1z6Dr1gCn"[\n]"
14:57:21.352 [main] DEBUG org.apache.http.wire -- http-outgoing-14 << "        },[\n]"
14:57:21.352 [main] DEBUG org.apache.http.wire -- http-outgoing-14 << "        {[\n]"
14:57:21.352 [main] DEBUG org.apache.http.wire -- http-outgoing-14 << "            "nome": "Fulano SR 001",[\n]"
14:57:21.352 [main] DEBUG org.apache.http.wire -- http-outgoing-14 << "            "email": "teste1756648614112@qa.com.br",[\n]"
14:57:21.352 [main] DEBUG org.apache.http.wire -- http-outgoing-14 << "            "password": "pass001",[\n]"
14:57:21.352 [main] DEBUG org.apache.http.wire -- http-outgoing-14 << "            "administrador""
14:57:21.352 [main] DEBUG org.apache.http.wire -- http-outgoing-14 << ": "true",[\n]"
14:57:21.352 [main] DEBUG org.apache.http.wire -- http-outgoing-14 << "            "_id": "d5o5cPVbp3z9H3AQ"[\n]"
14:57:21.352 [main] DEBUG org.apache.http.wire -- http-outgoing-14 << "        },[\n]"
14:57:21.352 [main] DEBUG org.apache.http.wire -- http-outgoing-14 << "        {[\n]"
14:57:21.352 [main] DEBUG org.apache.http.wire -- http-outgoing-14 << "            "nome": "Usuario B",[\n]"
14:57:21.352 [main] DEBUG org.apache.http.wire -- http-outgoing-14 << "            "email": "qa.6ee9cfd9@example.com",[\n]"
14:57:21.352 [main] DEBUG org.apache.http.wire -- http-outgoing-14 << "            "password": "Pwd@123",[\n]"
14:57:21.352 [main] DEBUG org.apache.http.wire -- http-outgoing-14 << "            "administrador": "true",[\n]"
14:57:21.352 [main] DEBUG org.apache.http.wire -- http-outgoing-14 << "            "_id": "dKjZk5hU9WIMHO"
14:57:21.352 [main] DEBUG org.apache.http.wire -- http-outgoing-14 << "lz"[\n]"
14:57:21.353 [main] DEBUG org.apache.http.wire -- http-outgoing-14 << "        },[\n]"
14:57:21.353 [main] DEBUG org.apache.http.wire -- http-outgoing-14 << "        {[\n]"
14:57:21.353 [main] DEBUG org.apache.http.wire -- http-outgoing-14 << "            "nome": "Test User",[\n]"
14:57:21.353 [main] DEBUG org.apache.http.wire -- http-outgoing-14 << "            "email": "testuser_1756669065792@example.com",[\n]"
14:57:21.353 [main] DEBUG org.apache.http.wire -- http-outgoing-14 << "            "password": "TestPassword123",[\n]"
14:57:21.353 [main] DEBUG org.apache.http.wire -- http-outgoing-14 << "            "administrador": "false",[\n]"
14:57:21.353 [main] DEBUG org.apache.http.wire -- http-outgoing-14 << "            "_id": "dV1O5O7Gsjv9WffJ"[\n]"
14:57:21.353 [main] DEBUG org.apache.http.wire -- http-outgoing-14 << "        },[\n]"
14:57:21.353 [main] DEBUG org.apache.http.wire -- http-outgoing-14 << "        {[\n]"
14:57:21.353 [main] DEBUG org.apache.http.wire -- http-outgoing-14 << "            "nome": "Violet Feest",[\n]"
14:57:21.353 [main] DEBUG org.apache.http.wire -- http-outgoing-14 << "            "email": "Paul_White@yahoo.com",[\n]"
14:57:21.353 [main] DEBUG org.apache.http.wire -- http-outgoing-14 << "            "password": "_YmSv_bKgbc_hwv",[\n]"
14:57:21.353 [main] DEBUG org.apache.http.wire -- http-outgoing-14 << "            "administrador": "false",[\n]"
14:57:21.353 [main] DEBUG org.apache.http.wire -- http-outgoing-14 << "            "_id": "dZ9hF1tQVWDYGEPV"[\n]"
14:57:21.353 [main] DEBUG org.apache.http.wire -- http-outgoing-14 << "        },[\n]"
14:57:21.353 [main] DEBUG org.apache.http.wire -- http-outgoing-14 << "        {[\n]"
14:57:21.353 [main] DEBUG org.apache.http.wire -- http-outgoing-14 << "            "nome": "User-5ec55",[\n]"
14:57:21.353 [main] DEBUG org.apache.http.wire -- http-outgoing-14 << "            "email": "user_004cb97d@mail.com",[\n]"
14:57:21.353 [main] DEBUG org.apache.http.wire -- http-outgoing-14 << "            "password": "Pwd@229b",[\n]"
14:57:21.353 [main] DEBUG org.apache.http.wire -- http-outgoing-14 << "            "administrador": "true",[\n]"
14:57:21.353 [main] DEBUG org.apache.http.wire -- http-outgoing-14 << "            "_id": "dlBh252lGRlCjGI4"[\n]"
14:57:21.353 [main] DEBUG org.apache.http.wire -- http-outgoing-14 << "        },[\n]"
14:57:21.353 [main] DEBUG org.apache.http.wire -- http-outgoing-14 << "        {[\n]"
14:57:21.353 [main] DEBUG org.apache.http.wire -- http-outgoing-14 << "            "nome": "Usuario Duplicado",[\n]"
14:57:21.353 [main] DEBUG org.apache.http.wire -- http-outgoing-14 << "            "email": "duplicado@example.com",[\n]"
14:57:21.353 [main] DEBUG org.apache.http.wire -- http-outgoing-14 << "            "password": "Pwd@123",[\n]"
14:57:21.353 [main] DEBUG org.apache.http.wire -- http-outgoing-14 << "            "administrador": "true",[\n]"
14:57:21.353 [main] DEBUG org.apache.http.wire -- http-outgoing-14 << "            "_id": "e18OcC0FIH8kXdQg"[\n]"
14:57:21.353 [main] DEBUG org.apache.http.wire -- http-outgoing-14 << "        },[\n]"
14:57:21.353 [main] DEBUG org.apache.http.wire -- http-outgoing-14 << "        {[\n]"
14:57:21.353 [main] DEBUG org.apache.http.wire -- http-outgoing-14 << "            "nome": "User-026ef",[\n]"
14:57:21.353 [main] DEBUG org.apache.http.wire -- http-outgoing-14 << "            "email": "user_3b8b859f@mail.com",[\n]"
14:57:21.353 [main] DEBUG org.apache.http.wire -- http-outgoing-14 << "            "password": "Pwd@027d""
14:57:21.353 [main] DEBUG org.apache.http.wire -- http-outgoing-14 << ",[\n]"
14:57:21.353 [main] DEBUG org.apache.http.wire -- http-outgoing-14 << "            "administrador": "true",[\n]"
14:57:21.353 [main] DEBUG org.apache.http.wire -- http-outgoing-14 << "            "_id": "eNv67FgJItlFKB2J"[\n]"
14:57:21.353 [main] DEBUG org.apache.http.wire -- http-outgoing-14 << "        },[\n]"
14:57:21.353 [main] DEBUG org.apache.http.wire -- http-outgoing-14 << "        {[\n]"
14:57:21.353 [main] DEBUG org.apache.http.wire -- http-outgoing-14 << "            "nome": "Maria",[\n]"
14:57:21.353 [main] DEBUG org.apache.http.wire -- http-outgoing-14 << "            "email": "maria1756649144989@qa.com",[\n]"
14:57:21.353 [main] DEBUG org.apache.http.wire -- http-outgoing-14 << "            "password": "pass123",[\n]"
14:57:21.353 [main] DEBUG org.apache.http.wire -- http-outgoing-14 << "            "administrador": "false",[\n]"
14:57:21.353 [main] DEBUG org.apache.http.wire -- http-outgoing-14 << "            "_id": "eQsSfa001pWaOWqQ"[\n]"
14:57:21.353 [main] DEBUG org.apache.http.wire -- http-outgoing-14 << "        },[\n]"
14:57:21.353 [main] DEBUG org.apache.http.wire -- http-outgoing-14 << "        {[\n]"
14:57:21.353 [main] DEBUG org.apache.http.wire -- http-outgoing-14 << "            "nome": "Tommie Jaskolski",[\n]"
14:57:21.353 [main] DEBUG org.apache.http.wire -- http-outgoing-14 << "            "email": "Imani.Kessler"
14:57:21.354 [main] DEBUG org.apache.http.wire -- http-outgoing-14 << "@hotmail.com",[\n]"
14:57:21.354 [main] DEBUG org.apache.http.wire -- http-outgoing-14 << "            "password": "TmvUmtll_OQx4LB",[\n]"
14:57:21.354 [main] DEBUG org.apache.http.wire -- http-outgoing-14 << "            "administrador": "false",[\n]"
14:57:21.354 [main] DEBUG org.apache.http.wire -- http-outgoing-14 << "            "_id": "evFqRoSv5t2OoApE"[\n]"
14:57:21.354 [main] DEBUG org.apache.http.wire -- http-outgoing-14 << "        },[\n]"
14:57:21.354 [main] DEBUG org.apache.http.wire -- http-outgoing-14 << "        {[\n]"
14:57:21.354 [main] DEBUG org.apache.http.wire -- http-outgoing-14 << "            "nome": "Fulano 001",[\n]"
14:57:21.354 [main] DEBUG org.apache.http.wire -- http-outgoing-14 << "            "email": "teste1756645933590@qa.com.br",[\n]"
14:57:21.354 [main] DEBUG org.apache.http.wire -- http-outgoing-14 << "            "password": "pass001",[\n]"
14:57:21.354 [main] DEBUG org.apache.http.wire -- http-outgoing-14 << "            "administrador": "true",[\n]"
14:57:21.354 [main] DEBUG org.apache.http.wire -- http-outgoing-14 << "            "_id": "ewWdbTTCgIt2eNEM"[\n]"
14:57:21.354 [main] DEBUG org.apache.http.wire -- http-outgoing-14 << "        },[\n]"
14:57:21.354 [main] DEBUG org.apache.http.wire -- http-outgoing-14 << "        {[\n]"
14:57:21.354 [main] DEBUG org.apache.http.wire -- http-outgoing-14 << "            "nome": "Fulano da Silva",[\n]"
14:57:21.354 [main] DEBUG org.apache.http.wire -- http-outgoing-14 << "            "email": "rateste@qa.com.br",[\n]"
14:57:21.354 [main] DEBUG org.apache.http.wire -- http-outgoing-14 << "            "password": "741852",[\n]"
14:57:21.354 [main] DEBUG org.apache.http.wire -- http-outgoing-14 << "            "administrador": "true",[\n]"
14:57:21.354 [main] DEBUG org.apache.http.wire -- http-outgoing-14 << "            "_id": "exyK8acK0IKAwhDe"[\n]"
14:57:21.354 [main] DEBUG org.apache.http.wire -- http-outgoing-14 << "        },[\n]"
14:57:21.354 [main] DEBUG org.apache.http.wire -- http-outgoing-14 << "        {[\n]"
14:57:21.354 [main] DEBUG org.apache.http.wire -- http-outgoing-14 << "            "nome": "Fulano da Silva",[\n]"
14:57:21.354 [main] DEBUG org.apache.http.wire -- http-outgoing-14 << "            "email": "lwgb@emailteste.com",[\n]"
14:57:21.354 [main] DEBUG org.apache.http.wire -- http-outgoing-14 << "            "password": "1234",[\n]"
14:57:21.354 [main] DEBUG org.apache.http.wire -- http-outgoing-14 << "            "administrador": "true",[\n]"
14:57:21.354 [main] DEBUG org.apache.http.wire -- http-outgoing-14 << "            "_id": "fTU62j9fvhwKCLSW"[\n]"
14:57:21.354 [main] DEBUG org.apache.http.wire -- http-outgoing-14 << "        },[\n]"
14:57:21.354 [main] DEBUG org.apache.http.wire -- http-outgoing-14 << "        {[\n]"
14:57:21.354 [main] DEBUG org.apache.http.wire -- http-outgoing-14 << "            "nome": "Dr. Mario Kutch",[\n]"
14:57:21.354 [main] DEBUG org.apache.http.wire -- http-outgoing-14 << "            "email": "Sarah_Jerde@yahoo.com",[\n]"
14:57:21.354 [main] DEBUG org.apache.http.wire -- http-outgoing-14 << "            "password": "HdRw5XuFSoe_SO5",[\n]"
14:57:21.354 [main] DEBUG org.apache.http.wire -- http-outgoing-14 << "            "administrador": "false",[\n]"
14:57:21.354 [main] DEBUG org.apache.http.wire -- http-outgoing-14 << "            "_id": "gFPn6Jj2edbpcMdl"[\n]"
14:57:21.354 [main] DEBUG org.apache.http.wire -- http-outgoing-14 << "        },[\n]"
14:57:21.354 [main] DEBUG org.apache.http.wire -- http-outgoing-14 << "        {[\n]"
14:57:21.354 [main] DEBUG org.apache.http.wire -- http-outgoing-14 << "    "
14:57:21.354 [main] DEBUG org.apache.http.wire -- http-outgoing-14 << "        "nome": "User-7df7e",[\n]"
14:57:21.354 [main] DEBUG org.apache.http.wire -- http-outgoing-14 << "            "email": "user_36200577@mail.com",[\n]"
14:57:21.354 [main] DEBUG org.apache.http.wire -- http-outgoing-14 << "            "password": "Pwd@a162",[\n]"
14:57:21.354 [main] DEBUG org.apache.http.wire -- http-outgoing-14 << "            "administrador": "true",[\n]"
14:57:21.354 [main] DEBUG org.apache.http.wire -- http-outgoing-14 << "            "_id": "gRLOJRJtmSL66nDl"[\n]"
14:57:21.354 [main] DEBUG org.apache.http.wire -- http-outgoing-14 << "        },[\n]"
14:57:21.354 [main] DEBUG org.apache.http.wire -- http-outgoing-14 << "        {[\n]"
14:57:21.354 [main] DEBUG org.apache.http.wire -- http-outgoing-14 << "            "nome": "Miles SIlva",[\n]"
14:57:21.354 [main] DEBUG org.apache.http.wire -- http-outgoing-14 << "            "email": "uuuuuuuuuuuu@gmail.com",[\n]"
14:57:21.354 [main] DEBUG org.apache.http.wire -- http-outgoing-14 << "            "password": "wwwwwwww",[\n]"
14:57:21.354 [main] DEBUG org.apache.http.wire -- http-outgoing-14 << "            "administrador": "false",[\n]"
14:57:21.354 [main] DEBUG org.apache.http.wire -- http-outgoing-14 << "            "_id": "
14:57:21.397 [main] DEBUG org.apache.http.wire -- http-outgoing-14 << ""gXAYESfVWg3s9Tiu"[\n]"
14:57:21.397 [main] DEBUG org.apache.http.wire -- http-outgoing-14 << "        },[\n]"
14:57:21.397 [main] DEBUG org.apache.http.wire -- http-outgoing-14 << "        {[\n]"
14:57:21.397 [main] DEBUG org.apache.http.wire -- http-outgoing-14 << "            "nome": "Julio C[0xc3][0xa9]sar Cerv[0xc3][0xa1]ntez",[\n]"
14:57:21.397 [main] DEBUG org.apache.http.wire -- http-outgoing-14 << "            "email": "qa.b745b868@example.com",[\n]"
14:57:21.397 [main] DEBUG org.apache.http.wire -- http-outgoing-14 << "            "password": "Pwd@863799",[\n]"
14:57:21.397 [main] DEBUG org.apache.http.wire -- http-outgoing-14 << "            "administrador": "true",[\n]"
14:57:21.397 [main] DEBUG org.apache.http.wire -- http-outgoing-14 << "            "_id": "gu5wmXYCbzodJfRh"[\n]"
14:57:21.397 [main] DEBUG org.apache.http.wire -- http-outgoing-14 << "        },[\n]"
14:57:21.397 [main] DEBUG org.apache.http.wire -- http-outgoing-14 << "        {[\n]"
14:57:21.397 [main] DEBUG org.apache.http.wire -- http-outgoing-14 << "            "nome": "Fulano SR 001",[\n]"
14:57:21.397 [main] DEBUG org.apache.http.wire -- http-outgoing-14 << "            "email": "teste1756647615027@qa.com.br",[\n]"
14:57:21.397 [main] DEBUG org.apache.http.wire -- http-outgoing-14 << "            "password": "pass001",[\n]"
14:57:21.397 [main] DEBUG org.apache.http.wire -- http-outgoing-14 << "            "administrador": "true",[\n]"
14:57:21.397 [main] DEBUG org.apache.http.wire -- http-outgoing-14 << "            "_id": "hJJllg4vEbJBAioQ"[\n]"
14:57:21.398 [main] DEBUG org.apache.http.wire -- http-outgoing-14 << "        },[\n]"
14:57:21.398 [main] DEBUG org.apache.http.wire -- http-outgoing-14 << "        {[\n]"
14:57:21.398 [main] DEBUG org.apache.http.wire -- http-outgoing-14 << "            "nome": "Usuario A",[\n]"
14:57:21.398 [main] DEBUG org.apache.http.wire -- http-outgoing-14 << "            "email": "user_fd9feb5d@mail.com",[\n]"
14:57:21.398 [main] DEBUG org.apache.http.wire -- http-outgoing-14 << "            "password": "Pwd@123",[\n]"
14:57:21.398 [main] DEBUG org.apache.http.wire -- http-outgoing-14 << "            "administrador": "true",[\n]"
14:57:21.398 [main] DEBUG org.apache.http.wire -- http-outgoing-14 << "            "_id": "hl4AfT9neSNpLObo"[\n]"
14:57:21.398 [main] DEBUG org.apache.http.wire -- http-outgoing-14 << "        },[\n]"
14:57:21.398 [main] DEBUG org.apache.http.wire -- http-outgoing-14 << "        {[\n]"
14:57:21.398 [main] DEBUG org.apache.http.wire -- http-outgoing-14 << "            "nome": "Usuario A",[\n]"
14:57:21.398 [main] DEBUG org.apache.http.wire -- http-outgoing-14 << "            "email": "qa.1756667384348733e@example.com",[\n]"
14:57:21.398 [main] DEBUG org.apache.http.wire -- http-outgoing-14 << "            "password": "Pwd@123",[\n]"
14:57:21.398 [main] DEBUG org.apache.http.wire -- http-outgoing-14 << "            "administrador": "true",[\n]"
14:57:21.398 [main] DEBUG org.apache.http.wire -- http-outgoing-14 << "            "_id": "iA9DKPjgG2VgLMbr"[\n]"
14:57:21.398 [main] DEBUG org.apache.http.wire -- http-outgoing-14 << "        },[\n]"
14:57:21.398 [main] DEBUG org.apache.http.wire -- http-outgoing-14 << "        {[\n]"
14:57:21.398 [main] DEBUG org.apache.http.wire -- http-outgoing-14 << "            "nome": "Fulano SR 001",[\n]"
14:57:21.398 [main] DEBUG org.apache.http.wire -- http-outgoing-14 << "            "email": "teste1756649390344@qa.com.br",[\n]"
14:57:21.398 [main] DEBUG org.apache.http.wire -- http-outgoing-14 << "            "
14:57:21.398 [main] DEBUG org.apache.http.wire -- http-outgoing-14 << ""password": "pass001",[\n]"
14:57:21.398 [main] DEBUG org.apache.http.wire -- http-outgoing-14 << "            "administrador": "true",[\n]"
14:57:21.398 [main] DEBUG org.apache.http.wire -- http-outgoing-14 << "            "_id": "iBpgXt110wWDvtUP"[\n]"
14:57:21.398 [main] DEBUG org.apache.http.wire -- http-outgoing-14 << "        },[\n]"
14:57:21.398 [main] DEBUG org.apache.http.wire -- http-outgoing-14 << "        {[\n]"
14:57:21.398 [main] DEBUG org.apache.http.wire -- http-outgoing-14 << "            "nome": "Automa[0xc3][0xa7][0xc3][0xa3]o Cypress",[\n]"
14:57:21.398 [main] DEBUG org.apache.http.wire -- http-outgoing-14 << "            "email": "testes123@qa.com",[\n]"
14:57:21.398 [main] DEBUG org.apache.http.wire -- http-outgoing-14 << "            "password": "teste",[\n]"
14:57:21.398 [main] DEBUG org.apache.http.wire -- http-outgoing-14 << "            "adminis"
14:57:21.398 [main] DEBUG org.apache.http.wire -- http-outgoing-14 << "trador": "true",[\n]"
14:57:21.398 [main] DEBUG org.apache.http.wire -- http-outgoing-14 << "            "_id": "jDwjvmNce62QcvDF"[\n]"
14:57:21.398 [main] DEBUG org.apache.http.wire -- http-outgoing-14 << "        },[\n]"
14:57:21.398 [main] DEBUG org.apache.http.wire -- http-outgoing-14 << "        {[\n]"
14:57:21.398 [main] DEBUG org.apache.http.wire -- http-outgoing-14 << "            "nome": "RZ Teste - API",[\n]"
14:57:21.398 [main] DEBUG org.apache.http.wire -- http-outgoing-14 << "            "email": "danieljackson@example.org",[\n]"
14:57:21.398 [main] DEBUG org.apache.http.wire -- http-outgoing-14 << "            "password": "123456",[\n]"
14:57:21.398 [main] DEBUG org.apache.http.wire -- http-outgoing-14 << "            "administrador": "true",[\n]"
14:57:21.398 [main] DEBUG org.apache.http.wire -- http-outgoing-14 << "            "_id": "jMg2GCNoXASx6uAU"[\n]"
14:57:21.398 [main] DEBUG org.apache.http.wire -- http-outgoing-14 << "        },[\n]"
14:57:21.398 [main] DEBUG org.apache.http.wire -- http-outgoing-14 << "        {[\n]"
14:57:21.398 [main] DEBUG org.apache.http.wire -- http-outgoing-14 << "            "nome": "#(nombre) Editado",[\n]"
14:57:21.398 [main] DEBUG org.apache.http.wire -- http-outgoing-14 << "            "email": "user_a44ecb9b@mail.com",[\n]"
14:57:21.398 [main] DEBUG org.apache.http.wire -- http-outgoing-14 << "            "password": "Pwd@e06c",[\n]"
14:57:21.398 [main] DEBUG org.apache.http.wire -- http-outgoing-14 << "            "administrador": "true",[\n]"
14:57:21.398 [main] DEBUG org.apache.http.wire -- http-outgoing-14 << "            "_id": "jqc0geUNgfmUISnk"[\n]"
14:57:21.398 [main] DEBUG org.apache.http.wire -- http-outgoing-14 << "        },[\n]"
14:57:21.398 [main] DEBUG org.apache.http.wire -- http-outgoing-14 << "        {[\n]"
14:57:21.398 [main] DEBUG org.apache.http.wire -- http-outgoing-14 << "            "nome": "Fulano SR 001",[\n]"
14:57:21.398 [main] DEBUG org.apache.http.wire -- http-outgoing-14 << "            "email": "teste1756648026074@qa.com.br",[\n]"
14:57:21.398 [main] DEBUG org.apache.http.wire -- http-outgoing-14 << "            "password": "pass001",[\n]"
14:57:21.398 [main] DEBUG org.apache.http.wire -- http-outgoing-14 << "            "administrador": "true",[\n]"
14:57:21.398 [main] DEBUG org.apache.http.wire -- http-outgoing-14 << "            "_id": "jqlaRjxEworMvkN4"[\n]"
14:57:21.398 [main] DEBUG org.apache.http.wire -- http-outgoing-14 << "        },[\n]"
14:57:21.398 [main] DEBUG org.apache.http.wire -- http-outgoing-14 << "        {[\n]"
14:57:21.398 [main] DEBUG org.apache.http.wire -- http-outgoing-14 << "            "nome": "Fulano da Silva",[\n]"
14:57:21.398 [main] DEBUG org.apache.http.wire -- http-outgoing-14 << "            "email": "wocs@emailteste.com",[\n]"
14:57:21.398 [main] DEBUG org.apache.http.wire -- http-outgoing-14 << "            "password": "1234",[\n]"
14:57:21.398 [main] DEBUG org.apache.http.wire -- http-outgoing-14 << "            "administrador": "true",[\n]"
14:57:21.398 [main] DEBUG org.apache.http.wire -- http-outgoing-14 << "            "_id": "k6UHfisyZSIbRRdb"[\n]"
14:57:21.398 [main] DEBUG org.apache.http.wire -- http-outgoing-14 << "        },[\n]"
14:57:21.398 [main] DEBUG org.apache.http.wire -- http-outgoing-14 << "        {[\n]"
14:57:21.398 [main] DEBUG org.apache.http.wire -- http-outgoing-14 << "            "nome": "#(nombre) Editado",[\n]"
14:57:21.398 [main] DEBUG org.apache.http.wire -- http-outgoing-14 << "            "email": "user_12fff382@m"
14:57:21.398 [main] DEBUG org.apache.http.wire -- http-outgoing-14 << "ail.com",[\n]"
14:57:21.398 [main] DEBUG org.apache.http.wire -- http-outgoing-14 << "            "password": "Pwd@a92b",[\n]"
14:57:21.398 [main] DEBUG org.apache.http.wire -- http-outgoing-14 << "            "administrador": "true",[\n]"
14:57:21.398 [main] DEBUG org.apache.http.wire -- http-outgoing-14 << "            "_id": "kO2tJkcULHJ8m5aC"[\n]"
14:57:21.398 [main] DEBUG org.apache.http.wire -- http-outgoing-14 << "        },[\n]"
14:57:21.398 [main] DEBUG org.apache.http.wire -- http-outgoing-14 << "        {[\n]"
14:57:21.398 [main] DEBUG org.apache.http.wire -- http-outgoing-14 << "            "nome": "Coverage User",[\n]"
14:57:21.398 [main] DEBUG org.apache.http.wire -- http-outgoing-14 << "            "email": "coverage_1756662939184@example.com",[\n]"
14:57:21.398 [main] DEBUG org.apache.http.wire -- http-outgoing-14 << "            "password": "CoveragePass123",[\n]"
14:57:21.398 [main] DEBUG org.apache.http.wire -- http-outgoing-14 << "            "administrador": "false",[\n]"
14:57:21.398 [main] DEBUG org.apache.http.wire -- http-outgoing-14 << "            "_id": "kjwtIL9CuLo3W4Ib"[\n]"
14:57:21.398 [main] DEBUG org.apache.http.wire -- http-outgoing-14 << "        },[\n]"
14:57:21.398 [main] DEBUG org.apache.http.wire -- http-outgoing-14 << "        {[\n]"
14:57:21.398 [main] DEBUG org.apache.http.wire -- http-outgoing-14 << "      "
14:57:21.399 [main] DEBUG org.apache.http.wire -- http-outgoing-14 << "      "nome": "Mart[0xc3][0xad]n Mar[0xc3][0xad]n",[\n]"
14:57:21.399 [main] DEBUG org.apache.http.wire -- http-outgoing-14 << "            "email": "qa.90107667@example.com",[\n]"
14:57:21.399 [main] DEBUG org.apache.http.wire -- http-outgoing-14 << "            "password": "Pwd@684a13",[\n]"
14:57:21.399 [main] DEBUG org.apache.http.wire -- http-outgoing-14 << "            "administrador": "true",[\n]"
14:57:21.399 [main] DEBUG org.apache.http.wire -- http-outgoing-14 << "            "_id": "kt8NSWDf4LZ1shR3"[\n]"
14:57:21.399 [main] DEBUG org.apache.http.wire -- http-outgoing-14 << "        },[\n]"
14:57:21.399 [main] DEBUG org.apache.http.wire -- http-outgoing-14 << "        {[\n]"
14:57:21.399 [main] DEBUG org.apache.http.wire -- http-outgoing-14 << "            "nome": "Susana Esquibel",[\n]"
14:57:21.399 [main] DEBUG org.apache.http.wire -- http-outgoing-14 << "            "email": "qa.17566675236070caa@example.com",[\n]"
14:57:21.399 [main] DEBUG org.apache.http.wire -- http-outgoing-14 << "            "password": "Pwd@616551",[\n]"
14:57:21.399 [main] DEBUG org.apache.http.wire -- http-outgoing-14 << "            "administrador": "true",[\n]"
14:57:21.399 [main] DEBUG org.apache.http.wire -- http-outgoing-14 << "            "_id": "lc8g4WAtEJYJ5Gq3"[\n]"
14:57:21.399 [main] DEBUG org.apache.http.wire -- http-outgoing-14 << "        },[\n]"
14:57:21.399 [main] DEBUG org.apache.http.wire -- http-outgoing-14 << "        {[\n]"
14:57:21.399 [main] DEBUG org.apache.http.wire -- http-outgoing-14 << "            "nome": "#(nombre) Editado",[\n]"
14:57:21.399 [main] DEBUG org.apache.http.wire -- http-outgoing-14 << "            "email": "qa.1f1831e0@example.com",[\n]"
14:57:21.399 [main] DEBUG org.apache.http.wire -- http-outgoing-14 << "            "password": "Pwd@f658dd",[\n]"
14:57:21.399 [main] DEBUG org.apache.http.wire -- http-outgoing-14 << "            "administrador": "true",[\n]"
14:57:21.399 [main] DEBUG org.apache.http.wire -- http-outgoing-14 << "            "_id": "m5OXPxlCJaola2ey"[\n]"
14:57:21.399 [main] DEBUG org.apache.http.wire -- http-outgoing-14 << "        },[\n]"
14:57:21.399 [main] DEBUG org.apache.http.wire -- http-outgoing-14 << "        {[\n]"
14:57:21.399 [main] DEBUG org.apache.http.wire -- http-outgoing-14 << "            "nome": "Dolores Pedraza",[\n]"
14:57:21.399 [main] DEBUG org.apache.http.wire -- http-outgoing-14 << "            "email": "qa.a177385d@example.com",[\n]"
14:57:21.399 [main] DEBUG org.apache.http.wire -- http-outgoing-14 << "            "password": "Pwd@9c5cc4",[\n]"
14:57:21.399 [main] DEBUG org.apache.http.wire -- http-outgoing-14 << "            "administrador": "true",[\n]"
14:57:21.399 [main] DEBUG org.apache.http.wire -- http-outgoing-14 << "            "_id": "mXUKx0QFukyTYMv4"[\n]"
14:57:21.399 [main] DEBUG org.apache.http.wire -- http-outgoing-14 << "        },[\n]"
14:57:21.399 [main] DEBUG org.apache.http.wire -- http-outgoing-14 << "        {[\n]"
14:57:21.399 [main] DEBUG org.apache.http.wire -- http-outgoing-14 << "            "nome": "Maria",[\n]"
14:57:21.399 [main] DEBUG org.apache.http.wire -- http-outgoing-14 << "            "email": "maria1756645377789@qa.com",[\n]"
14:57:21.399 [main] DEBUG org.apache.http.wire -- http-outgoing-14 << "            "password": "pass123",[\n]"
14:57:21.399 [main] DEBUG org.apache.http.wire -- http-outgoing-14 << "            "administr"
14:57:21.399 [main] DEBUG org.apache.http.wire -- http-outgoing-14 << "ador": "false",[\n]"
14:57:21.399 [main] DEBUG org.apache.http.wire -- http-outgoing-14 << "            "_id": "mZWYX3bvbWE1l8YP"[\n]"
14:57:21.399 [main] DEBUG org.apache.http.wire -- http-outgoing-14 << "        },[\n]"
14:57:21.399 [main] DEBUG org.apache.http.wire -- http-outgoing-14 << "        {[\n]"
14:57:21.399 [main] DEBUG org.apache.http.wire -- http-outgoing-14 << "            "nome": "User-14771",[\n]"
14:57:21.399 [main] DEBUG org.apache.http.wire -- http-outgoing-14 << "            "email": "user_2d371796@mail.com",[\n]"
14:57:21.399 [main] DEBUG org.apache.http.wire -- http-outgoing-14 << "            "password": "Pwd@925c",[\n]"
14:57:21.399 [main] DEBUG org.apache.http.wire -- http-outgoing-14 << "            "administrador": "true",[\n]"
14:57:21.399 [main] DEBUG org.apache.http.wire -- http-outgoing-14 << "            "_id": "mywP65NonP9ZAPPQ"[\n]"
14:57:21.399 [main] DEBUG org.apache.http.wire -- http-outgoing-14 << "        },[\n]"
14:57:21.399 [main] DEBUG org.apache.http.wire -- http-outgoing-14 << "        {[\n]"
14:57:21.399 [main] DEBUG org.apache.http.wire -- http-outgoing-14 << "            "nome": "Ramiro Moore",[\n]"
14:57:21.399 [main] DEBUG org.apache.http.wire -- http-outgoing-14 << "            "email": "Vicky.Parker@yahoo.com",[\n]"
14:57:21.399 [main] DEBUG org.apache.http.wire -- http-outgoing-14 << "            ""
14:57:21.401 [main] DEBUG org.apache.http.wire -- http-outgoing-14 << "password": "TCNUJoElYSkfEjT",[\n]"
14:57:21.401 [main] DEBUG org.apache.http.wire -- http-outgoing-14 << "            "administrador": "false",[\n]"
14:57:21.401 [main] DEBUG org.apache.http.wire -- http-outgoing-14 << "            "_id": "nWYtOj7WPEJGA1EB"[\n]"
14:57:21.401 [main] DEBUG org.apache.http.wire -- http-outgoing-14 << "        },[\n]"
14:57:21.401 [main] DEBUG org.apache.http.wire -- http-outgoing-14 << "        {[\n]"
14:57:21.401 [main] DEBUG org.apache.http.wire -- http-outgoing-14 << "            "nome": "RZ Teste - API",[\n]"
14:57:21.401 [main] DEBUG org.apache.http.wire -- http-outgoing-14 << "            "email": "cookechristina@example.net",[\n]"
14:57:21.401 [main] DEBUG org.apache.http.wire -- http-outgoing-14 << "            "password": "123456",[\n]"
14:57:21.401 [main] DEBUG org.apache.http.wire -- http-outgoing-14 << "            "administrador": "true",[\n]"
14:57:21.401 [main] DEBUG org.apache.http.wire -- http-outgoing-14 << "            "_id": "npj83X3rmhJlGg6i"[\n]"
14:57:21.401 [main] DEBUG org.apache.http.wire -- http-outgoing-14 << "        },[\n]"
14:57:21.401 [main] DEBUG org.apache.http.wire -- http-outgoing-14 << "        {[\n]"
14:57:21.401 [main] DEBUG org.apache.http.wire -- http-outgoing-14 << "            "nome": "Jim Lehner-Labadie",[\n]"
14:57:21.401 [main] DEBUG org.apache.http.wire -- http-outgoing-14 << "            "email": "Carleton.Ortiz11@gmail.com",[\n]"
14:57:21.401 [main] DEBUG org.apache.http.wire -- http-outgoing-14 << "            "password": "WSkJ3T_eG01T25o",[\n]"
14:57:21.401 [main] DEBUG org.apache.http.wire -- http-outgoing-14 << "            "administrador": "false",[\n]"
14:57:21.401 [main] DEBUG org.apache.http.wire -- http-outgoing-14 << "            "_id": "o7Cx3ZA6KkqoGZCN"[\n]"
14:57:21.401 [main] DEBUG org.apache.http.wire -- http-outgoing-14 << "        },[\n]"
14:57:21.401 [main] DEBUG org.apache.http.wire -- http-outgoing-14 << "        {[\n]"
14:57:21.401 [main] DEBUG org.apache.http.wire -- http-outgoing-14 << "            "nome": "Usuario A",[\n]"
14:57:21.401 [main] DEBUG org.apache.http.wire -- http-outgoing-14 << "            "email": "user_047b312c@mail.com",[\n]"
14:57:21.401 [main] DEBUG org.apache.http.wire -- http-outgoing-14 << "            "password": "Pwd@123",[\n]"
14:57:21.401 [main] DEBUG org.apache.http.wire -- http-outgoing-14 << "            "administrador": "true",[\n]"
14:57:21.401 [main] DEBUG org.apache.http.wire -- http-outgoing-14 << "            "_id": "oIe4VmDeN3HhLnTT"[\n]"
14:57:21.401 [main] DEBUG org.apache.http.wire -- http-outgoing-14 << "        },[\n]"
14:57:21.401 [main] DEBUG org.apache.http.wire -- http-outgoing-14 << "        {[\n]"
14:57:21.401 [main] DEBUG org.apache.http.wire -- http-outgoing-14 << "            "nome": "#(nombre) Editado",[\n]"
14:57:21.401 [main] DEBUG org.apache.http.wire -- http-outgoing-14 << "            "email": "qa.49672922@example.com",[\n]"
14:57:21.401 [main] DEBUG org.apache.http.wire -- http-outgoing-14 << "            "password": "Pwd@a7b162",[\n]"
14:57:21.401 [main] DEBUG org.apache.http.wire -- http-outgoing-14 << "            "administrador": "true",[\n]"
14:57:21.401 [main] DEBUG org.apache.http.wire -- http-outgoing-14 << "            "_id": "oKpHsVdfCdNo9zRS"[\n]"
14:57:21.401 [main] DEBUG org.apache.http.wire -- http-outgoing-14 << "        },[\n]"
14:57:21.401 [main] DEBUG org.apache.http.wire -- http-outgoing-14 << "        {[\n]"
14:57:21.401 [main] DEBUG org.apache.http.wire -- http-outgoing-14 << "           "
14:57:21.401 [main] DEBUG org.apache.http.wire -- http-outgoing-14 << " "nome": "Usuario B",[\n]"
14:57:21.401 [main] DEBUG org.apache.http.wire -- http-outgoing-14 << "            "email": "user_67f785b0@mail.com",[\n]"
14:57:21.401 [main] DEBUG org.apache.http.wire -- http-outgoing-14 << "            "password": "Pwd@123",[\n]"
14:57:21.401 [main] DEBUG org.apache.http.wire -- http-outgoing-14 << "            "administrador": "true",[\n]"
14:57:21.401 [main] DEBUG org.apache.http.wire -- http-outgoing-14 << "            "_id": "oXPDb3pVWCnpW77o"[\n]"
14:57:21.401 [main] DEBUG org.apache.http.wire -- http-outgoing-14 << "        },[\n]"
14:57:21.401 [main] DEBUG org.apache.http.wire -- http-outgoing-14 << "        {[\n]"
14:57:21.401 [main] DEBUG org.apache.http.wire -- http-outgoing-14 << "            "nome": "Usuario A",[\n]"
14:57:21.401 [main] DEBUG org.apache.http.wire -- http-outgoing-14 << "            "email": "q"
14:57:21.401 [main] DEBUG org.apache.http.wire -- http-outgoing-14 << "a.3c04b261@example.com",[\n]"
14:57:21.401 [main] DEBUG org.apache.http.wire -- http-outgoing-14 << "            "password": "Pwd@123",[\n]"
14:57:21.401 [main] DEBUG org.apache.http.wire -- http-outgoing-14 << "            "administrador": "true",[\n]"
14:57:21.401 [main] DEBUG org.apache.http.wire -- http-outgoing-14 << "            "_id": "oeB9dbWWa2F8tdmi"[\n]"
14:57:21.401 [main] DEBUG org.apache.http.wire -- http-outgoing-14 << "        },[\n]"
14:57:21.401 [main] DEBUG org.apache.http.wire -- http-outgoing-14 << "        {[\n]"
14:57:21.401 [main] DEBUG org.apache.http.wire -- http-outgoing-14 << "            "nome": "Coverage User",[\n]"
14:57:21.401 [main] DEBUG org.apache.http.wire -- http-outgoing-14 << "            "email": "coverage_1756662903691@example.com",[\n]"
14:57:21.401 [main] DEBUG org.apache.http.wire -- http-outgoing-14 << "            "password": "CoveragePass123",[\n]"
14:57:21.401 [main] DEBUG org.apache.http.wire -- http-outgoing-14 << "            "administrador": "false",[\n]"
14:57:21.401 [main] DEBUG org.apache.http.wire -- http-outgoing-14 << "            "_id": "owUQiEbrapOYB64O"[\n]"
14:57:21.401 [main] DEBUG org.apache.http.wire -- http-outgoing-14 << "        },[\n]"
14:57:21.401 [main] DEBUG org.apache.http.wire -- http-outgoing-14 << "        {[\n]"
14:57:21.401 [main] DEBUG org.apache.http.wire -- http-outgoing-14 << "            "nome": "Fulano SR 001",[\n]"
14:57:21.401 [main] DEBUG org.apache.http.wire -- http-outgoing-14 << "            "email": "teste1756648163535@qa.com.br",[\n]"
14:57:21.401 [main] DEBUG org.apache.http.wire -- http-outgoing-14 << "            "password": "pass001",[\n]"
14:57:21.401 [main] DEBUG org.apache.http.wire -- http-outgoing-14 << "            "administrador": "true",[\n]"
14:57:21.401 [main] DEBUG org.apache.http.wire -- http-outgoing-14 << "            "_id": "p4oNf6ao2n2zkhX3"[\n]"
14:57:21.401 [main] DEBUG org.apache.http.wire -- http-outgoing-14 << "        },[\n]"
14:57:21.401 [main] DEBUG org.apache.http.wire -- http-outgoing-14 << "        {[\n]"
14:57:21.401 [main] DEBUG org.apache.http.wire -- http-outgoing-14 << "            "nome": "Usuario A",[\n]"
14:57:21.401 [main] DEBUG org.apache.http.wire -- http-outgoing-14 << "            "email": "qa.17566675200080253@example.com",[\n]"
14:57:21.401 [main] DEBUG org.apache.http.wire -- http-outgoing-14 << "            "password": "Pwd@123",[\n]"
14:57:21.401 [main] DEBUG org.apache.http.wire -- http-outgoing-14 << "            "administrador": "true",[\n]"
14:57:21.401 [main] DEBUG org.apache.http.wire -- http-outgoing-14 << "            "_id": "pAWTfqIOEPakeZVD"[\n]"
14:57:21.401 [main] DEBUG org.apache.http.wire -- http-outgoing-14 << "        },[\n]"
14:57:21.401 [main] DEBUG org.apache.http.wire -- http-outgoing-14 << "        {[\n]"
14:57:21.401 [main] DEBUG org.apache.http.wire -- http-outgoing-14 << "            "nome": "Rodrigo",[\n]"
14:57:21.401 [main] DEBUG org.apache.http.wire -- http-outgoing-14 << "            "email": "rodrigo@qa.com.br",[\n]"
14:57:21.401 [main] DEBUG org.apache.http.wire -- http-outgoing-14 << "            "password": "teste",[\n]"
14:57:21.401 [main] DEBUG org.apache.http.wire -- http-outgoing-14 << "            "administrador": "true",[\n]"
14:57:21.401 [main] DEBUG org.apache.http.wire -- http-outgoing-14 << "            "_id": "pBofx9L5o6a2qdkS"[\n]"
14:57:21.401 [main] DEBUG org.apache.http.wire -- http-outgoing-14 << "        }"
14:57:21.401 [main] DEBUG org.apache.http.wire -- http-outgoing-14 << ",[\n]"
14:57:21.401 [main] DEBUG org.apache.http.wire -- http-outgoing-14 << "        {[\n]"
14:57:21.401 [main] DEBUG org.apache.http.wire -- http-outgoing-14 << "            "nome": "Sancho Casas",[\n]"
14:57:21.401 [main] DEBUG org.apache.http.wire -- http-outgoing-14 << "            "email": "qa.1756667522500752e@example.com",[\n]"
14:57:21.401 [main] DEBUG org.apache.http.wire -- http-outgoing-14 << "            "password": "Pwd@29c894",[\n]"
14:57:21.401 [main] DEBUG org.apache.http.wire -- http-outgoing-14 << "            "administrador": "true",[\n]"
14:57:21.401 [main] DEBUG org.apache.http.wire -- http-outgoing-14 << "            "_id": "pFNt6F5FOPzGzpkh"[\n]"
14:57:21.401 [main] DEBUG org.apache.http.wire -- http-outgoing-14 << "        },[\n]"
14:57:21.401 [main] DEBUG org.apache.http.wire -- http-outgoing-14 << "        {[\n]"
14:57:21.401 [main] DEBUG org.apache.http.wire -- http-outgoing-14 << "            "nome": "asdf",[\n]"
14:57:21.402 [main] DEBUG org.apache.http.wire -- http-outgoing-14 << "            "email": "asdf@asdf.com",[\n]"
14:57:21.402 [main] DEBUG org.apache.http.wire -- http-outgoing-14 << "            "password": "asdf",[\n]"
14:57:21.402 [main] DEBUG org.apache.http.wire -- http-outgoing-14 << "            "administrador": "false",[\n]"
14:57:21.402 [main] DEBUG org.apache.http.wire -- http-outgoing-14 << "         "
14:57:21.402 [main] DEBUG org.apache.http.wire -- http-outgoing-14 << "   "_id": "pGlfKHEHyjuL5ZpG"[\n]"
14:57:21.402 [main] DEBUG org.apache.http.wire -- http-outgoing-14 << "        },[\n]"
14:57:21.402 [main] DEBUG org.apache.http.wire -- http-outgoing-14 << "        {[\n]"
14:57:21.402 [main] DEBUG org.apache.http.wire -- http-outgoing-14 << "            "nome": "RZ Teste - API",[\n]"
14:57:21.402 [main] DEBUG org.apache.http.wire -- http-outgoing-14 << "            "email": "james07@example.org",[\n]"
14:57:21.402 [main] DEBUG org.apache.http.wire -- http-outgoing-14 << "            "password": "123456",[\n]"
14:57:21.402 [main] DEBUG org.apache.http.wire -- http-outgoing-14 << "            "administrador": "true",[\n]"
14:57:21.402 [main] DEBUG org.apache.http.wire -- http-outgoing-14 << "            "_id": "pZjCcWP3VRMzjIvx"[\n]"
14:57:21.402 [main] DEBUG org.apache.http.wire -- http-outgoing-14 << "        },[\n]"
14:57:21.402 [main] DEBUG org.apache.http.wire -- http-outgoing-14 << "        {[\n]"
14:57:21.402 [main] DEBUG org.apache.http.wire -- http-outgoing-14 << "            "nome": "Usuario B",[\n]"
14:57:21.402 [main] DEBUG org.apache.http.wire -- http-outgoing-14 << "            "email": "user_c5fb0dba@mail.com",[\n]"
14:57:21.402 [main] DEBUG org.apache.http.wire -- http-outgoing-14 << "            "password": "Pwd@123",[\n]"
14:57:21.402 [main] DEBUG org.apache.http.wire -- http-outgoing-14 << "            "administrador": "true",[\n]"
14:57:21.402 [main] DEBUG org.apache.http.wire -- http-outgoing-14 << "            "_id": "pcJPIVOpHPJCHeYB"[\n]"
14:57:21.402 [main] DEBUG org.apache.http.wire -- http-outgoing-14 << "        },[\n]"
14:57:21.402 [main] DEBUG org.apache.http.wire -- http-outgoing-14 << "        {[\n]"
14:57:21.402 [main] DEBUG org.apache.http.wire -- http-outgoing-14 << "            "nome": "Cart User",[\n]"
14:57:21.402 [main] DEBUG org.apache.http.wire -- http-outgoing-14 << "            "email": "cartuser_1756649981123@example.com",[\n]"
14:57:21.402 [main] DEBUG org.apache.http.wire -- http-outgoing-14 << "            "password": "CartPass123",[\n]"
14:57:21.402 [main] DEBUG org.apache.http.wire -- http-outgoing-14 << "            "administrador": "false",[\n]"
14:57:21.402 [main] DEBUG org.apache.http.wire -- http-outgoing-14 << "            "_id": "peA6XPCKzPGOZqCR"[\n]"
14:57:21.402 [main] DEBUG org.apache.http.wire -- http-outgoing-14 << "        },[\n]"
14:57:21.402 [main] DEBUG org.apache.http.wire -- http-outgoing-14 << "        {[\n]"
14:57:21.402 [main] DEBUG org.apache.http.wire -- http-outgoing-14 << "            "nome": "RZ Teste - API",[\n]"
14:57:21.402 [main] DEBUG org.apache.http.wire -- http-outgoing-14 << "            "email": "srose@example.com",[\n]"
14:57:21.402 [main] DEBUG org.apache.http.wire -- http-outgoing-14 << "            "password": "123456",[\n]"
14:57:21.402 [main] DEBUG org.apache.http.wire -- http-outgoing-14 << "            "administrador": "true",[\n]"
14:57:21.402 [main] DEBUG org.apache.http.wire -- http-outgoing-14 << "            "_id": "pohutyeKyPFyMtl8"[\n]"
14:57:21.402 [main] DEBUG org.apache.http.wire -- http-outgoing-14 << "        },[\n]"
14:57:21.402 [main] DEBUG org.apache.http.wire -- http-outgoing-14 << "        {[\n]"
14:57:21.402 [main] DEBUG org.apache.http.wire -- http-outgoing-14 << "            "nome": "#(nombre) Editado",[\n]"
14:57:21.402 [main] DEBUG org.apache.http.wire -- http-outgoing-14 << "            "email": "user_f94a4ad1@mail.com",[\n]"
14:57:21.402 [main] DEBUG org.apache.http.wire -- http-outgoing-14 << "            "password": ""
14:57:21.402 [main] DEBUG org.apache.http.wire -- http-outgoing-14 << "Pwd@df1b",[\n]"
14:57:21.402 [main] DEBUG org.apache.http.wire -- http-outgoing-14 << "            "administrador": "true",[\n]"
14:57:21.402 [main] DEBUG org.apache.http.wire -- http-outgoing-14 << "            "_id": "prVbCHgb7nAubWMF"[\n]"
14:57:21.402 [main] DEBUG org.apache.http.wire -- http-outgoing-14 << "        },[\n]"
14:57:21.402 [main] DEBUG org.apache.http.wire -- http-outgoing-14 << "        {[\n]"
14:57:21.402 [main] DEBUG org.apache.http.wire -- http-outgoing-14 << "            "nome": "Automa[0xc3][0xa7][0xc3][0xa3]o Cypress",[\n]"
14:57:21.402 [main] DEBUG org.apache.http.wire -- http-outgoing-14 << "            "email": "testes1234@qa.com",[\n]"
14:57:21.402 [main] DEBUG org.apache.http.wire -- http-outgoing-14 << "            "password": "teste",[\n]"
14:57:21.402 [main] DEBUG org.apache.http.wire -- http-outgoing-14 << "            "administrador": "true",[\n]"
14:57:21.402 [main] DEBUG org.apache.http.wire -- http-outgoing-14 << "            "_id": "q9fP0uECxji1Gh2V"[\n]"
14:57:21.402 [main] DEBUG org.apache.http.wire -- http-outgoing-14 << "        },[\n]"
14:57:21.402 [main] DEBUG org.apache.http.wire -- http-outgoing-14 << "        {[\n]"
14:57:21.402 [main] DEBUG org.apache.http.wire -- http-outgoing-14 << "            "nome": "#(nombre) Editado",[\n]"
14:57:21.402 [main] DEBUG org.apache.http.wire -- http-outgoing-14 << "            "email": ""
14:57:21.403 [main] DEBUG org.apache.http.wire -- http-outgoing-14 << "user_ec1f50c3@mail.com",[\n]"
14:57:21.403 [main] DEBUG org.apache.http.wire -- http-outgoing-14 << "            "password": "Pwd@4460",[\n]"
14:57:21.403 [main] DEBUG org.apache.http.wire -- http-outgoing-14 << "            "administrador": "true",[\n]"
14:57:21.403 [main] DEBUG org.apache.http.wire -- http-outgoing-14 << "            "_id": "qO00pK0osu98MDdw"[\n]"
14:57:21.403 [main] DEBUG org.apache.http.wire -- http-outgoing-14 << "        },[\n]"
14:57:21.403 [main] DEBUG org.apache.http.wire -- http-outgoing-14 << "        {[\n]"
14:57:21.403 [main] DEBUG org.apache.http.wire -- http-outgoing-14 << "            "nome": "Fulano da Silva",[\n]"
14:57:21.403 [main] DEBUG org.apache.http.wire -- http-outgoing-14 << "            "email": "myks@emailteste.com",[\n]"
14:57:21.403 [main] DEBUG org.apache.http.wire -- http-outgoing-14 << "            "password": "1234",[\n]"
14:57:21.403 [main] DEBUG org.apache.http.wire -- http-outgoing-14 << "            "administrador": "true",[\n]"
14:57:21.403 [main] DEBUG org.apache.http.wire -- http-outgoing-14 << "            "_id": "qcsq4CU3KiGarBHa"[\n]"
14:57:21.403 [main] DEBUG org.apache.http.wire -- http-outgoing-14 << "        },[\n]"
14:57:21.403 [main] DEBUG org.apache.http.wire -- http-outgoing-14 << "        {[\n]"
14:57:21.403 [main] DEBUG org.apache.http.wire -- http-outgoing-14 << "            "nome": "Automa[0xc3][0xa7][0xc3][0xa3]o Cypress Alterado",[\n]"
14:57:21.403 [main] DEBUG org.apache.http.wire -- http-outgoing-14 << "            "email": "testess123yalterado@qa.com",[\n]"
14:57:21.403 [main] DEBUG org.apache.http.wire -- http-outgoing-14 << "            "password": "teste123",[\n]"
14:57:21.403 [main] DEBUG org.apache.http.wire -- http-outgoing-14 << "            "administrador": "true",[\n]"
14:57:21.403 [main] DEBUG org.apache.http.wire -- http-outgoing-14 << "            "_id": "qxeNu1rKmVblOXHW"[\n]"
14:57:21.403 [main] DEBUG org.apache.http.wire -- http-outgoing-14 << "        },[\n]"
14:57:21.403 [main] DEBUG org.apache.http.wire -- http-outgoing-14 << "        {[\n]"
14:57:21.403 [main] DEBUG org.apache.http.wire -- http-outgoing-14 << "            "nome": "Usuario A",[\n]"
14:57:21.403 [main] DEBUG org.apache.http.wire -- http-outgoing-14 << "            "email": "qa.e36a35e4@example.com",[\n]"
14:57:21.403 [main] DEBUG org.apache.http.wire -- http-outgoing-14 << "            "password": "Pwd@123",[\n]"
14:57:21.403 [main] DEBUG org.apache.http.wire -- http-outgoing-14 << "            "administrador": "true",[\n]"
14:57:21.403 [main] DEBUG org.apache.http.wire -- http-outgoing-14 << "            "_id": "r527f0gE6LsPPURz"[\n]"
14:57:21.403 [main] DEBUG org.apache.http.wire -- http-outgoing-14 << "        },[\n]"
14:57:21.403 [main] DEBUG org.apache.http.wire -- http-outgoing-14 << "        {[\n]"
14:57:21.403 [main] DEBUG org.apache.http.wire -- http-outgoing-14 << "            "nome": "Cart User",[\n]"
14:57:21.403 [main] DEBUG org.apache.http.wire -- http-outgoing-14 << "            "email": "cartuser_1756650055606@example.com",[\n]"
14:57:21.403 [main] DEBUG org.apache.http.wire -- http-outgoing-14 << "            "password": "CartPass123",[\n]"
14:57:21.403 [main] DEBUG org.apache.http.wire -- http-outgoing-14 << "            "administrador": "false",[\n]"
14:57:21.403 [main] DEBUG org.apache.http.wire -- http-outgoing-14 << "            "_id": "rHduzOUOwuF0gbmc"[\n]"
14:57:21.403 [main] DEBUG org.apache.http.wire -- http-outgoing-14 << "  "
14:57:21.403 [main] DEBUG org.apache.http.wire -- http-outgoing-14 << "      },[\n]"
14:57:21.403 [main] DEBUG org.apache.http.wire -- http-outgoing-14 << "        {[\n]"
14:57:21.403 [main] DEBUG org.apache.http.wire -- http-outgoing-14 << "            "nome": "Usuario A",[\n]"
14:57:21.403 [main] DEBUG org.apache.http.wire -- http-outgoing-14 << "            "email": "user_ef24d117@mail.com",[\n]"
14:57:21.403 [main] DEBUG org.apache.http.wire -- http-outgoing-14 << "            "password": "Pwd@123",[\n]"
14:57:21.403 [main] DEBUG org.apache.http.wire -- http-outgoing-14 << "            "administrador": "true",[\n]"
14:57:21.403 [main] DEBUG org.apache.http.wire -- http-outgoing-14 << "            "_id": "rJWy9onfSqODRUiW"[\n]"
14:57:21.403 [main] DEBUG org.apache.http.wire -- http-outgoing-14 << "        },[\n]"
14:57:21.403 [main] DEBUG org.apache.http.wire -- http-outgoing-14 << "        {[\n]"
14:57:21.403 [main] DEBUG org.apache.http.wire -- http-outgoing-14 << "            "nome": "Usuar"
14:57:21.403 [main] DEBUG org.apache.http.wire -- http-outgoing-14 << "io A",[\n]"
14:57:21.403 [main] DEBUG org.apache.http.wire -- http-outgoing-14 << "            "email": "qa.1756667313294fd78@example.com",[\n]"
14:57:21.403 [main] DEBUG org.apache.http.wire -- http-outgoing-14 << "            "password": "Pwd@123",[\n]"
14:57:21.403 [main] DEBUG org.apache.http.wire -- http-outgoing-14 << "            "administrador": "true",[\n]"
14:57:21.403 [main] DEBUG org.apache.http.wire -- http-outgoing-14 << "            "_id": "s0264jzl0uzBfIlN"[\n]"
14:57:21.403 [main] DEBUG org.apache.http.wire -- http-outgoing-14 << "        },[\n]"
14:57:21.403 [main] DEBUG org.apache.http.wire -- http-outgoing-14 << "        {[\n]"
14:57:21.403 [main] DEBUG org.apache.http.wire -- http-outgoing-14 << "            "nome": "Usuario A",[\n]"
14:57:21.404 [main] DEBUG org.apache.http.wire -- http-outgoing-14 << "            "email": "user_1a1dc7f1@mail.com",[\n]"
14:57:21.404 [main] DEBUG org.apache.http.wire -- http-outgoing-14 << "            "password": "Pwd@123",[\n]"
14:57:21.404 [main] DEBUG org.apache.http.wire -- http-outgoing-14 << "            "administrador": "true",[\n]"
14:57:21.404 [main] DEBUG org.apache.http.wire -- http-outgoing-14 << "            "_id": "s758Dq3xrHeftwVj"[\n]"
14:57:21.404 [main] DEBUG org.apache.http.wire -- http-outgoing-14 << "        },[\n]"
14:57:21.404 [main] DEBUG org.apache.http.wire -- http-outgoing-14 << "        {[\n]"
14:57:21.404 [main] DEBUG org.apache.http.wire -- http-outgoing-14 << "            "nome": "User-26f2b",[\n]"
14:57:21.404 [main] DEBUG org.apache.http.wire -- http-outgoing-14 << "            "email": "user_65b35bc2@mail.com",[\n]"
14:57:21.404 [main] DEBUG org.apache.http.wire -- http-outgoing-14 << "            "password": "Pwd@9e1f",[\n]"
14:57:21.404 [main] DEBUG org.apache.http.wire -- http-outgoing-14 << "            "administrador": "true",[\n]"
14:57:21.404 [main] DEBUG org.apache.http.wire -- http-outgoing-14 << "            "_id": "s957gTvqH931HfVv"[\n]"
14:57:21.404 [main] DEBUG org.apache.http.wire -- http-outgoing-14 << "        },[\n]"
14:57:21.404 [main] DEBUG org.apache.http.wire -- http-outgoing-14 << "        {[\n]"
14:57:21.404 [main] DEBUG org.apache.http.wire -- http-outgoing-14 << "            "nome": "Usuario A",[\n]"
14:57:21.404 [main] DEBUG org.apache.http.wire -- http-outgoing-14 << "            "email": "qa.197e99c8@example.com",[\n]"
14:57:21.404 [main] DEBUG org.apache.http.wire -- http-outgoing-14 << "            "password": "Pwd@123",[\n]"
14:57:21.404 [main] DEBUG org.apache.http.wire -- http-outgoing-14 << "            "administrador": "true",[\n]"
14:57:21.404 [main] DEBUG org.apache.http.wire -- http-outgoing-14 << "            "_id": "sQFCdxkB8HfISXYY"[\n]"
14:57:21.404 [main] DEBUG org.apache.http.wire -- http-outgoing-14 << "        },[\n]"
14:57:21.404 [main] DEBUG org.apache.http.wire -- http-outgoing-14 << "        {[\n]"
14:57:21.404 [main] DEBUG org.apache.http.wire -- http-outgoing-14 << "            "nome": "TestUser",[\n]"
14:57:21.404 [main] DEBUG org.apache.http.wire -- http-outgoing-14 << "            "email": "newuser_693@example.com",[\n]"
14:57:21.404 [main] DEBUG org.apache.http.wire -- http-outgoing-14 << "            "password": "pass123",[\n]"
14:57:21.404 [main] DEBUG org.apache.http.wire -- http-outgoing-14 << "            "administrador": "false",[\n]"
14:57:21.404 [main] DEBUG org.apache.http.wire -- http-outgoing-14 << "            "_id": "sVtgt4KTgjiQqXK8"[\n]"
14:57:21.404 [main] DEBUG org.apache.http.wire -- http-outgoing-14 << "  "
14:57:21.404 [main] DEBUG org.apache.http.wire -- http-outgoing-14 << "      },[\n]"
14:57:21.404 [main] DEBUG org.apache.http.wire -- http-outgoing-14 << "        {[\n]"
14:57:21.404 [main] DEBUG org.apache.http.wire -- http-outgoing-14 << "            "nome": "Usuario B",[\n]"
14:57:21.404 [main] DEBUG org.apache.http.wire -- http-outgoing-14 << "            "email": "qa.175666731372682dd@example.com",[\n]"
14:57:21.404 [main] DEBUG org.apache.http.wire -- http-outgoing-14 << "            "password": "Pwd@123",[\n]"
14:57:21.404 [main] DEBUG org.apache.http.wire -- http-outgoing-14 << "            "administrador": "true",[\n]"
14:57:21.404 [main] DEBUG org.apache.http.wire -- http-outgoing-14 << "            "_id": "sZZrFucdTInEDzHZ"[\n]"
14:57:21.404 [main] DEBUG org.apache.http.wire -- http-outgoing-14 << "        },[\n]"
14:57:21.404 [main] DEBUG org.apache.http.wire -- http-outgoing-14 << "        {[\n]"
14:57:21.404 [main] DEBUG org.apache.http.wire -- http-outgoing-14 << "            "nome": "Maurine",[\n]"
14:57:21.404 [main] DEBUG org.apache.http.wire -- http-outgoing-14 << "            "email": "Courtney92@hotmail.com",[\n]"
14:57:21.404 [main] DEBUG org.apache.http.wire -- http-outgoing-14 << "            "password": "JFKYwrye315CdSF",[\n]"
14:57:21.404 [main] DEBUG org.apache.http.wire -- http-outgoing-14 << "            "administra"
14:57:21.405 [main] DEBUG org.apache.http.wire -- http-outgoing-14 << "dor": "true",[\n]"
14:57:21.405 [main] DEBUG org.apache.http.wire -- http-outgoing-14 << "            "_id": "sqWJ1TQJ8gYjkRRg"[\n]"
14:57:21.405 [main] DEBUG org.apache.http.wire -- http-outgoing-14 << "        },[\n]"
14:57:21.405 [main] DEBUG org.apache.http.wire -- http-outgoing-14 << "        {[\n]"
14:57:21.405 [main] DEBUG org.apache.http.wire -- http-outgoing-14 << "            "nome": "Register Test",[\n]"
14:57:21.405 [main] DEBUG org.apache.http.wire -- http-outgoing-14 << "            "email": "register_1756645504953@example.com",[\n]"
14:57:21.405 [main] DEBUG org.apache.http.wire -- http-outgoing-14 << "            "password": "RegisterPass123",[\n]"
14:57:21.405 [main] DEBUG org.apache.http.wire -- http-outgoing-14 << "            "administrador": "false",[\n]"
14:57:21.405 [main] DEBUG org.apache.http.wire -- http-outgoing-14 << "            "_id": "szBYfPTOfGRruuHk"[\n]"
14:57:21.405 [main] DEBUG org.apache.http.wire -- http-outgoing-14 << "        },[\n]"
14:57:21.405 [main] DEBUG org.apache.http.wire -- http-outgoing-14 << "        {[\n]"
14:57:21.405 [main] DEBUG org.apache.http.wire -- http-outgoing-14 << "            "nome": "Admin User",[\n]"
14:57:21.405 [main] DEBUG org.apache.http.wire -- http-outgoing-14 << "            "email": "admin_1756662885771@example.com",[\n]"
14:57:21.405 [main] DEBUG org.apache.http.wire -- http-outgoing-14 << "            "password": "admin123",[\n]"
14:57:21.405 [main] DEBUG org.apache.http.wire -- http-outgoing-14 << "            "administrador": "true",[\n]"
14:57:21.405 [main] DEBUG org.apache.http.wire -- http-outgoing-14 << "            "_id": "t1Z7QXTnSpKpvMya"[\n]"
14:57:21.405 [main] DEBUG org.apache.http.wire -- http-outgoing-14 << "        },[\n]"
14:57:21.405 [main] DEBUG org.apache.http.wire -- http-outgoing-14 << "        {[\n]"
14:57:21.405 [main] DEBUG org.apache.http.wire -- http-outgoing-14 << "            "nome": "   ",[\n]"
14:57:21.405 [main] DEBUG org.apache.http.wire -- http-outgoing-14 << "            "email": "ww@eee.com",[\n]"
14:57:21.405 [main] DEBUG org.apache.http.wire -- http-outgoing-14 << "            "password": "   ",[\n]"
14:57:21.405 [main] DEBUG org.apache.http.wire -- http-outgoing-14 << "            "administrador": "false",[\n]"
14:57:21.405 [main] DEBUG org.apache.http.wire -- http-outgoing-14 << "            "_id": "t2BmFKL4ZUItiYHk"[\n]"
14:57:21.405 [main] DEBUG org.apache.http.wire -- http-outgoing-14 << "        },[\n]"
14:57:21.405 [main] DEBUG org.apache.http.wire -- http-outgoing-14 << "        {[\n]"
14:57:21.405 [main] DEBUG org.apache.http.wire -- http-outgoing-14 << "            "nome": "Usuario A",[\n]"
14:57:21.405 [main] DEBUG org.apache.http.wire -- http-outgoing-14 << "            "email": "qa.923b7b48@example.com",[\n]"
14:57:21.405 [main] DEBUG org.apache.http.wire -- http-outgoing-14 << "            "password": "Pwd@123",[\n]"
14:57:21.405 [main] DEBUG org.apache.http.wire -- http-outgoing-14 << "            "administrador": "true",[\n]"
14:57:21.405 [main] DEBUG org.apache.http.wire -- http-outgoing-14 << "            "_id": "t2T330fxSvKF3IBS"[\n]"
14:57:21.405 [main] DEBUG org.apache.http.wire -- http-outgoing-14 << "        },[\n]"
14:57:21.405 [main] DEBUG org.apache.http.wire -- http-outgoing-14 << "        {[\n]"
14:57:21.405 [main] DEBUG org.apache.http.wire -- http-outgoing-14 << "            "nome": "#(nombre) Editado",[\n]"
14:57:21.405 [main] DEBUG org.apache.http.wire -- http-outgoing-14 << "            "email": "user_44fbcaf8@mail.com",[\n]"
14:57:21.405 [main] DEBUG org.apache.http.wire -- http-outgoing-14 << "   "
14:57:21.405 [main] DEBUG org.apache.http.wire -- http-outgoing-14 << "         "password": "Pwd@d7a3",[\n]"
14:57:21.405 [main] DEBUG org.apache.http.wire -- http-outgoing-14 << "            "administrador": "true",[\n]"
14:57:21.405 [main] DEBUG org.apache.http.wire -- http-outgoing-14 << "            "_id": "tH52NEzI4tVD0bQz"[\n]"
14:57:21.405 [main] DEBUG org.apache.http.wire -- http-outgoing-14 << "        },[\n]"
14:57:21.405 [main] DEBUG org.apache.http.wire -- http-outgoing-14 << "        {[\n]"
14:57:21.405 [main] DEBUG org.apache.http.wire -- http-outgoing-14 << "            "nome": "RZ Teste - API",[\n]"
14:57:21.405 [main] DEBUG org.apache.http.wire -- http-outgoing-14 << "            "email": "alexandrapalmer@example.org",[\n]"
14:57:21.405 [main] DEBUG org.apache.http.wire -- http-outgoing-14 << "            "password": "123456",[\n]"
14:57:21.405 [main] DEBUG org.apache.http.wire -- http-outgoing-14 << "            "administrador": "true",[\n]"
14:57:21.405 [main] DEBUG org.apache.http.wire -- http-outgoing-14 << "            "_id": "u8rokho5R7fnqEtv"[\n]"
14:57:21.405 [main] DEBUG org.apache.http.wire -- http-outgoing-14 << "        },[\n]"
14:57:21.405 [main] DEBUG org.apache.http.wire -- http-outgoing-14 << "        {[\n]"
14:57:21.405 [main] DEBUG org.apache.http.wire -- http-outgoing-14 << "            "nome": "#(nombre) Edit"
14:57:21.405 [main] DEBUG org.apache.http.wire -- http-outgoing-14 << "ado",[\n]"
14:57:21.405 [main] DEBUG org.apache.http.wire -- http-outgoing-14 << "            "email": "qa.560e08de@example.com",[\n]"
14:57:21.406 [main] DEBUG org.apache.http.wire -- http-outgoing-14 << "            "password": "Pwd@b66c6e",[\n]"
14:57:21.406 [main] DEBUG org.apache.http.wire -- http-outgoing-14 << "            "administrador": "true",[\n]"
14:57:21.406 [main] DEBUG org.apache.http.wire -- http-outgoing-14 << "            "_id": "uGcAGgtZE7fuxT7C"[\n]"
14:57:21.406 [main] DEBUG org.apache.http.wire -- http-outgoing-14 << "        },[\n]"
14:57:21.406 [main] DEBUG org.apache.http.wire -- http-outgoing-14 << "        {[\n]"
14:57:21.406 [main] DEBUG org.apache.http.wire -- http-outgoing-14 << "            "nome": "Automa[0xc3][0xa7][0xc3][0xa3]o Cypress",[\n]"
14:57:21.406 [main] DEBUG org.apache.http.wire -- http-outgoing-14 << "            "email": "testes@qa.com",[\n]"
14:57:21.406 [main] DEBUG org.apache.http.wire -- http-outgoing-14 << "            "password": "teste",[\n]"
14:57:21.406 [main] DEBUG org.apache.http.wire -- http-outgoing-14 << "            "administrador": "true",[\n]"
14:57:21.406 [main] DEBUG org.apache.http.wire -- http-outgoing-14 << "            "_id": "uOFdt4P2qpXoO0Dy"[\n]"
14:57:21.406 [main] DEBUG org.apache.http.wire -- http-outgoing-14 << "        },[\n]"
14:57:21.406 [main] DEBUG org.apache.http.wire -- http-outgoing-14 << "        {[\n]"
14:57:21.406 [main] DEBUG org.apache.http.wire -- http-outgoing-14 << "            "nome": "User-617ae",[\n]"
14:57:21.406 [main] DEBUG org.apache.http.wire -- http-outgoing-14 << "            "email": "user_1c36362f@mail.com",[\n]"
14:57:21.406 [main] DEBUG org.apache.http.wire -- http-outgoing-14 << "            "password": "Pwd@db53",[\n]"
14:57:21.406 [main] DEBUG org.apache.http.wire -- http-outgoing-14 << "            "administrador": "true",[\n]"
14:57:21.406 [main] DEBUG org.apache.http.wire -- http-outgoing-14 << "            "_id": "uV89pct5L7iOdhpp"[\n]"
14:57:21.406 [main] DEBUG org.apache.http.wire -- http-outgoing-14 << "        },[\n]"
14:57:21.406 [main] DEBUG org.apache.http.wire -- http-outgoing-14 << "        {[\n]"
14:57:21.406 [main] DEBUG org.apache.http.wire -- http-outgoing-14 << "            "nome": "RZ Teste - API",[\n]"
14:57:21.406 [main] DEBUG org.apache.http.wire -- http-outgoing-14 << "            "email": "bwilson@example.net",[\n]"
14:57:21.406 [main] DEBUG org.apache.http.wire -- http-outgoing-14 << "            "password": "123456",[\n]"
14:57:21.406 [main] DEBUG org.apache.http.wire -- http-outgoing-14 << "            "administrador": "true",[\n]"
14:57:21.406 [main] DEBUG org.apache.http.wire -- http-outgoing-14 << "            "_id": "uVIiKzuwspCDPz8d"[\n]"
14:57:21.406 [main] DEBUG org.apache.http.wire -- http-outgoing-14 << "        },[\n]"
14:57:21.406 [main] DEBUG org.apache.http.wire -- http-outgoing-14 << "        {[\n]"
14:57:21.406 [main] DEBUG org.apache.http.wire -- http-outgoing-14 << "            "nome": "tito",[\n]"
14:57:21.406 [main] DEBUG org.apache.http.wire -- http-outgoing-14 << "            "email": "tito@qa.com.br",[\n]"
14:57:21.406 [main] DEBUG org.apache.http.wire -- http-outgoing-14 << "            "password": "teste123",[\n]"
14:57:21.406 [main] DEBUG org.apache.http.wire -- http-outgoing-14 << "            "administrador": "true",[\n]"
14:57:21.406 [main] DEBUG org.apache.http.wire -- http-outgoing-14 << "            "_id": "uYvx0ceI3gHoHLtn"[\n]"
14:57:21.406 [main] DEBUG org.apache.http.wire -- http-outgoing-14 << "        },[\n]"
14:57:21.406 [main] DEBUG org.apache.http.wire -- http-outgoing-14 << "        {[\n]"
14:57:21.406 [main] DEBUG org.apache.http.wire -- http-outgoing-14 << "  "
14:57:21.406 [main] DEBUG org.apache.http.wire -- http-outgoing-14 << "          "nome": "Dayna",[\n]"
14:57:21.406 [main] DEBUG org.apache.http.wire -- http-outgoing-14 << "            "email": "Kamron.Mertz61@hotmail.com",[\n]"
14:57:21.406 [main] DEBUG org.apache.http.wire -- http-outgoing-14 << "            "password": "CIlX9YVMo1RLxb_",[\n]"
14:57:21.406 [main] DEBUG org.apache.http.wire -- http-outgoing-14 << "            "administrador": "true",[\n]"
14:57:21.406 [main] DEBUG org.apache.http.wire -- http-outgoing-14 << "            "_id": "uoOAuTT4trub6Lp0"[\n]"
14:57:21.406 [main] DEBUG org.apache.http.wire -- http-outgoing-14 << "        },[\n]"
14:57:21.406 [main] DEBUG org.apache.http.wire -- http-outgoing-14 << "        {[\n]"
14:57:21.406 [main] DEBUG org.apache.http.wire -- http-outgoing-14 << "            "nome": "#(nombre) Editado""
14:57:21.409 [main] DEBUG org.apache.http.wire -- http-outgoing-14 << ",[\n]"
14:57:21.409 [main] DEBUG org.apache.http.wire -- http-outgoing-14 << "            "email": "user_19c1b1e6@mail.com",[\n]"
14:57:21.409 [main] DEBUG org.apache.http.wire -- http-outgoing-14 << "            "password": "Pwd@acc3",[\n]"
14:57:21.409 [main] DEBUG org.apache.http.wire -- http-outgoing-14 << "            "administrador": "true",[\n]"
14:57:21.409 [main] DEBUG org.apache.http.wire -- http-outgoing-14 << "            "_id": "uukF5St3CWpr0NcJ"[\n]"
14:57:21.409 [main] DEBUG org.apache.http.wire -- http-outgoing-14 << "        },[\n]"
14:57:21.409 [main] DEBUG org.apache.http.wire -- http-outgoing-14 << "        {[\n]"
14:57:21.409 [main] DEBUG org.apache.http.wire -- http-outgoing-14 << "            "nome": "Usuario B",[\n]"
14:57:21.409 [main] DEBUG org.apache.http.wire -- http-outgoing-14 << "            "email": "qa.5684d033@example.com",[\n]"
14:57:21.409 [main] DEBUG org.apache.http.wire -- http-outgoing-14 << "            "password": "Pwd@123",[\n]"
14:57:21.409 [main] DEBUG org.apache.http.wire -- http-outgoing-14 << "            "administrador": "true",[\n]"
14:57:21.409 [main] DEBUG org.apache.http.wire -- http-outgoing-14 << "            "_id": "vGR9pRxUCMVZu2dw"[\n]"
14:57:21.409 [main] DEBUG org.apache.http.wire -- http-outgoing-14 << "        },[\n]"
14:57:21.409 [main] DEBUG org.apache.http.wire -- http-outgoing-14 << "        {[\n]"
14:57:21.409 [main] DEBUG org.apache.http.wire -- http-outgoing-14 << "            "nome": "Test User",[\n]"
14:57:21.409 [main] DEBUG org.apache.http.wire -- http-outgoing-14 << "            "email": "testuser_1756669030233@example.com",[\n]"
14:57:21.409 [main] DEBUG org.apache.http.wire -- http-outgoing-14 << "            "password": "TestPassword123",[\n]"
14:57:21.409 [main] DEBUG org.apache.http.wire -- http-outgoing-14 << "            "administrador": "false",[\n]"
14:57:21.409 [main] DEBUG org.apache.http.wire -- http-outgoing-14 << "            "_id": "vhdu2tmX8gNpxlul"[\n]"
14:57:21.409 [main] DEBUG org.apache.http.wire -- http-outgoing-14 << "        },[\n]"
14:57:21.409 [main] DEBUG org.apache.http.wire -- http-outgoing-14 << "        {[\n]"
14:57:21.409 [main] DEBUG org.apache.http.wire -- http-outgoing-14 << "            "nome": "Maria",[\n]"
14:57:21.409 [main] DEBUG org.apache.http.wire -- http-outgoing-14 << "            "email": "maria1756648613081@qa.com",[\n]"
14:57:21.409 [main] DEBUG org.apache.http.wire -- http-outgoing-14 << "            "password": "pass123",[\n]"
14:57:21.409 [main] DEBUG org.apache.http.wire -- http-outgoing-14 << "            "administrador": "false",[\n]"
14:57:21.409 [main] DEBUG org.apache.http.wire -- http-outgoing-14 << "            "_id": "wK7VIXZhkS1PUJ61"[\n]"
14:57:21.409 [main] DEBUG org.apache.http.wire -- http-outgoing-14 << "        },[\n]"
14:57:21.409 [main] DEBUG org.apache.http.wire -- http-outgoing-14 << "        {[\n]"
14:57:21.409 [main] DEBUG org.apache.http.wire -- http-outgoing-14 << "            "nome": "Automa[0xc3][0xa7][0xc3][0xa3]o Cypress",[\n]"
14:57:21.409 [main] DEBUG org.apache.http.wire -- http-outgoing-14 << "            "email": "testes12@qa.com",[\n]"
14:57:21.409 [main] DEBUG org.apache.http.wire -- http-outgoing-14 << "            "password": "teste",[\n]"
14:57:21.409 [main] DEBUG org.apache.http.wire -- http-outgoing-14 << "            "administrador": "true",[\n]"
14:57:21.409 [main] DEBUG org.apache.http.wire -- http-outgoing-14 << "            "_id": "wYQO1BQDlIn2m9I"
14:57:21.409 [main] DEBUG org.apache.http.wire -- http-outgoing-14 << "g"[\n]"
14:57:21.409 [main] DEBUG org.apache.http.wire -- http-outgoing-14 << "        },[\n]"
14:57:21.409 [main] DEBUG org.apache.http.wire -- http-outgoing-14 << "        {[\n]"
14:57:21.409 [main] DEBUG org.apache.http.wire -- http-outgoing-14 << "            "nome": "#(nombre) Editado",[\n]"
14:57:21.409 [main] DEBUG org.apache.http.wire -- http-outgoing-14 << "            "email": "qa.b869b9be@example.com",[\n]"
14:57:21.409 [main] DEBUG org.apache.http.wire -- http-outgoing-14 << "            "password": "Pwd@f41938",[\n]"
14:57:21.409 [main] DEBUG org.apache.http.wire -- http-outgoing-14 << "            "administrador": "true",[\n]"
14:57:21.409 [main] DEBUG org.apache.http.wire -- http-outgoing-14 << "            "_id": "xepTmZaJ2lCns4Ne"[\n]"
14:57:21.409 [main] DEBUG org.apache.http.wire -- http-outgoing-14 << "        },[\n]"
14:57:21.409 [main] DEBUG org.apache.http.wire -- http-outgoing-14 << "        {[\n]"
14:57:21.409 [main] DEBUG org.apache.http.wire -- http-outgoing-14 << "            "nome": "Douglas",[\n]"
14:57:21.409 [main] DEBUG org.apache.http.wire -- http-outgoing-14 << "            "email": "Jalon_Gottlieb@hotmail.com",[\n]"
14:57:21.409 [main] DEBUG org.apache.http.wire -- http-outgoing-14 << "            "password": "PLx1b4jGIQlIYcm",[\n]"
14:57:21.409 [main] DEBUG org.apache.http.wire -- http-outgoing-14 << "            "
14:57:21.410 [main] DEBUG org.apache.http.wire -- http-outgoing-14 << ""administrador": "true",[\n]"
14:57:21.410 [main] DEBUG org.apache.http.wire -- http-outgoing-14 << "            "_id": "xsmAvqm8z6s4vJMx"[\n]"
14:57:21.410 [main] DEBUG org.apache.http.wire -- http-outgoing-14 << "        },[\n]"
14:57:21.410 [main] DEBUG org.apache.http.wire -- http-outgoing-14 << "        {[\n]"
14:57:21.410 [main] DEBUG org.apache.http.wire -- http-outgoing-14 << "            "nome": "charlles santana",[\n]"
14:57:21.410 [main] DEBUG org.apache.http.wire -- http-outgoing-14 << "            "email": "charllesdsan@gmail.com",[\n]"
14:57:21.410 [main] DEBUG org.apache.http.wire -- http-outgoing-14 << "            "password": "Acesso@001",[\n]"
14:57:21.410 [main] DEBUG org.apache.http.wire -- http-outgoing-14 << "            "administrador": "true",[\n]"
14:57:21.410 [main] DEBUG org.apache.http.wire -- http-outgoing-14 << "            "_id": "ybIeLDqaIf3DJy4Z"[\n]"
14:57:21.410 [main] DEBUG org.apache.http.wire -- http-outgoing-14 << "        },[\n]"
14:57:21.410 [main] DEBUG org.apache.http.wire -- http-outgoing-14 << "        {[\n]"
14:57:21.410 [main] DEBUG org.apache.http.wire -- http-outgoing-14 << "            "nome": "Usuario B",[\n]"
14:57:21.410 [main] DEBUG org.apache.http.wire -- http-outgoing-14 << "            "email": "user_22cc326f@mail.com",[\n]"
14:57:21.410 [main] DEBUG org.apache.http.wire -- http-outgoing-14 << "            "password": "Pwd@123",[\n]"
14:57:21.410 [main] DEBUG org.apache.http.wire -- http-outgoing-14 << "            "administrador": "true",[\n]"
14:57:21.410 [main] DEBUG org.apache.http.wire -- http-outgoing-14 << "            "_id": "ymp3JT76dC3uwh3k"[\n]"
14:57:21.410 [main] DEBUG org.apache.http.wire -- http-outgoing-14 << "        },[\n]"
14:57:21.410 [main] DEBUG org.apache.http.wire -- http-outgoing-14 << "        {[\n]"
14:57:21.410 [main] DEBUG org.apache.http.wire -- http-outgoing-14 << "            "nome": "Fulano SR 001",[\n]"
14:57:21.410 [main] DEBUG org.apache.http.wire -- http-outgoing-14 << "            "email": "teste1756648029020@qa.com.br",[\n]"
14:57:21.410 [main] DEBUG org.apache.http.wire -- http-outgoing-14 << "            "password": "pass001",[\n]"
14:57:21.410 [main] DEBUG org.apache.http.wire -- http-outgoing-14 << "            "administrador": "true",[\n]"
14:57:21.410 [main] DEBUG org.apache.http.wire -- http-outgoing-14 << "            "_id": "ynkAW1XBGpooOwr9"[\n]"
14:57:21.410 [main] DEBUG org.apache.http.wire -- http-outgoing-14 << "        },[\n]"
14:57:21.410 [main] DEBUG org.apache.http.wire -- http-outgoing-14 << "        {[\n]"
14:57:21.410 [main] DEBUG org.apache.http.wire -- http-outgoing-14 << "            "nome": "CartUser",[\n]"
14:57:21.410 [main] DEBUG org.apache.http.wire -- http-outgoing-14 << "            "email": "newuser_26904@example.com",[\n]"
14:57:21.410 [main] DEBUG org.apache.http.wire -- http-outgoing-14 << "            "password": "pass123",[\n]"
14:57:21.410 [main] DEBUG org.apache.http.wire -- http-outgoing-14 << "            "administrador": "false",[\n]"
14:57:21.410 [main] DEBUG org.apache.http.wire -- http-outgoing-14 << "            "_id": "ytgwPqX9cGGs6Jwn"[\n]"
14:57:21.410 [main] DEBUG org.apache.http.wire -- http-outgoing-14 << "        },[\n]"
14:57:21.410 [main] DEBUG org.apache.http.wire -- http-outgoing-14 << "        {[\n]"
14:57:21.410 [main] DEBUG org.apache.http.wire -- http-outgoing-14 << "            "nome": "Joaqu[0xc3][0xad]n Coronado",[\n]"
14:57:21.410 [main] DEBUG org.apache.http.wire -- http-outgoing-14 << "            "email": "qa.662d649"
14:57:21.410 [main] DEBUG org.apache.http.wire -- http-outgoing-14 << "7@example.com",[\n]"
14:57:21.410 [main] DEBUG org.apache.http.wire -- http-outgoing-14 << "            "password": "Pwd@6de270",[\n]"
14:57:21.410 [main] DEBUG org.apache.http.wire -- http-outgoing-14 << "            "administrador": "true",[\n]"
14:57:21.410 [main] DEBUG org.apache.http.wire -- http-outgoing-14 << "            "_id": "zF4Vd0ygbwMOmf6Q"[\n]"
14:57:21.410 [main] DEBUG org.apache.http.wire -- http-outgoing-14 << "        },[\n]"
14:57:21.410 [main] DEBUG org.apache.http.wire -- http-outgoing-14 << "        {[\n]"
14:57:21.410 [main] DEBUG org.apache.http.wire -- http-outgoing-14 << "            "nome": "Fulano da Silva",[\n]"
14:57:21.410 [main] DEBUG org.apache.http.wire -- http-outgoing-14 << "            "email": "beltwrereyano@qa.com.br",[\n]"
14:57:21.410 [main] DEBUG org.apache.http.wire -- http-outgoing-14 << "            "password": "teste",[\n]"
14:57:21.410 [main] DEBUG org.apache.http.wire -- http-outgoing-14 << "            "administrador": "true",[\n]"
14:57:21.410 [main] DEBUG org.apache.http.wire -- http-outgoing-14 << "            "_id": "zURw3FotBdCcUC4s"[\n]"
14:57:21.410 [main] DEBUG org.apache.http.wire -- http-outgoing-14 << "        },[\n]"
14:57:21.410 [main] DEBUG org.apache.http.wire -- http-outgoing-14 << "        {[\n]"
14:57:21.410 [main] DEBUG org.apache.http.wire -- http-outgoing-14 << "            "nome""
14:57:21.410 [main] DEBUG org.apache.http.wire -- http-outgoing-14 << ": "Michelle Gutmann",[\n]"
14:57:21.410 [main] DEBUG org.apache.http.wire -- http-outgoing-14 << "            "email": "Vilma99@yahoo.com",[\n]"
14:57:21.410 [main] DEBUG org.apache.http.wire -- http-outgoing-14 << "            "password": "uPYIl4IpFFQTH8x",[\n]"
14:57:21.410 [main] DEBUG org.apache.http.wire -- http-outgoing-14 << "            "administrador": "false",[\n]"
14:57:21.410 [main] DEBUG org.apache.http.wire -- http-outgoing-14 << "            "_id": "zXLSpPjp8jOBFhJG"[\n]"
14:57:21.410 [main] DEBUG org.apache.http.wire -- http-outgoing-14 << "        },[\n]"
14:57:21.410 [main] DEBUG org.apache.http.wire -- http-outgoing-14 << "        {[\n]"
14:57:21.410 [main] DEBUG org.apache.http.wire -- http-outgoing-14 << "            "nome": "Register Test",[\n]"
14:57:21.410 [main] DEBUG org.apache.http.wire -- http-outgoing-14 << "            "email": "register_1756662933259@example.com",[\n]"
14:57:21.410 [main] DEBUG org.apache.http.wire -- http-outgoing-14 << "            "password": "RegisterPass123",[\n]"
14:57:21.410 [main] DEBUG org.apache.http.wire -- http-outgoing-14 << "            "administrador": "false",[\n]"
14:57:21.410 [main] DEBUG org.apache.http.wire -- http-outgoing-14 << "            "_id": "zdxhIUIsfXQnymGr"[\n]"
14:57:21.410 [main] DEBUG org.apache.http.wire -- http-outgoing-14 << "        }[\n]"
14:57:21.410 [main] DEBUG org.apache.http.wire -- http-outgoing-14 << "    ][\n]"
14:57:21.410 [main] DEBUG org.apache.http.wire -- http-outgoing-14 << "}"
14:57:21.410 [main] DEBUG org.apache.http.impl.conn.PoolingHttpClientConnectionManager -- Connection [id: 14][route: {s}->https://serverest.dev:443] can be kept alive indefinitely
14:57:21.410 [main] DEBUG org.apache.http.impl.conn.DefaultManagedHttpClientConnection -- http-outgoing-14: set socket timeout to 0
14:57:21.410 [main] DEBUG org.apache.http.impl.conn.PoolingHttpClientConnectionManager -- Connection released: [id: 14][route: {s}->https://serverest.dev:443][total available: 1; route allocated: 1 of 5; total allocated: 1 of 10]
14:57:21.410 [main] DEBUG org.apache.http.impl.conn.PoolingHttpClientConnectionManager -- Connection manager is shutting down
14:57:21.410 [main] DEBUG org.apache.http.impl.conn.DefaultManagedHttpClientConnection -- http-outgoing-14: Close connection
14:57:21.411 [main] DEBUG org.apache.http.impl.conn.PoolingHttpClientConnectionManager -- Connection manager shut down
14:57:21.412 [main] DEBUG com.intuit.karate -- response time in milliseconds: 544
1 < 200
1 < access-control-allow-origin: *
1 < x-dns-prefetch-control: off
1 < x-frame-options: SAMEORIGIN
1 < strict-transport-security: max-age=15552000; includeSubDomains
1 < x-download-options: noopen
1 < x-content-type-options: nosniff
1 < x-xss-protection: 1; mode=block
1 < content-type: application/json; charset=utf-8
1 < x-cloud-trace-context: ce997ef97248f06a55178717979f4431
1 < date: Sun, 31 Aug 2025 19:57:21 GMT
1 < server: Google Frontend
1 < Content-Length: 56500
{
    "quantidade": 258,
    "usuarios": [
        {
            "nome": "Usuario B",
            "email": "user_bbd047f8@mail.com",
            "password": "Pwd@123",
            "administrador": "true",
            "_id": "0I1U0djkp9Bv4Tlp"
        },
        {
            "nome": "Fulano 001",
            "email": "teste1756649044296@qa.com.br",
            "password": "pass001",
            "administrador": "true",
            "_id": "0K4PKMmySEIotW3T"
        },
        {
            "nome": "RZ Teste - API",
            "email": "powellmichele@example.com",
            "password": "123456",
            "administrador": "true",
            "_id": "0dDzQyfSaNPKRAHh"
        },
        {
            "nome": "Usuario A",
            "email": "user_b00c6696@mail.com",
            "password": "Pwd@123",
            "administrador": "true",
            "_id": "0jsWkW6qlwKKqj7d"
        },
        {
            "nome": "Fulano da Silva",
            "email": "fulano@qa.com",
            "password": "teste",
            "administrador": "true",
            "_id": "0uxuPY0cbmQhpEz1"
        },
        {
            "nome": "RZ Teste - API",
            "email": "nleonard@example.org",
            "password": "123456",
            "administrador": "true",
            "_id": "0wUXLhZowEIOqAVg"
        },
        {
            "nome": "TestUser",
            "email": "testuser_1756647297@example.com",
            "password": "pass123",
            "administrador": "false",
            "_id": "16fl18nQERfAVDJs"
        },
        {
            "nome": "Miss Winifred MacGyver",
            "email": "Rosina85@gmail.com",
            "password": "JFKYwrye315CdSF",
            "administrador": "false",
            "_id": "17YbEMn4p4UyeSLz"
        },
        {
            "nome": "Fulano da Silva",
            "email": "beltrereyano@qa.com.br",
            "password": "teste",
            "administrador": "true",
            "_id": "1IXYJGQZGUVsNH7X"
        },
        {
            "nome": "Usuario A",
            "email": "user_68b73985@mail.com",
            "password": "Pwd@123",
            "administrador": "true",
            "_id": "1xmAl0vhsK03iU73"
        },
        {
            "nome": "Coverage User",
            "email": "coverage_1756669074732@example.com",
            "password": "CoveragePass123",
            "administrador": "false",
            "_id": "25zKF8EFqw9ADnrL"
        },
        {
            "nome": "Usuario B",
            "email": "qa.70bd6e71@example.com",
            "password": "Pwd@123",
            "administrador": "true",
            "_id": "2HbUZ5pYkjZvNZIH"
        },
        {
            "nome": "Usuario B",
            "email": "qa.d783c131@example.com",
            "password": "Pwd@123",
            "administrador": "true",
            "_id": "2SGbk0BpmJj9wiIk"
        },
        {
            "nome": "User-014d8",
            "email": "user_c5c920ae@mail.com",
            "password": "Pwd@083b",
            "administrador": "true",
            "_id": "2WkQNKfrx3PktlAI"
        },
        {
            "nome": "Usuario B",
            "email": "user_45f36f59@mail.com",
            "password": "Pwd@123",
            "administrador": "true",
            "_id": "2vmpTiBeoFevyUBp"
        },
        {
            "nome": "Fulano da Silva",
            "email": "pbaw@emailteste.com",
            "password": "1234",
            "administrador": "true",
            "_id": "32furOKbLkNYj2oZ"
        },
        {
            "nome": "Fulano 001",
            "email": "teste1756649144962@qa.com.br",
            "password": "pass001",
            "administrador": "true",
            "_id": "36ZWl2Ai1beiHfhd"
        },
        {
            "nome": "María Luisa Paredes",
            "email": "qa.0a18aa46@example.com",
            "password": "Pwd@9d13fd",
            "administrador": "true",
            "_id": "3ITu8e8CZmsqwtI9"
        },
        {
            "nome": "Adán Saiz",
            "email": "qa.1756667387504411f@example.com",
            "password": "Pwd@0d41b1",
            "administrador": "true",
            "_id": "40TVcf6HBgVamLE4"
        },
        {
            "nome": "#(nombre) Editado",
            "email": "qa.98ebeab3@example.com",
            "password": "Pwd@9e520b",
            "administrador": "true",
            "_id": "44nhvsvj3XakaQrk"
        },
        {
            "nome": "Fulano 001",
            "email": "teste1756646788682@qa.com.br",
            "password": "pass001",
            "administrador": "true",
            "_id": "45XXlu9e8dbM8cSe"
        },
        {
            "nome": "Usuario B",
            "email": "qa.175666738480941f6@example.com",
            "password": "Pwd@123",
            "administrador": "true",
            "_id": "46iTCqD1WYP7xcXU"
        },
        {
            "nome": "Fulano da Silva",
            "email": "beltrano@qa.com.br",
            "password": "teste",
            "administrador": "true",
            "_id": "4ObTsw1yTckhAt0B"
        },
        {
            "nome": "felipe",
            "email": "felipe.barreto@ab-inbev.com",
            "password": "Teste@123",
            "administrador": "false",
            "_id": "4P46X6bwagGyZT1z"
        },
        {
            "nome": "RZ Teste - API",
            "email": "katie82@example.org",
            "password": "123456",
            "administrador": "true",
            "_id": "4cHQGRsDeEHyyPMR"
        },
        {
            "nome": "Fulano 001",
            "email": "teste1756649389457@qa.com.br",
            "password": "pass001",
            "administrador": "true",
            "_id": "4ecjVRp8w95FmkLv"
        },
        {
            "nome": "Ramon Runte",
            "email": "Arielle97@gmail.com",
            "password": "0vwZGVinBHnWMJi",
            "administrador": "false",
            "_id": "4mq7T9b9ApPtlQOn"
        },
        {
            "nome": "Coverage User",
            "email": "coverage_1756669040559@example.com",
            "password": "CoveragePass123",
            "administrador": "false",
            "_id": "4vsJ0L1AKdd8WUrC"
        },
        {
            "nome": "Usuario A",
            "email": "qa.90af6a8f@example.com",
            "password": "Pwd@123",
            "administrador": "true",
            "_id": "4xFO3GVFLq446zlk"
        },
        {
            "nome": "Marco Antonio González",
            "email": "qa.17566673165483882@example.com",
            "password": "Pwd@0463e0",
            "administrador": "true",
            "_id": "4ysbr87EuaYxExzO"
        },
        {
            "nome": "Usuario Crud",
            "email": "usuario.crud4@exemplo.com",
            "password": "123456",
            "administrador": "true",
            "_id": "4zL9gv4iAf5fXflK"
        },
        {
            "nome": "#(nombre) Editado",
            "email": "qa.17566673111141d9a@example.com",
            "password": "Pwd@6b7b47",
            "administrador": "true",
            "_id": "5GfWeRPJAUK1iBiU"
        },
        {
            "nome": "Fulano da Silva",
            "email": "bezo@emailteste.com",
            "password": "1234",
            "administrador": "true",
            "_id": "5PyWZtyUKROHtE3h"
        },
        {
            "nome": "Register Test",
            "email": "register_1756645466375@example.com",
            "password": "RegisterPass123",
            "administrador": "false",
            "_id": "5ZPCUHknwWBvSjdE"
        },
        {
            "nome": "Blanche Bartoletti",
            "email": "Daisy65@yahoo.com",
            "password": "qClFnJMUc7eJsdt",
            "administrador": "false",
            "_id": "5kZ8XucfqVJvbYhd"
        },
        {
            "nome": "Fulano SR 001",
            "email": "teste1756648504789@qa.com.br",
            "password": "pass001",
            "administrador": "true",
            "_id": "688Eu4xa8aLMsywJ"
        },
        {
            "nome": "Usuario B",
            "email": "user_efd88bf4@mail.com",
            "password": "Pwd@123",
            "administrador": "true",
            "_id": "6NXvOLG7lVrBToP5"
        },
        {
            "nome": "User-2903c",
            "email": "user_d4e15d3d@mail.com",
            "password": "Pwd@99b2",
            "administrador": "true",
            "_id": "6ReNxpPHsrlwj3t7"
        },
        {
            "nome": "Fulano da Silva",
            "email": "beltrerano@qa.com.br",
            "password": "teste",
            "administrador": "true",
            "_id": "7LWsDjP2majsK0kH"
        },
        {
            "nome": "Admin User",
            "email": "admin_1756669019120@example.com",
            "password": "admin123",
            "administrador": "true",
            "_id": "7WG3tYQyp2xVo98c"
        },
        {
            "nome": "Coverage User",
            "email": "coverage_1756645471706@example.com",
            "password": "CoveragePass123",
            "administrador": "false",
            "_id": "7Y6qpFkeOBgVEWwN"
        },
        {
            "nome": "Fulano 001",
            "email": "teste1756645584846@qa.com.br",
            "password": "pass001",
            "administrador": "true",
            "_id": "8ga28yAleImOiJB1"
        },
        {
            "nome": "Register Test",
            "email": "register_1756662903051@example.com",
            "password": "RegisterPass123",
            "administrador": "false",
            "_id": "8r1Hc7zivP2G5Dyb"
        },
        {
            "nome": "RZ Teste - API",
            "email": "william60@example.com",
            "password": "123456",
            "administrador": "true",
            "_id": "8tcEZq5tsyDRO7W6"
        },
        {
            "nome": "#(nombre) Editado",
            "email": "qa.17566673830353d9c@example.com",
            "password": "Pwd@2ade68",
            "administrador": "true",
            "_id": "9UULRrUoibVPoQA9"
        },
        {
            "nome": "User-d2132",
            "email": "user_de996d00@mail.com",
            "password": "Pwd@2c77",
            "administrador": "true",
            "_id": "9fSSXhc8Gbj74PQq"
        },
        {
            "nome": "Test User",
            "email": "testuser_1756645463394@example.com",
            "password": "TestPassword123",
            "administrador": "false",
            "_id": "9savR9u7NnpggirX"
        },
        {
            "nome": "Coverage User",
            "email": "coverage_1756645509685@example.com",
            "password": "CoveragePass123",
            "administrador": "false",
            "_id": "9tIokK88iTBBLxyQ"
        },
        {
            "nome": "Cart User",
            "email": "cartuser_1756650181582@example.com",
            "password": "CartPass123",
            "administrador": "false",
            "_id": "AZViFJqzc2fNjfZZ"
        },
        {
            "nome": "Cart User",
            "email": "cartuser_1756649887973@example.com",
            "password": "CartPass123",
            "administrador": "false",
            "_id": "BEcQYCAJy0Nm2hDj"
        },
        {
            "nome": "Automação Cypress Alterado",
            "email": "testess1234alterado@qa.com",
            "password": "teste123",
            "administrador": "true",
            "_id": "Bm7kg4pWG71bDCHd"
        },
        {
            "nome": "CartUser",
            "email": "newuser_3222@example.com",
            "password": "pass123",
            "administrador": "false",
            "_id": "CIRiwrj0anwEkgn1"
        },
        {
            "nome": "Test User",
            "email": "testuser_1756662895953@example.com",
            "password": "TestPassword123",
            "administrador": "false",
            "_id": "CKsL9v7g0ymueEQ7"
        },
        {
            "nome": "Fulano da Silva",
            "email": "oppw@emailteste.com",
            "password": "1234",
            "administrador": "true",
            "_id": "COFqNLVhUFhB8oES"
        },
        {
            "nome": "CartUser",
            "email": "newuser_18171@example.com",
            "password": "pass123",
            "administrador": "false",
            "_id": "CntdxqlgNRGQYqqM"
        },
        {
            "nome": "RZ Teste - API",
            "email": "morgananderson@example.net",
            "password": "123456",
            "administrador": "true",
            "_id": "CswpmUz6C6nibY0l"
        },
        {
            "nome": "Test User",
            "email": "testuser_1756669092199@example.com",
            "password": "TestPassword123",
            "administrador": "false",
            "_id": "DsPquCM8OBsxs6M3"
        },
        {
            "nome": "Register Test",
            "email": "register_1756662972719@example.com",
            "password": "RegisterPass123",
            "administrador": "false",
            "_id": "EBEU79ExC1t8bkf6"
        },
        {
            "nome": "#(nombre) Editado",
            "email": "user_693a6ee9@mail.com",
            "password": "Pwd@a2a0",
            "administrador": "true",
            "_id": "EQcNCTYAog2LwZem"
        },
        {
            "nome": "User-22d11",
            "email": "user_f6375958@mail.com",
            "password": "Pwd@f34e",
            "administrador": "true",
            "_id": "EeQLXfeDiVFjGDdF"
        },
        {
            "nome": "#(nombre) Editado",
            "email": "qa.1756667518664dc33@example.com",
            "password": "Pwd@dc57b4",
            "administrador": "true",
            "_id": "Elc7zmCPuVnRWbpS"
        },
        {
            "nome": "Fulano 001 put",
            "email": "fulano001@qa.com",
            "password": "pass001",
            "administrador": "true",
            "_id": "EovWIB9dvbKSvR0J"
        },
        {
            "nome": "Usuario A",
            "email": "user_c83c806e@mail.com",
            "password": "Pwd@123",
            "administrador": "true",
            "_id": "FF4I1HPRWpA6GgRp"
        },
        {
            "nome": "TestUser",
            "email": "testuser_1756647309@example.com",
            "password": "pass123",
            "administrador": "false",
            "_id": "G33UexHPJltRoNqe"
        },
        {
            "nome": "Admin User",
            "email": "admin_1756645421687@example.com",
            "password": "admin123",
            "administrador": "true",
            "_id": "GRfHAqHYuTx3XyFC"
        },
        {
            "nome": "Fulano da Silva",
            "email": "puoz@emailteste.com",
            "password": "1234",
            "administrador": "true",
            "_id": "GjR60OAvWUKT6pco"
        },
        {
            "nome": "#(nombre) Editado",
            "email": "user_ca2f95a8@mail.com",
            "password": "Pwd@6a25",
            "administrador": "true",
            "_id": "H9B1qxaXmaWxamR3"
        },
        {
            "nome": "Register Test",
            "email": "register_1756669040032@example.com",
            "password": "RegisterPass123",
            "administrador": "false",
            "_id": "HOyxThclEB1aXtDB"
        },
        {
            "nome": "RZ Teste - API",
            "email": "scottstanley@example.org",
            "password": "123456",
            "administrador": "true",
            "_id": "HidSY1QT0srIz94q"
        },
        {
            "nome": "Cart User",
            "email": "cartuser_1756650101182@example.com",
            "password": "CartPass123",
            "administrador": "false",
            "_id": "HtZJsHcvfX0NeCUT"
        },
        {
            "nome": "User-3e8f3",
            "email": "user_9c389234@mail.com",
            "password": "Pwd@ff90",
            "administrador": "true",
            "_id": "I0WMi05iVOckGTkn"
        },
        {
            "nome": "CartUser",
            "email": "newuser_12276@example.com",
            "password": "pass123",
            "administrador": "false",
            "_id": "I5WcKrqR120aEZC8"
        },
        {
            "nome": "RZ Teste - API",
            "email": "johnwilliams@example.com",
            "password": "123456",
            "administrador": "true",
            "_id": "I7g6BLgDv0IDQjo7"
        },
        {
            "nome": "Register Test",
            "email": "register_1756645438991@example.com",
            "password": "RegisterPass123",
            "administrador": "false",
            "_id": "IlPMCw709xqJxkDR"
        },
        {
            "nome": "Wilfred Lang",
            "email": "Maddison47@gmail.com",
            "password": "wt6gPE3dMnCUc62",
            "administrador": "false",
            "_id": "IxDv5jklApHDz2AK"
        },
        {
            "nome": "User-f4e9a",
            "email": "user_e4992366@mail.com",
            "password": "Pwd@ef60",
            "administrador": "true",
            "_id": "JIsu7PfZTXCAtW29"
        },
        {
            "nome": "Test User",
            "email": "testuser_1756662956949@example.com",
            "password": "TestPassword123",
            "administrador": "false",
            "_id": "JT5DBT4FTUnIKFFC"
        },
        {
            "nome": "Automação Cypress",
            "email": "testes1@qa.com",
            "password": "teste",
            "administrador": "true",
            "_id": "Jl9R98SyfoUCFDIF"
        },
        {
            "nome": "Usuario A",
            "email": "qa.f36c8676@example.com",
            "password": "Pwd@123",
            "administrador": "true",
            "_id": "JvPXb7GSkx9QVr0J"
        },
        {
            "nome": "Usuario A",
            "email": "qa.c5ee0b8e@example.com",
            "password": "Pwd@123",
            "administrador": "true",
            "_id": "JzHUtd2swUYy6jvD"
        },
        {
            "nome": "User-7155c",
            "email": "user_b9d3651e@mail.com",
            "password": "Pwd@8332",
            "administrador": "true",
            "_id": "K49gKPKS1qy1Eu7z"
        },
        {
            "nome": "#(nombre) Editado",
            "email": "qa.023e5961@example.com",
            "password": "Pwd@a717b3",
            "administrador": "true",
            "_id": "K50tgsux5sGsjWwM"
        },
        {
            "nome": "User-682a6",
            "email": "user_4b5c48b1@mail.com",
            "password": "Pwd@9cef",
            "administrador": "true",
            "_id": "KiXtYF1F8I2Hepm6"
        },
        {
            "nome": "Lume",
            "email": "many@lume.com",
            "password": "12345",
            "administrador": "false",
            "_id": "KlcuiCyaGNRASXHk"
        },
        {
            "nome": "Fulano SR 001",
            "email": "teste1756648398578@qa.com.br",
            "password": "pass001",
            "administrador": "true",
            "_id": "KqwG3fL1bYL3kf1W"
        },
        {
            "nome": "Automação Cypress",
            "email": "testess1234@qa.com",
            "password": "teste",
            "administrador": "true",
            "_id": "KzqZ13RJcgHQbCJ0"
        },
        {
            "nome": "Cart User",
            "email": "cartuser_1756649861962@example.com",
            "password": "CartPass123",
            "administrador": "false",
            "_id": "LbhHEen011g4MOw6"
        },
        {
            "nome": "Gabriela Mesa",
            "email": "qa.176883db@example.com",
            "password": "Pwd@991162",
            "administrador": "true",
            "_id": "LfRnVnxXzf1LcZIV"
        },
        {
            "nome": "Maria",
            "email": "maria1756649045580@qa.com",
            "password": "pass123",
            "administrador": "false",
            "_id": "Lmxxprh46MUzSPwZ"
        },
        {
            "nome": "User-67ab7",
            "email": "user_73d59c9d@mail.com",
            "password": "Pwd@e201",
            "administrador": "true",
            "_id": "LzcIZnGzUIZjJOvA"
        },
        {
            "nome": "Usuario A",
            "email": "user_2563be32@mail.com",
            "password": "Pwd@123",
            "administrador": "true",
            "_id": "MN1sEVDRfcvOHk8j"
        },
        {
            "nome": "Usuario A",
            "email": "qa.d64812ea@example.com",
            "password": "Pwd@123",
            "administrador": "true",
            "_id": "MVrlYfsk9wmkc9ee"
        },
        {
            "nome": "Francisca Ureña",
            "email": "qa.79cda8c7@example.com",
            "password": "Pwd@f6dedd",
            "administrador": "true",
            "_id": "NLwXxuL604ib4tY0"
        },
        {
            "nome": "Usuario B",
            "email": "user_57ff6dc1@mail.com",
            "password": "Pwd@123",
            "administrador": "true",
            "_id": "Nva8Nnwo2e5jCOZR"
        },
        {
            "nome": "Usuario B",
            "email": "qa.e13f3738@example.com",
            "password": "Pwd@123",
            "administrador": "true",
            "_id": "O9glQCJs7heqo7hc"
        },
        {
            "nome": "Laura Tirado",
            "email": "qa.d041c41f@example.com",
            "password": "Pwd@c944dd",
            "administrador": "true",
            "_id": "OKS3R3OQspEbW7KQ"
        },
        {
            "nome": "Eunice Toy-Cronin",
            "email": "Keanu24@gmail.com",
            "password": "PLx1b4jGIQlIYcm",
            "administrador": "false",
            "_id": "OORRhRscml5301nU"
        },
        {
            "nome": "Ana Corona",
            "email": "qa.1ce2723a@example.com",
            "password": "Pwd@d358d5",
            "administrador": "true",
            "_id": "OeHVQdven3AZ2xWd"
        },
        {
            "nome": "Fulano 001",
            "email": "teste1756646730317@qa.com.br",
            "password": "pass001",
            "administrador": "true",
            "_id": "Ol7GzxWBB34wed3s"
        },
        {
            "nome": "Felipe Ledesma",
            "email": "qa.d8c593ae@example.com",
            "password": "Pwd@48115b",
            "administrador": "true",
            "_id": "P7HltDppxuXMx5uw"
        },
        {
            "nome": "Mirella",
            "email": "pessoa1@gmail.com",
            "password": "12345",
            "administrador": "true",
            "_id": "PK58Y3m7wUiXQ3sQ"
        },
        {
            "nome": "Test Customer",
            "email": "customer@test.com",
            "password": "test123",
            "administrador": "false",
            "_id": "PSWONJT4sTkr5reQ"
        },
        {
            "nome": "Cart User",
            "email": "cartuser_1756650002205@example.com",
            "password": "CartPass123",
            "administrador": "false",
            "_id": "Pc00JeBy57b8S7bx"
        },
        {
            "nome": "#(nombre) Editado",
            "email": "qa.e79de648@example.com",
            "password": "Pwd@230449",
            "administrador": "true",
            "_id": "PemY3PmlrVbXDpaP"
        },
        {
            "nome": "#(nombre) Editado",
            "email": "qa.27a7f19b@example.com",
            "password": "Pwd@c258b8",
            "administrador": "true",
            "_id": "Q3CMB3l3CmOAH0Ta"
        },
        {
            "nome": "Emma Gerhold",
            "email": "Marielle.Bashirian41@yahoo.com",
            "password": "mrLA1TXVI7O0pN6",
            "administrador": "false",
            "_id": "QaTgtxkkzef7hPq6"
        },
        {
            "nome": "Test User",
            "email": "testuser_1756645497094@example.com",
            "password": "TestPassword123",
            "administrador": "false",
            "_id": "Qqevp7gBG64W9b0v"
        },
        {
            "nome": "Usuario produto",
            "email": "user.product1756660991239@test.com.br",
            "password": "teste123",
            "administrador": "true",
            "_id": "QuNfs4WzvYu1KDPA"
        },
        {
            "nome": "Cart User",
            "email": "cartuser_1756650306540@example.com",
            "password": "CartPass123",
            "administrador": "false",
            "_id": "RtdwKbFnvhKynuUJ"
        },
        {
            "nome": "CartUser",
            "email": "newuser_2933@example.com",
            "password": "pass123",
            "administrador": "false",
            "_id": "RwOHGwiKnYxDsTjy"
        },
        {
            "nome": "#(nombre) Editado",
            "email": "qa.9944f2b9@example.com",
            "password": "Pwd@c1add9",
            "administrador": "true",
            "_id": "SCpfStbQbkdLHHEv"
        },
        {
            "nome": "Miles SIlva",
            "email": "teste1@gmail.com",
            "password": "1222",
            "administrador": "false",
            "_id": "SDRW73zy0T2ycnq7"
        },
        {
            "nome": "Usuario admin true login",
            "email": "user.admin.false.login@test.com.br",
            "password": "teste123",
            "administrador": "false",
            "_id": "SLS5NssFaFeisxKM"
        },
        {
            "nome": "Alberto Olivera",
            "email": "qa.ab5df26a@example.com",
            "password": "Pwd@306a01",
            "administrador": "true",
            "_id": "SjloJiRdHIHFGAuM"
        },
        {
            "nome": "Eloisa Almaraz",
            "email": "qa.aab236f0@example.com",
            "password": "Pwd@39e33c",
            "administrador": "true",
            "_id": "Sn43qEgs7JQPmpfV"
        },
        {
            "nome": "#(nombre) Editado",
            "email": "user_d2151c85@mail.com",
            "password": "Pwd@3d86",
            "administrador": "true",
            "_id": "SnPV3fKDIae0eBqh"
        },
        {
            "nome": "Usuario B",
            "email": "qa.cfcc073b@example.com",
            "password": "Pwd@123",
            "administrador": "true",
            "_id": "Sz035p32CkzQ9F5r"
        },
        {
            "nome": "Fulano da Silva",
            "email": "beltranot@qa.com.br",
            "password": "teste",
            "administrador": "true",
            "_id": "TN9PdBpgzWLE43Nr"
        },
        {
            "nome": "jarbas priest",
            "email": "testeiul@gmail.com",
            "password": "1234",
            "administrador": "true",
            "_id": "TpBQsFcf9MjbtFba"
        },
        {
            "nome": "Usuario A",
            "email": "qa.5fb53be3@example.com",
            "password": "Pwd@123",
            "administrador": "true",
            "_id": "UH6HRr99RPWq8GFI"
        },
        {
            "nome": "Guillermo Viera",
            "email": "qa.19dbb0a7@example.com",
            "password": "Pwd@6d237f",
            "administrador": "true",
            "_id": "UH6ShqrEyuzTYDnH"
        },
        {
            "nome": "#(nombre) Editado",
            "email": "user_fa040677@mail.com",
            "password": "Pwd@68a9",
            "administrador": "true",
            "_id": "UIuGRn1TARPU5oLA"
        },
        {
            "nome": "Coverage User",
            "email": "coverage_1756645439803@example.com",
            "password": "CoveragePass123",
            "administrador": "false",
            "_id": "UOfRhZXeYn6FVjS1"
        },
        {
            "nome": "CartUser",
            "email": "newuser_7189@example.com",
            "password": "pass123",
            "administrador": "false",
            "_id": "Udboykvs3gPwMIQG"
        },
        {
            "nome": "Usuario B",
            "email": "user_95772446@mail.com",
            "password": "Pwd@123",
            "administrador": "true",
            "_id": "Un09sT9ZWNDyZyiK"
        },
        {
            "nome": "Coverage User",
            "email": "coverage_1756662976899@example.com",
            "password": "CoveragePass123",
            "administrador": "false",
            "_id": "VKAKC0eacROJGjn8"
        },
        {
            "nome": "Gilberto Rolón",
            "email": "qa.419b7b9e@example.com",
            "password": "Pwd@a24339",
            "administrador": "true",
            "_id": "VKrHLLF9cqNpK4C4"
        },
        {
            "nome": "Usuario B",
            "email": "user_937e055e@mail.com",
            "password": "Pwd@123",
            "administrador": "true",
            "_id": "W2mjF1hz6ZLHqiFB"
        },
        {
            "nome": "Register Test",
            "email": "register_1756669068783@example.com",
            "password": "RegisterPass123",
            "administrador": "false",
            "_id": "W8UkIB4SmGiTTduF"
        },
        {
            "nome": "Usuario B",
            "email": "qa.12d03594@example.com",
            "password": "Pwd@123",
            "administrador": "true",
            "_id": "WCzZmvCQCdxYNHad"
        },
        {
            "nome": "Usuario B",
            "email": "qa.b67a1467@example.com",
            "password": "Pwd@123",
            "administrador": "true",
            "_id": "WXRx3QMiikgJc7dz"
        },
        {
            "nome": "Amely",
            "email": "Eliza67@gmail.com",
            "password": "wt6gPE3dMnCUc62",
            "administrador": "true",
            "_id": "Wsa02Ga1DJTy2aFl"
        },
        {
            "nome": "Marcos Silva",
            "email": "marcos.silva@ab-inbev.com",
            "password": "Teste@123",
            "administrador": "false",
            "_id": "XDsxjzHVkeChXKkU"
        },
        {
            "nome": "Usuario A",
            "email": "user_67167d3b@mail.com",
            "password": "Pwd@123",
            "administrador": "true",
            "_id": "XWCIKKpD12Vxv7Vm"
        },
        {
            "nome": "RZ Teste - API",
            "email": "millssusan@example.com",
            "password": "123456",
            "administrador": "true",
            "_id": "Xa2mdlQt2TTQnDap"
        },
        {
            "nome": "Usuario A",
            "email": "user_23537334@mail.com",
            "password": "Pwd@123",
            "administrador": "true",
            "_id": "XzWYf6UBk0tLwoeX"
        },
        {
            "nome": "REINALDO CORREIA",
            "email": "REINALDOSOFTWARE@YAHOO.COM.BR",
            "password": "12345rei",
            "administrador": "true",
            "_id": "Y7MdA2oJD5LEM1jN"
        },
        {
            "nome": "Arturo Rojo",
            "email": "qa.59a9c601@example.com",
            "password": "Pwd@8ca6e8",
            "administrador": "true",
            "_id": "Y8nzNSTUQjOAouC9"
        },
        {
            "nome": "User-f6d99",
            "email": "user_db0158e7@mail.com",
            "password": "Pwd@1c6f",
            "administrador": "true",
            "_id": "YBe3JHZbljWymLs6"
        },
        {
            "nome": "RZ Teste - API",
            "email": "kaitlyn27@example.org",
            "password": "123456",
            "administrador": "true",
            "_id": "YCNsDweBbcjKNvO1"
        },
        {
            "nome": "Maria",
            "email": "maria1756649389630@qa.com",
            "password": "pass123",
            "administrador": "false",
            "_id": "YEGIEQRHJT9CYZpe"
        },
        {
            "nome": "User-20300",
            "email": "user_82e4847d@mail.com",
            "password": "Pwd@ba05",
            "administrador": "true",
            "_id": "YGtBoiWxNykmaTGz"
        },
        {
            "nome": "Register Test",
            "email": "register_1756669108266@example.com",
            "password": "RegisterPass123",
            "administrador": "false",
            "_id": "YMIITPEOjQLwTWk6"
        },
        {
            "nome": "Antonio Candelaria",
            "email": "qa.6fb771c2@example.com",
            "password": "Pwd@dbee5e",
            "administrador": "true",
            "_id": "YW2mE0V0dw85oBA1"
        },
        {
            "nome": "Fulano SR 001",
            "email": "teste1756649145963@qa.com.br",
            "password": "pass001",
            "administrador": "true",
            "_id": "YX5UvZex3WjQqjqp"
        },
        {
            "nome": "Usuario B",
            "email": "qa.1756667520441a989@example.com",
            "password": "Pwd@123",
            "administrador": "true",
            "_id": "Yd7ufoQGK26VOmoI"
        },
        {
            "nome": "CartUser",
            "email": "newuser_19719@example.com",
            "password": "pass123",
            "administrador": "false",
            "_id": "YdTp1o1rIiwOBOq2"
        },
        {
            "nome": "Naomi Stehr",
            "email": "Donna_Quitzon@yahoo.com",
            "password": "ZWv8a4U2ydHGV6z",
            "administrador": "false",
            "_id": "YeavMuQKEjXU2h6x"
        },
        {
            "nome": "User-c9373",
            "email": "user_a8b62e31@mail.com",
            "password": "Pwd@24d8",
            "administrador": "true",
            "_id": "Ygk7SvO6JaO6GrDV"
        },
        {
            "nome": "User-2f7d0",
            "email": "user_2a22a0cf@mail.com",
            "password": "Pwd@e852",
            "administrador": "true",
            "_id": "Yi3Wb2NhPqS6yMn6"
        },
        {
            "nome": "Coverage User",
            "email": "coverage_1756669111593@example.com",
            "password": "CoveragePass123",
            "administrador": "false",
            "_id": "Z6oGofIdEpr59ksb"
        },
        {
            "nome": "Usuario B",
            "email": "qa.a3527c62@example.com",
            "password": "Pwd@123",
            "administrador": "true",
            "_id": "Z77FwZxn14vr2r8L"
        },
        {
            "nome": "Usuario B",
            "email": "user_ef8159de@mail.com",
            "password": "Pwd@123",
            "administrador": "true",
            "_id": "Z89iA4cwomXHk3CW"
        },
        {
            "nome": "CartUser",
            "email": "newuser_26798@example.com",
            "password": "pass123",
            "administrador": "false",
            "_id": "ZBsGvoELcG39Xsub"
        },
        {
            "nome": "Usuario B",
            "email": "user_d4872b4c@mail.com",
            "password": "Pwd@123",
            "administrador": "true",
            "_id": "ZtHrf2b54MrvibJk"
        },
        {
            "nome": "Rodolfo Douglas",
            "email": "Lisette.Miller@gmail.com",
            "password": "CIlX9YVMo1RLxb_",
            "administrador": "false",
            "_id": "a5DfBrdXBIgAawYH"
        },
        {
            "nome": "Test User",
            "email": "testuser_1756645431433@example.com",
            "password": "TestPassword123",
            "administrador": "false",
            "_id": "aAfwb1KNqh9agNMs"
        },
        {
            "nome": "CartUser",
            "email": "newuser_16289@example.com",
            "password": "pass123",
            "administrador": "false",
            "_id": "aWfKRVXZI8atamDd"
        },
        {
            "nome": "User-a5124",
            "email": "user_1c1981cd@mail.com",
            "password": "Pwd@6166",
            "administrador": "true",
            "_id": "acQJaW3fj1CKDt0V"
        },
        {
            "nome": "Test User",
            "email": "testuser_1756662930982@example.com",
            "password": "TestPassword123",
            "administrador": "false",
            "_id": "bAoqB5tU17iTLAj5"
        },
        {
            "nome": "User-ab193",
            "email": "user_b19ce3db@mail.com",
            "password": "Pwd@9fea",
            "administrador": "true",
            "_id": "bFUHsHSPV0USsoCo"
        },
        {
            "nome": "User-8c2c0",
            "email": "user_09277dec@mail.com",
            "password": "Pwd@d95d",
            "administrador": "true",
            "_id": "biZMsecbPKEFoJrn"
        },
        {
            "nome": "#(nombre) Editado",
            "email": "user_1b134639@mail.com",
            "password": "Pwd@dfcc",
            "administrador": "true",
            "_id": "c75wqaVThhUY0mQj"
        },
        {
            "nome": "Automação Cypress Alterado",
            "email": "testes1234alterado@qa.com",
            "password": "teste123",
            "administrador": "true",
            "_id": "cONZLyA9yUfDbIPb"
        },
        {
            "nome": "Usuario A",
            "email": "user_07965041@mail.com",
            "password": "Pwd@123",
            "administrador": "true",
            "_id": "cjYDzALE836CNeGB"
        },
        {
            "nome": "Fulano da Silva",
            "email": "beltwdrereyano@qa.com.br",
            "password": "teste",
            "administrador": "true",
            "_id": "coGGmWt1z6Dr1gCn"
        },
        {
            "nome": "Fulano SR 001",
            "email": "teste1756648614112@qa.com.br",
            "password": "pass001",
            "administrador": "true",
            "_id": "d5o5cPVbp3z9H3AQ"
        },
        {
            "nome": "Usuario B",
            "email": "qa.6ee9cfd9@example.com",
            "password": "Pwd@123",
            "administrador": "true",
            "_id": "dKjZk5hU9WIMHOlz"
        },
        {
            "nome": "Test User",
            "email": "testuser_1756669065792@example.com",
            "password": "TestPassword123",
            "administrador": "false",
            "_id": "dV1O5O7Gsjv9WffJ"
        },
        {
            "nome": "Violet Feest",
            "email": "Paul_White@yahoo.com",
            "password": "_YmSv_bKgbc_hwv",
            "administrador": "false",
            "_id": "dZ9hF1tQVWDYGEPV"
        },
        {
            "nome": "User-5ec55",
            "email": "user_004cb97d@mail.com",
            "password": "Pwd@229b",
            "administrador": "true",
            "_id": "dlBh252lGRlCjGI4"
        },
        {
            "nome": "Usuario Duplicado",
            "email": "duplicado@example.com",
            "password": "Pwd@123",
            "administrador": "true",
            "_id": "e18OcC0FIH8kXdQg"
        },
        {
            "nome": "User-026ef",
            "email": "user_3b8b859f@mail.com",
            "password": "Pwd@027d",
            "administrador": "true",
            "_id": "eNv67FgJItlFKB2J"
        },
        {
            "nome": "Maria",
            "email": "maria1756649144989@qa.com",
            "password": "pass123",
            "administrador": "false",
            "_id": "eQsSfa001pWaOWqQ"
        },
        {
            "nome": "Tommie Jaskolski",
            "email": "Imani.Kessler@hotmail.com",
            "password": "TmvUmtll_OQx4LB",
            "administrador": "false",
            "_id": "evFqRoSv5t2OoApE"
        },
        {
            "nome": "Fulano 001",
            "email": "teste1756645933590@qa.com.br",
            "password": "pass001",
            "administrador": "true",
            "_id": "ewWdbTTCgIt2eNEM"
        },
        {
            "nome": "Fulano da Silva",
            "email": "rateste@qa.com.br",
            "password": "741852",
            "administrador": "true",
            "_id": "exyK8acK0IKAwhDe"
        },
        {
            "nome": "Fulano da Silva",
            "email": "lwgb@emailteste.com",
            "password": "1234",
            "administrador": "true",
            "_id": "fTU62j9fvhwKCLSW"
        },
        {
            "nome": "Dr. Mario Kutch",
            "email": "Sarah_Jerde@yahoo.com",
            "password": "HdRw5XuFSoe_SO5",
            "administrador": "false",
            "_id": "gFPn6Jj2edbpcMdl"
        },
        {
            "nome": "User-7df7e",
            "email": "user_36200577@mail.com",
            "password": "Pwd@a162",
            "administrador": "true",
            "_id": "gRLOJRJtmSL66nDl"
        },
        {
            "nome": "Miles SIlva",
            "email": "uuuuuuuuuuuu@gmail.com",
            "password": "wwwwwwww",
            "administrador": "false",
            "_id": "gXAYESfVWg3s9Tiu"
        },
        {
            "nome": "Julio César Cervántez",
            "email": "qa.b745b868@example.com",
            "password": "Pwd@863799",
            "administrador": "true",
            "_id": "gu5wmXYCbzodJfRh"
        },
        {
            "nome": "Fulano SR 001",
            "email": "teste1756647615027@qa.com.br",
            "password": "pass001",
            "administrador": "true",
            "_id": "hJJllg4vEbJBAioQ"
        },
        {
            "nome": "Usuario A",
            "email": "user_fd9feb5d@mail.com",
            "password": "Pwd@123",
            "administrador": "true",
            "_id": "hl4AfT9neSNpLObo"
        },
        {
            "nome": "Usuario A",
            "email": "qa.1756667384348733e@example.com",
            "password": "Pwd@123",
            "administrador": "true",
            "_id": "iA9DKPjgG2VgLMbr"
        },
        {
            "nome": "Fulano SR 001",
            "email": "teste1756649390344@qa.com.br",
            "password": "pass001",
            "administrador": "true",
            "_id": "iBpgXt110wWDvtUP"
        },
        {
            "nome": "Automação Cypress",
            "email": "testes123@qa.com",
            "password": "teste",
            "administrador": "true",
            "_id": "jDwjvmNce62QcvDF"
        },
        {
            "nome": "RZ Teste - API",
            "email": "danieljackson@example.org",
            "password": "123456",
            "administrador": "true",
            "_id": "jMg2GCNoXASx6uAU"
        },
        {
            "nome": "#(nombre) Editado",
            "email": "user_a44ecb9b@mail.com",
            "password": "Pwd@e06c",
            "administrador": "true",
            "_id": "jqc0geUNgfmUISnk"
        },
        {
            "nome": "Fulano SR 001",
            "email": "teste1756648026074@qa.com.br",
            "password": "pass001",
            "administrador": "true",
            "_id": "jqlaRjxEworMvkN4"
        },
        {
            "nome": "Fulano da Silva",
            "email": "wocs@emailteste.com",
            "password": "1234",
            "administrador": "true",
            "_id": "k6UHfisyZSIbRRdb"
        },
        {
            "nome": "#(nombre) Editado",
            "email": "user_12fff382@mail.com",
            "password": "Pwd@a92b",
            "administrador": "true",
            "_id": "kO2tJkcULHJ8m5aC"
        },
        {
            "nome": "Coverage User",
            "email": "coverage_1756662939184@example.com",
            "password": "CoveragePass123",
            "administrador": "false",
            "_id": "kjwtIL9CuLo3W4Ib"
        },
        {
            "nome": "Martín Marín",
            "email": "qa.90107667@example.com",
            "password": "Pwd@684a13",
            "administrador": "true",
            "_id": "kt8NSWDf4LZ1shR3"
        },
        {
            "nome": "Susana Esquibel",
            "email": "qa.17566675236070caa@example.com",
            "password": "Pwd@616551",
            "administrador": "true",
            "_id": "lc8g4WAtEJYJ5Gq3"
        },
        {
            "nome": "#(nombre) Editado",
            "email": "qa.1f1831e0@example.com",
            "password": "Pwd@f658dd",
            "administrador": "true",
            "_id": "m5OXPxlCJaola2ey"
        },
        {
            "nome": "Dolores Pedraza",
            "email": "qa.a177385d@example.com",
            "password": "Pwd@9c5cc4",
            "administrador": "true",
            "_id": "mXUKx0QFukyTYMv4"
        },
        {
            "nome": "Maria",
            "email": "maria1756645377789@qa.com",
            "password": "pass123",
            "administrador": "false",
            "_id": "mZWYX3bvbWE1l8YP"
        },
        {
            "nome": "User-14771",
            "email": "user_2d371796@mail.com",
            "password": "Pwd@925c",
            "administrador": "true",
            "_id": "mywP65NonP9ZAPPQ"
        },
        {
            "nome": "Ramiro Moore",
            "email": "Vicky.Parker@yahoo.com",
            "password": "TCNUJoElYSkfEjT",
            "administrador": "false",
            "_id": "nWYtOj7WPEJGA1EB"
        },
        {
            "nome": "RZ Teste - API",
            "email": "cookechristina@example.net",
            "password": "123456",
            "administrador": "true",
            "_id": "npj83X3rmhJlGg6i"
        },
        {
            "nome": "Jim Lehner-Labadie",
            "email": "Carleton.Ortiz11@gmail.com",
            "password": "WSkJ3T_eG01T25o",
            "administrador": "false",
            "_id": "o7Cx3ZA6KkqoGZCN"
        },
        {
            "nome": "Usuario A",
            "email": "user_047b312c@mail.com",
            "password": "Pwd@123",
            "administrador": "true",
            "_id": "oIe4VmDeN3HhLnTT"
        },
        {
            "nome": "#(nombre) Editado",
            "email": "qa.49672922@example.com",
            "password": "Pwd@a7b162",
            "administrador": "true",
            "_id": "oKpHsVdfCdNo9zRS"
        },
        {
            "nome": "Usuario B",
            "email": "user_67f785b0@mail.com",
            "password": "Pwd@123",
            "administrador": "true",
            "_id": "oXPDb3pVWCnpW77o"
        },
        {
            "nome": "Usuario A",
            "email": "qa.3c04b261@example.com",
            "password": "Pwd@123",
            "administrador": "true",
            "_id": "oeB9dbWWa2F8tdmi"
        },
        {
            "nome": "Coverage User",
            "email": "coverage_1756662903691@example.com",
            "password": "CoveragePass123",
            "administrador": "false",
            "_id": "owUQiEbrapOYB64O"
        },
        {
            "nome": "Fulano SR 001",
            "email": "teste1756648163535@qa.com.br",
            "password": "pass001",
            "administrador": "true",
            "_id": "p4oNf6ao2n2zkhX3"
        },
        {
            "nome": "Usuario A",
            "email": "qa.17566675200080253@example.com",
            "password": "Pwd@123",
            "administrador": "true",
            "_id": "pAWTfqIOEPakeZVD"
        },
        {
            "nome": "Rodrigo",
            "email": "rodrigo@qa.com.br",
            "password": "teste",
            "administrador": "true",
            "_id": "pBofx9L5o6a2qdkS"
        },
        {
            "nome": "Sancho Casas",
            "email": "qa.1756667522500752e@example.com",
            "password": "Pwd@29c894",
            "administrador": "true",
            "_id": "pFNt6F5FOPzGzpkh"
        },
        {
            "nome": "asdf",
            "email": "asdf@asdf.com",
            "password": "asdf",
            "administrador": "false",
            "_id": "pGlfKHEHyjuL5ZpG"
        },
        {
            "nome": "RZ Teste - API",
            "email": "james07@example.org",
            "password": "123456",
            "administrador": "true",
            "_id": "pZjCcWP3VRMzjIvx"
        },
        {
            "nome": "Usuario B",
            "email": "user_c5fb0dba@mail.com",
            "password": "Pwd@123",
            "administrador": "true",
            "_id": "pcJPIVOpHPJCHeYB"
        },
        {
            "nome": "Cart User",
            "email": "cartuser_1756649981123@example.com",
            "password": "CartPass123",
            "administrador": "false",
            "_id": "peA6XPCKzPGOZqCR"
        },
        {
            "nome": "RZ Teste - API",
            "email": "srose@example.com",
            "password": "123456",
            "administrador": "true",
            "_id": "pohutyeKyPFyMtl8"
        },
        {
            "nome": "#(nombre) Editado",
            "email": "user_f94a4ad1@mail.com",
            "password": "Pwd@df1b",
            "administrador": "true",
            "_id": "prVbCHgb7nAubWMF"
        },
        {
            "nome": "Automação Cypress",
            "email": "testes1234@qa.com",
            "password": "teste",
            "administrador": "true",
            "_id": "q9fP0uECxji1Gh2V"
        },
        {
            "nome": "#(nombre) Editado",
            "email": "user_ec1f50c3@mail.com",
            "password": "Pwd@4460",
            "administrador": "true",
            "_id": "qO00pK0osu98MDdw"
        },
        {
            "nome": "Fulano da Silva",
            "email": "myks@emailteste.com",
            "password": "1234",
            "administrador": "true",
            "_id": "qcsq4CU3KiGarBHa"
        },
        {
            "nome": "Automação Cypress Alterado",
            "email": "testess123yalterado@qa.com",
            "password": "teste123",
            "administrador": "true",
            "_id": "qxeNu1rKmVblOXHW"
        },
        {
            "nome": "Usuario A",
            "email": "qa.e36a35e4@example.com",
            "password": "Pwd@123",
            "administrador": "true",
            "_id": "r527f0gE6LsPPURz"
        },
        {
            "nome": "Cart User",
            "email": "cartuser_1756650055606@example.com",
            "password": "CartPass123",
            "administrador": "false",
            "_id": "rHduzOUOwuF0gbmc"
        },
        {
            "nome": "Usuario A",
            "email": "user_ef24d117@mail.com",
            "password": "Pwd@123",
            "administrador": "true",
            "_id": "rJWy9onfSqODRUiW"
        },
        {
            "nome": "Usuario A",
            "email": "qa.1756667313294fd78@example.com",
            "password": "Pwd@123",
            "administrador": "true",
            "_id": "s0264jzl0uzBfIlN"
        },
        {
            "nome": "Usuario A",
            "email": "user_1a1dc7f1@mail.com",
            "password": "Pwd@123",
            "administrador": "true",
            "_id": "s758Dq3xrHeftwVj"
        },
        {
            "nome": "User-26f2b",
            "email": "user_65b35bc2@mail.com",
            "password": "Pwd@9e1f",
            "administrador": "true",
            "_id": "s957gTvqH931HfVv"
        },
        {
            "nome": "Usuario A",
            "email": "qa.197e99c8@example.com",
            "password": "Pwd@123",
            "administrador": "true",
            "_id": "sQFCdxkB8HfISXYY"
        },
        {
            "nome": "TestUser",
            "email": "newuser_693@example.com",
            "password": "pass123",
            "administrador": "false",
            "_id": "sVtgt4KTgjiQqXK8"
        },
        {
            "nome": "Usuario B",
            "email": "qa.175666731372682dd@example.com",
            "password": "Pwd@123",
            "administrador": "true",
            "_id": "sZZrFucdTInEDzHZ"
        },
        {
            "nome": "Maurine",
            "email": "Courtney92@hotmail.com",
            "password": "JFKYwrye315CdSF",
            "administrador": "true",
            "_id": "sqWJ1TQJ8gYjkRRg"
        },
        {
            "nome": "Register Test",
            "email": "register_1756645504953@example.com",
            "password": "RegisterPass123",
            "administrador": "false",
            "_id": "szBYfPTOfGRruuHk"
        },
        {
            "nome": "Admin User",
            "email": "admin_1756662885771@example.com",
            "password": "admin123",
            "administrador": "true",
            "_id": "t1Z7QXTnSpKpvMya"
        },
        {
            "nome": "   ",
            "email": "ww@eee.com",
            "password": "   ",
            "administrador": "false",
            "_id": "t2BmFKL4ZUItiYHk"
        },
        {
            "nome": "Usuario A",
            "email": "qa.923b7b48@example.com",
            "password": "Pwd@123",
            "administrador": "true",
            "_id": "t2T330fxSvKF3IBS"
        },
        {
            "nome": "#(nombre) Editado",
            "email": "user_44fbcaf8@mail.com",
            "password": "Pwd@d7a3",
            "administrador": "true",
            "_id": "tH52NEzI4tVD0bQz"
        },
        {
            "nome": "RZ Teste - API",
            "email": "alexandrapalmer@example.org",
            "password": "123456",
            "administrador": "true",
            "_id": "u8rokho5R7fnqEtv"
        },
        {
            "nome": "#(nombre) Editado",
            "email": "qa.560e08de@example.com",
            "password": "Pwd@b66c6e",
            "administrador": "true",
            "_id": "uGcAGgtZE7fuxT7C"
        },
        {
            "nome": "Automação Cypress",
            "email": "testes@qa.com",
            "password": "teste",
            "administrador": "true",
            "_id": "uOFdt4P2qpXoO0Dy"
        },
        {
            "nome": "User-617ae",
            "email": "user_1c36362f@mail.com",
            "password": "Pwd@db53",
            "administrador": "true",
            "_id": "uV89pct5L7iOdhpp"
        },
        {
            "nome": "RZ Teste - API",
            "email": "bwilson@example.net",
            "password": "123456",
            "administrador": "true",
            "_id": "uVIiKzuwspCDPz8d"
        },
        {
            "nome": "tito",
            "email": "tito@qa.com.br",
            "password": "teste123",
            "administrador": "true",
            "_id": "uYvx0ceI3gHoHLtn"
        },
        {
            "nome": "Dayna",
            "email": "Kamron.Mertz61@hotmail.com",
            "password": "CIlX9YVMo1RLxb_",
            "administrador": "true",
            "_id": "uoOAuTT4trub6Lp0"
        },
        {
            "nome": "#(nombre) Editado",
            "email": "user_19c1b1e6@mail.com",
            "password": "Pwd@acc3",
            "administrador": "true",
            "_id": "uukF5St3CWpr0NcJ"
        },
        {
            "nome": "Usuario B",
            "email": "qa.5684d033@example.com",
            "password": "Pwd@123",
            "administrador": "true",
            "_id": "vGR9pRxUCMVZu2dw"
        },
        {
            "nome": "Test User",
            "email": "testuser_1756669030233@example.com",
            "password": "TestPassword123",
            "administrador": "false",
            "_id": "vhdu2tmX8gNpxlul"
        },
        {
            "nome": "Maria",
            "email": "maria1756648613081@qa.com",
            "password": "pass123",
            "administrador": "false",
            "_id": "wK7VIXZhkS1PUJ61"
        },
        {
            "nome": "Automação Cypress",
            "email": "testes12@qa.com",
            "password": "teste",
            "administrador": "true",
            "_id": "wYQO1BQDlIn2m9Ig"
        },
        {
            "nome": "#(nombre) Editado",
            "email": "qa.b869b9be@example.com",
            "password": "Pwd@f41938",
            "administrador": "true",
            "_id": "xepTmZaJ2lCns4Ne"
        },
        {
            "nome": "Douglas",
            "email": "Jalon_Gottlieb@hotmail.com",
            "password": "PLx1b4jGIQlIYcm",
            "administrador": "true",
            "_id": "xsmAvqm8z6s4vJMx"
        },
        {
            "nome": "charlles santana",
            "email": "charllesdsan@gmail.com",
            "password": "Acesso@001",
            "administrador": "true",
            "_id": "ybIeLDqaIf3DJy4Z"
        },
        {
            "nome": "Usuario B",
            "email": "user_22cc326f@mail.com",
            "password": "Pwd@123",
            "administrador": "true",
            "_id": "ymp3JT76dC3uwh3k"
        },
        {
            "nome": "Fulano SR 001",
            "email": "teste1756648029020@qa.com.br",
            "password": "pass001",
            "administrador": "true",
            "_id": "ynkAW1XBGpooOwr9"
        },
        {
            "nome": "CartUser",
            "email": "newuser_26904@example.com",
            "password": "pass123",
            "administrador": "false",
            "_id": "ytgwPqX9cGGs6Jwn"
        },
        {
            "nome": "Joaquín Coronado",
            "email": "qa.662d6497@example.com",
            "password": "Pwd@6de270",
            "administrador": "true",
            "_id": "zF4Vd0ygbwMOmf6Q"
        },
        {
            "nome": "Fulano da Silva",
            "email": "beltwrereyano@qa.com.br",
            "password": "teste",
            "administrador": "true",
            "_id": "zURw3FotBdCcUC4s"
        },
        {
            "nome": "Michelle Gutmann",
            "email": "Vilma99@yahoo.com",
            "password": "uPYIl4IpFFQTH8x",
            "administrador": "false",
            "_id": "zXLSpPjp8jOBFhJG"
        },
        {
            "nome": "Register Test",
            "email": "register_1756662933259@example.com",
            "password": "RegisterPass123",
            "administrador": "false",
            "_id": "zdxhIUIsfXQnymGr"
        }
    ]
}

14:57:21.430 [main] DEBUG com.jayway.jsonpath.internal.path.CompiledPath -- Evaluating path: $
14:57:21.431 [main] DEBUG com.jayway.jsonpath.internal.path.CompiledPath -- Evaluating path: $['usuarios']
14:57:21.432 [main] DEBUG com.jayway.jsonpath.internal.path.CompiledPath -- Evaluating path: $
14:57:21.550 [main] DEBUG org.thymeleaf.TemplateEngine -- [THYMELEAF] INITIALIZING TEMPLATE ENGINE
14:57:21.585 [main] DEBUG org.thymeleaf.TemplateEngine.CONFIG -- Initializing Thymeleaf Template engine configuration...
[THYMELEAF] TEMPLATE ENGINE CONFIGURATION:
[THYMELEAF] * Thymeleaf version: 3.1.2.RELEASE (built 2023-07-30T19:25:50+0000)
[THYMELEAF] * Cache Manager implementation: org.thymeleaf.cache.StandardCacheManager
[THYMELEAF] * Template resolvers:
[THYMELEAF]     * [1] com.intuit.karate.template.ResourceHtmlTemplateResolver
[THYMELEAF] * Message resolvers:
[THYMELEAF]     * org.thymeleaf.messageresolver.StandardMessageResolver
[THYMELEAF] * Link builders:
[THYMELEAF]     * org.thymeleaf.linkbuilder.StandardLinkBuilder
[THYMELEAF] * Dialect [1 of 2]: Standard (com.intuit.karate.template.KarateStandardDialect)
[THYMELEAF]     * Prefix: "th"
[THYMELEAF]     * Processors for Template Mode: HTML
[THYMELEAF]         * Element Tag Processors by [matching element and attribute name] [precedence]:
[THYMELEAF]             * [* {th:include,data-th-include}] [100]: org.thymeleaf.standard.processor.StandardIncludeTagProcessor
[THYMELEAF]             * [* {th:insert,data-th-insert}] [100]: org.thymeleaf.standard.processor.StandardInsertTagProcessor
[THYMELEAF]             * [* {th:replace,data-th-replace}] [100]: org.thymeleaf.standard.processor.StandardReplaceTagProcessor
[THYMELEAF]             * [* {th:each,data-th-each}] [200]: com.intuit.karate.template.KarateEachTagProcessor
[THYMELEAF]             * [* {th:switch,data-th-switch}] [250]: org.thymeleaf.standard.processor.StandardSwitchTagProcessor
[THYMELEAF]             * [* {th:case,data-th-case}] [275]: org.thymeleaf.standard.processor.StandardCaseTagProcessor
[THYMELEAF]             * [* {th:if,data-th-if}] [300]: org.thymeleaf.standard.processor.StandardIfTagProcessor
[THYMELEAF]             * [* {th:unless,data-th-unless}] [400]: org.thymeleaf.standard.processor.StandardUnlessTagProcessor
[THYMELEAF]             * [* {th:object,data-th-object}] [500]: org.thymeleaf.standard.processor.StandardObjectTagProcessor
[THYMELEAF]             * [* {th:with,data-th-with}] [600]: com.intuit.karate.template.KarateWithTagProcessor
[THYMELEAF]             * [* {th:attr,data-th-attr}] [700]: com.intuit.karate.template.KarateAttributeTagProcessor.KarateAttrTagProcessor
[THYMELEAF]             * [* {th:attrappend,data-th-attrappend}] [900]: com.intuit.karate.template.KarateAttributeTagProcessor.KarateAttrappendTagProcessor
[THYMELEAF]             * [* {th:attrprepend,data-th-attrprepend}] [900]: com.intuit.karate.template.KarateAttributeTagProcessor.KarateAttrprependTagProcessor
[THYMELEAF]             * [* {th:alt-title,data-th-alt-title}] [990]: org.thymeleaf.standard.processor.StandardAltTitleTagProcessor
[THYMELEAF]             * [* {th:lang-xmllang,data-th-lang-xmllang}] [990]: org.thymeleaf.standard.processor.StandardLangXmlLangTagProcessor
[THYMELEAF]             * [* {th:action,data-th-action}] [1000]: org.thymeleaf.standard.processor.StandardActionTagProcessor
[THYMELEAF]             * [* {th:novalidate,data-th-novalidate}] [1000]: org.thymeleaf.standard.processor.StandardConditionalFixedValueTagProcessor
[THYMELEAF]             * [* {th:checked,data-th-checked}] [1000]: org.thymeleaf.standard.processor.StandardConditionalFixedValueTagProcessor
[THYMELEAF]             * [* {th:formnovalidate,data-th-formnovalidate}] [1000]: org.thymeleaf.standard.processor.StandardConditionalFixedValueTagProcessor
[THYMELEAF]             * [* {th:async,data-th-async}] [1000]: org.thymeleaf.standard.processor.StandardConditionalFixedValueTagProcessor
[THYMELEAF]             * [* {th:disabled,data-th-disabled}] [1000]: org.thymeleaf.standard.processor.StandardConditionalFixedValueTagProcessor
[THYMELEAF]             * [* {th:multiple,data-th-multiple}] [1000]: org.thymeleaf.standard.processor.StandardConditionalFixedValueTagProcessor
[THYMELEAF]             * [* {th:reversed,data-th-reversed}] [1000]: org.thymeleaf.standard.processor.StandardConditionalFixedValueTagProcessor
[THYMELEAF]             * [* {th:ismap,data-th-ismap}] [1000]: org.thymeleaf.standard.processor.StandardConditionalFixedValueTagProcessor
[THYMELEAF]             * [* {th:defer,data-th-defer}] [1000]: org.thymeleaf.standard.processor.StandardConditionalFixedValueTagProcessor
[THYMELEAF]             * [* {th:scoped,data-th-scoped}] [1000]: org.thymeleaf.standard.processor.StandardConditionalFixedValueTagProcessor
[THYMELEAF]             * [* {th:readonly,data-th-readonly}] [1000]: org.thymeleaf.standard.processor.StandardConditionalFixedValueTagProcessor
[THYMELEAF]             * [* {th:declare,data-th-declare}] [1000]: org.thymeleaf.standard.processor.StandardConditionalFixedValueTagProcessor
[THYMELEAF]             * [* {th:hidden,data-th-hidden}] [1000]: org.thymeleaf.standard.processor.StandardConditionalFixedValueTagProcessor
[THYMELEAF]             * [* {th:default,data-th-default}] [1000]: org.thymeleaf.standard.processor.StandardConditionalFixedValueTagProcessor
[THYMELEAF]             * [* {th:autofocus,data-th-autofocus}] [1000]: org.thymeleaf.standard.processor.StandardConditionalFixedValueTagProcessor
[THYMELEAF]             * [* {th:selected,data-th-selected}] [1000]: org.thymeleaf.standard.processor.StandardConditionalFixedValueTagProcessor
[THYMELEAF]             * [* {th:nowrap,data-th-nowrap}] [1000]: org.thymeleaf.standard.processor.StandardConditionalFixedValueTagProcessor
[THYMELEAF]             * [* {th:loop,data-th-loop}] [1000]: org.thymeleaf.standard.processor.StandardConditionalFixedValueTagProcessor
[THYMELEAF]             * [* {th:required,data-th-required}] [1000]: org.thymeleaf.standard.processor.StandardConditionalFixedValueTagProcessor
[THYMELEAF]             * [* {th:pubdate,data-th-pubdate}] [1000]: org.thymeleaf.standard.processor.StandardConditionalFixedValueTagProcessor
[THYMELEAF]             * [* {th:seamless,data-th-seamless}] [1000]: org.thymeleaf.standard.processor.StandardConditionalFixedValueTagProcessor
[THYMELEAF]             * [* {th:open,data-th-open}] [1000]: org.thymeleaf.standard.processor.StandardConditionalFixedValueTagProcessor
[THYMELEAF]             * [* {th:autoplay,data-th-autoplay}] [1000]: org.thymeleaf.standard.processor.StandardConditionalFixedValueTagProcessor
[THYMELEAF]             * [* {th:controls,data-th-controls}] [1000]: org.thymeleaf.standard.processor.StandardConditionalFixedValueTagProcessor
[THYMELEAF]             * [* {th:ondurationchange,data-th-ondurationchange}] [1000]: org.thymeleaf.standard.processor.StandardDOMEventAttributeTagProcessor
[THYMELEAF]             * [* {th:onloadstart,data-th-onloadstart}] [1000]: org.thymeleaf.standard.processor.StandardDOMEventAttributeTagProcessor
[THYMELEAF]             * [* {th:onvolumechange,data-th-onvolumechange}] [1000]: org.thymeleaf.standard.processor.StandardDOMEventAttributeTagProcessor
[THYMELEAF]             * [* {th:onabort,data-th-onabort}] [1000]: org.thymeleaf.standard.processor.StandardDOMEventAttributeTagProcessor
[THYMELEAF]             * [* {th:onreset,data-th-onreset}] [1000]: org.thymeleaf.standard.processor.StandardDOMEventAttributeTagProcessor
[THYMELEAF]             * [* {th:oncanplay,data-th-oncanplay}] [1000]: org.thymeleaf.standard.processor.StandardDOMEventAttributeTagProcessor
[THYMELEAF]             * [* {th:oninvalid,data-th-oninvalid}] [1000]: org.thymeleaf.standard.processor.StandardDOMEventAttributeTagProcessor
[THYMELEAF]             * [* {th:onfocus,data-th-onfocus}] [1000]: org.thymeleaf.standard.processor.StandardDOMEventAttributeTagProcessor
[THYMELEAF]             * [* {th:onloadeddata,data-th-onloadeddata}] [1000]: org.thymeleaf.standard.processor.StandardDOMEventAttributeTagProcessor
[THYMELEAF]             * [* {th:onmouseover,data-th-onmouseover}] [1000]: org.thymeleaf.standard.processor.StandardDOMEventAttributeTagProcessor
[THYMELEAF]             * [* {th:onkeyup,data-th-onkeyup}] [1000]: org.thymeleaf.standard.processor.StandardDOMEventAttributeTagProcessor
[THYMELEAF]             * [* {th:ondragover,data-th-ondragover}] [1000]: org.thymeleaf.standard.processor.StandardDOMEventAttributeTagProcessor
[THYMELEAF]             * [* {th:onratechange,data-th-onratechange}] [1000]: org.thymeleaf.standard.processor.StandardDOMEventAttributeTagProcessor
[THYMELEAF]             * [* {th:onformchange,data-th-onformchange}] [1000]: org.thymeleaf.standard.processor.StandardDOMEventAttributeTagProcessor
[THYMELEAF]             * [* {th:ontimeupdate,data-th-ontimeupdate}] [1000]: org.thymeleaf.standard.processor.StandardDOMEventAttributeTagProcessor
[THYMELEAF]             * [* {th:onoffline,data-th-onoffline}] [1000]: org.thymeleaf.standard.processor.StandardDOMEventAttributeTagProcessor
[THYMELEAF]             * [* {th:ononline,data-th-ononline}] [1000]: org.thymeleaf.standard.processor.StandardDOMEventAttributeTagProcessor
[THYMELEAF]             * [* {th:onkeypress,data-th-onkeypress}] [1000]: org.thymeleaf.standard.processor.StandardDOMEventAttributeTagProcessor
[THYMELEAF]             * [* {th:onshow,data-th-onshow}] [1000]: org.thymeleaf.standard.processor.StandardDOMEventAttributeTagProcessor
[THYMELEAF]             * [* {th:onplaying,data-th-onplaying}] [1000]: org.thymeleaf.standard.processor.StandardDOMEventAttributeTagProcessor
[THYMELEAF]             * [* {th:onsuspend,data-th-onsuspend}] [1000]: org.thymeleaf.standard.processor.StandardDOMEventAttributeTagProcessor
[THYMELEAF]             * [* {th:onseeked,data-th-onseeked}] [1000]: org.thymeleaf.standard.processor.StandardDOMEventAttributeTagProcessor
[THYMELEAF]             * [* {th:onafterprint,data-th-onafterprint}] [1000]: org.thymeleaf.standard.processor.StandardDOMEventAttributeTagProcessor
[THYMELEAF]             * [* {th:onbeforeprint,data-th-onbeforeprint}] [1000]: org.thymeleaf.standard.processor.StandardDOMEventAttributeTagProcessor
[THYMELEAF]             * [* {th:onstalled,data-th-onstalled}] [1000]: org.thymeleaf.standard.processor.StandardDOMEventAttributeTagProcessor
[THYMELEAF]             * [* {th:onscroll,data-th-onscroll}] [1000]: org.thymeleaf.standard.processor.StandardDOMEventAttributeTagProcessor
[THYMELEAF]             * [* {th:onreadystatechange,data-th-onreadystatechange}] [1000]: org.thymeleaf.standard.processor.StandardDOMEventAttributeTagProcessor
[THYMELEAF]             * [* {th:onstorage,data-th-onstorage}] [1000]: org.thymeleaf.standard.processor.StandardDOMEventAttributeTagProcessor
[THYMELEAF]             * [* {th:onsubmit,data-th-onsubmit}] [1000]: org.thymeleaf.standard.processor.StandardDOMEventAttributeTagProcessor
[THYMELEAF]             * [* {th:onplay,data-th-onplay}] [1000]: org.thymeleaf.standard.processor.StandardDOMEventAttributeTagProcessor
[THYMELEAF]             * [* {th:onundo,data-th-onundo}] [1000]: org.thymeleaf.standard.processor.StandardDOMEventAttributeTagProcessor
[THYMELEAF]             * [* {th:onkeydown,data-th-onkeydown}] [1000]: org.thymeleaf.standard.processor.StandardDOMEventAttributeTagProcessor
[THYMELEAF]             * [* {th:onload,data-th-onload}] [1000]: org.thymeleaf.standard.processor.StandardDOMEventAttributeTagProcessor
[THYMELEAF]             * [* {th:onerror,data-th-onerror}] [1000]: org.thymeleaf.standard.processor.StandardDOMEventAttributeTagProcessor
[THYMELEAF]             * [* {th:oncanplaythrough,data-th-oncanplaythrough}] [1000]: org.thymeleaf.standard.processor.StandardDOMEventAttributeTagProcessor
[THYMELEAF]             * [* {th:oninput,data-th-oninput}] [1000]: org.thymeleaf.standard.processor.StandardDOMEventAttributeTagProcessor
[THYMELEAF]             * [* {th:ondrag,data-th-ondrag}] [1000]: org.thymeleaf.standard.processor.StandardDOMEventAttributeTagProcessor
[THYMELEAF]             * [* {th:onmessage,data-th-onmessage}] [1000]: org.thymeleaf.standard.processor.StandardDOMEventAttributeTagProcessor
[THYMELEAF]             * [* {th:onforminput,data-th-onforminput}] [1000]: org.thymeleaf.standard.processor.StandardDOMEventAttributeTagProcessor
[THYMELEAF]             * [* {th:onchange,data-th-onchange}] [1000]: org.thymeleaf.standard.processor.StandardDOMEventAttributeTagProcessor
[THYMELEAF]             * [* {th:onmouseout,data-th-onmouseout}] [1000]: org.thymeleaf.standard.processor.StandardDOMEventAttributeTagProcessor
[THYMELEAF]             * [* {th:onmousedown,data-th-onmousedown}] [1000]: org.thymeleaf.standard.processor.StandardDOMEventAttributeTagProcessor
[THYMELEAF]             * [* {th:onloadedmetadata,data-th-onloadedmetadata}] [1000]: org.thymeleaf.standard.processor.StandardDOMEventAttributeTagProcessor
[THYMELEAF]             * [* {th:ondragstart,data-th-ondragstart}] [1000]: org.thymeleaf.standard.processor.StandardDOMEventAttributeTagProcessor
[THYMELEAF]             * [* {th:ondblclick,data-th-ondblclick}] [1000]: org.thymeleaf.standard.processor.StandardDOMEventAttributeTagProcessor
[THYMELEAF]             * [* {th:onhashchange,data-th-onhashchange}] [1000]: org.thymeleaf.standard.processor.StandardDOMEventAttributeTagProcessor
[THYMELEAF]             * [* {th:onredo,data-th-onredo}] [1000]: org.thymeleaf.standard.processor.StandardDOMEventAttributeTagProcessor
[THYMELEAF]             * [* {th:onclick,data-th-onclick}] [1000]: org.thymeleaf.standard.processor.StandardDOMEventAttributeTagProcessor
[THYMELEAF]             * [* {th:onemptied,data-th-onemptied}] [1000]: org.thymeleaf.standard.processor.StandardDOMEventAttributeTagProcessor
[THYMELEAF]             * [* {th:onunload,data-th-onunload}] [1000]: org.thymeleaf.standard.processor.StandardDOMEventAttributeTagProcessor
[THYMELEAF]             * [* {th:ondragend,data-th-ondragend}] [1000]: org.thymeleaf.standard.processor.StandardDOMEventAttributeTagProcessor
[THYMELEAF]             * [* {th:onbeforeunload,data-th-onbeforeunload}] [1000]: org.thymeleaf.standard.processor.StandardDOMEventAttributeTagProcessor
[THYMELEAF]             * [* {th:ondragleave,data-th-ondragleave}] [1000]: org.thymeleaf.standard.processor.StandardDOMEventAttributeTagProcessor
[THYMELEAF]             * [* {th:onmouseup,data-th-onmouseup}] [1000]: org.thymeleaf.standard.processor.StandardDOMEventAttributeTagProcessor
[THYMELEAF]             * [* {th:onpopstate,data-th-onpopstate}] [1000]: org.thymeleaf.standard.processor.StandardDOMEventAttributeTagProcessor
[THYMELEAF]             * [* {th:onended,data-th-onended}] [1000]: org.thymeleaf.standard.processor.StandardDOMEventAttributeTagProcessor
[THYMELEAF]             * [* {th:onpause,data-th-onpause}] [1000]: org.thymeleaf.standard.processor.StandardDOMEventAttributeTagProcessor
[THYMELEAF]             * [* {th:onwaiting,data-th-onwaiting}] [1000]: org.thymeleaf.standard.processor.StandardDOMEventAttributeTagProcessor
[THYMELEAF]             * [* {th:ondrop,data-th-ondrop}] [1000]: org.thymeleaf.standard.processor.StandardDOMEventAttributeTagProcessor
[THYMELEAF]             * [* {th:onseeking,data-th-onseeking}] [1000]: org.thymeleaf.standard.processor.StandardDOMEventAttributeTagProcessor
[THYMELEAF]             * [* {th:onprogress,data-th-onprogress}] [1000]: org.thymeleaf.standard.processor.StandardDOMEventAttributeTagProcessor
[THYMELEAF]             * [* {th:onselect,data-th-onselect}] [1000]: org.thymeleaf.standard.processor.StandardDOMEventAttributeTagProcessor
[THYMELEAF]             * [* {th:oncontextmenu,data-th-oncontextmenu}] [1000]: org.thymeleaf.standard.processor.StandardDOMEventAttributeTagProcessor
[THYMELEAF]             * [* {th:onmousemove,data-th-onmousemove}] [1000]: org.thymeleaf.standard.processor.StandardDOMEventAttributeTagProcessor
[THYMELEAF]             * [* {th:onmousewheel,data-th-onmousewheel}] [1000]: org.thymeleaf.standard.processor.StandardDOMEventAttributeTagProcessor
[THYMELEAF]             * [* {th:onresize,data-th-onresize}] [1000]: org.thymeleaf.standard.processor.StandardDOMEventAttributeTagProcessor
[THYMELEAF]             * [* {th:ondragenter,data-th-ondragenter}] [1000]: org.thymeleaf.standard.processor.StandardDOMEventAttributeTagProcessor
[THYMELEAF]             * [* {th:onblur,data-th-onblur}] [1000]: org.thymeleaf.standard.processor.StandardDOMEventAttributeTagProcessor
[THYMELEAF]             * [* {th:href,data-th-href}] [1000]: org.thymeleaf.standard.processor.StandardHrefTagProcessor
[THYMELEAF]             * [* {th:inline,data-th-inline}] [1000]: org.thymeleaf.standard.processor.StandardInlineHTMLTagProcessor
[THYMELEAF]             * [* {th:method,data-th-method}] [1000]: org.thymeleaf.standard.processor.StandardMethodTagProcessor
[THYMELEAF]             * [* {th:name,data-th-name}] [1000]: org.thymeleaf.standard.processor.StandardNonRemovableAttributeTagProcessor
[THYMELEAF]             * [* {th:type,data-th-type}] [1000]: org.thymeleaf.standard.processor.StandardNonRemovableAttributeTagProcessor
[THYMELEAF]             * [* {th:form,data-th-form}] [1000]: org.thymeleaf.standard.processor.StandardRemovableAttributeTagProcessor
[THYMELEAF]             * [* {th:target,data-th-target}] [1000]: org.thymeleaf.standard.processor.StandardRemovableAttributeTagProcessor
[THYMELEAF]             * [* {th:accesskey,data-th-accesskey}] [1000]: org.thymeleaf.standard.processor.StandardRemovableAttributeTagProcessor
[THYMELEAF]             * [* {th:sizes,data-th-sizes}] [1000]: org.thymeleaf.standard.processor.StandardRemovableAttributeTagProcessor
[THYMELEAF]             * [* {th:id,data-th-id}] [1000]: org.thymeleaf.standard.processor.StandardRemovableAttributeTagProcessor
[THYMELEAF]             * [* {th:accept,data-th-accept}] [1000]: org.thymeleaf.standard.processor.StandardRemovableAttributeTagProcessor
[THYMELEAF]             * [* {th:codetype,data-th-codetype}] [1000]: org.thymeleaf.standard.processor.StandardRemovableAttributeTagProcessor
[THYMELEAF]             * [* {th:width,data-th-width}] [1000]: org.thymeleaf.standard.processor.StandardRemovableAttributeTagProcessor
[THYMELEAF]             * [* {th:start,data-th-start}] [1000]: org.thymeleaf.standard.processor.StandardRemovableAttributeTagProcessor
[THYMELEAF]             * [* {th:rows,data-th-rows}] [1000]: org.thymeleaf.standard.processor.StandardRemovableAttributeTagProcessor
[THYMELEAF]             * [* {th:codebase,data-th-codebase}] [1000]: org.thymeleaf.standard.processor.StandardRemovableAttributeTagProcessor
[THYMELEAF]             * [* {th:align,data-th-align}] [1000]: org.thymeleaf.standard.processor.StandardRemovableAttributeTagProcessor
[THYMELEAF]             * [* {th:classid,data-th-classid}] [1000]: org.thymeleaf.standard.processor.StandardRemovableAttributeTagProcessor
[THYMELEAF]             * [* {th:frame,data-th-frame}] [1000]: org.thymeleaf.standard.processor.StandardRemovableAttributeTagProcessor
[THYMELEAF]             * [* {th:manifest,data-th-manifest}] [1000]: org.thymeleaf.standard.processor.StandardRemovableAttributeTagProcessor
[THYMELEAF]             * [* {th:keytype,data-th-keytype}] [1000]: org.thymeleaf.standard.processor.StandardRemovableAttributeTagProcessor
[THYMELEAF]             * [* {th:longdesc,data-th-longdesc}] [1000]: org.thymeleaf.standard.processor.StandardRemovableAttributeTagProcessor
[THYMELEAF]             * [* {th:wrap,data-th-wrap}] [1000]: org.thymeleaf.standard.processor.StandardRemovableAttributeTagProcessor
[THYMELEAF]             * [* {th:min,data-th-min}] [1000]: org.thymeleaf.standard.processor.StandardRemovableAttributeTagProcessor
[THYMELEAF]             * [* {th:rev,data-th-rev}] [1000]: org.thymeleaf.standard.processor.StandardRemovableAttributeTagProcessor
[THYMELEAF]             * [* {th:cite,data-th-cite}] [1000]: org.thymeleaf.standard.processor.StandardRemovableAttributeTagProcessor
[THYMELEAF]             * [* {th:step,data-th-step}] [1000]: org.thymeleaf.standard.processor.StandardRemovableAttributeTagProcessor
[THYMELEAF]             * [* {th:placeholder,data-th-placeholder}] [1000]: org.thymeleaf.standard.processor.StandardRemovableAttributeTagProcessor
[THYMELEAF]             * [* {th:tabindex,data-th-tabindex}] [1000]: org.thymeleaf.standard.processor.StandardRemovableAttributeTagProcessor
[THYMELEAF]             * [* {th:formenctype,data-th-formenctype}] [1000]: org.thymeleaf.standard.processor.StandardRemovableAttributeTagProcessor
[THYMELEAF]             * [* {th:poster,data-th-poster}] [1000]: org.thymeleaf.standard.processor.StandardRemovableAttributeTagProcessor
[THYMELEAF]             * [* {th:background,data-th-background}] [1000]: org.thymeleaf.standard.processor.StandardRemovableAttributeTagProcessor
[THYMELEAF]             * [* {th:marginwidth,data-th-marginwidth}] [1000]: org.thymeleaf.standard.processor.StandardRemovableAttributeTagProcessor
[THYMELEAF]             * [* {th:charset,data-th-charset}] [1000]: org.thymeleaf.standard.processor.StandardRemovableAttributeTagProcessor
[THYMELEAF]             * [* {th:sandbox,data-th-sandbox}] [1000]: org.thymeleaf.standard.processor.StandardRemovableAttributeTagProcessor
[THYMELEAF]             * [* {th:icon,data-th-icon}] [1000]: org.thymeleaf.standard.processor.StandardRemovableAttributeTagProcessor
[THYMELEAF]             * [* {th:optimum,data-th-optimum}] [1000]: org.thymeleaf.standard.processor.StandardRemovableAttributeTagProcessor
[THYMELEAF]             * [* {th:alt,data-th-alt}] [1000]: org.thymeleaf.standard.processor.StandardRemovableAttributeTagProcessor
[THYMELEAF]             * [* {th:rules,data-th-rules}] [1000]: org.thymeleaf.standard.processor.StandardRemovableAttributeTagProcessor
[THYMELEAF]             * [* {th:challenge,data-th-challenge}] [1000]: org.thymeleaf.standard.processor.StandardRemovableAttributeTagProcessor
[THYMELEAF]             * [* {th:headers,data-th-headers}] [1000]: org.thymeleaf.standard.processor.StandardRemovableAttributeTagProcessor
[THYMELEAF]             * [* {th:span,data-th-span}] [1000]: org.thymeleaf.standard.processor.StandardRemovableAttributeTagProcessor
[THYMELEAF]             * [* {th:dropzone,data-th-dropzone}] [1000]: org.thymeleaf.standard.processor.StandardRemovableAttributeTagProcessor
[THYMELEAF]             * [* {th:kind,data-th-kind}] [1000]: org.thymeleaf.standard.processor.StandardRemovableAttributeTagProcessor
[THYMELEAF]             * [* {th:high,data-th-high}] [1000]: org.thymeleaf.standard.processor.StandardRemovableAttributeTagProcessor
[THYMELEAF]             * [* {th:autocomplete,data-th-autocomplete}] [1000]: org.thymeleaf.standard.processor.StandardRemovableAttributeTagProcessor
[THYMELEAF]             * [* {th:contextmenu,data-th-contextmenu}] [1000]: org.thymeleaf.standard.processor.StandardRemovableAttributeTagProcessor
[THYMELEAF]             * [* {th:scope,data-th-scope}] [1000]: org.thymeleaf.standard.processor.StandardRemovableAttributeTagProcessor
[THYMELEAF]             * [* {th:colspan,data-th-colspan}] [1000]: org.thymeleaf.standard.processor.StandardRemovableAttributeTagProcessor
[THYMELEAF]             * [* {th:usemap,data-th-usemap}] [1000]: org.thymeleaf.standard.processor.StandardRemovableAttributeTagProcessor
[THYMELEAF]             * [* {th:for,data-th-for}] [1000]: org.thymeleaf.standard.processor.StandardRemovableAttributeTagProcessor
[THYMELEAF]             * [* {th:cols,data-th-cols}] [1000]: org.thymeleaf.standard.processor.StandardRemovableAttributeTagProcessor
[THYMELEAF]             * [* {th:srclang,data-th-srclang}] [1000]: org.thymeleaf.standard.processor.StandardRemovableAttributeTagProcessor
[THYMELEAF]             * [* {th:standby,data-th-standby}] [1000]: org.thymeleaf.standard.processor.StandardRemovableAttributeTagProcessor
[THYMELEAF]             * [* {th:enctype,data-th-enctype}] [1000]: org.thymeleaf.standard.processor.StandardRemovableAttributeTagProcessor
[THYMELEAF]             * [* {th:border,data-th-border}] [1000]: org.thymeleaf.standard.processor.StandardRemovableAttributeTagProcessor
[THYMELEAF]             * [* {th:audio,data-th-audio}] [1000]: org.thymeleaf.standard.processor.StandardRemovableAttributeTagProcessor
[THYMELEAF]             * [* {th:pattern,data-th-pattern}] [1000]: org.thymeleaf.standard.processor.StandardRemovableAttributeTagProcessor
[THYMELEAF]             * [* {th:title,data-th-title}] [1000]: org.thymeleaf.standard.processor.StandardRemovableAttributeTagProcessor
[THYMELEAF]             * [* {th:http-equiv,data-th-http-equiv}] [1000]: org.thymeleaf.standard.processor.StandardRemovableAttributeTagProcessor
[THYMELEAF]             * [* {th:valuetype,data-th-valuetype}] [1000]: org.thymeleaf.standard.processor.StandardRemovableAttributeTagProcessor
[THYMELEAF]             * [* {th:vspace,data-th-vspace}] [1000]: org.thymeleaf.standard.processor.StandardRemovableAttributeTagProcessor
[THYMELEAF]             * [* {th:scheme,data-th-scheme}] [1000]: org.thymeleaf.standard.processor.StandardRemovableAttributeTagProcessor
[THYMELEAF]             * [* {th:content,data-th-content}] [1000]: org.thymeleaf.standard.processor.StandardRemovableAttributeTagProcessor
[THYMELEAF]             * [* {th:label,data-th-label}] [1000]: org.thymeleaf.standard.processor.StandardRemovableAttributeTagProcessor
[THYMELEAF]             * [* {th:formaction,data-th-formaction}] [1000]: org.thymeleaf.standard.processor.StandardRemovableAttributeTagProcessor
[THYMELEAF]             * [* {th:cellpadding,data-th-cellpadding}] [1000]: org.thymeleaf.standard.processor.StandardRemovableAttributeTagProcessor
[THYMELEAF]             * [* {th:hspace,data-th-hspace}] [1000]: org.thymeleaf.standard.processor.StandardRemovableAttributeTagProcessor
[THYMELEAF]             * [* {th:contenteditable,data-th-contenteditable}] [1000]: org.thymeleaf.standard.processor.StandardRemovableAttributeTagProcessor
[THYMELEAF]             * [* {th:archive,data-th-archive}] [1000]: org.thymeleaf.standard.processor.StandardRemovableAttributeTagProcessor
[THYMELEAF]             * [* {th:frameborder,data-th-frameborder}] [1000]: org.thymeleaf.standard.processor.StandardRemovableAttributeTagProcessor
[THYMELEAF]             * [* {th:accept-charset,data-th-accept-charset}] [1000]: org.thymeleaf.standard.processor.StandardRemovableAttributeTagProcessor
[THYMELEAF]             * [* {th:max,data-th-max}] [1000]: org.thymeleaf.standard.processor.StandardRemovableAttributeTagProcessor
[THYMELEAF]             * [* {th:hreflang,data-th-hreflang}] [1000]: org.thymeleaf.standard.processor.StandardRemovableAttributeTagProcessor
[THYMELEAF]             * [* {th:height,data-th-height}] [1000]: org.thymeleaf.standard.processor.StandardRemovableAttributeTagProcessor
[THYMELEAF]             * [* {th:axis,data-th-axis}] [1000]: org.thymeleaf.standard.processor.StandardRemovableAttributeTagProcessor
[THYMELEAF]             * [* {th:abbr,data-th-abbr}] [1000]: org.thymeleaf.standard.processor.StandardRemovableAttributeTagProcessor
[THYMELEAF]             * [* {th:spellcheck,data-th-spellcheck}] [1000]: org.thymeleaf.standard.processor.StandardRemovableAttributeTagProcessor
[THYMELEAF]             * [* {th:class,data-th-class}] [1000]: org.thymeleaf.standard.processor.StandardRemovableAttributeTagProcessor
[THYMELEAF]             * [* {th:rel,data-th-rel}] [1000]: org.thymeleaf.standard.processor.StandardRemovableAttributeTagProcessor
[THYMELEAF]             * [* {th:list,data-th-list}] [1000]: org.thymeleaf.standard.processor.StandardRemovableAttributeTagProcessor
[THYMELEAF]             * [* {th:marginheight,data-th-marginheight}] [1000]: org.thymeleaf.standard.processor.StandardRemovableAttributeTagProcessor
[THYMELEAF]             * [* {th:maxlength,data-th-maxlength}] [1000]: org.thymeleaf.standard.processor.StandardRemovableAttributeTagProcessor
[THYMELEAF]             * [* {th:media,data-th-media}] [1000]: org.thymeleaf.standard.processor.StandardRemovableAttributeTagProcessor
[THYMELEAF]             * [* {th:cellspacing,data-th-cellspacing}] [1000]: org.thymeleaf.standard.processor.StandardRemovableAttributeTagProcessor
[THYMELEAF]             * [* {th:size,data-th-size}] [1000]: org.thymeleaf.standard.processor.StandardRemovableAttributeTagProcessor
[THYMELEAF]             * [* {th:bgcolor,data-th-bgcolor}] [1000]: org.thymeleaf.standard.processor.StandardRemovableAttributeTagProcessor
[THYMELEAF]             * [* {th:formtarget,data-th-formtarget}] [1000]: org.thymeleaf.standard.processor.StandardRemovableAttributeTagProcessor
[THYMELEAF]             * [* {th:style,data-th-style}] [1000]: org.thymeleaf.standard.processor.StandardRemovableAttributeTagProcessor
[THYMELEAF]             * [* {th:dir,data-th-dir}] [1000]: org.thymeleaf.standard.processor.StandardRemovableAttributeTagProcessor
[THYMELEAF]             * [* {th:summary,data-th-summary}] [1000]: org.thymeleaf.standard.processor.StandardRemovableAttributeTagProcessor
[THYMELEAF]             * [* {th:formmethod,data-th-formmethod}] [1000]: org.thymeleaf.standard.processor.StandardRemovableAttributeTagProcessor
[THYMELEAF]             * [* {th:low,data-th-low}] [1000]: org.thymeleaf.standard.processor.StandardRemovableAttributeTagProcessor
[THYMELEAF]             * [* {th:draggable,data-th-draggable}] [1000]: org.thymeleaf.standard.processor.StandardRemovableAttributeTagProcessor
[THYMELEAF]             * [* {th:data,data-th-data}] [1000]: org.thymeleaf.standard.processor.StandardRemovableAttributeTagProcessor
[THYMELEAF]             * [* {th:radiogroup,data-th-radiogroup}] [1000]: org.thymeleaf.standard.processor.StandardRemovableAttributeTagProcessor
[THYMELEAF]             * [* {th:datetime,data-th-datetime}] [1000]: org.thymeleaf.standard.processor.StandardRemovableAttributeTagProcessor
[THYMELEAF]             * [* {th:lang,data-th-lang}] [1000]: org.thymeleaf.standard.processor.StandardRemovableAttributeTagProcessor
[THYMELEAF]             * [* {th:scrolling,data-th-scrolling}] [1000]: org.thymeleaf.standard.processor.StandardRemovableAttributeTagProcessor
[THYMELEAF]             * [* {th:compact,data-th-compact}] [1000]: org.thymeleaf.standard.processor.StandardRemovableAttributeTagProcessor
[THYMELEAF]             * [* {th:rowspan,data-th-rowspan}] [1000]: org.thymeleaf.standard.processor.StandardRemovableAttributeTagProcessor
[THYMELEAF]             * [* {th:preload,data-th-preload}] [1000]: org.thymeleaf.standard.processor.StandardRemovableAttributeTagProcessor
[THYMELEAF]             * [* {th:src,data-th-src}] [1000]: org.thymeleaf.standard.processor.StandardSrcTagProcessor
[THYMELEAF]             * [* {th:value,data-th-value}] [1000]: org.thymeleaf.standard.processor.StandardValueTagProcessor
[THYMELEAF]             * [* {th:xmlbase,data-th-xmlbase}] [1000]: org.thymeleaf.standard.processor.StandardXmlBaseTagProcessor
[THYMELEAF]             * [* {th:xmllang,data-th-xmllang}] [1000]: org.thymeleaf.standard.processor.StandardXmlLangTagProcessor
[THYMELEAF]             * [* {xmlns:th}] [1000]: org.thymeleaf.standard.processor.StandardXmlNsTagProcessor
[THYMELEAF]             * [* {th:xmlspace,data-th-xmlspace}] [1000]: org.thymeleaf.standard.processor.StandardXmlSpaceTagProcessor
[THYMELEAF]             * [* {th:classappend,data-th-classappend}] [1100]: org.thymeleaf.standard.processor.StandardClassappendTagProcessor
[THYMELEAF]             * [* {th:styleappend,data-th-styleappend}] [1100]: org.thymeleaf.standard.processor.StandardStyleappendTagProcessor
[THYMELEAF]             * [* {th:text,data-th-text}] [1300]: org.thymeleaf.standard.processor.StandardTextTagProcessor
[THYMELEAF]             * [* {th:utext,data-th-utext}] [1400]: org.thymeleaf.standard.processor.StandardUtextTagProcessor
[THYMELEAF]             * [* {th:fragment,data-th-fragment}] [1500]: org.thymeleaf.standard.processor.StandardFragmentTagProcessor
[THYMELEAF]             * [* {th:assert,data-th-assert}] [1550]: org.thymeleaf.standard.processor.StandardAssertTagProcessor
[THYMELEAF]             * [* {th:remove,data-th-remove}] [1600]: org.thymeleaf.standard.processor.StandardRemoveTagProcessor
[THYMELEAF]             * [* {th:ref,data-th-ref}] [10000]: org.thymeleaf.standard.processor.StandardRefAttributeTagProcessor
[THYMELEAF]             * [{th:block,th-block} *] [100000]: org.thymeleaf.standard.processor.StandardBlockTagProcessor
[THYMELEAF]             * [* th:*] [2147483647]: org.thymeleaf.standard.processor.StandardDefaultAttributesTagProcessor
[THYMELEAF]         * Text Processors by [precedence]:
[THYMELEAF]             * [1000]: org.thymeleaf.standard.processor.StandardInliningTextProcessor
[THYMELEAF]         * DOCTYPE Processors by [precedence]:
[THYMELEAF]             * [1000]: org.thymeleaf.standard.processor.StandardTranslationDocTypeProcessor
[THYMELEAF]         * CDATA Section Processors by [precedence]:
[THYMELEAF]             * [1000]: org.thymeleaf.standard.processor.StandardInliningCDATASectionProcessor
[THYMELEAF]         * Comment Processors by [precedence]:
[THYMELEAF]             * [1000]: org.thymeleaf.standard.processor.StandardInliningCommentProcessor
[THYMELEAF]             * [1100]: org.thymeleaf.standard.processor.StandardConditionalCommentProcessor
[THYMELEAF]     * Processors for Template Mode: XML
[THYMELEAF]         * Element Tag Processors by [matching element and attribute name] [precedence]:
[THYMELEAF]             * [* {th:include}] [100]: org.thymeleaf.standard.processor.StandardIncludeTagProcessor
[THYMELEAF]             * [* {th:insert}] [100]: org.thymeleaf.standard.processor.StandardInsertTagProcessor
[THYMELEAF]             * [* {th:replace}] [100]: org.thymeleaf.standard.processor.StandardReplaceTagProcessor
[THYMELEAF]             * [* {th:each}] [200]: com.intuit.karate.template.KarateEachTagProcessor
[THYMELEAF]             * [* {th:switch}] [250]: org.thymeleaf.standard.processor.StandardSwitchTagProcessor
[THYMELEAF]             * [* {th:case}] [275]: org.thymeleaf.standard.processor.StandardCaseTagProcessor
[THYMELEAF]             * [* {th:if}] [300]: org.thymeleaf.standard.processor.StandardIfTagProcessor
[THYMELEAF]             * [* {th:unless}] [400]: org.thymeleaf.standard.processor.StandardUnlessTagProcessor
[THYMELEAF]             * [* {th:object}] [500]: org.thymeleaf.standard.processor.StandardObjectTagProcessor
[THYMELEAF]             * [* {th:with}] [600]: com.intuit.karate.template.KarateWithTagProcessor
[THYMELEAF]             * [* {th:attr}] [700]: com.intuit.karate.template.KarateAttributeTagProcessor.KarateAttrTagProcessor
[THYMELEAF]             * [* {th:attrappend}] [900]: com.intuit.karate.template.KarateAttributeTagProcessor.KarateAttrappendTagProcessor
[THYMELEAF]             * [* {th:attrprepend}] [900]: com.intuit.karate.template.KarateAttributeTagProcessor.KarateAttrprependTagProcessor
[THYMELEAF]             * [* {th:inline}] [1000]: org.thymeleaf.standard.processor.StandardInlineXMLTagProcessor
[THYMELEAF]             * [* {xmlns:th}] [1000]: org.thymeleaf.standard.processor.StandardXmlNsTagProcessor
[THYMELEAF]             * [* {th:text}] [1300]: org.thymeleaf.standard.processor.StandardTextTagProcessor
[THYMELEAF]             * [* {th:utext}] [1400]: org.thymeleaf.standard.processor.StandardUtextTagProcessor
[THYMELEAF]             * [* {th:fragment}] [1500]: org.thymeleaf.standard.processor.StandardFragmentTagProcessor
[THYMELEAF]             * [* {th:assert}] [1550]: org.thymeleaf.standard.processor.StandardAssertTagProcessor
[THYMELEAF]             * [* {th:remove}] [1600]: org.thymeleaf.standard.processor.StandardRemoveTagProcessor
[THYMELEAF]             * [* {th:ref}] [10000]: org.thymeleaf.standard.processor.StandardRefAttributeTagProcessor
[THYMELEAF]             * [{th:block} *] [100000]: org.thymeleaf.standard.processor.StandardBlockTagProcessor
[THYMELEAF]             * [* th:*] [2147483647]: org.thymeleaf.standard.processor.StandardDefaultAttributesTagProcessor
[THYMELEAF]         * Text Processors by [precedence]:
[THYMELEAF]             * [1000]: org.thymeleaf.standard.processor.StandardInliningTextProcessor
[THYMELEAF]         * CDATA Section Processors by [precedence]:
[THYMELEAF]             * [1000]: org.thymeleaf.standard.processor.StandardInliningCDATASectionProcessor
[THYMELEAF]         * Comment Processors by [precedence]:
[THYMELEAF]             * [1000]: org.thymeleaf.standard.processor.StandardInliningCommentProcessor
[THYMELEAF]     * Processors for Template Mode: TEXT
[THYMELEAF]         * Element Tag Processors by [matching element and attribute name] [precedence]:
[THYMELEAF]             * [* {th:insert}] [100]: org.thymeleaf.standard.processor.StandardInsertTagProcessor
[THYMELEAF]             * [* {th:replace}] [100]: org.thymeleaf.standard.processor.StandardReplaceTagProcessor
[THYMELEAF]             * [* {th:each}] [200]: com.intuit.karate.template.KarateEachTagProcessor
[THYMELEAF]             * [* {th:switch}] [250]: org.thymeleaf.standard.processor.StandardSwitchTagProcessor
[THYMELEAF]             * [* {th:case}] [275]: org.thymeleaf.standard.processor.StandardCaseTagProcessor
[THYMELEAF]             * [* {th:if}] [300]: org.thymeleaf.standard.processor.StandardIfTagProcessor
[THYMELEAF]             * [* {th:unless}] [400]: org.thymeleaf.standard.processor.StandardUnlessTagProcessor
[THYMELEAF]             * [* {th:object}] [500]: org.thymeleaf.standard.processor.StandardObjectTagProcessor
[THYMELEAF]             * [* {th:with}] [600]: com.intuit.karate.template.KarateWithTagProcessor
[THYMELEAF]             * [* {th:inline}] [1000]: org.thymeleaf.standard.processor.StandardInlineTextualTagProcessor
[THYMELEAF]             * [* {th:text}] [1300]: org.thymeleaf.standard.processor.StandardTextTagProcessor
[THYMELEAF]             * [* {th:utext}] [1400]: org.thymeleaf.standard.processor.StandardUtextTagProcessor
[THYMELEAF]             * [* {th:assert}] [1550]: org.thymeleaf.standard.processor.StandardAssertTagProcessor
[THYMELEAF]             * [* {th:remove}] [1600]: org.thymeleaf.standard.processor.StandardRemoveTagProcessor
[THYMELEAF]             * [{th:block} *] [100000]: org.thymeleaf.standard.processor.StandardBlockTagProcessor
[THYMELEAF]             * [* 100000] [org.thymeleaf.standard.processor.StandardBlockTagProcessor]: {}
[THYMELEAF]         * Text Processors by [precedence]:
[THYMELEAF]             * [1000]: org.thymeleaf.standard.processor.StandardInliningTextProcessor
[THYMELEAF]     * Processors for Template Mode: JAVASCRIPT
[THYMELEAF]         * Element Tag Processors by [matching element and attribute name] [precedence]:
[THYMELEAF]             * [* {th:insert}] [100]: org.thymeleaf.standard.processor.StandardInsertTagProcessor
[THYMELEAF]             * [* {th:replace}] [100]: org.thymeleaf.standard.processor.StandardReplaceTagProcessor
[THYMELEAF]             * [* {th:each}] [200]: com.intuit.karate.template.KarateEachTagProcessor
[THYMELEAF]             * [* {th:switch}] [250]: org.thymeleaf.standard.processor.StandardSwitchTagProcessor
[THYMELEAF]             * [* {th:case}] [275]: org.thymeleaf.standard.processor.StandardCaseTagProcessor
[THYMELEAF]             * [* {th:if}] [300]: org.thymeleaf.standard.processor.StandardIfTagProcessor
[THYMELEAF]             * [* {th:unless}] [400]: org.thymeleaf.standard.processor.StandardUnlessTagProcessor
[THYMELEAF]             * [* {th:object}] [500]: org.thymeleaf.standard.processor.StandardObjectTagProcessor
[THYMELEAF]             * [* {th:with}] [600]: com.intuit.karate.template.KarateWithTagProcessor
[THYMELEAF]             * [* {th:inline}] [1000]: org.thymeleaf.standard.processor.StandardInlineTextualTagProcessor
[THYMELEAF]             * [* {th:text}] [1300]: org.thymeleaf.standard.processor.StandardTextTagProcessor
[THYMELEAF]             * [* {th:utext}] [1400]: org.thymeleaf.standard.processor.StandardUtextTagProcessor
[THYMELEAF]             * [* {th:assert}] [1550]: org.thymeleaf.standard.processor.StandardAssertTagProcessor
[THYMELEAF]             * [* {th:remove}] [1600]: org.thymeleaf.standard.processor.StandardRemoveTagProcessor
[THYMELEAF]             * [{th:block} *] [100000]: org.thymeleaf.standard.processor.StandardBlockTagProcessor
[THYMELEAF]             * [* 100000] [org.thymeleaf.standard.processor.StandardBlockTagProcessor]: {}
[THYMELEAF]         * Text Processors by [precedence]:
[THYMELEAF]             * [1000]: org.thymeleaf.standard.processor.StandardInliningTextProcessor
[THYMELEAF]     * Processors for Template Mode: CSS
[THYMELEAF]         * Element Tag Processors by [matching element and attribute name] [precedence]:
[THYMELEAF]             * [* {th:insert}] [100]: org.thymeleaf.standard.processor.StandardInsertTagProcessor
[THYMELEAF]             * [* {th:replace}] [100]: org.thymeleaf.standard.processor.StandardReplaceTagProcessor
[THYMELEAF]             * [* {th:each}] [200]: com.intuit.karate.template.KarateEachTagProcessor
[THYMELEAF]             * [* {th:switch}] [250]: org.thymeleaf.standard.processor.StandardSwitchTagProcessor
[THYMELEAF]             * [* {th:case}] [275]: org.thymeleaf.standard.processor.StandardCaseTagProcessor
[THYMELEAF]             * [* {th:if}] [300]: org.thymeleaf.standard.processor.StandardIfTagProcessor
[THYMELEAF]             * [* {th:unless}] [400]: org.thymeleaf.standard.processor.StandardUnlessTagProcessor
[THYMELEAF]             * [* {th:object}] [500]: org.thymeleaf.standard.processor.StandardObjectTagProcessor
[THYMELEAF]             * [* {th:with}] [600]: com.intuit.karate.template.KarateWithTagProcessor
[THYMELEAF]             * [* {th:inline}] [1000]: org.thymeleaf.standard.processor.StandardInlineTextualTagProcessor
[THYMELEAF]             * [* {th:text}] [1300]: org.thymeleaf.standard.processor.StandardTextTagProcessor
[THYMELEAF]             * [* {th:utext}] [1400]: org.thymeleaf.standard.processor.StandardUtextTagProcessor
[THYMELEAF]             * [* {th:assert}] [1550]: org.thymeleaf.standard.processor.StandardAssertTagProcessor
[THYMELEAF]             * [* {th:remove}] [1600]: org.thymeleaf.standard.processor.StandardRemoveTagProcessor
[THYMELEAF]             * [* 100000] [org.thymeleaf.standard.processor.StandardBlockTagProcessor]: {}
[THYMELEAF]             * [{th:block} *] [100000]: org.thymeleaf.standard.processor.StandardBlockTagProcessor
[THYMELEAF]         * Text Processors by [precedence]:
[THYMELEAF]             * [1000]: org.thymeleaf.standard.processor.StandardInliningTextProcessor
[THYMELEAF]     * Expression Objects:
[THYMELEAF]         * #ctx
[THYMELEAF]         * #root
[THYMELEAF]         * #vars
[THYMELEAF]         * #object
[THYMELEAF]         * #locale
[THYMELEAF]         * #conversions
[THYMELEAF]         * #uris
[THYMELEAF]         * #temporals
[THYMELEAF]         * #calendars
[THYMELEAF]         * #dates
[THYMELEAF]         * #bools
[THYMELEAF]         * #numbers
[THYMELEAF]         * #objects
[THYMELEAF]         * #strings
[THYMELEAF]         * #arrays
[THYMELEAF]         * #lists
[THYMELEAF]         * #sets
[THYMELEAF]         * #maps
[THYMELEAF]         * #aggregates
[THYMELEAF]         * #messages
[THYMELEAF]         * #ids
[THYMELEAF]         * #execInfo
[THYMELEAF]         * #request
[THYMELEAF]         * #response
[THYMELEAF]         * #session
[THYMELEAF]         * #servletContext
[THYMELEAF]     * Execution Attributes:
[THYMELEAF]         * "StandardExpressionParser": com.intuit.karate.template.KarateStandardDialect@6480a063
[THYMELEAF]         * "StandardJavaScriptSerializer": org.thymeleaf.standard.serializer.StandardJavaScriptSerializer@7f70e244
[THYMELEAF]         * "StandardCSSSerializer": org.thymeleaf.standard.serializer.StandardCSSSerializer@fd14789
[THYMELEAF]         * "StandardVariableExpressionEvaluator": com.intuit.karate.template.KarateStandardDialect@6480a063
[THYMELEAF]         * "StandardConversionService": org.thymeleaf.standard.expression.StandardConversionService@3f64d943
[THYMELEAF] * Dialect [2 of 2]: karate (com.intuit.karate.template.KarateScriptDialect)
[THYMELEAF]     * Prefix: "ka"
[THYMELEAF]     * Processors for Template Mode: HTML
[THYMELEAF]         * Element Tag Processors by [matching element and attribute name] [precedence]:
[THYMELEAF]             * [* {src}] [1000]: com.intuit.karate.template.KaScriptAttrProcessor
[THYMELEAF]         * Element Model Processors by [matching element and attribute name] [precedence]:
[THYMELEAF]             * [{script} {ka:scope,data-ka-scope}] [1000]: com.intuit.karate.template.KaScriptElemProcessor
[THYMELEAF]             * [* {ka:set,data-ka-set}] [1000]: com.intuit.karate.template.KaSetElemProcessor
[THYMELEAF] TEMPLATE ENGINE CONFIGURED OK
14:57:21.585 [main] DEBUG org.thymeleaf.TemplateEngine -- [THYMELEAF] TEMPLATE ENGINE INITIALIZED
---------------------------------------------------------
feature: classpath:features/usuarios/usuarios-listar.feature
scenarios:  1 | passed:  1 | failed:  0 | time: 0.6659
---------------------------------------------------------

Karate version: 1.4.1
======================================================
elapsed:  11.61 | threads:    1 | thread time: 7.73 
features:     5 | skipped:    0 | efficiency: 0.67
scenarios:    9 | passed:     9 | failed: 0
======================================================
14:57:21.948 [main] DEBUG org.thymeleaf.TemplateEngine -- [THYMELEAF] INITIALIZING TEMPLATE ENGINE
14:57:21.957 [main] DEBUG org.thymeleaf.TemplateEngine.CONFIG -- Initializing Thymeleaf Template engine configuration...
[THYMELEAF] TEMPLATE ENGINE CONFIGURATION:
[THYMELEAF] * Thymeleaf version: 3.1.2.RELEASE (built 2023-07-30T19:25:50+0000)
[THYMELEAF] * Cache Manager implementation: org.thymeleaf.cache.StandardCacheManager
[THYMELEAF] * Template resolvers:
[THYMELEAF]     * [1] com.intuit.karate.template.ResourceHtmlTemplateResolver
[THYMELEAF] * Message resolvers:
[THYMELEAF]     * org.thymeleaf.messageresolver.StandardMessageResolver
[THYMELEAF] * Link builders:
[THYMELEAF]     * org.thymeleaf.linkbuilder.StandardLinkBuilder
[THYMELEAF] * Dialect [1 of 2]: Standard (com.intuit.karate.template.KarateStandardDialect)
[THYMELEAF]     * Prefix: "th"
[THYMELEAF]     * Processors for Template Mode: HTML
[THYMELEAF]         * Element Tag Processors by [matching element and attribute name] [precedence]:
[THYMELEAF]             * [* {th:include,data-th-include}] [100]: org.thymeleaf.standard.processor.StandardIncludeTagProcessor
[THYMELEAF]             * [* {th:insert,data-th-insert}] [100]: org.thymeleaf.standard.processor.StandardInsertTagProcessor
[THYMELEAF]             * [* {th:replace,data-th-replace}] [100]: org.thymeleaf.standard.processor.StandardReplaceTagProcessor
[THYMELEAF]             * [* {th:each,data-th-each}] [200]: com.intuit.karate.template.KarateEachTagProcessor
[THYMELEAF]             * [* {th:switch,data-th-switch}] [250]: org.thymeleaf.standard.processor.StandardSwitchTagProcessor
[THYMELEAF]             * [* {th:case,data-th-case}] [275]: org.thymeleaf.standard.processor.StandardCaseTagProcessor
[THYMELEAF]             * [* {th:if,data-th-if}] [300]: org.thymeleaf.standard.processor.StandardIfTagProcessor
[THYMELEAF]             * [* {th:unless,data-th-unless}] [400]: org.thymeleaf.standard.processor.StandardUnlessTagProcessor
[THYMELEAF]             * [* {th:object,data-th-object}] [500]: org.thymeleaf.standard.processor.StandardObjectTagProcessor
[THYMELEAF]             * [* {th:with,data-th-with}] [600]: com.intuit.karate.template.KarateWithTagProcessor
[THYMELEAF]             * [* {th:attr,data-th-attr}] [700]: com.intuit.karate.template.KarateAttributeTagProcessor.KarateAttrTagProcessor
[THYMELEAF]             * [* {th:attrappend,data-th-attrappend}] [900]: com.intuit.karate.template.KarateAttributeTagProcessor.KarateAttrappendTagProcessor
[THYMELEAF]             * [* {th:attrprepend,data-th-attrprepend}] [900]: com.intuit.karate.template.KarateAttributeTagProcessor.KarateAttrprependTagProcessor
[THYMELEAF]             * [* {th:alt-title,data-th-alt-title}] [990]: org.thymeleaf.standard.processor.StandardAltTitleTagProcessor
[THYMELEAF]             * [* {th:lang-xmllang,data-th-lang-xmllang}] [990]: org.thymeleaf.standard.processor.StandardLangXmlLangTagProcessor
[THYMELEAF]             * [* {th:action,data-th-action}] [1000]: org.thymeleaf.standard.processor.StandardActionTagProcessor
[THYMELEAF]             * [* {th:autofocus,data-th-autofocus}] [1000]: org.thymeleaf.standard.processor.StandardConditionalFixedValueTagProcessor
[THYMELEAF]             * [* {th:selected,data-th-selected}] [1000]: org.thymeleaf.standard.processor.StandardConditionalFixedValueTagProcessor
[THYMELEAF]             * [* {th:novalidate,data-th-novalidate}] [1000]: org.thymeleaf.standard.processor.StandardConditionalFixedValueTagProcessor
[THYMELEAF]             * [* {th:readonly,data-th-readonly}] [1000]: org.thymeleaf.standard.processor.StandardConditionalFixedValueTagProcessor
[THYMELEAF]             * [* {th:loop,data-th-loop}] [1000]: org.thymeleaf.standard.processor.StandardConditionalFixedValueTagProcessor
[THYMELEAF]             * [* {th:pubdate,data-th-pubdate}] [1000]: org.thymeleaf.standard.processor.StandardConditionalFixedValueTagProcessor
[THYMELEAF]             * [* {th:multiple,data-th-multiple}] [1000]: org.thymeleaf.standard.processor.StandardConditionalFixedValueTagProcessor
[THYMELEAF]             * [* {th:nowrap,data-th-nowrap}] [1000]: org.thymeleaf.standard.processor.StandardConditionalFixedValueTagProcessor
[THYMELEAF]             * [* {th:default,data-th-default}] [1000]: org.thymeleaf.standard.processor.StandardConditionalFixedValueTagProcessor
[THYMELEAF]             * [* {th:seamless,data-th-seamless}] [1000]: org.thymeleaf.standard.processor.StandardConditionalFixedValueTagProcessor
[THYMELEAF]             * [* {th:autoplay,data-th-autoplay}] [1000]: org.thymeleaf.standard.processor.StandardConditionalFixedValueTagProcessor
[THYMELEAF]             * [* {th:controls,data-th-controls}] [1000]: org.thymeleaf.standard.processor.StandardConditionalFixedValueTagProcessor
[THYMELEAF]             * [* {th:hidden,data-th-hidden}] [1000]: org.thymeleaf.standard.processor.StandardConditionalFixedValueTagProcessor
[THYMELEAF]             * [* {th:open,data-th-open}] [1000]: org.thymeleaf.standard.processor.StandardConditionalFixedValueTagProcessor
[THYMELEAF]             * [* {th:disabled,data-th-disabled}] [1000]: org.thymeleaf.standard.processor.StandardConditionalFixedValueTagProcessor
[THYMELEAF]             * [* {th:declare,data-th-declare}] [1000]: org.thymeleaf.standard.processor.StandardConditionalFixedValueTagProcessor
[THYMELEAF]             * [* {th:formnovalidate,data-th-formnovalidate}] [1000]: org.thymeleaf.standard.processor.StandardConditionalFixedValueTagProcessor
[THYMELEAF]             * [* {th:defer,data-th-defer}] [1000]: org.thymeleaf.standard.processor.StandardConditionalFixedValueTagProcessor
[THYMELEAF]             * [* {th:checked,data-th-checked}] [1000]: org.thymeleaf.standard.processor.StandardConditionalFixedValueTagProcessor
[THYMELEAF]             * [* {th:async,data-th-async}] [1000]: org.thymeleaf.standard.processor.StandardConditionalFixedValueTagProcessor
[THYMELEAF]             * [* {th:ismap,data-th-ismap}] [1000]: org.thymeleaf.standard.processor.StandardConditionalFixedValueTagProcessor
[THYMELEAF]             * [* {th:reversed,data-th-reversed}] [1000]: org.thymeleaf.standard.processor.StandardConditionalFixedValueTagProcessor
[THYMELEAF]             * [* {th:scoped,data-th-scoped}] [1000]: org.thymeleaf.standard.processor.StandardConditionalFixedValueTagProcessor
[THYMELEAF]             * [* {th:required,data-th-required}] [1000]: org.thymeleaf.standard.processor.StandardConditionalFixedValueTagProcessor
[THYMELEAF]             * [* {th:onstalled,data-th-onstalled}] [1000]: org.thymeleaf.standard.processor.StandardDOMEventAttributeTagProcessor
[THYMELEAF]             * [* {th:ondurationchange,data-th-ondurationchange}] [1000]: org.thymeleaf.standard.processor.StandardDOMEventAttributeTagProcessor
[THYMELEAF]             * [* {th:onmouseover,data-th-onmouseover}] [1000]: org.thymeleaf.standard.processor.StandardDOMEventAttributeTagProcessor
[THYMELEAF]             * [* {th:onmouseup,data-th-onmouseup}] [1000]: org.thymeleaf.standard.processor.StandardDOMEventAttributeTagProcessor
[THYMELEAF]             * [* {th:onerror,data-th-onerror}] [1000]: org.thymeleaf.standard.processor.StandardDOMEventAttributeTagProcessor
[THYMELEAF]             * [* {th:onafterprint,data-th-onafterprint}] [1000]: org.thymeleaf.standard.processor.StandardDOMEventAttributeTagProcessor
[THYMELEAF]             * [* {th:onsubmit,data-th-onsubmit}] [1000]: org.thymeleaf.standard.processor.StandardDOMEventAttributeTagProcessor
[THYMELEAF]             * [* {th:ondrag,data-th-ondrag}] [1000]: org.thymeleaf.standard.processor.StandardDOMEventAttributeTagProcessor
[THYMELEAF]             * [* {th:onmessage,data-th-onmessage}] [1000]: org.thymeleaf.standard.processor.StandardDOMEventAttributeTagProcessor
[THYMELEAF]             * [* {th:onloadedmetadata,data-th-onloadedmetadata}] [1000]: org.thymeleaf.standard.processor.StandardDOMEventAttributeTagProcessor
[THYMELEAF]             * [* {th:onwaiting,data-th-onwaiting}] [1000]: org.thymeleaf.standard.processor.StandardDOMEventAttributeTagProcessor
[THYMELEAF]             * [* {th:onundo,data-th-onundo}] [1000]: org.thymeleaf.standard.processor.StandardDOMEventAttributeTagProcessor
[THYMELEAF]             * [* {th:onplay,data-th-onplay}] [1000]: org.thymeleaf.standard.processor.StandardDOMEventAttributeTagProcessor
[THYMELEAF]             * [* {th:onstorage,data-th-onstorage}] [1000]: org.thymeleaf.standard.processor.StandardDOMEventAttributeTagProcessor
[THYMELEAF]             * [* {th:onblur,data-th-onblur}] [1000]: org.thymeleaf.standard.processor.StandardDOMEventAttributeTagProcessor
[THYMELEAF]             * [* {th:onloadeddata,data-th-onloadeddata}] [1000]: org.thymeleaf.standard.processor.StandardDOMEventAttributeTagProcessor
[THYMELEAF]             * [* {th:onended,data-th-onended}] [1000]: org.thymeleaf.standard.processor.StandardDOMEventAttributeTagProcessor
[THYMELEAF]             * [* {th:ondragenter,data-th-ondragenter}] [1000]: org.thymeleaf.standard.processor.StandardDOMEventAttributeTagProcessor
[THYMELEAF]             * [* {th:onratechange,data-th-onratechange}] [1000]: org.thymeleaf.standard.processor.StandardDOMEventAttributeTagProcessor
[THYMELEAF]             * [* {th:ondrop,data-th-ondrop}] [1000]: org.thymeleaf.standard.processor.StandardDOMEventAttributeTagProcessor
[THYMELEAF]             * [* {th:onscroll,data-th-onscroll}] [1000]: org.thymeleaf.standard.processor.StandardDOMEventAttributeTagProcessor
[THYMELEAF]             * [* {th:onabort,data-th-onabort}] [1000]: org.thymeleaf.standard.processor.StandardDOMEventAttributeTagProcessor
[THYMELEAF]             * [* {th:onkeypress,data-th-onkeypress}] [1000]: org.thymeleaf.standard.processor.StandardDOMEventAttributeTagProcessor
[THYMELEAF]             * [* {th:oncanplay,data-th-oncanplay}] [1000]: org.thymeleaf.standard.processor.StandardDOMEventAttributeTagProcessor
[THYMELEAF]             * [* {th:onhashchange,data-th-onhashchange}] [1000]: org.thymeleaf.standard.processor.StandardDOMEventAttributeTagProcessor
[THYMELEAF]             * [* {th:oncanplaythrough,data-th-oncanplaythrough}] [1000]: org.thymeleaf.standard.processor.StandardDOMEventAttributeTagProcessor
[THYMELEAF]             * [* {th:onreadystatechange,data-th-onreadystatechange}] [1000]: org.thymeleaf.standard.processor.StandardDOMEventAttributeTagProcessor
[THYMELEAF]             * [* {th:onoffline,data-th-onoffline}] [1000]: org.thymeleaf.standard.processor.StandardDOMEventAttributeTagProcessor
[THYMELEAF]             * [* {th:onprogress,data-th-onprogress}] [1000]: org.thymeleaf.standard.processor.StandardDOMEventAttributeTagProcessor
[THYMELEAF]             * [* {th:onseeked,data-th-onseeked}] [1000]: org.thymeleaf.standard.processor.StandardDOMEventAttributeTagProcessor
[THYMELEAF]             * [* {th:onmousemove,data-th-onmousemove}] [1000]: org.thymeleaf.standard.processor.StandardDOMEventAttributeTagProcessor
[THYMELEAF]             * [* {th:onloadstart,data-th-onloadstart}] [1000]: org.thymeleaf.standard.processor.StandardDOMEventAttributeTagProcessor
[THYMELEAF]             * [* {th:oninput,data-th-oninput}] [1000]: org.thymeleaf.standard.processor.StandardDOMEventAttributeTagProcessor
[THYMELEAF]             * [* {th:onbeforeprint,data-th-onbeforeprint}] [1000]: org.thymeleaf.standard.processor.StandardDOMEventAttributeTagProcessor
[THYMELEAF]             * [* {th:onresize,data-th-onresize}] [1000]: org.thymeleaf.standard.processor.StandardDOMEventAttributeTagProcessor
[THYMELEAF]             * [* {th:onkeydown,data-th-onkeydown}] [1000]: org.thymeleaf.standard.processor.StandardDOMEventAttributeTagProcessor
[THYMELEAF]             * [* {th:onshow,data-th-onshow}] [1000]: org.thymeleaf.standard.processor.StandardDOMEventAttributeTagProcessor
[THYMELEAF]             * [* {th:ondblclick,data-th-ondblclick}] [1000]: org.thymeleaf.standard.processor.StandardDOMEventAttributeTagProcessor
[THYMELEAF]             * [* {th:ondragend,data-th-ondragend}] [1000]: org.thymeleaf.standard.processor.StandardDOMEventAttributeTagProcessor
[THYMELEAF]             * [* {th:onplaying,data-th-onplaying}] [1000]: org.thymeleaf.standard.processor.StandardDOMEventAttributeTagProcessor
[THYMELEAF]             * [* {th:onpause,data-th-onpause}] [1000]: org.thymeleaf.standard.processor.StandardDOMEventAttributeTagProcessor
[THYMELEAF]             * [* {th:onseeking,data-th-onseeking}] [1000]: org.thymeleaf.standard.processor.StandardDOMEventAttributeTagProcessor
[THYMELEAF]             * [* {th:onclick,data-th-onclick}] [1000]: org.thymeleaf.standard.processor.StandardDOMEventAttributeTagProcessor
[THYMELEAF]             * [* {th:ononline,data-th-ononline}] [1000]: org.thymeleaf.standard.processor.StandardDOMEventAttributeTagProcessor
[THYMELEAF]             * [* {th:onemptied,data-th-onemptied}] [1000]: org.thymeleaf.standard.processor.StandardDOMEventAttributeTagProcessor
[THYMELEAF]             * [* {th:ondragover,data-th-ondragover}] [1000]: org.thymeleaf.standard.processor.StandardDOMEventAttributeTagProcessor
[THYMELEAF]             * [* {th:onkeyup,data-th-onkeyup}] [1000]: org.thymeleaf.standard.processor.StandardDOMEventAttributeTagProcessor
[THYMELEAF]             * [* {th:onselect,data-th-onselect}] [1000]: org.thymeleaf.standard.processor.StandardDOMEventAttributeTagProcessor
[THYMELEAF]             * [* {th:onmouseout,data-th-onmouseout}] [1000]: org.thymeleaf.standard.processor.StandardDOMEventAttributeTagProcessor
[THYMELEAF]             * [* {th:onmousedown,data-th-onmousedown}] [1000]: org.thymeleaf.standard.processor.StandardDOMEventAttributeTagProcessor
[THYMELEAF]             * [* {th:onsuspend,data-th-onsuspend}] [1000]: org.thymeleaf.standard.processor.StandardDOMEventAttributeTagProcessor
[THYMELEAF]             * [* {th:ondragstart,data-th-ondragstart}] [1000]: org.thymeleaf.standard.processor.StandardDOMEventAttributeTagProcessor
[THYMELEAF]             * [* {th:onbeforeunload,data-th-onbeforeunload}] [1000]: org.thymeleaf.standard.processor.StandardDOMEventAttributeTagProcessor
[THYMELEAF]             * [* {th:onload,data-th-onload}] [1000]: org.thymeleaf.standard.processor.StandardDOMEventAttributeTagProcessor
[THYMELEAF]             * [* {th:ontimeupdate,data-th-ontimeupdate}] [1000]: org.thymeleaf.standard.processor.StandardDOMEventAttributeTagProcessor
[THYMELEAF]             * [* {th:onpopstate,data-th-onpopstate}] [1000]: org.thymeleaf.standard.processor.StandardDOMEventAttributeTagProcessor
[THYMELEAF]             * [* {th:onredo,data-th-onredo}] [1000]: org.thymeleaf.standard.processor.StandardDOMEventAttributeTagProcessor
[THYMELEAF]             * [* {th:oninvalid,data-th-oninvalid}] [1000]: org.thymeleaf.standard.processor.StandardDOMEventAttributeTagProcessor
[THYMELEAF]             * [* {th:oncontextmenu,data-th-oncontextmenu}] [1000]: org.thymeleaf.standard.processor.StandardDOMEventAttributeTagProcessor
[THYMELEAF]             * [* {th:onfocus,data-th-onfocus}] [1000]: org.thymeleaf.standard.processor.StandardDOMEventAttributeTagProcessor
[THYMELEAF]             * [* {th:onchange,data-th-onchange}] [1000]: org.thymeleaf.standard.processor.StandardDOMEventAttributeTagProcessor
[THYMELEAF]             * [* {th:onvolumechange,data-th-onvolumechange}] [1000]: org.thymeleaf.standard.processor.StandardDOMEventAttributeTagProcessor
[THYMELEAF]             * [* {th:onreset,data-th-onreset}] [1000]: org.thymeleaf.standard.processor.StandardDOMEventAttributeTagProcessor
[THYMELEAF]             * [* {th:onforminput,data-th-onforminput}] [1000]: org.thymeleaf.standard.processor.StandardDOMEventAttributeTagProcessor
[THYMELEAF]             * [* {th:onunload,data-th-onunload}] [1000]: org.thymeleaf.standard.processor.StandardDOMEventAttributeTagProcessor
[THYMELEAF]             * [* {th:onformchange,data-th-onformchange}] [1000]: org.thymeleaf.standard.processor.StandardDOMEventAttributeTagProcessor
[THYMELEAF]             * [* {th:onmousewheel,data-th-onmousewheel}] [1000]: org.thymeleaf.standard.processor.StandardDOMEventAttributeTagProcessor
[THYMELEAF]             * [* {th:ondragleave,data-th-ondragleave}] [1000]: org.thymeleaf.standard.processor.StandardDOMEventAttributeTagProcessor
[THYMELEAF]             * [* {th:href,data-th-href}] [1000]: org.thymeleaf.standard.processor.StandardHrefTagProcessor
[THYMELEAF]             * [* {th:inline,data-th-inline}] [1000]: org.thymeleaf.standard.processor.StandardInlineHTMLTagProcessor
[THYMELEAF]             * [* {th:method,data-th-method}] [1000]: org.thymeleaf.standard.processor.StandardMethodTagProcessor
[THYMELEAF]             * [* {th:type,data-th-type}] [1000]: org.thymeleaf.standard.processor.StandardNonRemovableAttributeTagProcessor
[THYMELEAF]             * [* {th:name,data-th-name}] [1000]: org.thymeleaf.standard.processor.StandardNonRemovableAttributeTagProcessor
[THYMELEAF]             * [* {th:charset,data-th-charset}] [1000]: org.thymeleaf.standard.processor.StandardRemovableAttributeTagProcessor
[THYMELEAF]             * [* {th:datetime,data-th-datetime}] [1000]: org.thymeleaf.standard.processor.StandardRemovableAttributeTagProcessor
[THYMELEAF]             * [* {th:usemap,data-th-usemap}] [1000]: org.thymeleaf.standard.processor.StandardRemovableAttributeTagProcessor
[THYMELEAF]             * [* {th:marginheight,data-th-marginheight}] [1000]: org.thymeleaf.standard.processor.StandardRemovableAttributeTagProcessor
[THYMELEAF]             * [* {th:size,data-th-size}] [1000]: org.thymeleaf.standard.processor.StandardRemovableAttributeTagProcessor
[THYMELEAF]             * [* {th:spellcheck,data-th-spellcheck}] [1000]: org.thymeleaf.standard.processor.StandardRemovableAttributeTagProcessor
[THYMELEAF]             * [* {th:enctype,data-th-enctype}] [1000]: org.thymeleaf.standard.processor.StandardRemovableAttributeTagProcessor
[THYMELEAF]             * [* {th:cellpadding,data-th-cellpadding}] [1000]: org.thymeleaf.standard.processor.StandardRemovableAttributeTagProcessor
[THYMELEAF]             * [* {th:codetype,data-th-codetype}] [1000]: org.thymeleaf.standard.processor.StandardRemovableAttributeTagProcessor
[THYMELEAF]             * [* {th:marginwidth,data-th-marginwidth}] [1000]: org.thymeleaf.standard.processor.StandardRemovableAttributeTagProcessor
[THYMELEAF]             * [* {th:longdesc,data-th-longdesc}] [1000]: org.thymeleaf.standard.processor.StandardRemovableAttributeTagProcessor
[THYMELEAF]             * [* {th:srclang,data-th-srclang}] [1000]: org.thymeleaf.standard.processor.StandardRemovableAttributeTagProcessor
[THYMELEAF]             * [* {th:valuetype,data-th-valuetype}] [1000]: org.thymeleaf.standard.processor.StandardRemovableAttributeTagProcessor
[THYMELEAF]             * [* {th:headers,data-th-headers}] [1000]: org.thymeleaf.standard.processor.StandardRemovableAttributeTagProcessor
[THYMELEAF]             * [* {th:codebase,data-th-codebase}] [1000]: org.thymeleaf.standard.processor.StandardRemovableAttributeTagProcessor
[THYMELEAF]             * [* {th:manifest,data-th-manifest}] [1000]: org.thymeleaf.standard.processor.StandardRemovableAttributeTagProcessor
[THYMELEAF]             * [* {th:sandbox,data-th-sandbox}] [1000]: org.thymeleaf.standard.processor.StandardRemovableAttributeTagProcessor
[THYMELEAF]             * [* {th:scrolling,data-th-scrolling}] [1000]: org.thymeleaf.standard.processor.StandardRemovableAttributeTagProcessor
[THYMELEAF]             * [* {th:vspace,data-th-vspace}] [1000]: org.thymeleaf.standard.processor.StandardRemovableAttributeTagProcessor
[THYMELEAF]             * [* {th:wrap,data-th-wrap}] [1000]: org.thymeleaf.standard.processor.StandardRemovableAttributeTagProcessor
[THYMELEAF]             * [* {th:classid,data-th-classid}] [1000]: org.thymeleaf.standard.processor.StandardRemovableAttributeTagProcessor
[THYMELEAF]             * [* {th:maxlength,data-th-maxlength}] [1000]: org.thymeleaf.standard.processor.StandardRemovableAttributeTagProcessor
[THYMELEAF]             * [* {th:scope,data-th-scope}] [1000]: org.thymeleaf.standard.processor.StandardRemovableAttributeTagProcessor
[THYMELEAF]             * [* {th:rel,data-th-rel}] [1000]: org.thymeleaf.standard.processor.StandardRemovableAttributeTagProcessor
[THYMELEAF]             * [* {th:label,data-th-label}] [1000]: org.thymeleaf.standard.processor.StandardRemovableAttributeTagProcessor
[THYMELEAF]             * [* {th:for,data-th-for}] [1000]: org.thymeleaf.standard.processor.StandardRemovableAttributeTagProcessor
[THYMELEAF]             * [* {th:background,data-th-background}] [1000]: org.thymeleaf.standard.processor.StandardRemovableAttributeTagProcessor
[THYMELEAF]             * [* {th:axis,data-th-axis}] [1000]: org.thymeleaf.standard.processor.StandardRemovableAttributeTagProcessor
[THYMELEAF]             * [* {th:align,data-th-align}] [1000]: org.thymeleaf.standard.processor.StandardRemovableAttributeTagProcessor
[THYMELEAF]             * [* {th:rev,data-th-rev}] [1000]: org.thymeleaf.standard.processor.StandardRemovableAttributeTagProcessor
[THYMELEAF]             * [* {th:alt,data-th-alt}] [1000]: org.thymeleaf.standard.processor.StandardRemovableAttributeTagProcessor
[THYMELEAF]             * [* {th:rowspan,data-th-rowspan}] [1000]: org.thymeleaf.standard.processor.StandardRemovableAttributeTagProcessor
[THYMELEAF]             * [* {th:cellspacing,data-th-cellspacing}] [1000]: org.thymeleaf.standard.processor.StandardRemovableAttributeTagProcessor
[THYMELEAF]             * [* {th:dir,data-th-dir}] [1000]: org.thymeleaf.standard.processor.StandardRemovableAttributeTagProcessor
[THYMELEAF]             * [* {th:scheme,data-th-scheme}] [1000]: org.thymeleaf.standard.processor.StandardRemovableAttributeTagProcessor
[THYMELEAF]             * [* {th:abbr,data-th-abbr}] [1000]: org.thymeleaf.standard.processor.StandardRemovableAttributeTagProcessor
[THYMELEAF]             * [* {th:accept-charset,data-th-accept-charset}] [1000]: org.thymeleaf.standard.processor.StandardRemovableAttributeTagProcessor
[THYMELEAF]             * [* {th:optimum,data-th-optimum}] [1000]: org.thymeleaf.standard.processor.StandardRemovableAttributeTagProcessor
[THYMELEAF]             * [* {th:compact,data-th-compact}] [1000]: org.thymeleaf.standard.processor.StandardRemovableAttributeTagProcessor
[THYMELEAF]             * [* {th:colspan,data-th-colspan}] [1000]: org.thymeleaf.standard.processor.StandardRemovableAttributeTagProcessor
[THYMELEAF]             * [* {th:cite,data-th-cite}] [1000]: org.thymeleaf.standard.processor.StandardRemovableAttributeTagProcessor
[THYMELEAF]             * [* {th:accept,data-th-accept}] [1000]: org.thymeleaf.standard.processor.StandardRemovableAttributeTagProcessor
[THYMELEAF]             * [* {th:span,data-th-span}] [1000]: org.thymeleaf.standard.processor.StandardRemovableAttributeTagProcessor
[THYMELEAF]             * [* {th:hreflang,data-th-hreflang}] [1000]: org.thymeleaf.standard.processor.StandardRemovableAttributeTagProcessor
[THYMELEAF]             * [* {th:autocomplete,data-th-autocomplete}] [1000]: org.thymeleaf.standard.processor.StandardRemovableAttributeTagProcessor
[THYMELEAF]             * [* {th:target,data-th-target}] [1000]: org.thymeleaf.standard.processor.StandardRemovableAttributeTagProcessor
[THYMELEAF]             * [* {th:dropzone,data-th-dropzone}] [1000]: org.thymeleaf.standard.processor.StandardRemovableAttributeTagProcessor
[THYMELEAF]             * [* {th:standby,data-th-standby}] [1000]: org.thymeleaf.standard.processor.StandardRemovableAttributeTagProcessor
[THYMELEAF]             * [* {th:low,data-th-low}] [1000]: org.thymeleaf.standard.processor.StandardRemovableAttributeTagProcessor
[THYMELEAF]             * [* {th:frameborder,data-th-frameborder}] [1000]: org.thymeleaf.standard.processor.StandardRemovableAttributeTagProcessor
[THYMELEAF]             * [* {th:high,data-th-high}] [1000]: org.thymeleaf.standard.processor.StandardRemovableAttributeTagProcessor
[THYMELEAF]             * [* {th:placeholder,data-th-placeholder}] [1000]: org.thymeleaf.standard.processor.StandardRemovableAttributeTagProcessor
[THYMELEAF]             * [* {th:rows,data-th-rows}] [1000]: org.thymeleaf.standard.processor.StandardRemovableAttributeTagProcessor
[THYMELEAF]             * [* {th:audio,data-th-audio}] [1000]: org.thymeleaf.standard.processor.StandardRemovableAttributeTagProcessor
[THYMELEAF]             * [* {th:media,data-th-media}] [1000]: org.thymeleaf.standard.processor.StandardRemovableAttributeTagProcessor
[THYMELEAF]             * [* {th:formaction,data-th-formaction}] [1000]: org.thymeleaf.standard.processor.StandardRemovableAttributeTagProcessor
[THYMELEAF]             * [* {th:content,data-th-content}] [1000]: org.thymeleaf.standard.processor.StandardRemovableAttributeTagProcessor
[THYMELEAF]             * [* {th:contenteditable,data-th-contenteditable}] [1000]: org.thymeleaf.standard.processor.StandardRemovableAttributeTagProcessor
[THYMELEAF]             * [* {th:class,data-th-class}] [1000]: org.thymeleaf.standard.processor.StandardRemovableAttributeTagProcessor
[THYMELEAF]             * [* {th:pattern,data-th-pattern}] [1000]: org.thymeleaf.standard.processor.StandardRemovableAttributeTagProcessor
[THYMELEAF]             * [* {th:start,data-th-start}] [1000]: org.thymeleaf.standard.processor.StandardRemovableAttributeTagProcessor
[THYMELEAF]             * [* {th:summary,data-th-summary}] [1000]: org.thymeleaf.standard.processor.StandardRemovableAttributeTagProcessor
[THYMELEAF]             * [* {th:icon,data-th-icon}] [1000]: org.thymeleaf.standard.processor.StandardRemovableAttributeTagProcessor
[THYMELEAF]             * [* {th:tabindex,data-th-tabindex}] [1000]: org.thymeleaf.standard.processor.StandardRemovableAttributeTagProcessor
[THYMELEAF]             * [* {th:height,data-th-height}] [1000]: org.thymeleaf.standard.processor.StandardRemovableAttributeTagProcessor
[THYMELEAF]             * [* {th:radiogroup,data-th-radiogroup}] [1000]: org.thymeleaf.standard.processor.StandardRemovableAttributeTagProcessor
[THYMELEAF]             * [* {th:preload,data-th-preload}] [1000]: org.thymeleaf.standard.processor.StandardRemovableAttributeTagProcessor
[THYMELEAF]             * [* {th:data,data-th-data}] [1000]: org.thymeleaf.standard.processor.StandardRemovableAttributeTagProcessor
[THYMELEAF]             * [* {th:http-equiv,data-th-http-equiv}] [1000]: org.thymeleaf.standard.processor.StandardRemovableAttributeTagProcessor
[THYMELEAF]             * [* {th:lang,data-th-lang}] [1000]: org.thymeleaf.standard.processor.StandardRemovableAttributeTagProcessor
[THYMELEAF]             * [* {th:rules,data-th-rules}] [1000]: org.thymeleaf.standard.processor.StandardRemovableAttributeTagProcessor
[THYMELEAF]             * [* {th:style,data-th-style}] [1000]: org.thymeleaf.standard.processor.StandardRemovableAttributeTagProcessor
[THYMELEAF]             * [* {th:archive,data-th-archive}] [1000]: org.thymeleaf.standard.processor.StandardRemovableAttributeTagProcessor
[THYMELEAF]             * [* {th:form,data-th-form}] [1000]: org.thymeleaf.standard.processor.StandardRemovableAttributeTagProcessor
[THYMELEAF]             * [* {th:max,data-th-max}] [1000]: org.thymeleaf.standard.processor.StandardRemovableAttributeTagProcessor
[THYMELEAF]             * [* {th:width,data-th-width}] [1000]: org.thymeleaf.standard.processor.StandardRemovableAttributeTagProcessor
[THYMELEAF]             * [* {th:min,data-th-min}] [1000]: org.thymeleaf.standard.processor.StandardRemovableAttributeTagProcessor
[THYMELEAF]             * [* {th:cols,data-th-cols}] [1000]: org.thymeleaf.standard.processor.StandardRemovableAttributeTagProcessor
[THYMELEAF]             * [* {th:challenge,data-th-challenge}] [1000]: org.thymeleaf.standard.processor.StandardRemovableAttributeTagProcessor
[THYMELEAF]             * [* {th:hspace,data-th-hspace}] [1000]: org.thymeleaf.standard.processor.StandardRemovableAttributeTagProcessor
[THYMELEAF]             * [* {th:frame,data-th-frame}] [1000]: org.thymeleaf.standard.processor.StandardRemovableAttributeTagProcessor
[THYMELEAF]             * [* {th:poster,data-th-poster}] [1000]: org.thymeleaf.standard.processor.StandardRemovableAttributeTagProcessor
[THYMELEAF]             * [* {th:list,data-th-list}] [1000]: org.thymeleaf.standard.processor.StandardRemovableAttributeTagProcessor
[THYMELEAF]             * [* {th:formenctype,data-th-formenctype}] [1000]: org.thymeleaf.standard.processor.StandardRemovableAttributeTagProcessor
[THYMELEAF]             * [* {th:border,data-th-border}] [1000]: org.thymeleaf.standard.processor.StandardRemovableAttributeTagProcessor
[THYMELEAF]             * [* {th:id,data-th-id}] [1000]: org.thymeleaf.standard.processor.StandardRemovableAttributeTagProcessor
[THYMELEAF]             * [* {th:sizes,data-th-sizes}] [1000]: org.thymeleaf.standard.processor.StandardRemovableAttributeTagProcessor
[THYMELEAF]             * [* {th:kind,data-th-kind}] [1000]: org.thymeleaf.standard.processor.StandardRemovableAttributeTagProcessor
[THYMELEAF]             * [* {th:accesskey,data-th-accesskey}] [1000]: org.thymeleaf.standard.processor.StandardRemovableAttributeTagProcessor
[THYMELEAF]             * [* {th:keytype,data-th-keytype}] [1000]: org.thymeleaf.standard.processor.StandardRemovableAttributeTagProcessor
[THYMELEAF]             * [* {th:contextmenu,data-th-contextmenu}] [1000]: org.thymeleaf.standard.processor.StandardRemovableAttributeTagProcessor
[THYMELEAF]             * [* {th:step,data-th-step}] [1000]: org.thymeleaf.standard.processor.StandardRemovableAttributeTagProcessor
[THYMELEAF]             * [* {th:title,data-th-title}] [1000]: org.thymeleaf.standard.processor.StandardRemovableAttributeTagProcessor
[THYMELEAF]             * [* {th:formtarget,data-th-formtarget}] [1000]: org.thymeleaf.standard.processor.StandardRemovableAttributeTagProcessor
[THYMELEAF]             * [* {th:formmethod,data-th-formmethod}] [1000]: org.thymeleaf.standard.processor.StandardRemovableAttributeTagProcessor
[THYMELEAF]             * [* {th:draggable,data-th-draggable}] [1000]: org.thymeleaf.standard.processor.StandardRemovableAttributeTagProcessor
[THYMELEAF]             * [* {th:bgcolor,data-th-bgcolor}] [1000]: org.thymeleaf.standard.processor.StandardRemovableAttributeTagProcessor
[THYMELEAF]             * [* {th:src,data-th-src}] [1000]: org.thymeleaf.standard.processor.StandardSrcTagProcessor
[THYMELEAF]             * [* {th:value,data-th-value}] [1000]: org.thymeleaf.standard.processor.StandardValueTagProcessor
[THYMELEAF]             * [* {th:xmlbase,data-th-xmlbase}] [1000]: org.thymeleaf.standard.processor.StandardXmlBaseTagProcessor
[THYMELEAF]             * [* {th:xmllang,data-th-xmllang}] [1000]: org.thymeleaf.standard.processor.StandardXmlLangTagProcessor
[THYMELEAF]             * [* {xmlns:th}] [1000]: org.thymeleaf.standard.processor.StandardXmlNsTagProcessor
[THYMELEAF]             * [* {th:xmlspace,data-th-xmlspace}] [1000]: org.thymeleaf.standard.processor.StandardXmlSpaceTagProcessor
[THYMELEAF]             * [* {th:classappend,data-th-classappend}] [1100]: org.thymeleaf.standard.processor.StandardClassappendTagProcessor
[THYMELEAF]             * [* {th:styleappend,data-th-styleappend}] [1100]: org.thymeleaf.standard.processor.StandardStyleappendTagProcessor
[THYMELEAF]             * [* {th:text,data-th-text}] [1300]: org.thymeleaf.standard.processor.StandardTextTagProcessor
[THYMELEAF]             * [* {th:utext,data-th-utext}] [1400]: org.thymeleaf.standard.processor.StandardUtextTagProcessor
[THYMELEAF]             * [* {th:fragment,data-th-fragment}] [1500]: org.thymeleaf.standard.processor.StandardFragmentTagProcessor
[THYMELEAF]             * [* {th:assert,data-th-assert}] [1550]: org.thymeleaf.standard.processor.StandardAssertTagProcessor
[THYMELEAF]             * [* {th:remove,data-th-remove}] [1600]: org.thymeleaf.standard.processor.StandardRemoveTagProcessor
[THYMELEAF]             * [* {th:ref,data-th-ref}] [10000]: org.thymeleaf.standard.processor.StandardRefAttributeTagProcessor
[THYMELEAF]             * [{th:block,th-block} *] [100000]: org.thymeleaf.standard.processor.StandardBlockTagProcessor
[THYMELEAF]             * [* th:*] [2147483647]: org.thymeleaf.standard.processor.StandardDefaultAttributesTagProcessor
[THYMELEAF]         * Text Processors by [precedence]:
[THYMELEAF]             * [1000]: org.thymeleaf.standard.processor.StandardInliningTextProcessor
[THYMELEAF]         * DOCTYPE Processors by [precedence]:
[THYMELEAF]             * [1000]: org.thymeleaf.standard.processor.StandardTranslationDocTypeProcessor
[THYMELEAF]         * CDATA Section Processors by [precedence]:
[THYMELEAF]             * [1000]: org.thymeleaf.standard.processor.StandardInliningCDATASectionProcessor
[THYMELEAF]         * Comment Processors by [precedence]:
[THYMELEAF]             * [1000]: org.thymeleaf.standard.processor.StandardInliningCommentProcessor
[THYMELEAF]             * [1100]: org.thymeleaf.standard.processor.StandardConditionalCommentProcessor
[THYMELEAF]     * Processors for Template Mode: XML
[THYMELEAF]         * Element Tag Processors by [matching element and attribute name] [precedence]:
[THYMELEAF]             * [* {th:include}] [100]: org.thymeleaf.standard.processor.StandardIncludeTagProcessor
[THYMELEAF]             * [* {th:insert}] [100]: org.thymeleaf.standard.processor.StandardInsertTagProcessor
[THYMELEAF]             * [* {th:replace}] [100]: org.thymeleaf.standard.processor.StandardReplaceTagProcessor
[THYMELEAF]             * [* {th:each}] [200]: com.intuit.karate.template.KarateEachTagProcessor
[THYMELEAF]             * [* {th:switch}] [250]: org.thymeleaf.standard.processor.StandardSwitchTagProcessor
[THYMELEAF]             * [* {th:case}] [275]: org.thymeleaf.standard.processor.StandardCaseTagProcessor
[THYMELEAF]             * [* {th:if}] [300]: org.thymeleaf.standard.processor.StandardIfTagProcessor
[THYMELEAF]             * [* {th:unless}] [400]: org.thymeleaf.standard.processor.StandardUnlessTagProcessor
[THYMELEAF]             * [* {th:object}] [500]: org.thymeleaf.standard.processor.StandardObjectTagProcessor
[THYMELEAF]             * [* {th:with}] [600]: com.intuit.karate.template.KarateWithTagProcessor
[THYMELEAF]             * [* {th:attr}] [700]: com.intuit.karate.template.KarateAttributeTagProcessor.KarateAttrTagProcessor
[THYMELEAF]             * [* {th:attrappend}] [900]: com.intuit.karate.template.KarateAttributeTagProcessor.KarateAttrappendTagProcessor
[THYMELEAF]             * [* {th:attrprepend}] [900]: com.intuit.karate.template.KarateAttributeTagProcessor.KarateAttrprependTagProcessor
[THYMELEAF]             * [* {th:inline}] [1000]: org.thymeleaf.standard.processor.StandardInlineXMLTagProcessor
[THYMELEAF]             * [* {xmlns:th}] [1000]: org.thymeleaf.standard.processor.StandardXmlNsTagProcessor
[THYMELEAF]             * [* {th:text}] [1300]: org.thymeleaf.standard.processor.StandardTextTagProcessor
[THYMELEAF]             * [* {th:utext}] [1400]: org.thymeleaf.standard.processor.StandardUtextTagProcessor
[THYMELEAF]             * [* {th:fragment}] [1500]: org.thymeleaf.standard.processor.StandardFragmentTagProcessor
[THYMELEAF]             * [* {th:assert}] [1550]: org.thymeleaf.standard.processor.StandardAssertTagProcessor
[THYMELEAF]             * [* {th:remove}] [1600]: org.thymeleaf.standard.processor.StandardRemoveTagProcessor
[THYMELEAF]             * [* {th:ref}] [10000]: org.thymeleaf.standard.processor.StandardRefAttributeTagProcessor
[THYMELEAF]             * [{th:block} *] [100000]: org.thymeleaf.standard.processor.StandardBlockTagProcessor
[THYMELEAF]             * [* th:*] [2147483647]: org.thymeleaf.standard.processor.StandardDefaultAttributesTagProcessor
[THYMELEAF]         * Text Processors by [precedence]:
[THYMELEAF]             * [1000]: org.thymeleaf.standard.processor.StandardInliningTextProcessor
[THYMELEAF]         * CDATA Section Processors by [precedence]:
[THYMELEAF]             * [1000]: org.thymeleaf.standard.processor.StandardInliningCDATASectionProcessor
[THYMELEAF]         * Comment Processors by [precedence]:
[THYMELEAF]             * [1000]: org.thymeleaf.standard.processor.StandardInliningCommentProcessor
[THYMELEAF]     * Processors for Template Mode: TEXT
[THYMELEAF]         * Element Tag Processors by [matching element and attribute name] [precedence]:
[THYMELEAF]             * [* {th:insert}] [100]: org.thymeleaf.standard.processor.StandardInsertTagProcessor
[THYMELEAF]             * [* {th:replace}] [100]: org.thymeleaf.standard.processor.StandardReplaceTagProcessor
[THYMELEAF]             * [* {th:each}] [200]: com.intuit.karate.template.KarateEachTagProcessor
[THYMELEAF]             * [* {th:switch}] [250]: org.thymeleaf.standard.processor.StandardSwitchTagProcessor
[THYMELEAF]             * [* {th:case}] [275]: org.thymeleaf.standard.processor.StandardCaseTagProcessor
[THYMELEAF]             * [* {th:if}] [300]: org.thymeleaf.standard.processor.StandardIfTagProcessor
[THYMELEAF]             * [* {th:unless}] [400]: org.thymeleaf.standard.processor.StandardUnlessTagProcessor
[THYMELEAF]             * [* {th:object}] [500]: org.thymeleaf.standard.processor.StandardObjectTagProcessor
[THYMELEAF]             * [* {th:with}] [600]: com.intuit.karate.template.KarateWithTagProcessor
[THYMELEAF]             * [* {th:inline}] [1000]: org.thymeleaf.standard.processor.StandardInlineTextualTagProcessor
[THYMELEAF]             * [* {th:text}] [1300]: org.thymeleaf.standard.processor.StandardTextTagProcessor
[THYMELEAF]             * [* {th:utext}] [1400]: org.thymeleaf.standard.processor.StandardUtextTagProcessor
[THYMELEAF]             * [* {th:assert}] [1550]: org.thymeleaf.standard.processor.StandardAssertTagProcessor
[THYMELEAF]             * [* {th:remove}] [1600]: org.thymeleaf.standard.processor.StandardRemoveTagProcessor
[THYMELEAF]             * [{th:block} *] [100000]: org.thymeleaf.standard.processor.StandardBlockTagProcessor
[THYMELEAF]             * [* 100000] [org.thymeleaf.standard.processor.StandardBlockTagProcessor]: {}
[THYMELEAF]         * Text Processors by [precedence]:
[THYMELEAF]             * [1000]: org.thymeleaf.standard.processor.StandardInliningTextProcessor
[THYMELEAF]     * Processors for Template Mode: JAVASCRIPT
[THYMELEAF]         * Element Tag Processors by [matching element and attribute name] [precedence]:
[THYMELEAF]             * [* {th:insert}] [100]: org.thymeleaf.standard.processor.StandardInsertTagProcessor
[THYMELEAF]             * [* {th:replace}] [100]: org.thymeleaf.standard.processor.StandardReplaceTagProcessor
[THYMELEAF]             * [* {th:each}] [200]: com.intuit.karate.template.KarateEachTagProcessor
[THYMELEAF]             * [* {th:switch}] [250]: org.thymeleaf.standard.processor.StandardSwitchTagProcessor
[THYMELEAF]             * [* {th:case}] [275]: org.thymeleaf.standard.processor.StandardCaseTagProcessor
[THYMELEAF]             * [* {th:if}] [300]: org.thymeleaf.standard.processor.StandardIfTagProcessor
[THYMELEAF]             * [* {th:unless}] [400]: org.thymeleaf.standard.processor.StandardUnlessTagProcessor
[THYMELEAF]             * [* {th:object}] [500]: org.thymeleaf.standard.processor.StandardObjectTagProcessor
[THYMELEAF]             * [* {th:with}] [600]: com.intuit.karate.template.KarateWithTagProcessor
[THYMELEAF]             * [* {th:inline}] [1000]: org.thymeleaf.standard.processor.StandardInlineTextualTagProcessor
[THYMELEAF]             * [* {th:text}] [1300]: org.thymeleaf.standard.processor.StandardTextTagProcessor
[THYMELEAF]             * [* {th:utext}] [1400]: org.thymeleaf.standard.processor.StandardUtextTagProcessor
[THYMELEAF]             * [* {th:assert}] [1550]: org.thymeleaf.standard.processor.StandardAssertTagProcessor
[THYMELEAF]             * [* {th:remove}] [1600]: org.thymeleaf.standard.processor.StandardRemoveTagProcessor
[THYMELEAF]             * [* 100000] [org.thymeleaf.standard.processor.StandardBlockTagProcessor]: {}
[THYMELEAF]             * [{th:block} *] [100000]: org.thymeleaf.standard.processor.StandardBlockTagProcessor
[THYMELEAF]         * Text Processors by [precedence]:
[THYMELEAF]             * [1000]: org.thymeleaf.standard.processor.StandardInliningTextProcessor
[THYMELEAF]     * Processors for Template Mode: CSS
[THYMELEAF]         * Element Tag Processors by [matching element and attribute name] [precedence]:
[THYMELEAF]             * [* {th:insert}] [100]: org.thymeleaf.standard.processor.StandardInsertTagProcessor
[THYMELEAF]             * [* {th:replace}] [100]: org.thymeleaf.standard.processor.StandardReplaceTagProcessor
[THYMELEAF]             * [* {th:each}] [200]: com.intuit.karate.template.KarateEachTagProcessor
[THYMELEAF]             * [* {th:switch}] [250]: org.thymeleaf.standard.processor.StandardSwitchTagProcessor
[THYMELEAF]             * [* {th:case}] [275]: org.thymeleaf.standard.processor.StandardCaseTagProcessor
[THYMELEAF]             * [* {th:if}] [300]: org.thymeleaf.standard.processor.StandardIfTagProcessor
[THYMELEAF]             * [* {th:unless}] [400]: org.thymeleaf.standard.processor.StandardUnlessTagProcessor
[THYMELEAF]             * [* {th:object}] [500]: org.thymeleaf.standard.processor.StandardObjectTagProcessor
[THYMELEAF]             * [* {th:with}] [600]: com.intuit.karate.template.KarateWithTagProcessor
[THYMELEAF]             * [* {th:inline}] [1000]: org.thymeleaf.standard.processor.StandardInlineTextualTagProcessor
[THYMELEAF]             * [* {th:text}] [1300]: org.thymeleaf.standard.processor.StandardTextTagProcessor
[THYMELEAF]             * [* {th:utext}] [1400]: org.thymeleaf.standard.processor.StandardUtextTagProcessor
[THYMELEAF]             * [* {th:assert}] [1550]: org.thymeleaf.standard.processor.StandardAssertTagProcessor
[THYMELEAF]             * [* {th:remove}] [1600]: org.thymeleaf.standard.processor.StandardRemoveTagProcessor
[THYMELEAF]             * [* 100000] [org.thymeleaf.standard.processor.StandardBlockTagProcessor]: {}
[THYMELEAF]             * [{th:block} *] [100000]: org.thymeleaf.standard.processor.StandardBlockTagProcessor
[THYMELEAF]         * Text Processors by [precedence]:
[THYMELEAF]             * [1000]: org.thymeleaf.standard.processor.StandardInliningTextProcessor
[THYMELEAF]     * Expression Objects:
[THYMELEAF]         * #ctx
[THYMELEAF]         * #root
[THYMELEAF]         * #vars
[THYMELEAF]         * #object
[THYMELEAF]         * #locale
[THYMELEAF]         * #conversions
[THYMELEAF]         * #uris
[THYMELEAF]         * #temporals
[THYMELEAF]         * #calendars
[THYMELEAF]         * #dates
[THYMELEAF]         * #bools
[THYMELEAF]         * #numbers
[THYMELEAF]         * #objects
[THYMELEAF]         * #strings
[THYMELEAF]         * #arrays
[THYMELEAF]         * #lists
[THYMELEAF]         * #sets
[THYMELEAF]         * #maps
[THYMELEAF]         * #aggregates
[THYMELEAF]         * #messages
[THYMELEAF]         * #ids
[THYMELEAF]         * #execInfo
[THYMELEAF]         * #request
[THYMELEAF]         * #response
[THYMELEAF]         * #session
[THYMELEAF]         * #servletContext
[THYMELEAF]     * Execution Attributes:
[THYMELEAF]         * "StandardExpressionParser": com.intuit.karate.template.KarateStandardDialect@79c1ccf7
[THYMELEAF]         * "StandardJavaScriptSerializer": org.thymeleaf.standard.serializer.StandardJavaScriptSerializer@517bdce0
[THYMELEAF]         * "StandardCSSSerializer": org.thymeleaf.standard.serializer.StandardCSSSerializer@7c0b0bd9
[THYMELEAF]         * "StandardVariableExpressionEvaluator": com.intuit.karate.template.KarateStandardDialect@79c1ccf7
[THYMELEAF]         * "StandardConversionService": org.thymeleaf.standard.expression.StandardConversionService@6150afc6
[THYMELEAF] * Dialect [2 of 2]: karate (com.intuit.karate.template.KarateScriptDialect)
[THYMELEAF]     * Prefix: "ka"
[THYMELEAF]     * Processors for Template Mode: HTML
[THYMELEAF]         * Element Tag Processors by [matching element and attribute name] [precedence]:
[THYMELEAF]             * [* {src}] [1000]: com.intuit.karate.template.KaScriptAttrProcessor
[THYMELEAF]         * Element Model Processors by [matching element and attribute name] [precedence]:
[THYMELEAF]             * [{script} {ka:scope,data-ka-scope}] [1000]: com.intuit.karate.template.KaScriptElemProcessor
[THYMELEAF]             * [* {ka:set,data-ka-set}] [1000]: com.intuit.karate.template.KaSetElemProcessor
[THYMELEAF] TEMPLATE ENGINE CONFIGURED OK
14:57:21.957 [main] DEBUG org.thymeleaf.TemplateEngine -- [THYMELEAF] TEMPLATE ENGINE INITIALIZED
14:57:21.966 [main] DEBUG org.thymeleaf.TemplateEngine -- [THYMELEAF] INITIALIZING TEMPLATE ENGINE
14:57:21.976 [main] DEBUG org.thymeleaf.TemplateEngine.CONFIG -- Initializing Thymeleaf Template engine configuration...
[THYMELEAF] TEMPLATE ENGINE CONFIGURATION:
[THYMELEAF] * Thymeleaf version: 3.1.2.RELEASE (built 2023-07-30T19:25:50+0000)
[THYMELEAF] * Cache Manager implementation: org.thymeleaf.cache.StandardCacheManager
[THYMELEAF] * Template resolvers:
[THYMELEAF]     * [1] com.intuit.karate.template.ResourceHtmlTemplateResolver
[THYMELEAF] * Message resolvers:
[THYMELEAF]     * org.thymeleaf.messageresolver.StandardMessageResolver
[THYMELEAF] * Link builders:
[THYMELEAF]     * org.thymeleaf.linkbuilder.StandardLinkBuilder
[THYMELEAF] * Dialect [1 of 2]: Standard (com.intuit.karate.template.KarateStandardDialect)
[THYMELEAF]     * Prefix: "th"
[THYMELEAF]     * Processors for Template Mode: HTML
[THYMELEAF]         * Element Tag Processors by [matching element and attribute name] [precedence]:
[THYMELEAF]             * [* {th:include,data-th-include}] [100]: org.thymeleaf.standard.processor.StandardIncludeTagProcessor
[THYMELEAF]             * [* {th:insert,data-th-insert}] [100]: org.thymeleaf.standard.processor.StandardInsertTagProcessor
[THYMELEAF]             * [* {th:replace,data-th-replace}] [100]: org.thymeleaf.standard.processor.StandardReplaceTagProcessor
[THYMELEAF]             * [* {th:each,data-th-each}] [200]: com.intuit.karate.template.KarateEachTagProcessor
[THYMELEAF]             * [* {th:switch,data-th-switch}] [250]: org.thymeleaf.standard.processor.StandardSwitchTagProcessor
[THYMELEAF]             * [* {th:case,data-th-case}] [275]: org.thymeleaf.standard.processor.StandardCaseTagProcessor
[THYMELEAF]             * [* {th:if,data-th-if}] [300]: org.thymeleaf.standard.processor.StandardIfTagProcessor
[THYMELEAF]             * [* {th:unless,data-th-unless}] [400]: org.thymeleaf.standard.processor.StandardUnlessTagProcessor
[THYMELEAF]             * [* {th:object,data-th-object}] [500]: org.thymeleaf.standard.processor.StandardObjectTagProcessor
[THYMELEAF]             * [* {th:with,data-th-with}] [600]: com.intuit.karate.template.KarateWithTagProcessor
[THYMELEAF]             * [* {th:attr,data-th-attr}] [700]: com.intuit.karate.template.KarateAttributeTagProcessor.KarateAttrTagProcessor
[THYMELEAF]             * [* {th:attrappend,data-th-attrappend}] [900]: com.intuit.karate.template.KarateAttributeTagProcessor.KarateAttrappendTagProcessor
[THYMELEAF]             * [* {th:attrprepend,data-th-attrprepend}] [900]: com.intuit.karate.template.KarateAttributeTagProcessor.KarateAttrprependTagProcessor
[THYMELEAF]             * [* {th:alt-title,data-th-alt-title}] [990]: org.thymeleaf.standard.processor.StandardAltTitleTagProcessor
[THYMELEAF]             * [* {th:lang-xmllang,data-th-lang-xmllang}] [990]: org.thymeleaf.standard.processor.StandardLangXmlLangTagProcessor
[THYMELEAF]             * [* {th:action,data-th-action}] [1000]: org.thymeleaf.standard.processor.StandardActionTagProcessor
[THYMELEAF]             * [* {th:autofocus,data-th-autofocus}] [1000]: org.thymeleaf.standard.processor.StandardConditionalFixedValueTagProcessor
[THYMELEAF]             * [* {th:pubdate,data-th-pubdate}] [1000]: org.thymeleaf.standard.processor.StandardConditionalFixedValueTagProcessor
[THYMELEAF]             * [* {th:nowrap,data-th-nowrap}] [1000]: org.thymeleaf.standard.processor.StandardConditionalFixedValueTagProcessor
[THYMELEAF]             * [* {th:loop,data-th-loop}] [1000]: org.thymeleaf.standard.processor.StandardConditionalFixedValueTagProcessor
[THYMELEAF]             * [* {th:required,data-th-required}] [1000]: org.thymeleaf.standard.processor.StandardConditionalFixedValueTagProcessor
[THYMELEAF]             * [* {th:readonly,data-th-readonly}] [1000]: org.thymeleaf.standard.processor.StandardConditionalFixedValueTagProcessor
[THYMELEAF]             * [* {th:novalidate,data-th-novalidate}] [1000]: org.thymeleaf.standard.processor.StandardConditionalFixedValueTagProcessor
[THYMELEAF]             * [* {th:formnovalidate,data-th-formnovalidate}] [1000]: org.thymeleaf.standard.processor.StandardConditionalFixedValueTagProcessor
[THYMELEAF]             * [* {th:autoplay,data-th-autoplay}] [1000]: org.thymeleaf.standard.processor.StandardConditionalFixedValueTagProcessor
[THYMELEAF]             * [* {th:selected,data-th-selected}] [1000]: org.thymeleaf.standard.processor.StandardConditionalFixedValueTagProcessor
[THYMELEAF]             * [* {th:controls,data-th-controls}] [1000]: org.thymeleaf.standard.processor.StandardConditionalFixedValueTagProcessor
[THYMELEAF]             * [* {th:checked,data-th-checked}] [1000]: org.thymeleaf.standard.processor.StandardConditionalFixedValueTagProcessor
[THYMELEAF]             * [* {th:ismap,data-th-ismap}] [1000]: org.thymeleaf.standard.processor.StandardConditionalFixedValueTagProcessor
[THYMELEAF]             * [* {th:declare,data-th-declare}] [1000]: org.thymeleaf.standard.processor.StandardConditionalFixedValueTagProcessor
[THYMELEAF]             * [* {th:seamless,data-th-seamless}] [1000]: org.thymeleaf.standard.processor.StandardConditionalFixedValueTagProcessor
[THYMELEAF]             * [* {th:disabled,data-th-disabled}] [1000]: org.thymeleaf.standard.processor.StandardConditionalFixedValueTagProcessor
[THYMELEAF]             * [* {th:async,data-th-async}] [1000]: org.thymeleaf.standard.processor.StandardConditionalFixedValueTagProcessor
[THYMELEAF]             * [* {th:hidden,data-th-hidden}] [1000]: org.thymeleaf.standard.processor.StandardConditionalFixedValueTagProcessor
[THYMELEAF]             * [* {th:default,data-th-default}] [1000]: org.thymeleaf.standard.processor.StandardConditionalFixedValueTagProcessor
[THYMELEAF]             * [* {th:reversed,data-th-reversed}] [1000]: org.thymeleaf.standard.processor.StandardConditionalFixedValueTagProcessor
[THYMELEAF]             * [* {th:defer,data-th-defer}] [1000]: org.thymeleaf.standard.processor.StandardConditionalFixedValueTagProcessor
[THYMELEAF]             * [* {th:multiple,data-th-multiple}] [1000]: org.thymeleaf.standard.processor.StandardConditionalFixedValueTagProcessor
[THYMELEAF]             * [* {th:open,data-th-open}] [1000]: org.thymeleaf.standard.processor.StandardConditionalFixedValueTagProcessor
[THYMELEAF]             * [* {th:scoped,data-th-scoped}] [1000]: org.thymeleaf.standard.processor.StandardConditionalFixedValueTagProcessor
[THYMELEAF]             * [* {th:onmousemove,data-th-onmousemove}] [1000]: org.thymeleaf.standard.processor.StandardDOMEventAttributeTagProcessor
[THYMELEAF]             * [* {th:onkeypress,data-th-onkeypress}] [1000]: org.thymeleaf.standard.processor.StandardDOMEventAttributeTagProcessor
[THYMELEAF]             * [* {th:onafterprint,data-th-onafterprint}] [1000]: org.thymeleaf.standard.processor.StandardDOMEventAttributeTagProcessor
[THYMELEAF]             * [* {th:onredo,data-th-onredo}] [1000]: org.thymeleaf.standard.processor.StandardDOMEventAttributeTagProcessor
[THYMELEAF]             * [* {th:ondragend,data-th-ondragend}] [1000]: org.thymeleaf.standard.processor.StandardDOMEventAttributeTagProcessor
[THYMELEAF]             * [* {th:oninput,data-th-oninput}] [1000]: org.thymeleaf.standard.processor.StandardDOMEventAttributeTagProcessor
[THYMELEAF]             * [* {th:onsubmit,data-th-onsubmit}] [1000]: org.thymeleaf.standard.processor.StandardDOMEventAttributeTagProcessor
[THYMELEAF]             * [* {th:ondragover,data-th-ondragover}] [1000]: org.thymeleaf.standard.processor.StandardDOMEventAttributeTagProcessor
[THYMELEAF]             * [* {th:onreset,data-th-onreset}] [1000]: org.thymeleaf.standard.processor.StandardDOMEventAttributeTagProcessor
[THYMELEAF]             * [* {th:onfocus,data-th-onfocus}] [1000]: org.thymeleaf.standard.processor.StandardDOMEventAttributeTagProcessor
[THYMELEAF]             * [* {th:onstalled,data-th-onstalled}] [1000]: org.thymeleaf.standard.processor.StandardDOMEventAttributeTagProcessor
[THYMELEAF]             * [* {th:onerror,data-th-onerror}] [1000]: org.thymeleaf.standard.processor.StandardDOMEventAttributeTagProcessor
[THYMELEAF]             * [* {th:ondrop,data-th-ondrop}] [1000]: org.thymeleaf.standard.processor.StandardDOMEventAttributeTagProcessor
[THYMELEAF]             * [* {th:onload,data-th-onload}] [1000]: org.thymeleaf.standard.processor.StandardDOMEventAttributeTagProcessor
[THYMELEAF]             * [* {th:onoffline,data-th-onoffline}] [1000]: org.thymeleaf.standard.processor.StandardDOMEventAttributeTagProcessor
[THYMELEAF]             * [* {th:onended,data-th-onended}] [1000]: org.thymeleaf.standard.processor.StandardDOMEventAttributeTagProcessor
[THYMELEAF]             * [* {th:ondragenter,data-th-ondragenter}] [1000]: org.thymeleaf.standard.processor.StandardDOMEventAttributeTagProcessor
[THYMELEAF]             * [* {th:onchange,data-th-onchange}] [1000]: org.thymeleaf.standard.processor.StandardDOMEventAttributeTagProcessor
[THYMELEAF]             * [* {th:onbeforeprint,data-th-onbeforeprint}] [1000]: org.thymeleaf.standard.processor.StandardDOMEventAttributeTagProcessor
[THYMELEAF]             * [* {th:ondblclick,data-th-ondblclick}] [1000]: org.thymeleaf.standard.processor.StandardDOMEventAttributeTagProcessor
[THYMELEAF]             * [* {th:onmouseover,data-th-onmouseover}] [1000]: org.thymeleaf.standard.processor.StandardDOMEventAttributeTagProcessor
[THYMELEAF]             * [* {th:onstorage,data-th-onstorage}] [1000]: org.thymeleaf.standard.processor.StandardDOMEventAttributeTagProcessor
[THYMELEAF]             * [* {th:oncanplaythrough,data-th-oncanplaythrough}] [1000]: org.thymeleaf.standard.processor.StandardDOMEventAttributeTagProcessor
[THYMELEAF]             * [* {th:onseeked,data-th-onseeked}] [1000]: org.thymeleaf.standard.processor.StandardDOMEventAttributeTagProcessor
[THYMELEAF]             * [* {th:onblur,data-th-onblur}] [1000]: org.thymeleaf.standard.processor.StandardDOMEventAttributeTagProcessor
[THYMELEAF]             * [* {th:ondrag,data-th-ondrag}] [1000]: org.thymeleaf.standard.processor.StandardDOMEventAttributeTagProcessor
[THYMELEAF]             * [* {th:onratechange,data-th-onratechange}] [1000]: org.thymeleaf.standard.processor.StandardDOMEventAttributeTagProcessor
[THYMELEAF]             * [* {th:ononline,data-th-ononline}] [1000]: org.thymeleaf.standard.processor.StandardDOMEventAttributeTagProcessor
[THYMELEAF]             * [* {th:ondragstart,data-th-ondragstart}] [1000]: org.thymeleaf.standard.processor.StandardDOMEventAttributeTagProcessor
[THYMELEAF]             * [* {th:onmouseout,data-th-onmouseout}] [1000]: org.thymeleaf.standard.processor.StandardDOMEventAttributeTagProcessor
[THYMELEAF]             * [* {th:onbeforeunload,data-th-onbeforeunload}] [1000]: org.thymeleaf.standard.processor.StandardDOMEventAttributeTagProcessor
[THYMELEAF]             * [* {th:onreadystatechange,data-th-onreadystatechange}] [1000]: org.thymeleaf.standard.processor.StandardDOMEventAttributeTagProcessor
[THYMELEAF]             * [* {th:onkeyup,data-th-onkeyup}] [1000]: org.thymeleaf.standard.processor.StandardDOMEventAttributeTagProcessor
[THYMELEAF]             * [* {th:onprogress,data-th-onprogress}] [1000]: org.thymeleaf.standard.processor.StandardDOMEventAttributeTagProcessor
[THYMELEAF]             * [* {th:onkeydown,data-th-onkeydown}] [1000]: org.thymeleaf.standard.processor.StandardDOMEventAttributeTagProcessor
[THYMELEAF]             * [* {th:onmessage,data-th-onmessage}] [1000]: org.thymeleaf.standard.processor.StandardDOMEventAttributeTagProcessor
[THYMELEAF]             * [* {th:onresize,data-th-onresize}] [1000]: org.thymeleaf.standard.processor.StandardDOMEventAttributeTagProcessor
[THYMELEAF]             * [* {th:onwaiting,data-th-onwaiting}] [1000]: org.thymeleaf.standard.processor.StandardDOMEventAttributeTagProcessor
[THYMELEAF]             * [* {th:onloadeddata,data-th-onloadeddata}] [1000]: org.thymeleaf.standard.processor.StandardDOMEventAttributeTagProcessor
[THYMELEAF]             * [* {th:onselect,data-th-onselect}] [1000]: org.thymeleaf.standard.processor.StandardDOMEventAttributeTagProcessor
[THYMELEAF]             * [* {th:oncontextmenu,data-th-oncontextmenu}] [1000]: org.thymeleaf.standard.processor.StandardDOMEventAttributeTagProcessor
[THYMELEAF]             * [* {th:ondragleave,data-th-ondragleave}] [1000]: org.thymeleaf.standard.processor.StandardDOMEventAttributeTagProcessor
[THYMELEAF]             * [* {th:onplay,data-th-onplay}] [1000]: org.thymeleaf.standard.processor.StandardDOMEventAttributeTagProcessor
[THYMELEAF]             * [* {th:ondurationchange,data-th-ondurationchange}] [1000]: org.thymeleaf.standard.processor.StandardDOMEventAttributeTagProcessor
[THYMELEAF]             * [* {th:onhashchange,data-th-onhashchange}] [1000]: org.thymeleaf.standard.processor.StandardDOMEventAttributeTagProcessor
[THYMELEAF]             * [* {th:onvolumechange,data-th-onvolumechange}] [1000]: org.thymeleaf.standard.processor.StandardDOMEventAttributeTagProcessor
[THYMELEAF]             * [* {th:onpopstate,data-th-onpopstate}] [1000]: org.thymeleaf.standard.processor.StandardDOMEventAttributeTagProcessor
[THYMELEAF]             * [* {th:onformchange,data-th-onformchange}] [1000]: org.thymeleaf.standard.processor.StandardDOMEventAttributeTagProcessor
[THYMELEAF]             * [* {th:onpause,data-th-onpause}] [1000]: org.thymeleaf.standard.processor.StandardDOMEventAttributeTagProcessor
[THYMELEAF]             * [* {th:onforminput,data-th-onforminput}] [1000]: org.thymeleaf.standard.processor.StandardDOMEventAttributeTagProcessor
[THYMELEAF]             * [* {th:onmouseup,data-th-onmouseup}] [1000]: org.thymeleaf.standard.processor.StandardDOMEventAttributeTagProcessor
[THYMELEAF]             * [* {th:onplaying,data-th-onplaying}] [1000]: org.thymeleaf.standard.processor.StandardDOMEventAttributeTagProcessor
[THYMELEAF]             * [* {th:oninvalid,data-th-oninvalid}] [1000]: org.thymeleaf.standard.processor.StandardDOMEventAttributeTagProcessor
[THYMELEAF]             * [* {th:onmousewheel,data-th-onmousewheel}] [1000]: org.thymeleaf.standard.processor.StandardDOMEventAttributeTagProcessor
[THYMELEAF]             * [* {th:onseeking,data-th-onseeking}] [1000]: org.thymeleaf.standard.processor.StandardDOMEventAttributeTagProcessor
[THYMELEAF]             * [* {th:onshow,data-th-onshow}] [1000]: org.thymeleaf.standard.processor.StandardDOMEventAttributeTagProcessor
[THYMELEAF]             * [* {th:onclick,data-th-onclick}] [1000]: org.thymeleaf.standard.processor.StandardDOMEventAttributeTagProcessor
[THYMELEAF]             * [* {th:onemptied,data-th-onemptied}] [1000]: org.thymeleaf.standard.processor.StandardDOMEventAttributeTagProcessor
[THYMELEAF]             * [* {th:onunload,data-th-onunload}] [1000]: org.thymeleaf.standard.processor.StandardDOMEventAttributeTagProcessor
[THYMELEAF]             * [* {th:onundo,data-th-onundo}] [1000]: org.thymeleaf.standard.processor.StandardDOMEventAttributeTagProcessor
[THYMELEAF]             * [* {th:onloadedmetadata,data-th-onloadedmetadata}] [1000]: org.thymeleaf.standard.processor.StandardDOMEventAttributeTagProcessor
[THYMELEAF]             * [* {th:onsuspend,data-th-onsuspend}] [1000]: org.thymeleaf.standard.processor.StandardDOMEventAttributeTagProcessor
[THYMELEAF]             * [* {th:onscroll,data-th-onscroll}] [1000]: org.thymeleaf.standard.processor.StandardDOMEventAttributeTagProcessor
[THYMELEAF]             * [* {th:onabort,data-th-onabort}] [1000]: org.thymeleaf.standard.processor.StandardDOMEventAttributeTagProcessor
[THYMELEAF]             * [* {th:onmousedown,data-th-onmousedown}] [1000]: org.thymeleaf.standard.processor.StandardDOMEventAttributeTagProcessor
[THYMELEAF]             * [* {th:oncanplay,data-th-oncanplay}] [1000]: org.thymeleaf.standard.processor.StandardDOMEventAttributeTagProcessor
[THYMELEAF]             * [* {th:ontimeupdate,data-th-ontimeupdate}] [1000]: org.thymeleaf.standard.processor.StandardDOMEventAttributeTagProcessor
[THYMELEAF]             * [* {th:onloadstart,data-th-onloadstart}] [1000]: org.thymeleaf.standard.processor.StandardDOMEventAttributeTagProcessor
[THYMELEAF]             * [* {th:href,data-th-href}] [1000]: org.thymeleaf.standard.processor.StandardHrefTagProcessor
[THYMELEAF]             * [* {th:inline,data-th-inline}] [1000]: org.thymeleaf.standard.processor.StandardInlineHTMLTagProcessor
[THYMELEAF]             * [* {th:method,data-th-method}] [1000]: org.thymeleaf.standard.processor.StandardMethodTagProcessor
[THYMELEAF]             * [* {th:type,data-th-type}] [1000]: org.thymeleaf.standard.processor.StandardNonRemovableAttributeTagProcessor
[THYMELEAF]             * [* {th:name,data-th-name}] [1000]: org.thymeleaf.standard.processor.StandardNonRemovableAttributeTagProcessor
[THYMELEAF]             * [* {th:enctype,data-th-enctype}] [1000]: org.thymeleaf.standard.processor.StandardRemovableAttributeTagProcessor
[THYMELEAF]             * [* {th:accesskey,data-th-accesskey}] [1000]: org.thymeleaf.standard.processor.StandardRemovableAttributeTagProcessor
[THYMELEAF]             * [* {th:low,data-th-low}] [1000]: org.thymeleaf.standard.processor.StandardRemovableAttributeTagProcessor
[THYMELEAF]             * [* {th:formaction,data-th-formaction}] [1000]: org.thymeleaf.standard.processor.StandardRemovableAttributeTagProcessor
[THYMELEAF]             * [* {th:codetype,data-th-codetype}] [1000]: org.thymeleaf.standard.processor.StandardRemovableAttributeTagProcessor
[THYMELEAF]             * [* {th:kind,data-th-kind}] [1000]: org.thymeleaf.standard.processor.StandardRemovableAttributeTagProcessor
[THYMELEAF]             * [* {th:marginwidth,data-th-marginwidth}] [1000]: org.thymeleaf.standard.processor.StandardRemovableAttributeTagProcessor
[THYMELEAF]             * [* {th:summary,data-th-summary}] [1000]: org.thymeleaf.standard.processor.StandardRemovableAttributeTagProcessor
[THYMELEAF]             * [* {th:rowspan,data-th-rowspan}] [1000]: org.thymeleaf.standard.processor.StandardRemovableAttributeTagProcessor
[THYMELEAF]             * [* {th:cellpadding,data-th-cellpadding}] [1000]: org.thymeleaf.standard.processor.StandardRemovableAttributeTagProcessor
[THYMELEAF]             * [* {th:challenge,data-th-challenge}] [1000]: org.thymeleaf.standard.processor.StandardRemovableAttributeTagProcessor
[THYMELEAF]             * [* {th:classid,data-th-classid}] [1000]: org.thymeleaf.standard.processor.StandardRemovableAttributeTagProcessor
[THYMELEAF]             * [* {th:srclang,data-th-srclang}] [1000]: org.thymeleaf.standard.processor.StandardRemovableAttributeTagProcessor
[THYMELEAF]             * [* {th:draggable,data-th-draggable}] [1000]: org.thymeleaf.standard.processor.StandardRemovableAttributeTagProcessor
[THYMELEAF]             * [* {th:frameborder,data-th-frameborder}] [1000]: org.thymeleaf.standard.processor.StandardRemovableAttributeTagProcessor
[THYMELEAF]             * [* {th:target,data-th-target}] [1000]: org.thymeleaf.standard.processor.StandardRemovableAttributeTagProcessor
[THYMELEAF]             * [* {th:class,data-th-class}] [1000]: org.thymeleaf.standard.processor.StandardRemovableAttributeTagProcessor
[THYMELEAF]             * [* {th:bgcolor,data-th-bgcolor}] [1000]: org.thymeleaf.standard.processor.StandardRemovableAttributeTagProcessor
[THYMELEAF]             * [* {th:list,data-th-list}] [1000]: org.thymeleaf.standard.processor.StandardRemovableAttributeTagProcessor
[THYMELEAF]             * [* {th:longdesc,data-th-longdesc}] [1000]: org.thymeleaf.standard.processor.StandardRemovableAttributeTagProcessor
[THYMELEAF]             * [* {th:cellspacing,data-th-cellspacing}] [1000]: org.thymeleaf.standard.processor.StandardRemovableAttributeTagProcessor
[THYMELEAF]             * [* {th:hreflang,data-th-hreflang}] [1000]: org.thymeleaf.standard.processor.StandardRemovableAttributeTagProcessor
[THYMELEAF]             * [* {th:dropzone,data-th-dropzone}] [1000]: org.thymeleaf.standard.processor.StandardRemovableAttributeTagProcessor
[THYMELEAF]             * [* {th:width,data-th-width}] [1000]: org.thymeleaf.standard.processor.StandardRemovableAttributeTagProcessor
[THYMELEAF]             * [* {th:sizes,data-th-sizes}] [1000]: org.thymeleaf.standard.processor.StandardRemovableAttributeTagProcessor
[THYMELEAF]             * [* {th:data,data-th-data}] [1000]: org.thymeleaf.standard.processor.StandardRemovableAttributeTagProcessor
[THYMELEAF]             * [* {th:usemap,data-th-usemap}] [1000]: org.thymeleaf.standard.processor.StandardRemovableAttributeTagProcessor
[THYMELEAF]             * [* {th:manifest,data-th-manifest}] [1000]: org.thymeleaf.standard.processor.StandardRemovableAttributeTagProcessor
[THYMELEAF]             * [* {th:background,data-th-background}] [1000]: org.thymeleaf.standard.processor.StandardRemovableAttributeTagProcessor
[THYMELEAF]             * [* {th:for,data-th-for}] [1000]: org.thymeleaf.standard.processor.StandardRemovableAttributeTagProcessor
[THYMELEAF]             * [* {th:min,data-th-min}] [1000]: org.thymeleaf.standard.processor.StandardRemovableAttributeTagProcessor
[THYMELEAF]             * [* {th:codebase,data-th-codebase}] [1000]: org.thymeleaf.standard.processor.StandardRemovableAttributeTagProcessor
[THYMELEAF]             * [* {th:vspace,data-th-vspace}] [1000]: org.thymeleaf.standard.processor.StandardRemovableAttributeTagProcessor
[THYMELEAF]             * [* {th:cite,data-th-cite}] [1000]: org.thymeleaf.standard.processor.StandardRemovableAttributeTagProcessor
[THYMELEAF]             * [* {th:rev,data-th-rev}] [1000]: org.thymeleaf.standard.processor.StandardRemovableAttributeTagProcessor
[THYMELEAF]             * [* {th:label,data-th-label}] [1000]: org.thymeleaf.standard.processor.StandardRemovableAttributeTagProcessor
[THYMELEAF]             * [* {th:rules,data-th-rules}] [1000]: org.thymeleaf.standard.processor.StandardRemovableAttributeTagProcessor
[THYMELEAF]             * [* {th:autocomplete,data-th-autocomplete}] [1000]: org.thymeleaf.standard.processor.StandardRemovableAttributeTagProcessor
[THYMELEAF]             * [* {th:hspace,data-th-hspace}] [1000]: org.thymeleaf.standard.processor.StandardRemovableAttributeTagProcessor
[THYMELEAF]             * [* {th:id,data-th-id}] [1000]: org.thymeleaf.standard.processor.StandardRemovableAttributeTagProcessor
[THYMELEAF]             * [* {th:marginheight,data-th-marginheight}] [1000]: org.thymeleaf.standard.processor.StandardRemovableAttributeTagProcessor
[THYMELEAF]             * [* {th:start,data-th-start}] [1000]: org.thymeleaf.standard.processor.StandardRemovableAttributeTagProcessor
[THYMELEAF]             * [* {th:frame,data-th-frame}] [1000]: org.thymeleaf.standard.processor.StandardRemovableAttributeTagProcessor
[THYMELEAF]             * [* {th:charset,data-th-charset}] [1000]: org.thymeleaf.standard.processor.StandardRemovableAttributeTagProcessor
[THYMELEAF]             * [* {th:abbr,data-th-abbr}] [1000]: org.thymeleaf.standard.processor.StandardRemovableAttributeTagProcessor
[THYMELEAF]             * [* {th:dir,data-th-dir}] [1000]: org.thymeleaf.standard.processor.StandardRemovableAttributeTagProcessor
[THYMELEAF]             * [* {th:contenteditable,data-th-contenteditable}] [1000]: org.thymeleaf.standard.processor.StandardRemovableAttributeTagProcessor
[THYMELEAF]             * [* {th:sandbox,data-th-sandbox}] [1000]: org.thymeleaf.standard.processor.StandardRemovableAttributeTagProcessor
[THYMELEAF]             * [* {th:border,data-th-border}] [1000]: org.thymeleaf.standard.processor.StandardRemovableAttributeTagProcessor
[THYMELEAF]             * [* {th:audio,data-th-audio}] [1000]: org.thymeleaf.standard.processor.StandardRemovableAttributeTagProcessor
[THYMELEAF]             * [* {th:compact,data-th-compact}] [1000]: org.thymeleaf.standard.processor.StandardRemovableAttributeTagProcessor
[THYMELEAF]             * [* {th:scheme,data-th-scheme}] [1000]: org.thymeleaf.standard.processor.StandardRemovableAttributeTagProcessor
[THYMELEAF]             * [* {th:accept-charset,data-th-accept-charset}] [1000]: org.thymeleaf.standard.processor.StandardRemovableAttributeTagProcessor
[THYMELEAF]             * [* {th:poster,data-th-poster}] [1000]: org.thymeleaf.standard.processor.StandardRemovableAttributeTagProcessor
[THYMELEAF]             * [* {th:step,data-th-step}] [1000]: org.thymeleaf.standard.processor.StandardRemovableAttributeTagProcessor
[THYMELEAF]             * [* {th:scrolling,data-th-scrolling}] [1000]: org.thymeleaf.standard.processor.StandardRemovableAttributeTagProcessor
[THYMELEAF]             * [* {th:archive,data-th-archive}] [1000]: org.thymeleaf.standard.processor.StandardRemovableAttributeTagProcessor
[THYMELEAF]             * [* {th:keytype,data-th-keytype}] [1000]: org.thymeleaf.standard.processor.StandardRemovableAttributeTagProcessor
[THYMELEAF]             * [* {th:lang,data-th-lang}] [1000]: org.thymeleaf.standard.processor.StandardRemovableAttributeTagProcessor
[THYMELEAF]             * [* {th:rows,data-th-rows}] [1000]: org.thymeleaf.standard.processor.StandardRemovableAttributeTagProcessor
[THYMELEAF]             * [* {th:axis,data-th-axis}] [1000]: org.thymeleaf.standard.processor.StandardRemovableAttributeTagProcessor
[THYMELEAF]             * [* {th:contextmenu,data-th-contextmenu}] [1000]: org.thymeleaf.standard.processor.StandardRemovableAttributeTagProcessor
[THYMELEAF]             * [* {th:rel,data-th-rel}] [1000]: org.thymeleaf.standard.processor.StandardRemovableAttributeTagProcessor
[THYMELEAF]             * [* {th:colspan,data-th-colspan}] [1000]: org.thymeleaf.standard.processor.StandardRemovableAttributeTagProcessor
[THYMELEAF]             * [* {th:high,data-th-high}] [1000]: org.thymeleaf.standard.processor.StandardRemovableAttributeTagProcessor
[THYMELEAF]             * [* {th:formmethod,data-th-formmethod}] [1000]: org.thymeleaf.standard.processor.StandardRemovableAttributeTagProcessor
[THYMELEAF]             * [* {th:style,data-th-style}] [1000]: org.thymeleaf.standard.processor.StandardRemovableAttributeTagProcessor
[THYMELEAF]             * [* {th:formtarget,data-th-formtarget}] [1000]: org.thymeleaf.standard.processor.StandardRemovableAttributeTagProcessor
[THYMELEAF]             * [* {th:radiogroup,data-th-radiogroup}] [1000]: org.thymeleaf.standard.processor.StandardRemovableAttributeTagProcessor
[THYMELEAF]             * [* {th:http-equiv,data-th-http-equiv}] [1000]: org.thymeleaf.standard.processor.StandardRemovableAttributeTagProcessor
[THYMELEAF]             * [* {th:alt,data-th-alt}] [1000]: org.thymeleaf.standard.processor.StandardRemovableAttributeTagProcessor
[THYMELEAF]             * [* {th:standby,data-th-standby}] [1000]: org.thymeleaf.standard.processor.StandardRemovableAttributeTagProcessor
[THYMELEAF]             * [* {th:accept,data-th-accept}] [1000]: org.thymeleaf.standard.processor.StandardRemovableAttributeTagProcessor
[THYMELEAF]             * [* {th:scope,data-th-scope}] [1000]: org.thymeleaf.standard.processor.StandardRemovableAttributeTagProcessor
[THYMELEAF]             * [* {th:cols,data-th-cols}] [1000]: org.thymeleaf.standard.processor.StandardRemovableAttributeTagProcessor
[THYMELEAF]             * [* {th:size,data-th-size}] [1000]: org.thymeleaf.standard.processor.StandardRemovableAttributeTagProcessor
[THYMELEAF]             * [* {th:optimum,data-th-optimum}] [1000]: org.thymeleaf.standard.processor.StandardRemovableAttributeTagProcessor
[THYMELEAF]             * [* {th:headers,data-th-headers}] [1000]: org.thymeleaf.standard.processor.StandardRemovableAttributeTagProcessor
[THYMELEAF]             * [* {th:content,data-th-content}] [1000]: org.thymeleaf.standard.processor.StandardRemovableAttributeTagProcessor
[THYMELEAF]             * [* {th:maxlength,data-th-maxlength}] [1000]: org.thymeleaf.standard.processor.StandardRemovableAttributeTagProcessor
[THYMELEAF]             * [* {th:formenctype,data-th-formenctype}] [1000]: org.thymeleaf.standard.processor.StandardRemovableAttributeTagProcessor
[THYMELEAF]             * [* {th:preload,data-th-preload}] [1000]: org.thymeleaf.standard.processor.StandardRemovableAttributeTagProcessor
[THYMELEAF]             * [* {th:form,data-th-form}] [1000]: org.thymeleaf.standard.processor.StandardRemovableAttributeTagProcessor
[THYMELEAF]             * [* {th:wrap,data-th-wrap}] [1000]: org.thymeleaf.standard.processor.StandardRemovableAttributeTagProcessor
[THYMELEAF]             * [* {th:align,data-th-align}] [1000]: org.thymeleaf.standard.processor.StandardRemovableAttributeTagProcessor
[THYMELEAF]             * [* {th:valuetype,data-th-valuetype}] [1000]: org.thymeleaf.standard.processor.StandardRemovableAttributeTagProcessor
[THYMELEAF]             * [* {th:max,data-th-max}] [1000]: org.thymeleaf.standard.processor.StandardRemovableAttributeTagProcessor
[THYMELEAF]             * [* {th:placeholder,data-th-placeholder}] [1000]: org.thymeleaf.standard.processor.StandardRemovableAttributeTagProcessor
[THYMELEAF]             * [* {th:media,data-th-media}] [1000]: org.thymeleaf.standard.processor.StandardRemovableAttributeTagProcessor
[THYMELEAF]             * [* {th:span,data-th-span}] [1000]: org.thymeleaf.standard.processor.StandardRemovableAttributeTagProcessor
[THYMELEAF]             * [* {th:title,data-th-title}] [1000]: org.thymeleaf.standard.processor.StandardRemovableAttributeTagProcessor
[THYMELEAF]             * [* {th:spellcheck,data-th-spellcheck}] [1000]: org.thymeleaf.standard.processor.StandardRemovableAttributeTagProcessor
[THYMELEAF]             * [* {th:tabindex,data-th-tabindex}] [1000]: org.thymeleaf.standard.processor.StandardRemovableAttributeTagProcessor
[THYMELEAF]             * [* {th:datetime,data-th-datetime}] [1000]: org.thymeleaf.standard.processor.StandardRemovableAttributeTagProcessor
[THYMELEAF]             * [* {th:pattern,data-th-pattern}] [1000]: org.thymeleaf.standard.processor.StandardRemovableAttributeTagProcessor
[THYMELEAF]             * [* {th:icon,data-th-icon}] [1000]: org.thymeleaf.standard.processor.StandardRemovableAttributeTagProcessor
[THYMELEAF]             * [* {th:height,data-th-height}] [1000]: org.thymeleaf.standard.processor.StandardRemovableAttributeTagProcessor
[THYMELEAF]             * [* {th:src,data-th-src}] [1000]: org.thymeleaf.standard.processor.StandardSrcTagProcessor
[THYMELEAF]             * [* {th:value,data-th-value}] [1000]: org.thymeleaf.standard.processor.StandardValueTagProcessor
[THYMELEAF]             * [* {th:xmlbase,data-th-xmlbase}] [1000]: org.thymeleaf.standard.processor.StandardXmlBaseTagProcessor
[THYMELEAF]             * [* {th:xmllang,data-th-xmllang}] [1000]: org.thymeleaf.standard.processor.StandardXmlLangTagProcessor
[THYMELEAF]             * [* {xmlns:th}] [1000]: org.thymeleaf.standard.processor.StandardXmlNsTagProcessor
[THYMELEAF]             * [* {th:xmlspace,data-th-xmlspace}] [1000]: org.thymeleaf.standard.processor.StandardXmlSpaceTagProcessor
[THYMELEAF]             * [* {th:classappend,data-th-classappend}] [1100]: org.thymeleaf.standard.processor.StandardClassappendTagProcessor
[THYMELEAF]             * [* {th:styleappend,data-th-styleappend}] [1100]: org.thymeleaf.standard.processor.StandardStyleappendTagProcessor
[THYMELEAF]             * [* {th:text,data-th-text}] [1300]: org.thymeleaf.standard.processor.StandardTextTagProcessor
[THYMELEAF]             * [* {th:utext,data-th-utext}] [1400]: org.thymeleaf.standard.processor.StandardUtextTagProcessor
[THYMELEAF]             * [* {th:fragment,data-th-fragment}] [1500]: org.thymeleaf.standard.processor.StandardFragmentTagProcessor
[THYMELEAF]             * [* {th:assert,data-th-assert}] [1550]: org.thymeleaf.standard.processor.StandardAssertTagProcessor
[THYMELEAF]             * [* {th:remove,data-th-remove}] [1600]: org.thymeleaf.standard.processor.StandardRemoveTagProcessor
[THYMELEAF]             * [* {th:ref,data-th-ref}] [10000]: org.thymeleaf.standard.processor.StandardRefAttributeTagProcessor
[THYMELEAF]             * [{th:block,th-block} *] [100000]: org.thymeleaf.standard.processor.StandardBlockTagProcessor
[THYMELEAF]             * [* th:*] [2147483647]: org.thymeleaf.standard.processor.StandardDefaultAttributesTagProcessor
[THYMELEAF]         * Text Processors by [precedence]:
[THYMELEAF]             * [1000]: org.thymeleaf.standard.processor.StandardInliningTextProcessor
[THYMELEAF]         * DOCTYPE Processors by [precedence]:
[THYMELEAF]             * [1000]: org.thymeleaf.standard.processor.StandardTranslationDocTypeProcessor
[THYMELEAF]         * CDATA Section Processors by [precedence]:
[THYMELEAF]             * [1000]: org.thymeleaf.standard.processor.StandardInliningCDATASectionProcessor
[THYMELEAF]         * Comment Processors by [precedence]:
[THYMELEAF]             * [1000]: org.thymeleaf.standard.processor.StandardInliningCommentProcessor
[THYMELEAF]             * [1100]: org.thymeleaf.standard.processor.StandardConditionalCommentProcessor
[THYMELEAF]     * Processors for Template Mode: XML
[THYMELEAF]         * Element Tag Processors by [matching element and attribute name] [precedence]:
[THYMELEAF]             * [* {th:include}] [100]: org.thymeleaf.standard.processor.StandardIncludeTagProcessor
[THYMELEAF]             * [* {th:insert}] [100]: org.thymeleaf.standard.processor.StandardInsertTagProcessor
[THYMELEAF]             * [* {th:replace}] [100]: org.thymeleaf.standard.processor.StandardReplaceTagProcessor
[THYMELEAF]             * [* {th:each}] [200]: com.intuit.karate.template.KarateEachTagProcessor
[THYMELEAF]             * [* {th:switch}] [250]: org.thymeleaf.standard.processor.StandardSwitchTagProcessor
[THYMELEAF]             * [* {th:case}] [275]: org.thymeleaf.standard.processor.StandardCaseTagProcessor
[THYMELEAF]             * [* {th:if}] [300]: org.thymeleaf.standard.processor.StandardIfTagProcessor
[THYMELEAF]             * [* {th:unless}] [400]: org.thymeleaf.standard.processor.StandardUnlessTagProcessor
[THYMELEAF]             * [* {th:object}] [500]: org.thymeleaf.standard.processor.StandardObjectTagProcessor
[THYMELEAF]             * [* {th:with}] [600]: com.intuit.karate.template.KarateWithTagProcessor
[THYMELEAF]             * [* {th:attr}] [700]: com.intuit.karate.template.KarateAttributeTagProcessor.KarateAttrTagProcessor
[THYMELEAF]             * [* {th:attrappend}] [900]: com.intuit.karate.template.KarateAttributeTagProcessor.KarateAttrappendTagProcessor
[THYMELEAF]             * [* {th:attrprepend}] [900]: com.intuit.karate.template.KarateAttributeTagProcessor.KarateAttrprependTagProcessor
[THYMELEAF]             * [* {th:inline}] [1000]: org.thymeleaf.standard.processor.StandardInlineXMLTagProcessor
[THYMELEAF]             * [* {xmlns:th}] [1000]: org.thymeleaf.standard.processor.StandardXmlNsTagProcessor
[THYMELEAF]             * [* {th:text}] [1300]: org.thymeleaf.standard.processor.StandardTextTagProcessor
[THYMELEAF]             * [* {th:utext}] [1400]: org.thymeleaf.standard.processor.StandardUtextTagProcessor
[THYMELEAF]             * [* {th:fragment}] [1500]: org.thymeleaf.standard.processor.StandardFragmentTagProcessor
[THYMELEAF]             * [* {th:assert}] [1550]: org.thymeleaf.standard.processor.StandardAssertTagProcessor
[THYMELEAF]             * [* {th:remove}] [1600]: org.thymeleaf.standard.processor.StandardRemoveTagProcessor
[THYMELEAF]             * [* {th:ref}] [10000]: org.thymeleaf.standard.processor.StandardRefAttributeTagProcessor
[THYMELEAF]             * [{th:block} *] [100000]: org.thymeleaf.standard.processor.StandardBlockTagProcessor
[THYMELEAF]             * [* th:*] [2147483647]: org.thymeleaf.standard.processor.StandardDefaultAttributesTagProcessor
[THYMELEAF]         * Text Processors by [precedence]:
[THYMELEAF]             * [1000]: org.thymeleaf.standard.processor.StandardInliningTextProcessor
[THYMELEAF]         * CDATA Section Processors by [precedence]:
[THYMELEAF]             * [1000]: org.thymeleaf.standard.processor.StandardInliningCDATASectionProcessor
[THYMELEAF]         * Comment Processors by [precedence]:
[THYMELEAF]             * [1000]: org.thymeleaf.standard.processor.StandardInliningCommentProcessor
[THYMELEAF]     * Processors for Template Mode: TEXT
[THYMELEAF]         * Element Tag Processors by [matching element and attribute name] [precedence]:
[THYMELEAF]             * [* {th:insert}] [100]: org.thymeleaf.standard.processor.StandardInsertTagProcessor
[THYMELEAF]             * [* {th:replace}] [100]: org.thymeleaf.standard.processor.StandardReplaceTagProcessor
[THYMELEAF]             * [* {th:each}] [200]: com.intuit.karate.template.KarateEachTagProcessor
[THYMELEAF]             * [* {th:switch}] [250]: org.thymeleaf.standard.processor.StandardSwitchTagProcessor
[THYMELEAF]             * [* {th:case}] [275]: org.thymeleaf.standard.processor.StandardCaseTagProcessor
[THYMELEAF]             * [* {th:if}] [300]: org.thymeleaf.standard.processor.StandardIfTagProcessor
[THYMELEAF]             * [* {th:unless}] [400]: org.thymeleaf.standard.processor.StandardUnlessTagProcessor
[THYMELEAF]             * [* {th:object}] [500]: org.thymeleaf.standard.processor.StandardObjectTagProcessor
[THYMELEAF]             * [* {th:with}] [600]: com.intuit.karate.template.KarateWithTagProcessor
[THYMELEAF]             * [* {th:inline}] [1000]: org.thymeleaf.standard.processor.StandardInlineTextualTagProcessor
[THYMELEAF]             * [* {th:text}] [1300]: org.thymeleaf.standard.processor.StandardTextTagProcessor
[THYMELEAF]             * [* {th:utext}] [1400]: org.thymeleaf.standard.processor.StandardUtextTagProcessor
[THYMELEAF]             * [* {th:assert}] [1550]: org.thymeleaf.standard.processor.StandardAssertTagProcessor
[THYMELEAF]             * [* {th:remove}] [1600]: org.thymeleaf.standard.processor.StandardRemoveTagProcessor
[THYMELEAF]             * [* 100000] [org.thymeleaf.standard.processor.StandardBlockTagProcessor]: {}
[THYMELEAF]             * [{th:block} *] [100000]: org.thymeleaf.standard.processor.StandardBlockTagProcessor
[THYMELEAF]         * Text Processors by [precedence]:
[THYMELEAF]             * [1000]: org.thymeleaf.standard.processor.StandardInliningTextProcessor
[THYMELEAF]     * Processors for Template Mode: JAVASCRIPT
[THYMELEAF]         * Element Tag Processors by [matching element and attribute name] [precedence]:
[THYMELEAF]             * [* {th:insert}] [100]: org.thymeleaf.standard.processor.StandardInsertTagProcessor
[THYMELEAF]             * [* {th:replace}] [100]: org.thymeleaf.standard.processor.StandardReplaceTagProcessor
[THYMELEAF]             * [* {th:each}] [200]: com.intuit.karate.template.KarateEachTagProcessor
[THYMELEAF]             * [* {th:switch}] [250]: org.thymeleaf.standard.processor.StandardSwitchTagProcessor
[THYMELEAF]             * [* {th:case}] [275]: org.thymeleaf.standard.processor.StandardCaseTagProcessor
[THYMELEAF]             * [* {th:if}] [300]: org.thymeleaf.standard.processor.StandardIfTagProcessor
[THYMELEAF]             * [* {th:unless}] [400]: org.thymeleaf.standard.processor.StandardUnlessTagProcessor
[THYMELEAF]             * [* {th:object}] [500]: org.thymeleaf.standard.processor.StandardObjectTagProcessor
[THYMELEAF]             * [* {th:with}] [600]: com.intuit.karate.template.KarateWithTagProcessor
[THYMELEAF]             * [* {th:inline}] [1000]: org.thymeleaf.standard.processor.StandardInlineTextualTagProcessor
[THYMELEAF]             * [* {th:text}] [1300]: org.thymeleaf.standard.processor.StandardTextTagProcessor
[THYMELEAF]             * [* {th:utext}] [1400]: org.thymeleaf.standard.processor.StandardUtextTagProcessor
[THYMELEAF]             * [* {th:assert}] [1550]: org.thymeleaf.standard.processor.StandardAssertTagProcessor
[THYMELEAF]             * [* {th:remove}] [1600]: org.thymeleaf.standard.processor.StandardRemoveTagProcessor
[THYMELEAF]             * [* 100000] [org.thymeleaf.standard.processor.StandardBlockTagProcessor]: {}
[THYMELEAF]             * [{th:block} *] [100000]: org.thymeleaf.standard.processor.StandardBlockTagProcessor
[THYMELEAF]         * Text Processors by [precedence]:
[THYMELEAF]             * [1000]: org.thymeleaf.standard.processor.StandardInliningTextProcessor
[THYMELEAF]     * Processors for Template Mode: CSS
[THYMELEAF]         * Element Tag Processors by [matching element and attribute name] [precedence]:
[THYMELEAF]             * [* {th:insert}] [100]: org.thymeleaf.standard.processor.StandardInsertTagProcessor
[THYMELEAF]             * [* {th:replace}] [100]: org.thymeleaf.standard.processor.StandardReplaceTagProcessor
[THYMELEAF]             * [* {th:each}] [200]: com.intuit.karate.template.KarateEachTagProcessor
[THYMELEAF]             * [* {th:switch}] [250]: org.thymeleaf.standard.processor.StandardSwitchTagProcessor
[THYMELEAF]             * [* {th:case}] [275]: org.thymeleaf.standard.processor.StandardCaseTagProcessor
[THYMELEAF]             * [* {th:if}] [300]: org.thymeleaf.standard.processor.StandardIfTagProcessor
[THYMELEAF]             * [* {th:unless}] [400]: org.thymeleaf.standard.processor.StandardUnlessTagProcessor
[THYMELEAF]             * [* {th:object}] [500]: org.thymeleaf.standard.processor.StandardObjectTagProcessor
[THYMELEAF]             * [* {th:with}] [600]: com.intuit.karate.template.KarateWithTagProcessor
[THYMELEAF]             * [* {th:inline}] [1000]: org.thymeleaf.standard.processor.StandardInlineTextualTagProcessor
[THYMELEAF]             * [* {th:text}] [1300]: org.thymeleaf.standard.processor.StandardTextTagProcessor
[THYMELEAF]             * [* {th:utext}] [1400]: org.thymeleaf.standard.processor.StandardUtextTagProcessor
[THYMELEAF]             * [* {th:assert}] [1550]: org.thymeleaf.standard.processor.StandardAssertTagProcessor
[THYMELEAF]             * [* {th:remove}] [1600]: org.thymeleaf.standard.processor.StandardRemoveTagProcessor
[THYMELEAF]             * [* 100000] [org.thymeleaf.standard.processor.StandardBlockTagProcessor]: {}
[THYMELEAF]             * [{th:block} *] [100000]: org.thymeleaf.standard.processor.StandardBlockTagProcessor
[THYMELEAF]         * Text Processors by [precedence]:
[THYMELEAF]             * [1000]: org.thymeleaf.standard.processor.StandardInliningTextProcessor
[THYMELEAF]     * Expression Objects:
[THYMELEAF]         * #ctx
[THYMELEAF]         * #root
[THYMELEAF]         * #vars
[THYMELEAF]         * #object
[THYMELEAF]         * #locale
[THYMELEAF]         * #conversions
[THYMELEAF]         * #uris
[THYMELEAF]         * #temporals
[THYMELEAF]         * #calendars
[THYMELEAF]         * #dates
[THYMELEAF]         * #bools
[THYMELEAF]         * #numbers
[THYMELEAF]         * #objects
[THYMELEAF]         * #strings
[THYMELEAF]         * #arrays
[THYMELEAF]         * #lists
[THYMELEAF]         * #sets
[THYMELEAF]         * #maps
[THYMELEAF]         * #aggregates
[THYMELEAF]         * #messages
[THYMELEAF]         * #ids
[THYMELEAF]         * #execInfo
[THYMELEAF]         * #request
[THYMELEAF]         * #response
[THYMELEAF]         * #session
[THYMELEAF]         * #servletContext
[THYMELEAF]     * Execution Attributes:
[THYMELEAF]         * "StandardExpressionParser": com.intuit.karate.template.KarateStandardDialect@4e20a985
[THYMELEAF]         * "StandardJavaScriptSerializer": org.thymeleaf.standard.serializer.StandardJavaScriptSerializer@4a5d5b38
[THYMELEAF]         * "StandardCSSSerializer": org.thymeleaf.standard.serializer.StandardCSSSerializer@7a47f0be
[THYMELEAF]         * "StandardVariableExpressionEvaluator": com.intuit.karate.template.KarateStandardDialect@4e20a985
[THYMELEAF]         * "StandardConversionService": org.thymeleaf.standard.expression.StandardConversionService@2d8087da
[THYMELEAF] * Dialect [2 of 2]: karate (com.intuit.karate.template.KarateScriptDialect)
[THYMELEAF]     * Prefix: "ka"
[THYMELEAF]     * Processors for Template Mode: HTML
[THYMELEAF]         * Element Tag Processors by [matching element and attribute name] [precedence]:
[THYMELEAF]             * [* {src}] [1000]: com.intuit.karate.template.KaScriptAttrProcessor
[THYMELEAF]         * Element Model Processors by [matching element and attribute name] [precedence]:
[THYMELEAF]             * [{script} {ka:scope,data-ka-scope}] [1000]: com.intuit.karate.template.KaScriptElemProcessor
[THYMELEAF]             * [* {ka:set,data-ka-set}] [1000]: com.intuit.karate.template.KaSetElemProcessor
[THYMELEAF] TEMPLATE ENGINE CONFIGURED OK
14:57:21.976 [main] DEBUG org.thymeleaf.TemplateEngine -- [THYMELEAF] TEMPLATE ENGINE INITIALIZED
14:57:22.011 [main] DEBUG org.thymeleaf.TemplateEngine -- [THYMELEAF] INITIALIZING TEMPLATE ENGINE
14:57:22.021 [main] DEBUG org.thymeleaf.TemplateEngine.CONFIG -- Initializing Thymeleaf Template engine configuration...
[THYMELEAF] TEMPLATE ENGINE CONFIGURATION:
[THYMELEAF] * Thymeleaf version: 3.1.2.RELEASE (built 2023-07-30T19:25:50+0000)
[THYMELEAF] * Cache Manager implementation: org.thymeleaf.cache.StandardCacheManager
[THYMELEAF] * Template resolvers:
[THYMELEAF]     * [1] com.intuit.karate.template.ResourceHtmlTemplateResolver
[THYMELEAF] * Message resolvers:
[THYMELEAF]     * org.thymeleaf.messageresolver.StandardMessageResolver
[THYMELEAF] * Link builders:
[THYMELEAF]     * org.thymeleaf.linkbuilder.StandardLinkBuilder
[THYMELEAF] * Dialect [1 of 2]: Standard (com.intuit.karate.template.KarateStandardDialect)
[THYMELEAF]     * Prefix: "th"
[THYMELEAF]     * Processors for Template Mode: HTML
[THYMELEAF]         * Element Tag Processors by [matching element and attribute name] [precedence]:
[THYMELEAF]             * [* {th:include,data-th-include}] [100]: org.thymeleaf.standard.processor.StandardIncludeTagProcessor
[THYMELEAF]             * [* {th:insert,data-th-insert}] [100]: org.thymeleaf.standard.processor.StandardInsertTagProcessor
[THYMELEAF]             * [* {th:replace,data-th-replace}] [100]: org.thymeleaf.standard.processor.StandardReplaceTagProcessor
[THYMELEAF]             * [* {th:each,data-th-each}] [200]: com.intuit.karate.template.KarateEachTagProcessor
[THYMELEAF]             * [* {th:switch,data-th-switch}] [250]: org.thymeleaf.standard.processor.StandardSwitchTagProcessor
[THYMELEAF]             * [* {th:case,data-th-case}] [275]: org.thymeleaf.standard.processor.StandardCaseTagProcessor
[THYMELEAF]             * [* {th:if,data-th-if}] [300]: org.thymeleaf.standard.processor.StandardIfTagProcessor
[THYMELEAF]             * [* {th:unless,data-th-unless}] [400]: org.thymeleaf.standard.processor.StandardUnlessTagProcessor
[THYMELEAF]             * [* {th:object,data-th-object}] [500]: org.thymeleaf.standard.processor.StandardObjectTagProcessor
[THYMELEAF]             * [* {th:with,data-th-with}] [600]: com.intuit.karate.template.KarateWithTagProcessor
[THYMELEAF]             * [* {th:attr,data-th-attr}] [700]: com.intuit.karate.template.KarateAttributeTagProcessor.KarateAttrTagProcessor
[THYMELEAF]             * [* {th:attrappend,data-th-attrappend}] [900]: com.intuit.karate.template.KarateAttributeTagProcessor.KarateAttrappendTagProcessor
[THYMELEAF]             * [* {th:attrprepend,data-th-attrprepend}] [900]: com.intuit.karate.template.KarateAttributeTagProcessor.KarateAttrprependTagProcessor
[THYMELEAF]             * [* {th:alt-title,data-th-alt-title}] [990]: org.thymeleaf.standard.processor.StandardAltTitleTagProcessor
[THYMELEAF]             * [* {th:lang-xmllang,data-th-lang-xmllang}] [990]: org.thymeleaf.standard.processor.StandardLangXmlLangTagProcessor
[THYMELEAF]             * [* {th:action,data-th-action}] [1000]: org.thymeleaf.standard.processor.StandardActionTagProcessor
[THYMELEAF]             * [* {th:loop,data-th-loop}] [1000]: org.thymeleaf.standard.processor.StandardConditionalFixedValueTagProcessor
[THYMELEAF]             * [* {th:nowrap,data-th-nowrap}] [1000]: org.thymeleaf.standard.processor.StandardConditionalFixedValueTagProcessor
[THYMELEAF]             * [* {th:multiple,data-th-multiple}] [1000]: org.thymeleaf.standard.processor.StandardConditionalFixedValueTagProcessor
[THYMELEAF]             * [* {th:scoped,data-th-scoped}] [1000]: org.thymeleaf.standard.processor.StandardConditionalFixedValueTagProcessor
[THYMELEAF]             * [* {th:ismap,data-th-ismap}] [1000]: org.thymeleaf.standard.processor.StandardConditionalFixedValueTagProcessor
[THYMELEAF]             * [* {th:disabled,data-th-disabled}] [1000]: org.thymeleaf.standard.processor.StandardConditionalFixedValueTagProcessor
[THYMELEAF]             * [* {th:declare,data-th-declare}] [1000]: org.thymeleaf.standard.processor.StandardConditionalFixedValueTagProcessor
[THYMELEAF]             * [* {th:autoplay,data-th-autoplay}] [1000]: org.thymeleaf.standard.processor.StandardConditionalFixedValueTagProcessor
[THYMELEAF]             * [* {th:required,data-th-required}] [1000]: org.thymeleaf.standard.processor.StandardConditionalFixedValueTagProcessor
[THYMELEAF]             * [* {th:async,data-th-async}] [1000]: org.thymeleaf.standard.processor.StandardConditionalFixedValueTagProcessor
[THYMELEAF]             * [* {th:reversed,data-th-reversed}] [1000]: org.thymeleaf.standard.processor.StandardConditionalFixedValueTagProcessor
[THYMELEAF]             * [* {th:pubdate,data-th-pubdate}] [1000]: org.thymeleaf.standard.processor.StandardConditionalFixedValueTagProcessor
[THYMELEAF]             * [* {th:checked,data-th-checked}] [1000]: org.thymeleaf.standard.processor.StandardConditionalFixedValueTagProcessor
[THYMELEAF]             * [* {th:open,data-th-open}] [1000]: org.thymeleaf.standard.processor.StandardConditionalFixedValueTagProcessor
[THYMELEAF]             * [* {th:novalidate,data-th-novalidate}] [1000]: org.thymeleaf.standard.processor.StandardConditionalFixedValueTagProcessor
[THYMELEAF]             * [* {th:autofocus,data-th-autofocus}] [1000]: org.thymeleaf.standard.processor.StandardConditionalFixedValueTagProcessor
[THYMELEAF]             * [* {th:hidden,data-th-hidden}] [1000]: org.thymeleaf.standard.processor.StandardConditionalFixedValueTagProcessor
[THYMELEAF]             * [* {th:default,data-th-default}] [1000]: org.thymeleaf.standard.processor.StandardConditionalFixedValueTagProcessor
[THYMELEAF]             * [* {th:defer,data-th-defer}] [1000]: org.thymeleaf.standard.processor.StandardConditionalFixedValueTagProcessor
[THYMELEAF]             * [* {th:seamless,data-th-seamless}] [1000]: org.thymeleaf.standard.processor.StandardConditionalFixedValueTagProcessor
[THYMELEAF]             * [* {th:controls,data-th-controls}] [1000]: org.thymeleaf.standard.processor.StandardConditionalFixedValueTagProcessor
[THYMELEAF]             * [* {th:selected,data-th-selected}] [1000]: org.thymeleaf.standard.processor.StandardConditionalFixedValueTagProcessor
[THYMELEAF]             * [* {th:readonly,data-th-readonly}] [1000]: org.thymeleaf.standard.processor.StandardConditionalFixedValueTagProcessor
[THYMELEAF]             * [* {th:formnovalidate,data-th-formnovalidate}] [1000]: org.thymeleaf.standard.processor.StandardConditionalFixedValueTagProcessor
[THYMELEAF]             * [* {th:ondragenter,data-th-ondragenter}] [1000]: org.thymeleaf.standard.processor.StandardDOMEventAttributeTagProcessor
[THYMELEAF]             * [* {th:onabort,data-th-onabort}] [1000]: org.thymeleaf.standard.processor.StandardDOMEventAttributeTagProcessor
[THYMELEAF]             * [* {th:oncanplaythrough,data-th-oncanplaythrough}] [1000]: org.thymeleaf.standard.processor.StandardDOMEventAttributeTagProcessor
[THYMELEAF]             * [* {th:onbeforeprint,data-th-onbeforeprint}] [1000]: org.thymeleaf.standard.processor.StandardDOMEventAttributeTagProcessor
[THYMELEAF]             * [* {th:onsuspend,data-th-onsuspend}] [1000]: org.thymeleaf.standard.processor.StandardDOMEventAttributeTagProcessor
[THYMELEAF]             * [* {th:onblur,data-th-onblur}] [1000]: org.thymeleaf.standard.processor.StandardDOMEventAttributeTagProcessor
[THYMELEAF]             * [* {th:onmousemove,data-th-onmousemove}] [1000]: org.thymeleaf.standard.processor.StandardDOMEventAttributeTagProcessor
[THYMELEAF]             * [* {th:onloadstart,data-th-onloadstart}] [1000]: org.thymeleaf.standard.processor.StandardDOMEventAttributeTagProcessor
[THYMELEAF]             * [* {th:onreset,data-th-onreset}] [1000]: org.thymeleaf.standard.processor.StandardDOMEventAttributeTagProcessor
[THYMELEAF]             * [* {th:onseeking,data-th-onseeking}] [1000]: org.thymeleaf.standard.processor.StandardDOMEventAttributeTagProcessor
[THYMELEAF]             * [* {th:onerror,data-th-onerror}] [1000]: org.thymeleaf.standard.processor.StandardDOMEventAttributeTagProcessor
[THYMELEAF]             * [* {th:oninvalid,data-th-oninvalid}] [1000]: org.thymeleaf.standard.processor.StandardDOMEventAttributeTagProcessor
[THYMELEAF]             * [* {th:onhashchange,data-th-onhashchange}] [1000]: org.thymeleaf.standard.processor.StandardDOMEventAttributeTagProcessor
[THYMELEAF]             * [* {th:onmouseup,data-th-onmouseup}] [1000]: org.thymeleaf.standard.processor.StandardDOMEventAttributeTagProcessor
[THYMELEAF]             * [* {th:onundo,data-th-onundo}] [1000]: org.thymeleaf.standard.processor.StandardDOMEventAttributeTagProcessor
[THYMELEAF]             * [* {th:onformchange,data-th-onformchange}] [1000]: org.thymeleaf.standard.processor.StandardDOMEventAttributeTagProcessor
[THYMELEAF]             * [* {th:ondurationchange,data-th-ondurationchange}] [1000]: org.thymeleaf.standard.processor.StandardDOMEventAttributeTagProcessor
[THYMELEAF]             * [* {th:onbeforeunload,data-th-onbeforeunload}] [1000]: org.thymeleaf.standard.processor.StandardDOMEventAttributeTagProcessor
[THYMELEAF]             * [* {th:onloadeddata,data-th-onloadeddata}] [1000]: org.thymeleaf.standard.processor.StandardDOMEventAttributeTagProcessor
[THYMELEAF]             * [* {th:onreadystatechange,data-th-onreadystatechange}] [1000]: org.thymeleaf.standard.processor.StandardDOMEventAttributeTagProcessor
[THYMELEAF]             * [* {th:onmessage,data-th-onmessage}] [1000]: org.thymeleaf.standard.processor.StandardDOMEventAttributeTagProcessor
[THYMELEAF]             * [* {th:ondragend,data-th-ondragend}] [1000]: org.thymeleaf.standard.processor.StandardDOMEventAttributeTagProcessor
[THYMELEAF]             * [* {th:oninput,data-th-oninput}] [1000]: org.thymeleaf.standard.processor.StandardDOMEventAttributeTagProcessor
[THYMELEAF]             * [* {th:onclick,data-th-onclick}] [1000]: org.thymeleaf.standard.processor.StandardDOMEventAttributeTagProcessor
[THYMELEAF]             * [* {th:onchange,data-th-onchange}] [1000]: org.thymeleaf.standard.processor.StandardDOMEventAttributeTagProcessor
[THYMELEAF]             * [* {th:onseeked,data-th-onseeked}] [1000]: org.thymeleaf.standard.processor.StandardDOMEventAttributeTagProcessor
[THYMELEAF]             * [* {th:ondragstart,data-th-ondragstart}] [1000]: org.thymeleaf.standard.processor.StandardDOMEventAttributeTagProcessor
[THYMELEAF]             * [* {th:onvolumechange,data-th-onvolumechange}] [1000]: org.thymeleaf.standard.processor.StandardDOMEventAttributeTagProcessor
[THYMELEAF]             * [* {th:ononline,data-th-ononline}] [1000]: org.thymeleaf.standard.processor.StandardDOMEventAttributeTagProcessor
[THYMELEAF]             * [* {th:onpause,data-th-onpause}] [1000]: org.thymeleaf.standard.processor.StandardDOMEventAttributeTagProcessor
[THYMELEAF]             * [* {th:onforminput,data-th-onforminput}] [1000]: org.thymeleaf.standard.processor.StandardDOMEventAttributeTagProcessor
[THYMELEAF]             * [* {th:onstorage,data-th-onstorage}] [1000]: org.thymeleaf.standard.processor.StandardDOMEventAttributeTagProcessor
[THYMELEAF]             * [* {th:oncanplay,data-th-oncanplay}] [1000]: org.thymeleaf.standard.processor.StandardDOMEventAttributeTagProcessor
[THYMELEAF]             * [* {th:onredo,data-th-onredo}] [1000]: org.thymeleaf.standard.processor.StandardDOMEventAttributeTagProcessor
[THYMELEAF]             * [* {th:ondragleave,data-th-ondragleave}] [1000]: org.thymeleaf.standard.processor.StandardDOMEventAttributeTagProcessor
[THYMELEAF]             * [* {th:ondblclick,data-th-ondblclick}] [1000]: org.thymeleaf.standard.processor.StandardDOMEventAttributeTagProcessor
[THYMELEAF]             * [* {th:onwaiting,data-th-onwaiting}] [1000]: org.thymeleaf.standard.processor.StandardDOMEventAttributeTagProcessor
[THYMELEAF]             * [* {th:onplay,data-th-onplay}] [1000]: org.thymeleaf.standard.processor.StandardDOMEventAttributeTagProcessor
[THYMELEAF]             * [* {th:onplaying,data-th-onplaying}] [1000]: org.thymeleaf.standard.processor.StandardDOMEventAttributeTagProcessor
[THYMELEAF]             * [* {th:onstalled,data-th-onstalled}] [1000]: org.thymeleaf.standard.processor.StandardDOMEventAttributeTagProcessor
[THYMELEAF]             * [* {th:onpopstate,data-th-onpopstate}] [1000]: org.thymeleaf.standard.processor.StandardDOMEventAttributeTagProcessor
[THYMELEAF]             * [* {th:onscroll,data-th-onscroll}] [1000]: org.thymeleaf.standard.processor.StandardDOMEventAttributeTagProcessor
[THYMELEAF]             * [* {th:onfocus,data-th-onfocus}] [1000]: org.thymeleaf.standard.processor.StandardDOMEventAttributeTagProcessor
[THYMELEAF]             * [* {th:onsubmit,data-th-onsubmit}] [1000]: org.thymeleaf.standard.processor.StandardDOMEventAttributeTagProcessor
[THYMELEAF]             * [* {th:onmousedown,data-th-onmousedown}] [1000]: org.thymeleaf.standard.processor.StandardDOMEventAttributeTagProcessor
[THYMELEAF]             * [* {th:onratechange,data-th-onratechange}] [1000]: org.thymeleaf.standard.processor.StandardDOMEventAttributeTagProcessor
[THYMELEAF]             * [* {th:onmousewheel,data-th-onmousewheel}] [1000]: org.thymeleaf.standard.processor.StandardDOMEventAttributeTagProcessor
[THYMELEAF]             * [* {th:ontimeupdate,data-th-ontimeupdate}] [1000]: org.thymeleaf.standard.processor.StandardDOMEventAttributeTagProcessor
[THYMELEAF]             * [* {th:ondragover,data-th-ondragover}] [1000]: org.thymeleaf.standard.processor.StandardDOMEventAttributeTagProcessor
[THYMELEAF]             * [* {th:onmouseover,data-th-onmouseover}] [1000]: org.thymeleaf.standard.processor.StandardDOMEventAttributeTagProcessor
[THYMELEAF]             * [* {th:onkeydown,data-th-onkeydown}] [1000]: org.thymeleaf.standard.processor.StandardDOMEventAttributeTagProcessor
[THYMELEAF]             * [* {th:onkeypress,data-th-onkeypress}] [1000]: org.thymeleaf.standard.processor.StandardDOMEventAttributeTagProcessor
[THYMELEAF]             * [* {th:onshow,data-th-onshow}] [1000]: org.thymeleaf.standard.processor.StandardDOMEventAttributeTagProcessor
[THYMELEAF]             * [* {th:onkeyup,data-th-onkeyup}] [1000]: org.thymeleaf.standard.processor.StandardDOMEventAttributeTagProcessor
[THYMELEAF]             * [* {th:onprogress,data-th-onprogress}] [1000]: org.thymeleaf.standard.processor.StandardDOMEventAttributeTagProcessor
[THYMELEAF]             * [* {th:onunload,data-th-onunload}] [1000]: org.thymeleaf.standard.processor.StandardDOMEventAttributeTagProcessor
[THYMELEAF]             * [* {th:onmouseout,data-th-onmouseout}] [1000]: org.thymeleaf.standard.processor.StandardDOMEventAttributeTagProcessor
[THYMELEAF]             * [* {th:ondrop,data-th-ondrop}] [1000]: org.thymeleaf.standard.processor.StandardDOMEventAttributeTagProcessor
[THYMELEAF]             * [* {th:onloadedmetadata,data-th-onloadedmetadata}] [1000]: org.thymeleaf.standard.processor.StandardDOMEventAttributeTagProcessor
[THYMELEAF]             * [* {th:onemptied,data-th-onemptied}] [1000]: org.thymeleaf.standard.processor.StandardDOMEventAttributeTagProcessor
[THYMELEAF]             * [* {th:onresize,data-th-onresize}] [1000]: org.thymeleaf.standard.processor.StandardDOMEventAttributeTagProcessor
[THYMELEAF]             * [* {th:onload,data-th-onload}] [1000]: org.thymeleaf.standard.processor.StandardDOMEventAttributeTagProcessor
[THYMELEAF]             * [* {th:onafterprint,data-th-onafterprint}] [1000]: org.thymeleaf.standard.processor.StandardDOMEventAttributeTagProcessor
[THYMELEAF]             * [* {th:ondrag,data-th-ondrag}] [1000]: org.thymeleaf.standard.processor.StandardDOMEventAttributeTagProcessor
[THYMELEAF]             * [* {th:onselect,data-th-onselect}] [1000]: org.thymeleaf.standard.processor.StandardDOMEventAttributeTagProcessor
[THYMELEAF]             * [* {th:onended,data-th-onended}] [1000]: org.thymeleaf.standard.processor.StandardDOMEventAttributeTagProcessor
[THYMELEAF]             * [* {th:oncontextmenu,data-th-oncontextmenu}] [1000]: org.thymeleaf.standard.processor.StandardDOMEventAttributeTagProcessor
[THYMELEAF]             * [* {th:onoffline,data-th-onoffline}] [1000]: org.thymeleaf.standard.processor.StandardDOMEventAttributeTagProcessor
[THYMELEAF]             * [* {th:href,data-th-href}] [1000]: org.thymeleaf.standard.processor.StandardHrefTagProcessor
[THYMELEAF]             * [* {th:inline,data-th-inline}] [1000]: org.thymeleaf.standard.processor.StandardInlineHTMLTagProcessor
[THYMELEAF]             * [* {th:method,data-th-method}] [1000]: org.thymeleaf.standard.processor.StandardMethodTagProcessor
[THYMELEAF]             * [* {th:name,data-th-name}] [1000]: org.thymeleaf.standard.processor.StandardNonRemovableAttributeTagProcessor
[THYMELEAF]             * [* {th:type,data-th-type}] [1000]: org.thymeleaf.standard.processor.StandardNonRemovableAttributeTagProcessor
[THYMELEAF]             * [* {th:colspan,data-th-colspan}] [1000]: org.thymeleaf.standard.processor.StandardRemovableAttributeTagProcessor
[THYMELEAF]             * [* {th:formmethod,data-th-formmethod}] [1000]: org.thymeleaf.standard.processor.StandardRemovableAttributeTagProcessor
[THYMELEAF]             * [* {th:challenge,data-th-challenge}] [1000]: org.thymeleaf.standard.processor.StandardRemovableAttributeTagProcessor
[THYMELEAF]             * [* {th:border,data-th-border}] [1000]: org.thymeleaf.standard.processor.StandardRemovableAttributeTagProcessor
[THYMELEAF]             * [* {th:marginwidth,data-th-marginwidth}] [1000]: org.thymeleaf.standard.processor.StandardRemovableAttributeTagProcessor
[THYMELEAF]             * [* {th:codebase,data-th-codebase}] [1000]: org.thymeleaf.standard.processor.StandardRemovableAttributeTagProcessor
[THYMELEAF]             * [* {th:height,data-th-height}] [1000]: org.thymeleaf.standard.processor.StandardRemovableAttributeTagProcessor
[THYMELEAF]             * [* {th:usemap,data-th-usemap}] [1000]: org.thymeleaf.standard.processor.StandardRemovableAttributeTagProcessor
[THYMELEAF]             * [* {th:icon,data-th-icon}] [1000]: org.thymeleaf.standard.processor.StandardRemovableAttributeTagProcessor
[THYMELEAF]             * [* {th:summary,data-th-summary}] [1000]: org.thymeleaf.standard.processor.StandardRemovableAttributeTagProcessor
[THYMELEAF]             * [* {th:maxlength,data-th-maxlength}] [1000]: org.thymeleaf.standard.processor.StandardRemovableAttributeTagProcessor
[THYMELEAF]             * [* {th:formenctype,data-th-formenctype}] [1000]: org.thymeleaf.standard.processor.StandardRemovableAttributeTagProcessor
[THYMELEAF]             * [* {th:vspace,data-th-vspace}] [1000]: org.thymeleaf.standard.processor.StandardRemovableAttributeTagProcessor
[THYMELEAF]             * [* {th:scope,data-th-scope}] [1000]: org.thymeleaf.standard.processor.StandardRemovableAttributeTagProcessor
[THYMELEAF]             * [* {th:scrolling,data-th-scrolling}] [1000]: org.thymeleaf.standard.processor.StandardRemovableAttributeTagProcessor
[THYMELEAF]             * [* {th:keytype,data-th-keytype}] [1000]: org.thymeleaf.standard.processor.StandardRemovableAttributeTagProcessor
[THYMELEAF]             * [* {th:bgcolor,data-th-bgcolor}] [1000]: org.thymeleaf.standard.processor.StandardRemovableAttributeTagProcessor
[THYMELEAF]             * [* {th:max,data-th-max}] [1000]: org.thymeleaf.standard.processor.StandardRemovableAttributeTagProcessor
[THYMELEAF]             * [* {th:autocomplete,data-th-autocomplete}] [1000]: org.thymeleaf.standard.processor.StandardRemovableAttributeTagProcessor
[THYMELEAF]             * [* {th:label,data-th-label}] [1000]: org.thymeleaf.standard.processor.StandardRemovableAttributeTagProcessor
[THYMELEAF]             * [* {th:span,data-th-span}] [1000]: org.thymeleaf.standard.processor.StandardRemovableAttributeTagProcessor
[THYMELEAF]             * [* {th:formaction,data-th-formaction}] [1000]: org.thymeleaf.standard.processor.StandardRemovableAttributeTagProcessor
[THYMELEAF]             * [* {th:data,data-th-data}] [1000]: org.thymeleaf.standard.processor.StandardRemovableAttributeTagProcessor
[THYMELEAF]             * [* {th:scheme,data-th-scheme}] [1000]: org.thymeleaf.standard.processor.StandardRemovableAttributeTagProcessor
[THYMELEAF]             * [* {th:formtarget,data-th-formtarget}] [1000]: org.thymeleaf.standard.processor.StandardRemovableAttributeTagProcessor
[THYMELEAF]             * [* {th:contenteditable,data-th-contenteditable}] [1000]: org.thymeleaf.standard.processor.StandardRemovableAttributeTagProcessor
[THYMELEAF]             * [* {th:poster,data-th-poster}] [1000]: org.thymeleaf.standard.processor.StandardRemovableAttributeTagProcessor
[THYMELEAF]             * [* {th:cols,data-th-cols}] [1000]: org.thymeleaf.standard.processor.StandardRemovableAttributeTagProcessor
[THYMELEAF]             * [* {th:wrap,data-th-wrap}] [1000]: org.thymeleaf.standard.processor.StandardRemovableAttributeTagProcessor
[THYMELEAF]             * [* {th:alt,data-th-alt}] [1000]: org.thymeleaf.standard.processor.StandardRemovableAttributeTagProcessor
[THYMELEAF]             * [* {th:low,data-th-low}] [1000]: org.thymeleaf.standard.processor.StandardRemovableAttributeTagProcessor
[THYMELEAF]             * [* {th:frame,data-th-frame}] [1000]: org.thymeleaf.standard.processor.StandardRemovableAttributeTagProcessor
[THYMELEAF]             * [* {th:codetype,data-th-codetype}] [1000]: org.thymeleaf.standard.processor.StandardRemovableAttributeTagProcessor
[THYMELEAF]             * [* {th:http-equiv,data-th-http-equiv}] [1000]: org.thymeleaf.standard.processor.StandardRemovableAttributeTagProcessor
[THYMELEAF]             * [* {th:enctype,data-th-enctype}] [1000]: org.thymeleaf.standard.processor.StandardRemovableAttributeTagProcessor
[THYMELEAF]             * [* {th:charset,data-th-charset}] [1000]: org.thymeleaf.standard.processor.StandardRemovableAttributeTagProcessor
[THYMELEAF]             * [* {th:archive,data-th-archive}] [1000]: org.thymeleaf.standard.processor.StandardRemovableAttributeTagProcessor
[THYMELEAF]             * [* {th:list,data-th-list}] [1000]: org.thymeleaf.standard.processor.StandardRemovableAttributeTagProcessor
[THYMELEAF]             * [* {th:valuetype,data-th-valuetype}] [1000]: org.thymeleaf.standard.processor.StandardRemovableAttributeTagProcessor
[THYMELEAF]             * [* {th:marginheight,data-th-marginheight}] [1000]: org.thymeleaf.standard.processor.StandardRemovableAttributeTagProcessor
[THYMELEAF]             * [* {th:style,data-th-style}] [1000]: org.thymeleaf.standard.processor.StandardRemovableAttributeTagProcessor
[THYMELEAF]             * [* {th:frameborder,data-th-frameborder}] [1000]: org.thymeleaf.standard.processor.StandardRemovableAttributeTagProcessor
[THYMELEAF]             * [* {th:title,data-th-title}] [1000]: org.thymeleaf.standard.processor.StandardRemovableAttributeTagProcessor
[THYMELEAF]             * [* {th:manifest,data-th-manifest}] [1000]: org.thymeleaf.standard.processor.StandardRemovableAttributeTagProcessor
[THYMELEAF]             * [* {th:dropzone,data-th-dropzone}] [1000]: org.thymeleaf.standard.processor.StandardRemovableAttributeTagProcessor
[THYMELEAF]             * [* {th:for,data-th-for}] [1000]: org.thymeleaf.standard.processor.StandardRemovableAttributeTagProcessor
[THYMELEAF]             * [* {th:optimum,data-th-optimum}] [1000]: org.thymeleaf.standard.processor.StandardRemovableAttributeTagProcessor
[THYMELEAF]             * [* {th:high,data-th-high}] [1000]: org.thymeleaf.standard.processor.StandardRemovableAttributeTagProcessor
[THYMELEAF]             * [* {th:align,data-th-align}] [1000]: org.thymeleaf.standard.processor.StandardRemovableAttributeTagProcessor
[THYMELEAF]             * [* {th:rev,data-th-rev}] [1000]: org.thymeleaf.standard.processor.StandardRemovableAttributeTagProcessor
[THYMELEAF]             * [* {th:longdesc,data-th-longdesc}] [1000]: org.thymeleaf.standard.processor.StandardRemovableAttributeTagProcessor
[THYMELEAF]             * [* {th:headers,data-th-headers}] [1000]: org.thymeleaf.standard.processor.StandardRemovableAttributeTagProcessor
[THYMELEAF]             * [* {th:classid,data-th-classid}] [1000]: org.thymeleaf.standard.processor.StandardRemovableAttributeTagProcessor
[THYMELEAF]             * [* {th:rows,data-th-rows}] [1000]: org.thymeleaf.standard.processor.StandardRemovableAttributeTagProcessor
[THYMELEAF]             * [* {th:srclang,data-th-srclang}] [1000]: org.thymeleaf.standard.processor.StandardRemovableAttributeTagProcessor
[THYMELEAF]             * [* {th:kind,data-th-kind}] [1000]: org.thymeleaf.standard.processor.StandardRemovableAttributeTagProcessor
[THYMELEAF]             * [* {th:accept-charset,data-th-accept-charset}] [1000]: org.thymeleaf.standard.processor.StandardRemovableAttributeTagProcessor
[THYMELEAF]             * [* {th:class,data-th-class}] [1000]: org.thymeleaf.standard.processor.StandardRemovableAttributeTagProcessor
[THYMELEAF]             * [* {th:hspace,data-th-hspace}] [1000]: org.thymeleaf.standard.processor.StandardRemovableAttributeTagProcessor
[THYMELEAF]             * [* {th:sizes,data-th-sizes}] [1000]: org.thymeleaf.standard.processor.StandardRemovableAttributeTagProcessor
[THYMELEAF]             * [* {th:preload,data-th-preload}] [1000]: org.thymeleaf.standard.processor.StandardRemovableAttributeTagProcessor
[THYMELEAF]             * [* {th:rel,data-th-rel}] [1000]: org.thymeleaf.standard.processor.StandardRemovableAttributeTagProcessor
[THYMELEAF]             * [* {th:compact,data-th-compact}] [1000]: org.thymeleaf.standard.processor.StandardRemovableAttributeTagProcessor
[THYMELEAF]             * [* {th:cellpadding,data-th-cellpadding}] [1000]: org.thymeleaf.standard.processor.StandardRemovableAttributeTagProcessor
[THYMELEAF]             * [* {th:sandbox,data-th-sandbox}] [1000]: org.thymeleaf.standard.processor.StandardRemovableAttributeTagProcessor
[THYMELEAF]             * [* {th:media,data-th-media}] [1000]: org.thymeleaf.standard.processor.StandardRemovableAttributeTagProcessor
[THYMELEAF]             * [* {th:draggable,data-th-draggable}] [1000]: org.thymeleaf.standard.processor.StandardRemovableAttributeTagProcessor
[THYMELEAF]             * [* {th:datetime,data-th-datetime}] [1000]: org.thymeleaf.standard.processor.StandardRemovableAttributeTagProcessor
[THYMELEAF]             * [* {th:hreflang,data-th-hreflang}] [1000]: org.thymeleaf.standard.processor.StandardRemovableAttributeTagProcessor
[THYMELEAF]             * [* {th:cellspacing,data-th-cellspacing}] [1000]: org.thymeleaf.standard.processor.StandardRemovableAttributeTagProcessor
[THYMELEAF]             * [* {th:cite,data-th-cite}] [1000]: org.thymeleaf.standard.processor.StandardRemovableAttributeTagProcessor
[THYMELEAF]             * [* {th:start,data-th-start}] [1000]: org.thymeleaf.standard.processor.StandardRemovableAttributeTagProcessor
[THYMELEAF]             * [* {th:radiogroup,data-th-radiogroup}] [1000]: org.thymeleaf.standard.processor.StandardRemovableAttributeTagProcessor
[THYMELEAF]             * [* {th:axis,data-th-axis}] [1000]: org.thymeleaf.standard.processor.StandardRemovableAttributeTagProcessor
[THYMELEAF]             * [* {th:width,data-th-width}] [1000]: org.thymeleaf.standard.processor.StandardRemovableAttributeTagProcessor
[THYMELEAF]             * [* {th:tabindex,data-th-tabindex}] [1000]: org.thymeleaf.standard.processor.StandardRemovableAttributeTagProcessor
[THYMELEAF]             * [* {th:pattern,data-th-pattern}] [1000]: org.thymeleaf.standard.processor.StandardRemovableAttributeTagProcessor
[THYMELEAF]             * [* {th:audio,data-th-audio}] [1000]: org.thymeleaf.standard.processor.StandardRemovableAttributeTagProcessor
[THYMELEAF]             * [* {th:lang,data-th-lang}] [1000]: org.thymeleaf.standard.processor.StandardRemovableAttributeTagProcessor
[THYMELEAF]             * [* {th:accept,data-th-accept}] [1000]: org.thymeleaf.standard.processor.StandardRemovableAttributeTagProcessor
[THYMELEAF]             * [* {th:step,data-th-step}] [1000]: org.thymeleaf.standard.processor.StandardRemovableAttributeTagProcessor
[THYMELEAF]             * [* {th:dir,data-th-dir}] [1000]: org.thymeleaf.standard.processor.StandardRemovableAttributeTagProcessor
[THYMELEAF]             * [* {th:abbr,data-th-abbr}] [1000]: org.thymeleaf.standard.processor.StandardRemovableAttributeTagProcessor
[THYMELEAF]             * [* {th:content,data-th-content}] [1000]: org.thymeleaf.standard.processor.StandardRemovableAttributeTagProcessor
[THYMELEAF]             * [* {th:id,data-th-id}] [1000]: org.thymeleaf.standard.processor.StandardRemovableAttributeTagProcessor
[THYMELEAF]             * [* {th:placeholder,data-th-placeholder}] [1000]: org.thymeleaf.standard.processor.StandardRemovableAttributeTagProcessor
[THYMELEAF]             * [* {th:target,data-th-target}] [1000]: org.thymeleaf.standard.processor.StandardRemovableAttributeTagProcessor
[THYMELEAF]             * [* {th:form,data-th-form}] [1000]: org.thymeleaf.standard.processor.StandardRemovableAttributeTagProcessor
[THYMELEAF]             * [* {th:rules,data-th-rules}] [1000]: org.thymeleaf.standard.processor.StandardRemovableAttributeTagProcessor
[THYMELEAF]             * [* {th:size,data-th-size}] [1000]: org.thymeleaf.standard.processor.StandardRemovableAttributeTagProcessor
[THYMELEAF]             * [* {th:rowspan,data-th-rowspan}] [1000]: org.thymeleaf.standard.processor.StandardRemovableAttributeTagProcessor
[THYMELEAF]             * [* {th:background,data-th-background}] [1000]: org.thymeleaf.standard.processor.StandardRemovableAttributeTagProcessor
[THYMELEAF]             * [* {th:standby,data-th-standby}] [1000]: org.thymeleaf.standard.processor.StandardRemovableAttributeTagProcessor
[THYMELEAF]             * [* {th:spellcheck,data-th-spellcheck}] [1000]: org.thymeleaf.standard.processor.StandardRemovableAttributeTagProcessor
[THYMELEAF]             * [* {th:accesskey,data-th-accesskey}] [1000]: org.thymeleaf.standard.processor.StandardRemovableAttributeTagProcessor
[THYMELEAF]             * [* {th:min,data-th-min}] [1000]: org.thymeleaf.standard.processor.StandardRemovableAttributeTagProcessor
[THYMELEAF]             * [* {th:contextmenu,data-th-contextmenu}] [1000]: org.thymeleaf.standard.processor.StandardRemovableAttributeTagProcessor
[THYMELEAF]             * [* {th:src,data-th-src}] [1000]: org.thymeleaf.standard.processor.StandardSrcTagProcessor
[THYMELEAF]             * [* {th:value,data-th-value}] [1000]: org.thymeleaf.standard.processor.StandardValueTagProcessor
[THYMELEAF]             * [* {th:xmlbase,data-th-xmlbase}] [1000]: org.thymeleaf.standard.processor.StandardXmlBaseTagProcessor
[THYMELEAF]             * [* {th:xmllang,data-th-xmllang}] [1000]: org.thymeleaf.standard.processor.StandardXmlLangTagProcessor
[THYMELEAF]             * [* {xmlns:th}] [1000]: org.thymeleaf.standard.processor.StandardXmlNsTagProcessor
[THYMELEAF]             * [* {th:xmlspace,data-th-xmlspace}] [1000]: org.thymeleaf.standard.processor.StandardXmlSpaceTagProcessor
[THYMELEAF]             * [* {th:classappend,data-th-classappend}] [1100]: org.thymeleaf.standard.processor.StandardClassappendTagProcessor
[THYMELEAF]             * [* {th:styleappend,data-th-styleappend}] [1100]: org.thymeleaf.standard.processor.StandardStyleappendTagProcessor
[THYMELEAF]             * [* {th:text,data-th-text}] [1300]: org.thymeleaf.standard.processor.StandardTextTagProcessor
[THYMELEAF]             * [* {th:utext,data-th-utext}] [1400]: org.thymeleaf.standard.processor.StandardUtextTagProcessor
[THYMELEAF]             * [* {th:fragment,data-th-fragment}] [1500]: org.thymeleaf.standard.processor.StandardFragmentTagProcessor
[THYMELEAF]             * [* {th:assert,data-th-assert}] [1550]: org.thymeleaf.standard.processor.StandardAssertTagProcessor
[THYMELEAF]             * [* {th:remove,data-th-remove}] [1600]: org.thymeleaf.standard.processor.StandardRemoveTagProcessor
[THYMELEAF]             * [* {th:ref,data-th-ref}] [10000]: org.thymeleaf.standard.processor.StandardRefAttributeTagProcessor
[THYMELEAF]             * [{th:block,th-block} *] [100000]: org.thymeleaf.standard.processor.StandardBlockTagProcessor
[THYMELEAF]             * [* th:*] [2147483647]: org.thymeleaf.standard.processor.StandardDefaultAttributesTagProcessor
[THYMELEAF]         * Text Processors by [precedence]:
[THYMELEAF]             * [1000]: org.thymeleaf.standard.processor.StandardInliningTextProcessor
[THYMELEAF]         * DOCTYPE Processors by [precedence]:
[THYMELEAF]             * [1000]: org.thymeleaf.standard.processor.StandardTranslationDocTypeProcessor
[THYMELEAF]         * CDATA Section Processors by [precedence]:
[THYMELEAF]             * [1000]: org.thymeleaf.standard.processor.StandardInliningCDATASectionProcessor
[THYMELEAF]         * Comment Processors by [precedence]:
[THYMELEAF]             * [1000]: org.thymeleaf.standard.processor.StandardInliningCommentProcessor
[THYMELEAF]             * [1100]: org.thymeleaf.standard.processor.StandardConditionalCommentProcessor
[THYMELEAF]     * Processors for Template Mode: XML
[THYMELEAF]         * Element Tag Processors by [matching element and attribute name] [precedence]:
[THYMELEAF]             * [* {th:include}] [100]: org.thymeleaf.standard.processor.StandardIncludeTagProcessor
[THYMELEAF]             * [* {th:insert}] [100]: org.thymeleaf.standard.processor.StandardInsertTagProcessor
[THYMELEAF]             * [* {th:replace}] [100]: org.thymeleaf.standard.processor.StandardReplaceTagProcessor
[THYMELEAF]             * [* {th:each}] [200]: com.intuit.karate.template.KarateEachTagProcessor
[THYMELEAF]             * [* {th:switch}] [250]: org.thymeleaf.standard.processor.StandardSwitchTagProcessor
[THYMELEAF]             * [* {th:case}] [275]: org.thymeleaf.standard.processor.StandardCaseTagProcessor
[THYMELEAF]             * [* {th:if}] [300]: org.thymeleaf.standard.processor.StandardIfTagProcessor
[THYMELEAF]             * [* {th:unless}] [400]: org.thymeleaf.standard.processor.StandardUnlessTagProcessor
[THYMELEAF]             * [* {th:object}] [500]: org.thymeleaf.standard.processor.StandardObjectTagProcessor
[THYMELEAF]             * [* {th:with}] [600]: com.intuit.karate.template.KarateWithTagProcessor
[THYMELEAF]             * [* {th:attr}] [700]: com.intuit.karate.template.KarateAttributeTagProcessor.KarateAttrTagProcessor
[THYMELEAF]             * [* {th:attrappend}] [900]: com.intuit.karate.template.KarateAttributeTagProcessor.KarateAttrappendTagProcessor
[THYMELEAF]             * [* {th:attrprepend}] [900]: com.intuit.karate.template.KarateAttributeTagProcessor.KarateAttrprependTagProcessor
[THYMELEAF]             * [* {th:inline}] [1000]: org.thymeleaf.standard.processor.StandardInlineXMLTagProcessor
[THYMELEAF]             * [* {xmlns:th}] [1000]: org.thymeleaf.standard.processor.StandardXmlNsTagProcessor
[THYMELEAF]             * [* {th:text}] [1300]: org.thymeleaf.standard.processor.StandardTextTagProcessor
[THYMELEAF]             * [* {th:utext}] [1400]: org.thymeleaf.standard.processor.StandardUtextTagProcessor
[THYMELEAF]             * [* {th:fragment}] [1500]: org.thymeleaf.standard.processor.StandardFragmentTagProcessor
[THYMELEAF]             * [* {th:assert}] [1550]: org.thymeleaf.standard.processor.StandardAssertTagProcessor
[THYMELEAF]             * [* {th:remove}] [1600]: org.thymeleaf.standard.processor.StandardRemoveTagProcessor
[THYMELEAF]             * [* {th:ref}] [10000]: org.thymeleaf.standard.processor.StandardRefAttributeTagProcessor
[THYMELEAF]             * [{th:block} *] [100000]: org.thymeleaf.standard.processor.StandardBlockTagProcessor
[THYMELEAF]             * [* th:*] [2147483647]: org.thymeleaf.standard.processor.StandardDefaultAttributesTagProcessor
[THYMELEAF]         * Text Processors by [precedence]:
[THYMELEAF]             * [1000]: org.thymeleaf.standard.processor.StandardInliningTextProcessor
[THYMELEAF]         * CDATA Section Processors by [precedence]:
[THYMELEAF]             * [1000]: org.thymeleaf.standard.processor.StandardInliningCDATASectionProcessor
[THYMELEAF]         * Comment Processors by [precedence]:
[THYMELEAF]             * [1000]: org.thymeleaf.standard.processor.StandardInliningCommentProcessor
[THYMELEAF]     * Processors for Template Mode: TEXT
[THYMELEAF]         * Element Tag Processors by [matching element and attribute name] [precedence]:
[THYMELEAF]             * [* {th:insert}] [100]: org.thymeleaf.standard.processor.StandardInsertTagProcessor
[THYMELEAF]             * [* {th:replace}] [100]: org.thymeleaf.standard.processor.StandardReplaceTagProcessor
[THYMELEAF]             * [* {th:each}] [200]: com.intuit.karate.template.KarateEachTagProcessor
[THYMELEAF]             * [* {th:switch}] [250]: org.thymeleaf.standard.processor.StandardSwitchTagProcessor
[THYMELEAF]             * [* {th:case}] [275]: org.thymeleaf.standard.processor.StandardCaseTagProcessor
[THYMELEAF]             * [* {th:if}] [300]: org.thymeleaf.standard.processor.StandardIfTagProcessor
[THYMELEAF]             * [* {th:unless}] [400]: org.thymeleaf.standard.processor.StandardUnlessTagProcessor
[THYMELEAF]             * [* {th:object}] [500]: org.thymeleaf.standard.processor.StandardObjectTagProcessor
[THYMELEAF]             * [* {th:with}] [600]: com.intuit.karate.template.KarateWithTagProcessor
[THYMELEAF]             * [* {th:inline}] [1000]: org.thymeleaf.standard.processor.StandardInlineTextualTagProcessor
[THYMELEAF]             * [* {th:text}] [1300]: org.thymeleaf.standard.processor.StandardTextTagProcessor
[THYMELEAF]             * [* {th:utext}] [1400]: org.thymeleaf.standard.processor.StandardUtextTagProcessor
[THYMELEAF]             * [* {th:assert}] [1550]: org.thymeleaf.standard.processor.StandardAssertTagProcessor
[THYMELEAF]             * [* {th:remove}] [1600]: org.thymeleaf.standard.processor.StandardRemoveTagProcessor
[THYMELEAF]             * [* 100000] [org.thymeleaf.standard.processor.StandardBlockTagProcessor]: {}
[THYMELEAF]             * [{th:block} *] [100000]: org.thymeleaf.standard.processor.StandardBlockTagProcessor
[THYMELEAF]         * Text Processors by [precedence]:
[THYMELEAF]             * [1000]: org.thymeleaf.standard.processor.StandardInliningTextProcessor
[THYMELEAF]     * Processors for Template Mode: JAVASCRIPT
[THYMELEAF]         * Element Tag Processors by [matching element and attribute name] [precedence]:
[THYMELEAF]             * [* {th:insert}] [100]: org.thymeleaf.standard.processor.StandardInsertTagProcessor
[THYMELEAF]             * [* {th:replace}] [100]: org.thymeleaf.standard.processor.StandardReplaceTagProcessor
[THYMELEAF]             * [* {th:each}] [200]: com.intuit.karate.template.KarateEachTagProcessor
[THYMELEAF]             * [* {th:switch}] [250]: org.thymeleaf.standard.processor.StandardSwitchTagProcessor
[THYMELEAF]             * [* {th:case}] [275]: org.thymeleaf.standard.processor.StandardCaseTagProcessor
[THYMELEAF]             * [* {th:if}] [300]: org.thymeleaf.standard.processor.StandardIfTagProcessor
[THYMELEAF]             * [* {th:unless}] [400]: org.thymeleaf.standard.processor.StandardUnlessTagProcessor
[THYMELEAF]             * [* {th:object}] [500]: org.thymeleaf.standard.processor.StandardObjectTagProcessor
[THYMELEAF]             * [* {th:with}] [600]: com.intuit.karate.template.KarateWithTagProcessor
[THYMELEAF]             * [* {th:inline}] [1000]: org.thymeleaf.standard.processor.StandardInlineTextualTagProcessor
[THYMELEAF]             * [* {th:text}] [1300]: org.thymeleaf.standard.processor.StandardTextTagProcessor
[THYMELEAF]             * [* {th:utext}] [1400]: org.thymeleaf.standard.processor.StandardUtextTagProcessor
[THYMELEAF]             * [* {th:assert}] [1550]: org.thymeleaf.standard.processor.StandardAssertTagProcessor
[THYMELEAF]             * [* {th:remove}] [1600]: org.thymeleaf.standard.processor.StandardRemoveTagProcessor
[THYMELEAF]             * [* 100000] [org.thymeleaf.standard.processor.StandardBlockTagProcessor]: {}
[THYMELEAF]             * [{th:block} *] [100000]: org.thymeleaf.standard.processor.StandardBlockTagProcessor
[THYMELEAF]         * Text Processors by [precedence]:
[THYMELEAF]             * [1000]: org.thymeleaf.standard.processor.StandardInliningTextProcessor
[THYMELEAF]     * Processors for Template Mode: CSS
[THYMELEAF]         * Element Tag Processors by [matching element and attribute name] [precedence]:
[THYMELEAF]             * [* {th:insert}] [100]: org.thymeleaf.standard.processor.StandardInsertTagProcessor
[THYMELEAF]             * [* {th:replace}] [100]: org.thymeleaf.standard.processor.StandardReplaceTagProcessor
[THYMELEAF]             * [* {th:each}] [200]: com.intuit.karate.template.KarateEachTagProcessor
[THYMELEAF]             * [* {th:switch}] [250]: org.thymeleaf.standard.processor.StandardSwitchTagProcessor
[THYMELEAF]             * [* {th:case}] [275]: org.thymeleaf.standard.processor.StandardCaseTagProcessor
[THYMELEAF]             * [* {th:if}] [300]: org.thymeleaf.standard.processor.StandardIfTagProcessor
[THYMELEAF]             * [* {th:unless}] [400]: org.thymeleaf.standard.processor.StandardUnlessTagProcessor
[THYMELEAF]             * [* {th:object}] [500]: org.thymeleaf.standard.processor.StandardObjectTagProcessor
[THYMELEAF]             * [* {th:with}] [600]: com.intuit.karate.template.KarateWithTagProcessor
[THYMELEAF]             * [* {th:inline}] [1000]: org.thymeleaf.standard.processor.StandardInlineTextualTagProcessor
[THYMELEAF]             * [* {th:text}] [1300]: org.thymeleaf.standard.processor.StandardTextTagProcessor
[THYMELEAF]             * [* {th:utext}] [1400]: org.thymeleaf.standard.processor.StandardUtextTagProcessor
[THYMELEAF]             * [* {th:assert}] [1550]: org.thymeleaf.standard.processor.StandardAssertTagProcessor
[THYMELEAF]             * [* {th:remove}] [1600]: org.thymeleaf.standard.processor.StandardRemoveTagProcessor
[THYMELEAF]             * [* 100000] [org.thymeleaf.standard.processor.StandardBlockTagProcessor]: {}
[THYMELEAF]             * [{th:block} *] [100000]: org.thymeleaf.standard.processor.StandardBlockTagProcessor
[THYMELEAF]         * Text Processors by [precedence]:
[THYMELEAF]             * [1000]: org.thymeleaf.standard.processor.StandardInliningTextProcessor
[THYMELEAF]     * Expression Objects:
[THYMELEAF]         * #ctx
[THYMELEAF]         * #root
[THYMELEAF]         * #vars
[THYMELEAF]         * #object
[THYMELEAF]         * #locale
[THYMELEAF]         * #conversions
[THYMELEAF]         * #uris
[THYMELEAF]         * #temporals
[THYMELEAF]         * #calendars
[THYMELEAF]         * #dates
[THYMELEAF]         * #bools
[THYMELEAF]         * #numbers
[THYMELEAF]         * #objects
[THYMELEAF]         * #strings
[THYMELEAF]         * #arrays
[THYMELEAF]         * #lists
[THYMELEAF]         * #sets
[THYMELEAF]         * #maps
[THYMELEAF]         * #aggregates
[THYMELEAF]         * #messages
[THYMELEAF]         * #ids
[THYMELEAF]         * #execInfo
[THYMELEAF]         * #request
[THYMELEAF]         * #response
[THYMELEAF]         * #session
[THYMELEAF]         * #servletContext
[THYMELEAF]     * Execution Attributes:
[THYMELEAF]         * "StandardExpressionParser": com.intuit.karate.template.KarateStandardDialect@1ead3c67
[THYMELEAF]         * "StandardJavaScriptSerializer": org.thymeleaf.standard.serializer.StandardJavaScriptSerializer@71eafb64
[THYMELEAF]         * "StandardCSSSerializer": org.thymeleaf.standard.serializer.StandardCSSSerializer@491cc0eb
[THYMELEAF]         * "StandardVariableExpressionEvaluator": com.intuit.karate.template.KarateStandardDialect@1ead3c67
[THYMELEAF]         * "StandardConversionService": org.thymeleaf.standard.expression.StandardConversionService@727f36dd
[THYMELEAF] * Dialect [2 of 2]: karate (com.intuit.karate.template.KarateScriptDialect)
[THYMELEAF]     * Prefix: "ka"
[THYMELEAF]     * Processors for Template Mode: HTML
[THYMELEAF]         * Element Tag Processors by [matching element and attribute name] [precedence]:
[THYMELEAF]             * [* {src}] [1000]: com.intuit.karate.template.KaScriptAttrProcessor
[THYMELEAF]         * Element Model Processors by [matching element and attribute name] [precedence]:
[THYMELEAF]             * [{script} {ka:scope,data-ka-scope}] [1000]: com.intuit.karate.template.KaScriptElemProcessor
[THYMELEAF]             * [* {ka:set,data-ka-set}] [1000]: com.intuit.karate.template.KaSetElemProcessor
[THYMELEAF] TEMPLATE ENGINE CONFIGURED OK
14:57:22.023 [main] DEBUG org.thymeleaf.TemplateEngine -- [THYMELEAF] TEMPLATE ENGINE INITIALIZED

HTML report: (paste into browser to view) | Karate version: 1.4.1
file:///D:/Documentos/Encora/karate-serverest-usuarios-reto/target/karate-reports/karate-summary.html
===================================================================

]]></system-out>
  </testcase>
</testsuite>